- Package -----------------------------.- Versions --------.- Last mod. -------
Currently Loaded Modulefiles:
cosma/2018                                                  2018/05/24 15:26:01
gnu_comp/11.1.0                                             2021/06/30 10:41:57
hipsycl-0.9.4-gcc-11.1.0-cfxbgst                            2023/04/27 13:15:08
openmpi/4.1.4                                               2022/11/28 11:11:31
cmake/3.25.1                                                2023/01/04 10:42:48
boost-1.80.0-gcc-11.1.0-kxwgyuc                             2023/05/03 17:16:13
fftw-3.3.10-gcc-11.1.0-lpkp2ev                              2023/04/27 14:28:58
python/3.10.7                                               2022/10/04 12:04:13
hdf5-1.12.2-gcc-11.1.0-4ovmzew                              2023/05/03 16:18:46
nektar-5.3.0-2e0fb8-gcc-11.1.0-ooymem2                      2023/05/03 17:26:27
googletest-1.12.1-gcc-11.1.0-25bkaph                        2023/04/27 13:16:42
[b101.pri.cosma7.alces.network:20308] MCW rank 0 bound to socket 0[core 0[hwt 0-1]]: [BB/../../../../../../../../../../../../../../..][../../../../../../../../../../../../../../../..]
[b101.pri.cosma7.alces.network:20308] MCW rank 1 bound to socket 1[core 16[hwt 0-1]]: [../../../../../../../../../../../../../../../..][BB/../../../../../../../../../../../../../../..]
[b101.pri.cosma7.alces.network:20308] MCW rank 2 bound to socket 0[core 1[hwt 0-1]]: [../BB/../../../../../../../../../../../../../..][../../../../../../../../../../../../../../../..]
[b101.pri.cosma7.alces.network:20308] MCW rank 3 bound to socket 1[core 17[hwt 0-1]]: [../../../../../../../../../../../../../../../..][../BB/../../../../../../../../../../../../../..]
[b101.pri.cosma7.alces.network:20308] MCW rank 4 bound to socket 0[core 2[hwt 0-1]]: [../../BB/../../../../../../../../../../../../..][../../../../../../../../../../../../../../../..]
[b101.pri.cosma7.alces.network:20308] MCW rank 7 bound to socket 1[core 19[hwt 0-1]]: [../../../../../../../../../../../../../../../..][../../../BB/../../../../../../../../../../../..]
[b101.pri.cosma7.alces.network:20308] MCW rank 5 bound to socket 1[core 18[hwt 0-1]]: [../../../../../../../../../../../../../../../..][../../BB/../../../../../../../../../../../../..]
[b101.pri.cosma7.alces.network:20308] MCW rank 6 bound to socket 0[core 3[hwt 0-1]]: [../../../BB/../../../../../../../../../../../..][../../../../../../../../../../../../../../../..]
[b101.pri.cosma7.alces.network:20308] MCW rank 8 bound to socket 0[core 4[hwt 0-1]]: [../../../../BB/../../../../../../../../../../..][../../../../../../../../../../../../../../../..]
[b101.pri.cosma7.alces.network:20308] MCW rank 11 bound to socket 1[core 21[hwt 0-1]]: [../../../../../../../../../../../../../../../..][../../../../../BB/../../../../../../../../../..]
[b101.pri.cosma7.alces.network:20308] MCW rank 9 bound to socket 1[core 20[hwt 0-1]]: [../../../../../../../../../../../../../../../..][../../../../BB/../../../../../../../../../../..]
[b101.pri.cosma7.alces.network:20308] MCW rank 10 bound to socket 0[core 5[hwt 0-1]]: [../../../../../BB/../../../../../../../../../..][../../../../../../../../../../../../../../../..]
[b101.pri.cosma7.alces.network:20308] MCW rank 12 bound to socket 0[core 6[hwt 0-1]]: [../../../../../../BB/../../../../../../../../..][../../../../../../../../../../../../../../../..]
[b101.pri.cosma7.alces.network:20308] MCW rank 15 bound to socket 1[core 23[hwt 0-1]]: [../../../../../../../../../../../../../../../..][../../../../../../../BB/../../../../../../../..]
[b101.pri.cosma7.alces.network:20308] MCW rank 13 bound to socket 1[core 22[hwt 0-1]]: [../../../../../../../../../../../../../../../..][../../../../../../BB/../../../../../../../../..]
[b101.pri.cosma7.alces.network:20308] MCW rank 14 bound to socket 0[core 7[hwt 0-1]]: [../../../../../../../BB/../../../../../../../..][../../../../../../../../../../../../../../../..]
[b101.pri.cosma7.alces.network:20308] MCW rank 16 bound to socket 0[core 8[hwt 0-1]]: [../../../../../../../../BB/../../../../../../..][../../../../../../../../../../../../../../../..]
[b101.pri.cosma7.alces.network:20308] MCW rank 19 bound to socket 1[core 25[hwt 0-1]]: [../../../../../../../../../../../../../../../..][../../../../../../../../../BB/../../../../../..]
[b101.pri.cosma7.alces.network:20308] MCW rank 17 bound to socket 1[core 24[hwt 0-1]]: [../../../../../../../../../../../../../../../..][../../../../../../../../BB/../../../../../../..]
[b101.pri.cosma7.alces.network:20308] MCW rank 18 bound to socket 0[core 9[hwt 0-1]]: [../../../../../../../../../BB/../../../../../..][../../../../../../../../../../../../../../../..]
[b101.pri.cosma7.alces.network:20308] MCW rank 20 bound to socket 0[core 10[hwt 0-1]]: [../../../../../../../../../../BB/../../../../..][../../../../../../../../../../../../../../../..]
[b101.pri.cosma7.alces.network:20308] MCW rank 21 bound to socket 1[core 26[hwt 0-1]]: [../../../../../../../../../../../../../../../..][../../../../../../../../../../BB/../../../../..]
[b101.pri.cosma7.alces.network:20308] MCW rank 23 bound to socket 1[core 27[hwt 0-1]]: [../../../../../../../../../../../../../../../..][../../../../../../../../../../../BB/../../../..]
[b101.pri.cosma7.alces.network:20308] MCW rank 22 bound to socket 0[core 11[hwt 0-1]]: [../../../../../../../../../../../BB/../../../..][../../../../../../../../../../../../../../../..]
[b101.pri.cosma7.alces.network:20308] MCW rank 24 bound to socket 0[core 12[hwt 0-1]]: [../../../../../../../../../../../../BB/../../..][../../../../../../../../../../../../../../../..]
[b101.pri.cosma7.alces.network:20308] MCW rank 25 bound to socket 1[core 28[hwt 0-1]]: [../../../../../../../../../../../../../../../..][../../../../../../../../../../../../BB/../../..]
[b101.pri.cosma7.alces.network:20308] MCW rank 27 bound to socket 1[core 29[hwt 0-1]]: [../../../../../../../../../../../../../../../..][../../../../../../../../../../../../../BB/../..]
[b101.pri.cosma7.alces.network:20308] MCW rank 26 bound to socket 0[core 13[hwt 0-1]]: [../../../../../../../../../../../../../BB/../..][../../../../../../../../../../../../../../../..]
[b101.pri.cosma7.alces.network:20308] MCW rank 28 bound to socket 0[core 14[hwt 0-1]]: [../../../../../../../../../../../../../../BB/..][../../../../../../../../../../../../../../../..]
[b101.pri.cosma7.alces.network:20308] MCW rank 31 bound to socket 1[core 31[hwt 0-1]]: [../../../../../../../../../../../../../../../..][../../../../../../../../../../../../../../../BB]
[b101.pri.cosma7.alces.network:20308] MCW rank 29 bound to socket 1[core 30[hwt 0-1]]: [../../../../../../../../../../../../../../../..][../../../../../../../../../../../../../../BB/..]
[b101.pri.cosma7.alces.network:20308] MCW rank 30 bound to socket 0[core 15[hwt 0-1]]: [../../../../../../../../../../../../../../../BB][../../../../../../../../../../../../../../../..]
[b106.pri.cosma7.alces.network:10749] MCW rank 160 bound to socket 0[core 0[hwt 0-1]]: [BB/../../../../../../../../../../../../../../..][../../../../../../../../../../../../../../../..]
[b106.pri.cosma7.alces.network:10749] MCW rank 161 bound to socket 1[core 16[hwt 0-1]]: [../../../../../../../../../../../../../../../..][BB/../../../../../../../../../../../../../../..]
[b106.pri.cosma7.alces.network:10749] MCW rank 162 bound to socket 0[core 1[hwt 0-1]]: [../BB/../../../../../../../../../../../../../..][../../../../../../../../../../../../../../../..]
[b106.pri.cosma7.alces.network:10749] MCW rank 163 bound to socket 1[core 17[hwt 0-1]]: [../../../../../../../../../../../../../../../..][../BB/../../../../../../../../../../../../../..]
[b108.pri.cosma7.alces.network:08243] MCW rank 224 bound to socket 0[core 0[hwt 0-1]]: [BB/../../../../../../../../../../../../../../..][../../../../../../../../../../../../../../../..]
[b108.pri.cosma7.alces.network:08243] MCW rank 225 bound to socket 1[core 16[hwt 0-1]]: [../../../../../../../../../../../../../../../..][BB/../../../../../../../../../../../../../../..]
[b108.pri.cosma7.alces.network:08243] MCW rank 226 bound to socket 0[core 1[hwt 0-1]]: [../BB/../../../../../../../../../../../../../..][../../../../../../../../../../../../../../../..]
[b108.pri.cosma7.alces.network:08243] MCW rank 227 bound to socket 1[core 17[hwt 0-1]]: [../../../../../../../../../../../../../../../..][../BB/../../../../../../../../../../../../../..]
[b105.pri.cosma7.alces.network:10913] MCW rank 128 bound to socket 0[core 0[hwt 0-1]]: [BB/../../../../../../../../../../../../../../..][../../../../../../../../../../../../../../../..]
[b105.pri.cosma7.alces.network:10913] MCW rank 129 bound to socket 1[core 16[hwt 0-1]]: [../../../../../../../../../../../../../../../..][BB/../../../../../../../../../../../../../../..]
[b105.pri.cosma7.alces.network:10913] MCW rank 130 bound to socket 0[core 1[hwt 0-1]]: [../BB/../../../../../../../../../../../../../..][../../../../../../../../../../../../../../../..]
[b105.pri.cosma7.alces.network:10913] MCW rank 131 bound to socket 1[core 17[hwt 0-1]]: [../../../../../../../../../../../../../../../..][../BB/../../../../../../../../../../../../../..]
[b107.pri.cosma7.alces.network:08355] MCW rank 192 bound to socket 0[core 0[hwt 0-1]]: [BB/../../../../../../../../../../../../../../..][../../../../../../../../../../../../../../../..]
[b107.pri.cosma7.alces.network:08355] MCW rank 193 bound to socket 1[core 16[hwt 0-1]]: [../../../../../../../../../../../../../../../..][BB/../../../../../../../../../../../../../../..]
[b107.pri.cosma7.alces.network:08355] MCW rank 194 bound to socket 0[core 1[hwt 0-1]]: [../BB/../../../../../../../../../../../../../..][../../../../../../../../../../../../../../../..]
[b107.pri.cosma7.alces.network:08355] MCW rank 195 bound to socket 1[core 17[hwt 0-1]]: [../../../../../../../../../../../../../../../..][../BB/../../../../../../../../../../../../../..]
[b102.pri.cosma7.alces.network:15824] MCW rank 32 bound to socket 0[core 0[hwt 0-1]]: [BB/../../../../../../../../../../../../../../..][../../../../../../../../../../../../../../../..]
[b102.pri.cosma7.alces.network:15824] MCW rank 33 bound to socket 1[core 16[hwt 0-1]]: [../../../../../../../../../../../../../../../..][BB/../../../../../../../../../../../../../../..]
[b102.pri.cosma7.alces.network:15824] MCW rank 34 bound to socket 0[core 1[hwt 0-1]]: [../BB/../../../../../../../../../../../../../..][../../../../../../../../../../../../../../../..]
[b102.pri.cosma7.alces.network:15824] MCW rank 35 bound to socket 1[core 17[hwt 0-1]]: [../../../../../../../../../../../../../../../..][../BB/../../../../../../../../../../../../../..]
[b102.pri.cosma7.alces.network:15824] MCW rank 36 bound to socket 0[core 2[hwt 0-1]]: [../../BB/../../../../../../../../../../../../..][../../../../../../../../../../../../../../../..]
[b102.pri.cosma7.alces.network:15824] MCW rank 37 bound to socket 1[core 18[hwt 0-1]]: [../../../../../../../../../../../../../../../..][../../BB/../../../../../../../../../../../../..]
[b102.pri.cosma7.alces.network:15824] MCW rank 38 bound to socket 0[core 3[hwt 0-1]]: [../../../BB/../../../../../../../../../../../..][../../../../../../../../../../../../../../../..]
[b102.pri.cosma7.alces.network:15824] MCW rank 39 bound to socket 1[core 19[hwt 0-1]]: [../../../../../../../../../../../../../../../..][../../../BB/../../../../../../../../../../../..]
[b102.pri.cosma7.alces.network:15824] MCW rank 40 bound to socket 0[core 4[hwt 0-1]]: [../../../../BB/../../../../../../../../../../..][../../../../../../../../../../../../../../../..]
[b102.pri.cosma7.alces.network:15824] MCW rank 41 bound to socket 1[core 20[hwt 0-1]]: [../../../../../../../../../../../../../../../..][../../../../BB/../../../../../../../../../../..]
[b102.pri.cosma7.alces.network:15824] MCW rank 42 bound to socket 0[core 5[hwt 0-1]]: [../../../../../BB/../../../../../../../../../..][../../../../../../../../../../../../../../../..]
[b102.pri.cosma7.alces.network:15824] MCW rank 43 bound to socket 1[core 21[hwt 0-1]]: [../../../../../../../../../../../../../../../..][../../../../../BB/../../../../../../../../../..]
[b102.pri.cosma7.alces.network:15824] MCW rank 44 bound to socket 0[core 6[hwt 0-1]]: [../../../../../../BB/../../../../../../../../..][../../../../../../../../../../../../../../../..]
[b102.pri.cosma7.alces.network:15824] MCW rank 45 bound to socket 1[core 22[hwt 0-1]]: [../../../../../../../../../../../../../../../..][../../../../../../BB/../../../../../../../../..]
[b102.pri.cosma7.alces.network:15824] MCW rank 46 bound to socket 0[core 7[hwt 0-1]]: [../../../../../../../BB/../../../../../../../..][../../../../../../../../../../../../../../../..]
[b102.pri.cosma7.alces.network:15824] MCW rank 47 bound to socket 1[core 23[hwt 0-1]]: [../../../../../../../../../../../../../../../..][../../../../../../../BB/../../../../../../../..]
[b102.pri.cosma7.alces.network:15824] MCW rank 48 bound to socket 0[core 8[hwt 0-1]]: [../../../../../../../../BB/../../../../../../..][../../../../../../../../../../../../../../../..]
[b102.pri.cosma7.alces.network:15824] MCW rank 49 bound to socket 1[core 24[hwt 0-1]]: [../../../../../../../../../../../../../../../..][../../../../../../../../BB/../../../../../../..]
[b102.pri.cosma7.alces.network:15824] MCW rank 50 bound to socket 0[core 9[hwt 0-1]]: [../../../../../../../../../BB/../../../../../..][../../../../../../../../../../../../../../../..]
[b102.pri.cosma7.alces.network:15824] MCW rank 51 bound to socket 1[core 25[hwt 0-1]]: [../../../../../../../../../../../../../../../..][../../../../../../../../../BB/../../../../../..]
[b102.pri.cosma7.alces.network:15824] MCW rank 52 bound to socket 0[core 10[hwt 0-1]]: [../../../../../../../../../../BB/../../../../..][../../../../../../../../../../../../../../../..]
[b102.pri.cosma7.alces.network:15824] MCW rank 53 bound to socket 1[core 26[hwt 0-1]]: [../../../../../../../../../../../../../../../..][../../../../../../../../../../BB/../../../../..]
[b102.pri.cosma7.alces.network:15824] MCW rank 54 bound to socket 0[core 11[hwt 0-1]]: [../../../../../../../../../../../BB/../../../..][../../../../../../../../../../../../../../../..]
[b102.pri.cosma7.alces.network:15824] MCW rank 55 bound to socket 1[core 27[hwt 0-1]]: [../../../../../../../../../../../../../../../..][../../../../../../../../../../../BB/../../../..]
[b102.pri.cosma7.alces.network:15824] MCW rank 56 bound to socket 0[core 12[hwt 0-1]]: [../../../../../../../../../../../../BB/../../..][../../../../../../../../../../../../../../../..]
[b102.pri.cosma7.alces.network:15824] MCW rank 57 bound to socket 1[core 28[hwt 0-1]]: [../../../../../../../../../../../../../../../..][../../../../../../../../../../../../BB/../../..]
[b102.pri.cosma7.alces.network:15824] MCW rank 58 bound to socket 0[core 13[hwt 0-1]]: [../../../../../../../../../../../../../BB/../..][../../../../../../../../../../../../../../../..]
[b102.pri.cosma7.alces.network:15824] MCW rank 60 bound to socket 0[core 14[hwt 0-1]]: [../../../../../../../../../../../../../../BB/..][../../../../../../../../../../../../../../../..]
[b102.pri.cosma7.alces.network:15824] MCW rank 59 bound to socket 1[core 29[hwt 0-1]]: [../../../../../../../../../../../../../../../..][../../../../../../../../../../../../../BB/../..]
[b104.pri.cosma7.alces.network:11906] MCW rank 96 bound to socket 0[core 0[hwt 0-1]]: [BB/../../../../../../../../../../../../../../..][../../../../../../../../../../../../../../../..]
[b104.pri.cosma7.alces.network:11906] MCW rank 97 bound to socket 1[core 16[hwt 0-1]]: [../../../../../../../../../../../../../../../..][BB/../../../../../../../../../../../../../../..]
[b104.pri.cosma7.alces.network:11906] MCW rank 98 bound to socket 0[core 1[hwt 0-1]]: [../BB/../../../../../../../../../../../../../..][../../../../../../../../../../../../../../../..]
[b104.pri.cosma7.alces.network:11906] MCW rank 99 bound to socket 1[core 17[hwt 0-1]]: [../../../../../../../../../../../../../../../..][../BB/../../../../../../../../../../../../../..]
[b104.pri.cosma7.alces.network:11906] MCW rank 100 bound to socket 0[core 2[hwt 0-1]]: [../../BB/../../../../../../../../../../../../..][../../../../../../../../../../../../../../../..]
[b104.pri.cosma7.alces.network:11906] MCW rank 101 bound to socket 1[core 18[hwt 0-1]]: [../../../../../../../../../../../../../../../..][../../BB/../../../../../../../../../../../../..]
[b104.pri.cosma7.alces.network:11906] MCW rank 102 bound to socket 0[core 3[hwt 0-1]]: [../../../BB/../../../../../../../../../../../..][../../../../../../../../../../../../../../../..]
[b104.pri.cosma7.alces.network:11906] MCW rank 103 bound to socket 1[core 19[hwt 0-1]]: [../../../../../../../../../../../../../../../..][../../../BB/../../../../../../../../../../../..]
[b102.pri.cosma7.alces.network:15824] MCW rank 61 bound to socket 1[core 30[hwt 0-1]]: [../../../../../../../../../../../../../../../..][../../../../../../../../../../../../../../BB/..]
[b104.pri.cosma7.alces.network:11906] MCW rank 104 bound to socket 0[core 4[hwt 0-1]]: [../../../../BB/../../../../../../../../../../..][../../../../../../../../../../../../../../../..]
[b104.pri.cosma7.alces.network:11906] MCW rank 106 bound to socket 0[core 5[hwt 0-1]]: [../../../../../BB/../../../../../../../../../..][../../../../../../../../../../../../../../../..]
[b104.pri.cosma7.alces.network:11906] MCW rank 107 bound to socket 1[core 21[hwt 0-1]]: [../../../../../../../../../../../../../../../..][../../../../../BB/../../../../../../../../../..]
[b104.pri.cosma7.alces.network:11906] MCW rank 108 bound to socket 0[core 6[hwt 0-1]]: [../../../../../../BB/../../../../../../../../..][../../../../../../../../../../../../../../../..]
[b104.pri.cosma7.alces.network:11906] MCW rank 110 bound to socket 0[core 7[hwt 0-1]]: [../../../../../../../BB/../../../../../../../..][../../../../../../../../../../../../../../../..]
[b104.pri.cosma7.alces.network:11906] MCW rank 111 bound to socket 1[core 23[hwt 0-1]]: [../../../../../../../../../../../../../../../..][../../../../../../../BB/../../../../../../../..]
[b104.pri.cosma7.alces.network:11906] MCW rank 112 bound to socket 0[core 8[hwt 0-1]]: [../../../../../../../../BB/../../../../../../..][../../../../../../../../../../../../../../../..]
[b104.pri.cosma7.alces.network:11906] MCW rank 114 bound to socket 0[core 9[hwt 0-1]]: [../../../../../../../../../BB/../../../../../..][../../../../../../../../../../../../../../../..]
[b102.pri.cosma7.alces.network:15824] MCW rank 62 bound to socket 0[core 15[hwt 0-1]]: [../../../../../../../../../../../../../../../BB][../../../../../../../../../../../../../../../..]
[b104.pri.cosma7.alces.network:11906] MCW rank 115 bound to socket 1[core 25[hwt 0-1]]: [../../../../../../../../../../../../../../../..][../../../../../../../../../BB/../../../../../..]
[b104.pri.cosma7.alces.network:11906] MCW rank 116 bound to socket 0[core 10[hwt 0-1]]: [../../../../../../../../../../BB/../../../../..][../../../../../../../../../../../../../../../..]
[b104.pri.cosma7.alces.network:11906] MCW rank 118 bound to socket 0[core 11[hwt 0-1]]: [../../../../../../../../../../../BB/../../../..][../../../../../../../../../../../../../../../..]
[b104.pri.cosma7.alces.network:11906] MCW rank 119 bound to socket 1[core 27[hwt 0-1]]: [../../../../../../../../../../../../../../../..][../../../../../../../../../../../BB/../../../..]
[b104.pri.cosma7.alces.network:11906] MCW rank 120 bound to socket 0[core 12[hwt 0-1]]: [../../../../../../../../../../../../BB/../../..][../../../../../../../../../../../../../../../..]
[b104.pri.cosma7.alces.network:11906] MCW rank 122 bound to socket 0[core 13[hwt 0-1]]: [../../../../../../../../../../../../../BB/../..][../../../../../../../../../../../../../../../..]
[b104.pri.cosma7.alces.network:11906] MCW rank 123 bound to socket 1[core 29[hwt 0-1]]: [../../../../../../../../../../../../../../../..][../../../../../../../../../../../../../BB/../..]
[b104.pri.cosma7.alces.network:11906] MCW rank 124 bound to socket 0[core 14[hwt 0-1]]: [../../../../../../../../../../../../../../BB/..][../../../../../../../../../../../../../../../..]
[b104.pri.cosma7.alces.network:11906] MCW rank 105 bound to socket 1[core 20[hwt 0-1]]: [../../../../../../../../../../../../../../../..][../../../../BB/../../../../../../../../../../..]
[b103.pri.cosma7.alces.network:13564] MCW rank 64 bound to socket 0[core 0[hwt 0-1]]: [BB/../../../../../../../../../../../../../../..][../../../../../../../../../../../../../../../..]
[b103.pri.cosma7.alces.network:13564] MCW rank 65 bound to socket 1[core 16[hwt 0-1]]: [../../../../../../../../../../../../../../../..][BB/../../../../../../../../../../../../../../..]
[b103.pri.cosma7.alces.network:13564] MCW rank 66 bound to socket 0[core 1[hwt 0-1]]: [../BB/../../../../../../../../../../../../../..][../../../../../../../../../../../../../../../..]
[b103.pri.cosma7.alces.network:13564] MCW rank 67 bound to socket 1[core 17[hwt 0-1]]: [../../../../../../../../../../../../../../../..][../BB/../../../../../../../../../../../../../..]
[b103.pri.cosma7.alces.network:13564] MCW rank 68 bound to socket 0[core 2[hwt 0-1]]: [../../BB/../../../../../../../../../../../../..][../../../../../../../../../../../../../../../..]
[b103.pri.cosma7.alces.network:13564] MCW rank 69 bound to socket 1[core 18[hwt 0-1]]: [../../../../../../../../../../../../../../../..][../../BB/../../../../../../../../../../../../..]
[b103.pri.cosma7.alces.network:13564] MCW rank 70 bound to socket 0[core 3[hwt 0-1]]: [../../../BB/../../../../../../../../../../../..][../../../../../../../../../../../../../../../..]
[b103.pri.cosma7.alces.network:13564] MCW rank 71 bound to socket 1[core 19[hwt 0-1]]: [../../../../../../../../../../../../../../../..][../../../BB/../../../../../../../../../../../..]
[b103.pri.cosma7.alces.network:13564] MCW rank 72 bound to socket 0[core 4[hwt 0-1]]: [../../../../BB/../../../../../../../../../../..][../../../../../../../../../../../../../../../..]
[b103.pri.cosma7.alces.network:13564] MCW rank 73 bound to socket 1[core 20[hwt 0-1]]: [../../../../../../../../../../../../../../../..][../../../../BB/../../../../../../../../../../..]
[b102.pri.cosma7.alces.network:15824] MCW rank 63 bound to socket 1[core 31[hwt 0-1]]: [../../../../../../../../../../../../../../../..][../../../../../../../../../../../../../../../BB]
[b103.pri.cosma7.alces.network:13564] MCW rank 74 bound to socket 0[core 5[hwt 0-1]]: [../../../../../BB/../../../../../../../../../..][../../../../../../../../../../../../../../../..]
[b103.pri.cosma7.alces.network:13564] MCW rank 75 bound to socket 1[core 21[hwt 0-1]]: [../../../../../../../../../../../../../../../..][../../../../../BB/../../../../../../../../../..]
[b103.pri.cosma7.alces.network:13564] MCW rank 76 bound to socket 0[core 6[hwt 0-1]]: [../../../../../../BB/../../../../../../../../..][../../../../../../../../../../../../../../../..]
[b103.pri.cosma7.alces.network:13564] MCW rank 77 bound to socket 1[core 22[hwt 0-1]]: [../../../../../../../../../../../../../../../..][../../../../../../BB/../../../../../../../../..]
[b103.pri.cosma7.alces.network:13564] MCW rank 78 bound to socket 0[core 7[hwt 0-1]]: [../../../../../../../BB/../../../../../../../..][../../../../../../../../../../../../../../../..]
[b103.pri.cosma7.alces.network:13564] MCW rank 79 bound to socket 1[core 23[hwt 0-1]]: [../../../../../../../../../../../../../../../..][../../../../../../../BB/../../../../../../../..]
[b103.pri.cosma7.alces.network:13564] MCW rank 80 bound to socket 0[core 8[hwt 0-1]]: [../../../../../../../../BB/../../../../../../..][../../../../../../../../../../../../../../../..]
[b103.pri.cosma7.alces.network:13564] MCW rank 82 bound to socket 0[core 9[hwt 0-1]]: [../../../../../../../../../BB/../../../../../..][../../../../../../../../../../../../../../../..]
[b103.pri.cosma7.alces.network:13564] MCW rank 81 bound to socket 1[core 24[hwt 0-1]]: [../../../../../../../../../../../../../../../..][../../../../../../../../BB/../../../../../../..]
[b104.pri.cosma7.alces.network:11906] MCW rank 126 bound to socket 0[core 15[hwt 0-1]]: [../../../../../../../../../../../../../../../BB][../../../../../../../../../../../../../../../..]
[b104.pri.cosma7.alces.network:11906] MCW rank 127 bound to socket 1[core 31[hwt 0-1]]: [../../../../../../../../../../../../../../../..][../../../../../../../../../../../../../../../BB]
[b104.pri.cosma7.alces.network:11906] MCW rank 109 bound to socket 1[core 22[hwt 0-1]]: [../../../../../../../../../../../../../../../..][../../../../../../BB/../../../../../../../../..]
[b105.pri.cosma7.alces.network:10913] MCW rank 134 bound to socket 0[core 3[hwt 0-1]]: [../../../BB/../../../../../../../../../../../..][../../../../../../../../../../../../../../../..]
[b108.pri.cosma7.alces.network:08243] MCW rank 228 bound to socket 0[core 2[hwt 0-1]]: [../../BB/../../../../../../../../../../../../..][../../../../../../../../../../../../../../../..]
[b107.pri.cosma7.alces.network:08355] MCW rank 199 bound to socket 1[core 19[hwt 0-1]]: [../../../../../../../../../../../../../../../..][../../../BB/../../../../../../../../../../../..]
[b106.pri.cosma7.alces.network:10749] MCW rank 166 bound to socket 0[core 3[hwt 0-1]]: [../../../BB/../../../../../../../../../../../..][../../../../../../../../../../../../../../../..]
[b105.pri.cosma7.alces.network:10913] MCW rank 133 bound to socket 1[core 18[hwt 0-1]]: [../../../../../../../../../../../../../../../..][../../BB/../../../../../../../../../../../../..]
[b108.pri.cosma7.alces.network:08243] MCW rank 229 bound to socket 1[core 18[hwt 0-1]]: [../../../../../../../../../../../../../../../..][../../BB/../../../../../../../../../../../../..]
[b107.pri.cosma7.alces.network:08355] MCW rank 197 bound to socket 1[core 18[hwt 0-1]]: [../../../../../../../../../../../../../../../..][../../BB/../../../../../../../../../../../../..]
[b106.pri.cosma7.alces.network:10749] MCW rank 165 bound to socket 1[core 18[hwt 0-1]]: [../../../../../../../../../../../../../../../..][../../BB/../../../../../../../../../../../../..]
[b105.pri.cosma7.alces.network:10913] MCW rank 135 bound to socket 1[core 19[hwt 0-1]]: [../../../../../../../../../../../../../../../..][../../../BB/../../../../../../../../../../../..]
[b108.pri.cosma7.alces.network:08243] MCW rank 231 bound to socket 1[core 19[hwt 0-1]]: [../../../../../../../../../../../../../../../..][../../../BB/../../../../../../../../../../../..]
[b107.pri.cosma7.alces.network:08355] MCW rank 198 bound to socket 0[core 3[hwt 0-1]]: [../../../BB/../../../../../../../../../../../..][../../../../../../../../../../../../../../../..]
[b106.pri.cosma7.alces.network:10749] MCW rank 167 bound to socket 1[core 19[hwt 0-1]]: [../../../../../../../../../../../../../../../..][../../../BB/../../../../../../../../../../../..]
[b103.pri.cosma7.alces.network:13564] MCW rank 83 bound to socket 1[core 25[hwt 0-1]]: [../../../../../../../../../../../../../../../..][../../../../../../../../../BB/../../../../../..]
[b105.pri.cosma7.alces.network:10913] MCW rank 132 bound to socket 0[core 2[hwt 0-1]]: [../../BB/../../../../../../../../../../../../..][../../../../../../../../../../../../../../../..]
[b107.pri.cosma7.alces.network:08355] MCW rank 196 bound to socket 0[core 2[hwt 0-1]]: [../../BB/../../../../../../../../../../../../..][../../../../../../../../../../../../../../../..]
[b106.pri.cosma7.alces.network:10749] MCW rank 164 bound to socket 0[core 2[hwt 0-1]]: [../../BB/../../../../../../../../../../../../..][../../../../../../../../../../../../../../../..]
[b103.pri.cosma7.alces.network:13564] MCW rank 86 bound to socket 0[core 11[hwt 0-1]]: [../../../../../../../../../../../BB/../../../..][../../../../../../../../../../../../../../../..]
[b108.pri.cosma7.alces.network:08243] MCW rank 230 bound to socket 0[core 3[hwt 0-1]]: [../../../BB/../../../../../../../../../../../..][../../../../../../../../../../../../../../../..]
[b103.pri.cosma7.alces.network:13564] MCW rank 84 bound to socket 0[core 10[hwt 0-1]]: [../../../../../../../../../../BB/../../../../..][../../../../../../../../../../../../../../../..]
[b108.pri.cosma7.alces.network:08243] MCW rank 232 bound to socket 0[core 4[hwt 0-1]]: [../../../../BB/../../../../../../../../../../..][../../../../../../../../../../../../../../../..]
[b107.pri.cosma7.alces.network:08355] MCW rank 203 bound to socket 1[core 21[hwt 0-1]]: [../../../../../../../../../../../../../../../..][../../../../../BB/../../../../../../../../../..]
[b103.pri.cosma7.alces.network:13564] MCW rank 85 bound to socket 1[core 26[hwt 0-1]]: [../../../../../../../../../../../../../../../..][../../../../../../../../../../BB/../../../../..]
[b105.pri.cosma7.alces.network:10913] MCW rank 138 bound to socket 0[core 5[hwt 0-1]]: [../../../../../BB/../../../../../../../../../..][../../../../../../../../../../../../../../../..]
[b104.pri.cosma7.alces.network:11906] MCW rank 113 bound to socket 1[core 24[hwt 0-1]]: [../../../../../../../../../../../../../../../..][../../../../../../../../BB/../../../../../../..]
[b105.pri.cosma7.alces.network:10913] MCW rank 139 bound to socket 1[core 21[hwt 0-1]]: [../../../../../../../../../../../../../../../..][../../../../../BB/../../../../../../../../../..]
[b108.pri.cosma7.alces.network:08243] MCW rank 233 bound to socket 1[core 20[hwt 0-1]]: [../../../../../../../../../../../../../../../..][../../../../BB/../../../../../../../../../../..]
[b107.pri.cosma7.alces.network:08355] MCW rank 201 bound to socket 1[core 20[hwt 0-1]]: [../../../../../../../../../../../../../../../..][../../../../BB/../../../../../../../../../../..]
[b107.pri.cosma7.alces.network:08355] MCW rank 200 bound to socket 0[core 4[hwt 0-1]]: [../../../../BB/../../../../../../../../../../..][../../../../../../../../../../../../../../../..]
[b105.pri.cosma7.alces.network:10913] MCW rank 137 bound to socket 1[core 20[hwt 0-1]]: [../../../../../../../../../../../../../../../..][../../../../BB/../../../../../../../../../../..]
[b108.pri.cosma7.alces.network:08243] MCW rank 234 bound to socket 0[core 5[hwt 0-1]]: [../../../../../BB/../../../../../../../../../..][../../../../../../../../../../../../../../../..]
[b106.pri.cosma7.alces.network:10749] MCW rank 170 bound to socket 0[core 5[hwt 0-1]]: [../../../../../BB/../../../../../../../../../..][../../../../../../../../../../../../../../../..]
[b108.pri.cosma7.alces.network:08243] MCW rank 235 bound to socket 1[core 21[hwt 0-1]]: [../../../../../../../../../../../../../../../..][../../../../../BB/../../../../../../../../../..]
[b106.pri.cosma7.alces.network:10749] MCW rank 169 bound to socket 1[core 20[hwt 0-1]]: [../../../../../../../../../../../../../../../..][../../../../BB/../../../../../../../../../../..]
[b106.pri.cosma7.alces.network:10749] MCW rank 171 bound to socket 1[core 21[hwt 0-1]]: [../../../../../../../../../../../../../../../..][../../../../../BB/../../../../../../../../../..]
[b103.pri.cosma7.alces.network:13564] MCW rank 87 bound to socket 1[core 27[hwt 0-1]]: [../../../../../../../../../../../../../../../..][../../../../../../../../../../../BB/../../../..]
[b107.pri.cosma7.alces.network:08355] MCW rank 202 bound to socket 0[core 5[hwt 0-1]]: [../../../../../BB/../../../../../../../../../..][../../../../../../../../../../../../../../../..]
[b103.pri.cosma7.alces.network:13564] MCW rank 88 bound to socket 0[core 12[hwt 0-1]]: [../../../../../../../../../../../../BB/../../..][../../../../../../../../../../../../../../../..]
[b105.pri.cosma7.alces.network:10913] MCW rank 136 bound to socket 0[core 4[hwt 0-1]]: [../../../../BB/../../../../../../../../../../..][../../../../../../../../../../../../../../../..]
[b108.pri.cosma7.alces.network:08243] MCW rank 236 bound to socket 0[core 6[hwt 0-1]]: [../../../../../../BB/../../../../../../../../..][../../../../../../../../../../../../../../../..]
[b106.pri.cosma7.alces.network:10749] MCW rank 168 bound to socket 0[core 4[hwt 0-1]]: [../../../../BB/../../../../../../../../../../..][../../../../../../../../../../../../../../../..]
[b107.pri.cosma7.alces.network:08355] MCW rank 207 bound to socket 1[core 23[hwt 0-1]]: [../../../../../../../../../../../../../../../..][../../../../../../../BB/../../../../../../../..]
[b105.pri.cosma7.alces.network:10913] MCW rank 142 bound to socket 0[core 7[hwt 0-1]]: [../../../../../../../BB/../../../../../../../..][../../../../../../../../../../../../../../../..]
[b106.pri.cosma7.alces.network:10749] MCW rank 174 bound to socket 0[core 7[hwt 0-1]]: [../../../../../../../BB/../../../../../../../..][../../../../../../../../../../../../../../../..]
[b108.pri.cosma7.alces.network:08243] MCW rank 237 bound to socket 1[core 22[hwt 0-1]]: [../../../../../../../../../../../../../../../..][../../../../../../BB/../../../../../../../../..]
[b103.pri.cosma7.alces.network:13564] MCW rank 90 bound to socket 0[core 13[hwt 0-1]]: [../../../../../../../../../../../../../BB/../..][../../../../../../../../../../../../../../../..]
[b103.pri.cosma7.alces.network:13564] MCW rank 89 bound to socket 1[core 28[hwt 0-1]]: [../../../../../../../../../../../../../../../..][../../../../../../../../../../../../BB/../../..]
[b105.pri.cosma7.alces.network:10913] MCW rank 143 bound to socket 1[core 23[hwt 0-1]]: [../../../../../../../../../../../../../../../..][../../../../../../../BB/../../../../../../../..]
[b108.pri.cosma7.alces.network:08243] MCW rank 238 bound to socket 0[core 7[hwt 0-1]]: [../../../../../../../BB/../../../../../../../..][../../../../../../../../../../../../../../../..]
[b106.pri.cosma7.alces.network:10749] MCW rank 173 bound to socket 1[core 22[hwt 0-1]]: [../../../../../../../../../../../../../../../..][../../../../../../BB/../../../../../../../../..]
[b107.pri.cosma7.alces.network:08355] MCW rank 205 bound to socket 1[core 22[hwt 0-1]]: [../../../../../../../../../../../../../../../..][../../../../../../BB/../../../../../../../../..]
[b107.pri.cosma7.alces.network:08355] MCW rank 204 bound to socket 0[core 6[hwt 0-1]]: [../../../../../../BB/../../../../../../../../..][../../../../../../../../../../../../../../../..]
[b104.pri.cosma7.alces.network:11906] MCW rank 117 bound to socket 1[core 26[hwt 0-1]]: [../../../../../../../../../../../../../../../..][../../../../../../../../../../BB/../../../../..]
[b105.pri.cosma7.alces.network:10913] MCW rank 141 bound to socket 1[core 22[hwt 0-1]]: [../../../../../../../../../../../../../../../..][../../../../../../BB/../../../../../../../../..]
[b108.pri.cosma7.alces.network:08243] MCW rank 239 bound to socket 1[core 23[hwt 0-1]]: [../../../../../../../../../../../../../../../..][../../../../../../../BB/../../../../../../../..]
[b106.pri.cosma7.alces.network:10749] MCW rank 175 bound to socket 1[core 23[hwt 0-1]]: [../../../../../../../../../../../../../../../..][../../../../../../../BB/../../../../../../../..]
[b105.pri.cosma7.alces.network:10913] MCW rank 140 bound to socket 0[core 6[hwt 0-1]]: [../../../../../../BB/../../../../../../../../..][../../../../../../../../../../../../../../../..]
[b103.pri.cosma7.alces.network:13564] MCW rank 91 bound to socket 1[core 29[hwt 0-1]]: [../../../../../../../../../../../../../../../..][../../../../../../../../../../../../../BB/../..]
[b108.pri.cosma7.alces.network:08243] MCW rank 240 bound to socket 0[core 8[hwt 0-1]]: [../../../../../../../../BB/../../../../../../..][../../../../../../../../../../../../../../../..]
[b103.pri.cosma7.alces.network:13564] MCW rank 94 bound to socket 0[core 15[hwt 0-1]]: [../../../../../../../../../../../../../../../BB][../../../../../../../../../../../../../../../..]
[b107.pri.cosma7.alces.network:08355] MCW rank 206 bound to socket 0[core 7[hwt 0-1]]: [../../../../../../../BB/../../../../../../../..][../../../../../../../../../../../../../../../..]
[b106.pri.cosma7.alces.network:10749] MCW rank 172 bound to socket 0[core 6[hwt 0-1]]: [../../../../../../BB/../../../../../../../../..][../../../../../../../../../../../../../../../..]
[b107.pri.cosma7.alces.network:08355] MCW rank 211 bound to socket 1[core 25[hwt 0-1]]: [../../../../../../../../../../../../../../../..][../../../../../../../../../BB/../../../../../..]
[b105.pri.cosma7.alces.network:10913] MCW rank 146 bound to socket 0[core 9[hwt 0-1]]: [../../../../../../../../../BB/../../../../../..][../../../../../../../../../../../../../../../..]
[b108.pri.cosma7.alces.network:08243] MCW rank 241 bound to socket 1[core 24[hwt 0-1]]: [../../../../../../../../../../../../../../../..][../../../../../../../../BB/../../../../../../..]
[b108.pri.cosma7.alces.network:08243] MCW rank 242 bound to socket 0[core 9[hwt 0-1]]: [../../../../../../../../../BB/../../../../../..][../../../../../../../../../../../../../../../..]
[b103.pri.cosma7.alces.network:13564] MCW rank 92 bound to socket 0[core 14[hwt 0-1]]: [../../../../../../../../../../../../../../BB/..][../../../../../../../../../../../../../../../..]
[b105.pri.cosma7.alces.network:10913] MCW rank 147 bound to socket 1[core 25[hwt 0-1]]: [../../../../../../../../../../../../../../../..][../../../../../../../../../BB/../../../../../..]
[b103.pri.cosma7.alces.network:13564] MCW rank 93 bound to socket 1[core 30[hwt 0-1]]: [../../../../../../../../../../../../../../../..][../../../../../../../../../../../../../../BB/..]
[b107.pri.cosma7.alces.network:08355] MCW rank 209 bound to socket 1[core 24[hwt 0-1]]: [../../../../../../../../../../../../../../../..][../../../../../../../../BB/../../../../../../..]
[b103.pri.cosma7.alces.network:13564] MCW rank 95 bound to socket 1[core 31[hwt 0-1]]: [../../../../../../../../../../../../../../../..][../../../../../../../../../../../../../../../BB]
[b106.pri.cosma7.alces.network:10749] MCW rank 178 bound to socket 0[core 9[hwt 0-1]]: [../../../../../../../../../BB/../../../../../..][../../../../../../../../../../../../../../../..]
[b106.pri.cosma7.alces.network:10749] MCW rank 177 bound to socket 1[core 24[hwt 0-1]]: [../../../../../../../../../../../../../../../..][../../../../../../../../BB/../../../../../../..]
[b105.pri.cosma7.alces.network:10913] MCW rank 145 bound to socket 1[core 24[hwt 0-1]]: [../../../../../../../../../../../../../../../..][../../../../../../../../BB/../../../../../../..]
[b108.pri.cosma7.alces.network:08243] MCW rank 243 bound to socket 1[core 25[hwt 0-1]]: [../../../../../../../../../../../../../../../..][../../../../../../../../../BB/../../../../../..]
[b104.pri.cosma7.alces.network:11906] MCW rank 121 bound to socket 1[core 28[hwt 0-1]]: [../../../../../../../../../../../../../../../..][../../../../../../../../../../../../BB/../../..]
[b106.pri.cosma7.alces.network:10749] MCW rank 179 bound to socket 1[core 25[hwt 0-1]]: [../../../../../../../../../../../../../../../..][../../../../../../../../../BB/../../../../../..]
[b107.pri.cosma7.alces.network:08355] MCW rank 208 bound to socket 0[core 8[hwt 0-1]]: [../../../../../../../../BB/../../../../../../..][../../../../../../../../../../../../../../../..]
[b106.pri.cosma7.alces.network:10749] MCW rank 176 bound to socket 0[core 8[hwt 0-1]]: [../../../../../../../../BB/../../../../../../..][../../../../../../../../../../../../../../../..]
[b107.pri.cosma7.alces.network:08355] MCW rank 210 bound to socket 0[core 9[hwt 0-1]]: [../../../../../../../../../BB/../../../../../..][../../../../../../../../../../../../../../../..]
[b108.pri.cosma7.alces.network:08243] MCW rank 244 bound to socket 0[core 10[hwt 0-1]]: [../../../../../../../../../../BB/../../../../..][../../../../../../../../../../../../../../../..]
[b105.pri.cosma7.alces.network:10913] MCW rank 144 bound to socket 0[core 8[hwt 0-1]]: [../../../../../../../../BB/../../../../../../..][../../../../../../../../../../../../../../../..]
[b105.pri.cosma7.alces.network:10913] MCW rank 150 bound to socket 0[core 11[hwt 0-1]]: [../../../../../../../../../../../BB/../../../..][../../../../../../../../../../../../../../../..]
[b108.pri.cosma7.alces.network:08243] MCW rank 245 bound to socket 1[core 26[hwt 0-1]]: [../../../../../../../../../../../../../../../..][../../../../../../../../../../BB/../../../../..]
[b108.pri.cosma7.alces.network:08243] MCW rank 247 bound to socket 1[core 27[hwt 0-1]]: [../../../../../../../../../../../../../../../..][../../../../../../../../../../../BB/../../../..]
[b105.pri.cosma7.alces.network:10913] MCW rank 149 bound to socket 1[core 26[hwt 0-1]]: [../../../../../../../../../../../../../../../..][../../../../../../../../../../BB/../../../../..]
[b108.pri.cosma7.alces.network:08243] MCW rank 246 bound to socket 0[core 11[hwt 0-1]]: [../../../../../../../../../../../BB/../../../..][../../../../../../../../../../../../../../../..]
[b104.pri.cosma7.alces.network:11906] MCW rank 125 bound to socket 1[core 30[hwt 0-1]]: [../../../../../../../../../../../../../../../..][../../../../../../../../../../../../../../BB/..]
[b106.pri.cosma7.alces.network:10749] MCW rank 182 bound to socket 0[core 11[hwt 0-1]]: [../../../../../../../../../../../BB/../../../..][../../../../../../../../../../../../../../../..]
[b106.pri.cosma7.alces.network:10749] MCW rank 181 bound to socket 1[core 26[hwt 0-1]]: [../../../../../../../../../../../../../../../..][../../../../../../../../../../BB/../../../../..]
[b105.pri.cosma7.alces.network:10913] MCW rank 151 bound to socket 1[core 27[hwt 0-1]]: [../../../../../../../../../../../../../../../..][../../../../../../../../../../../BB/../../../..]
[b107.pri.cosma7.alces.network:08355] MCW rank 213 bound to socket 1[core 26[hwt 0-1]]: [../../../../../../../../../../../../../../../..][../../../../../../../../../../BB/../../../../..]
[b107.pri.cosma7.alces.network:08355] MCW rank 212 bound to socket 0[core 10[hwt 0-1]]: [../../../../../../../../../../BB/../../../../..][../../../../../../../../../../../../../../../..]
[b107.pri.cosma7.alces.network:08355] MCW rank 215 bound to socket 1[core 27[hwt 0-1]]: [../../../../../../../../../../../../../../../..][../../../../../../../../../../../BB/../../../..]
[b106.pri.cosma7.alces.network:10749] MCW rank 183 bound to socket 1[core 27[hwt 0-1]]: [../../../../../../../../../../../../../../../..][../../../../../../../../../../../BB/../../../..]
[b105.pri.cosma7.alces.network:10913] MCW rank 148 bound to socket 0[core 10[hwt 0-1]]: [../../../../../../../../../../BB/../../../../..][../../../../../../../../../../../../../../../..]
[b106.pri.cosma7.alces.network:10749] MCW rank 180 bound to socket 0[core 10[hwt 0-1]]: [../../../../../../../../../../BB/../../../../..][../../../../../../../../../../../../../../../..]
[b105.pri.cosma7.alces.network:10913] MCW rank 154 bound to socket 0[core 13[hwt 0-1]]: [../../../../../../../../../../../../../BB/../..][../../../../../../../../../../../../../../../..]
[b108.pri.cosma7.alces.network:08243] MCW rank 248 bound to socket 0[core 12[hwt 0-1]]: [../../../../../../../../../../../../BB/../../..][../../../../../../../../../../../../../../../..]
[b107.pri.cosma7.alces.network:08355] MCW rank 214 bound to socket 0[core 11[hwt 0-1]]: [../../../../../../../../../../../BB/../../../..][../../../../../../../../../../../../../../../..]
[b108.pri.cosma7.alces.network:08243] MCW rank 249 bound to socket 1[core 28[hwt 0-1]]: [../../../../../../../../../../../../../../../..][../../../../../../../../../../../../BB/../../..]
[b107.pri.cosma7.alces.network:08355] MCW rank 217 bound to socket 1[core 28[hwt 0-1]]: [../../../../../../../../../../../../../../../..][../../../../../../../../../../../../BB/../../..]
[b108.pri.cosma7.alces.network:08243] MCW rank 251 bound to socket 1[core 29[hwt 0-1]]: [../../../../../../../../../../../../../../../..][../../../../../../../../../../../../../BB/../..]
[b108.pri.cosma7.alces.network:08243] MCW rank 250 bound to socket 0[core 13[hwt 0-1]]: [../../../../../../../../../../../../../BB/../..][../../../../../../../../../../../../../../../..]
[b105.pri.cosma7.alces.network:10913] MCW rank 153 bound to socket 1[core 28[hwt 0-1]]: [../../../../../../../../../../../../../../../..][../../../../../../../../../../../../BB/../../..]
[b107.pri.cosma7.alces.network:08355] MCW rank 219 bound to socket 1[core 29[hwt 0-1]]: [../../../../../../../../../../../../../../../..][../../../../../../../../../../../../../BB/../..]
[b106.pri.cosma7.alces.network:10749] MCW rank 186 bound to socket 0[core 13[hwt 0-1]]: [../../../../../../../../../../../../../BB/../..][../../../../../../../../../../../../../../../..]
[b106.pri.cosma7.alces.network:10749] MCW rank 187 bound to socket 1[core 29[hwt 0-1]]: [../../../../../../../../../../../../../../../..][../../../../../../../../../../../../../BB/../..]
[b107.pri.cosma7.alces.network:08355] MCW rank 216 bound to socket 0[core 12[hwt 0-1]]: [../../../../../../../../../../../../BB/../../..][../../../../../../../../../../../../../../../..]
[b105.pri.cosma7.alces.network:10913] MCW rank 155 bound to socket 1[core 29[hwt 0-1]]: [../../../../../../../../../../../../../../../..][../../../../../../../../../../../../../BB/../..]
[b106.pri.cosma7.alces.network:10749] MCW rank 185 bound to socket 1[core 28[hwt 0-1]]: [../../../../../../../../../../../../../../../..][../../../../../../../../../../../../BB/../../..]
[b108.pri.cosma7.alces.network:08243] MCW rank 252 bound to socket 0[core 14[hwt 0-1]]: [../../../../../../../../../../../../../../BB/..][../../../../../../../../../../../../../../../..]
[b105.pri.cosma7.alces.network:10913] MCW rank 152 bound to socket 0[core 12[hwt 0-1]]: [../../../../../../../../../../../../BB/../../..][../../../../../../../../../../../../../../../..]
[b107.pri.cosma7.alces.network:08355] MCW rank 218 bound to socket 0[core 13[hwt 0-1]]: [../../../../../../../../../../../../../BB/../..][../../../../../../../../../../../../../../../..]
[b106.pri.cosma7.alces.network:10749] MCW rank 184 bound to socket 0[core 12[hwt 0-1]]: [../../../../../../../../../../../../BB/../../..][../../../../../../../../../../../../../../../..]
[b108.pri.cosma7.alces.network:08243] MCW rank 253 bound to socket 1[core 30[hwt 0-1]]: [../../../../../../../../../../../../../../../..][../../../../../../../../../../../../../../BB/..]
[b107.pri.cosma7.alces.network:08355] MCW rank 221 bound to socket 1[core 30[hwt 0-1]]: [../../../../../../../../../../../../../../../..][../../../../../../../../../../../../../../BB/..]
[b108.pri.cosma7.alces.network:08243] MCW rank 255 bound to socket 1[core 31[hwt 0-1]]: [../../../../../../../../../../../../../../../..][../../../../../../../../../../../../../../../BB]
[b108.pri.cosma7.alces.network:08243] MCW rank 254 bound to socket 0[core 15[hwt 0-1]]: [../../../../../../../../../../../../../../../BB][../../../../../../../../../../../../../../../..]
[b105.pri.cosma7.alces.network:10913] MCW rank 158 bound to socket 0[core 15[hwt 0-1]]: [../../../../../../../../../../../../../../../BB][../../../../../../../../../../../../../../../..]
[b105.pri.cosma7.alces.network:10913] MCW rank 157 bound to socket 1[core 30[hwt 0-1]]: [../../../../../../../../../../../../../../../..][../../../../../../../../../../../../../../BB/..]
[b106.pri.cosma7.alces.network:10749] MCW rank 190 bound to socket 0[core 15[hwt 0-1]]: [../../../../../../../../../../../../../../../BB][../../../../../../../../../../../../../../../..]
[b106.pri.cosma7.alces.network:10749] MCW rank 191 bound to socket 1[core 31[hwt 0-1]]: [../../../../../../../../../../../../../../../..][../../../../../../../../../../../../../../../BB]
[b105.pri.cosma7.alces.network:10913] MCW rank 159 bound to socket 1[core 31[hwt 0-1]]: [../../../../../../../../../../../../../../../..][../../../../../../../../../../../../../../../BB]
[b107.pri.cosma7.alces.network:08355] MCW rank 223 bound to socket 1[core 31[hwt 0-1]]: [../../../../../../../../../../../../../../../..][../../../../../../../../../../../../../../../BB]
[b107.pri.cosma7.alces.network:08355] MCW rank 220 bound to socket 0[core 14[hwt 0-1]]: [../../../../../../../../../../../../../../BB/..][../../../../../../../../../../../../../../../..]
[b106.pri.cosma7.alces.network:10749] MCW rank 189 bound to socket 1[core 30[hwt 0-1]]: [../../../../../../../../../../../../../../../..][../../../../../../../../../../../../../../BB/..]
[b105.pri.cosma7.alces.network:10913] MCW rank 156 bound to socket 0[core 14[hwt 0-1]]: [../../../../../../../../../../../../../../BB/..][../../../../../../../../../../../../../../../..]
[b107.pri.cosma7.alces.network:08355] MCW rank 222 bound to socket 0[core 15[hwt 0-1]]: [../../../../../../../../../../../../../../../BB][../../../../../../../../../../../../../../../..]
[b106.pri.cosma7.alces.network:10749] MCW rank 188 bound to socket 0[core 14[hwt 0-1]]: [../../../../../../../../../../../../../../BB/..][../../../../../../../../../../../../../../../..]
level 0 thread 0x2b1665075700 affinity 3,35
level 0 thread 0x2b2bd9e47700 affinity 7,39
level 0 thread 0x2b5ee34c1700 affinity 10,42
level 0 thread 0x2b77a06a3700 affinity 11,43
level 0 thread 0x2af8e24ab700 affinity 12,44
level 0 thread 0x2b5bb7dc1700 affinity 29,61
level 0 thread 0x2b5cba751700 affinity 28,60
level 0 thread 0x2ab6fd81f700 affinity 13,45
level 0 thread 0x2b3e7ef03700 affinity 31,63
level 0 thread 0x2b9fca3c0700 affinity 30,62
level 0 thread 0x2b835c9b1700 affinity 19,51
level 0 thread 0x2af2d5775700 affinity 18,50
level 0 thread 0x2b8202e44700 affinity 2,34
level 0 thread 0x2af9f728c700 affinity 6,38
level 0 thread 0x2b5c8aa35700 affinity 27,59
level 0 thread 0x2b6480b8b700 affinity 26,58
level 0 thread 0x2aab24132700 affinity 15,47
level 0 thread 0x2ab34b51a700 affinity 14,46
level 0 thread 0x2b995bb69700 affinity 0,32
level 0 thread 0x2b8d48272700 affinity 16,48
level 0 thread 0x2b0d27af1700 affinity 1,33
level 0 thread 0x2ae1973e4700 affinity 17,49
level 0 thread 0x2b9adba87700 affinity 21,53
level 0 thread 0x2b3e010d6700 affinity 20,52
level 0 thread 0x2acd11a42700 affinity 4,36
level 0 thread 0x2b8bcc1cc700 affinity 5,37
level 0 thread 0x2b878d580700 affinity 23,55
level 0 thread 0x2ab3bd0f3700 affinity 22,54
level 0 thread 0x2acd4b7b1700 affinity 25,57
level 0 thread 0x2b6752ab1700 affinity 24,56
level 0 thread 0x2ac5f4de1700 affinity 12,44
level 0 thread 0x2b3c15392700 affinity 4,36
level 0 thread 0x2b0502bfc700 affinity 8,40
level 0 thread 0x2ac9c87c7700 affinity 9,41
level 0 thread 0x2b87df6bc700 affinity 16,48
level 0 thread 0x2ab1dbef9700 affinity 13,45
level 0 thread 0x2b6349a02700 affinity 5,37
level 0 thread 0x2ac950bb8700 affinity 4,36
level 0 thread 0x2afd43859700 affinity 16,48
level 0 thread 0x2ba528a97700 affinity 11,43
level 0 thread 0x2b085e84f700 affinity 5,37
level 0 thread 0x2b116e613700 affinity 17,49
level 0 thread 0x2b4b148ea700 affinity 10,42
level 0 thread 0x2ac8ee92b700 affinity 21,53
level 0 thread 0x2ac03e04a700 affinity 19,51
level 0 thread 0x2b8927901700 affinity 12,44
level 0 thread 0x2b651d943700 affinity 31,63
level 0 thread 0x2b7f3b9c5700 affinity 20,52
level 0 thread 0x2b41d6a9c700 affinity 0,32
level 0 thread 0x2b45fe46a700 affinity 11,43
level 0 thread 0x2af224dfc700 affinity 21,53
level 0 thread 0x2ab28ba30700 affinity 1,33
level 0 thread 0x2adaaf60f700 affinity 27,59
level 0 thread 0x2af1cfb3f700 affinity 22,54
level 0 thread 0x2b4951b48700 affinity 17,49
level 0 thread 0x2aea2caaa700 affinity 26,58
level 0 thread 0x2b52c1ef6700 affinity 23,55
level 0 thread 0x2b7a6e4d5700 affinity 2,34
level 0 thread 0x2aeeb0618700 affinity 20,52
level 0 thread 0x2b573d745700 affinity 8,40
level 0 thread 0x2b008237e700 affinity 3,35
level 0 thread 0x2ab9c6785700 affinity 30,62
level 0 thread 0x2aae61d9e700 affinity 24,56
level 0 thread 0x2ab03237c700 affinity 20,52
level 0 thread 0x2b96c89ad700 affinity 17,49
level 0 thread 0x2b9be9c89700 affinity 9,41
level 0 thread 0x2b37b5e1d700 affinity 21,53
level 0 thread 0x2af8d6acd700 affinity 2,34
level 0 thread 0x2aaf5d60c700 affinity 25,57
level 0 thread 0x2ab64e750700 affinity 6,38
level 0 thread 0x2b43c0fef700 affinity 18,50
level 0 thread 0x2aaf9e401700 affinity 15,47
level 0 thread 0x2b097979e700 affinity 7,39
level 0 thread 0x2b66bab3e700 affinity 3,35
level 0 thread 0x2b04e857c700 affinity 0,32
level 0 thread 0x2ae2f762c700 affinity 24,56
level 0 thread 0x2b36089bc700 affinity 19,51
level 0 thread 0x2b008c71d700 affinity 1,33
level 0 thread 0x2ac4dfe06700 affinity 25,57
level 0 thread 0x2ab2b63ad700 affinity 6,38
level 0 thread 0x2ad5eb100700 affinity 2,34
level 0 thread 0x2acbecb60700 affinity 26,58
level 0 thread 0x2af5951fc700 affinity 7,39
level 0 thread 0x2b75b65bd700 affinity 18,50
level 0 thread 0x2b92a42c2700 affinity 27,59
level 0 thread 0x2b6369ebf700 affinity 23,55
level 0 thread 0x2ade0347a700 affinity 3,35
level 0 thread 0x2b1ef0278700 affinity 13,45
level 0 thread 0x2b04ed47e700 affinity 22,54
level 0 thread 0x2b1876bc5700 affinity 4,36
level 0 thread 0x2b52b36ee700 affinity 28,60
level 0 thread 0x2b4cc86e9700 affinity 8,40
level 0 thread 0x2b739a97c700 affinity 5,37
level 0 thread 0x2ae930dd2700 affinity 15,47
level 0 thread 0x2ae9b95f0700 affinity 9,41
level 0 thread 0x2b768eb01700 affinity 10,42
level 0 thread 0x2b85ad30d700 affinity 14,46
level 0 thread 0x2aaf2c3c3700 affinity 25,57
level 0 thread 0x2add9d15a700 affinity 26,58
level 0 thread 0x2af69595a700 affinity 29,61
level 0 thread 0x2b763b3cb700 affinity 24,56
level 0 thread 0x2ae6a75f0700 affinity 11,43
level 0 thread 0x2b5848b1c700 affinity 30,62
level 0 thread 0x2aec53598700 affinity 10,42
level 0 thread 0x2b5e75657700 affinity 27,59
level 0 thread 0x2ae1a60a0700 affinity 18,50
level 0 thread 0x2b8ab05b8700 affinity 12,44
level 0 thread 0x2ba4f11d7700 affinity 31,63
level 0 thread 0x2adcc1e9a700 affinity 19,51
level 0 thread 0x2b0f550b3700 affinity 13,45
level 0 thread 0x2baa058d8700 affinity 28,60
level 0 thread 0x2ad4e4fb4700 affinity 31,63
level 0 thread 0x2b0e5b27c700 affinity 29,61
level 0 thread 0x2aea84110700 affinity 14,46
level 0 thread 0x2b350633f700 affinity 22,54
level 0 thread 0x2b97d2d64700 affinity 28,60
level 0 thread 0x2b8ca80bb700 affinity 29,61
level 0 thread 0x2b9c3e327700 affinity 23,55
level 0 thread 0x2b64e85f0700 affinity 15,47
level 0 thread 0x2b7c8de96700 affinity 6,38
level 0 thread 0x2b92ca9d7700 affinity 9,41
level 0 thread 0x2b8007638700 affinity 0,32
level 0 thread 0x2b483f267700 affinity 7,39
level 0 thread 0x2aea09f50700 affinity 8,40
level 0 thread 0x2afb2b1f8700 affinity 1,33
level 0 thread 0x2b90f7a67700 affinity 30,62
level 0 thread 0x2b10cbcef700 affinity 16,48
level 0 thread 0x2b44d4d32700 affinity 14,46
level 0 thread 0x2b05fc688700 affinity 19,51
level 0 thread 0x2ac34eb11700 affinity 3,35
level 0 thread 0x2b42223c1700 affinity 3,35
level 0 thread 0x2b866d1a5700 affinity 18,50
level 0 thread 0x2ad0a8fd4700 affinity 20,52
level 0 thread 0x2b9c5367b700 affinity 21,53
level 0 thread 0x2aac26584700 affinity 20,52
level 0 thread 0x2b6412b97700 affinity 6,38
level 0 thread 0x2ba65800f700 affinity 7,39
level 0 thread 0x2b0e9595f700 affinity 30,62
level 0 thread 0x2b3b88bba700 affinity 26,58
level 0 thread 0x2b7e85538700 affinity 27,59
level 0 thread 0x2b2065cfa700 affinity 5,37
level 0 thread 0x2ba1860cb700 affinity 10,42
level 0 thread 0x2b390bdfa700 affinity 2,34
level 0 thread 0x2ad3ac7ec700 affinity 0,32
level 0 thread 0x2af7ee6e4700 affinity 21,53
level 0 thread 0x2b40b7411700 affinity 11,43
level 0 thread 0x2b75d553f700 affinity 20,52
level 0 thread 0x2b31ca654700 affinity 16,48
level 0 thread 0x2b4a43ea2700 affinity 27,59
level 0 thread 0x2aef982d0700 affinity 12,44
level 0 thread 0x2af2d5793700 affinity 7,39
level 0 thread 0x2b26ebdf8700 affinity 1,33
level 0 thread 0x2b6c0e16e700 affinity 26,58
level 0 thread 0x2b056310c700 affinity 13,45
level 0 thread 0x2b635c71f700 affinity 4,36
level 0 thread 0x2b8c84cf9700 affinity 19,51
level 0 thread 0x2b78a3e46700 affinity 29,61
level 0 thread 0x2adc540b7700 affinity 14,46
level 0 thread 0x2b48b490d700 affinity 9,41
level 0 thread 0x2b02a3a03700 affinity 3,35
level 0 thread 0x2b2222588700 affinity 28,60
level 0 thread 0x2b622581f700 affinity 15,47
level 0 thread 0x2b5864a8d700 affinity 6,38
level 0 thread 0x2b7b0c879700 affinity 17,49
level 0 thread 0x2b28aa982700 affinity 30,62
level 0 thread 0x2b54c3f99700 affinity 0,32
level 0 thread 0x2b34429c9700 affinity 11,43
level 0 thread 0x2b8937167700 affinity 18,50
level 0 thread 0x2b4a6c277700 affinity 0,32
level 0 thread 0x2b850244d700 affinity 16,48
level 0 thread 0x2ab4a356c700 affinity 8,40
level 0 thread 0x2b49444b5700 affinity 20,52
level 0 thread 0x2b8d616c9700 affinity 16,48
level 0 thread 0x2b0f7e442700 affinity 1,33
level 0 thread 0x2acee9390700 affinity 28,60
level 0 thread 0x2b80ff3bd700 affinity 21,53
level 0 thread 0x2ad3814e4700 affinity 1,33
level 0 thread 0x2ac415a80700 affinity 3,35
level 0 thread 0x2b179af17700 affinity 29,61
level 0 thread 0x2b490e457700 affinity 2,34
level 0 thread 0x2b78dcae6700 affinity 17,49
level 0 thread 0x2b989190a700 affinity 17,49
level 0 thread 0x2b84ce33d700 affinity 10,42
level 0 thread 0x2aeea47f5700 affinity 5,37
level 0 thread 0x2ba9b669f700 affinity 2,34
level 0 thread 0x2aad3685c700 affinity 21,53
level 0 thread 0x2ab97d7fd700 affinity 14,46
level 0 thread 0x2ab2728b5700 affinity 22,54
level 0 thread 0x2b54f0dd8700 affinity 19,51
level 0 thread 0x2b2f12471700 affinity 4,36
level 0 thread 0x2b1ad2ce3700 affinity 15,47
level 0 thread 0x2b90eacbd700 affinity 23,55
level 0 thread 0x2ae9a1363700 affinity 18,50
level 0 thread 0x2b93332b5700 affinity 2,34
level 0 thread 0x2b5170dc5700 affinity 0,32
level 0 thread 0x2b2afd0a7700 affinity 4,36
level 0 thread 0x2b8399ef0700 affinity 15,47
level 0 thread 0x2b2dcabcd700 affinity 22,54
level 0 thread 0x2b789f1b6700 affinity 16,48
level 0 thread 0x2b341a294700 affinity 7,39
level 0 thread 0x2b48f28cb700 affinity 4,36
level 0 thread 0x2b8bbb29a700 affinity 23,55
level 0 thread 0x2b3fe04db700 affinity 1,33
level 0 thread 0x2b800ba4b700 affinity 24,56
level 0 thread 0x2b542c215700 affinity 5,37
level 0 thread 0x2ae5250a4700 affinity 5,37
level 0 thread 0x2ad87167d700 affinity 19,51
level 0 thread 0x2b87dfa2c700 affinity 25,57
level 0 thread 0x2b6b0ba40700 affinity 6,38
level 0 thread 0x2b41938ae700 affinity 24,56
level 0 thread 0x2b35e0d1c700 affinity 17,49
level 0 thread 0x2b509169d700 affinity 6,38
level 0 thread 0x2aefa99ed700 affinity 22,54
level 0 thread 0x2ada8d28b700 affinity 25,57
level 0 thread 0x2b1a13fe0700 affinity 18,50
level 0 thread 0x2ab849ab3700 affinity 9,41
level 0 thread 0x2ac6cfe72700 affinity 7,39
level 0 thread 0x2b54e2cbd700 affinity 8,40
level 0 thread 0x2b7567add700 affinity 23,55
level 0 thread 0x2b11aeda1700 affinity 27,59
level 0 thread 0x2abdf3960700 affinity 23,55
level 0 thread 0x2add05907700 affinity 9,41
level 0 thread 0x2b851ce86700 affinity 22,54
level 0 thread 0x2b29ba1bc700 affinity 11,43
level 0 thread 0x2b17e989a700 affinity 8,40
level 0 thread 0x2b904e096700 affinity 29,61
level 0 thread 0x2ab2614e0700 affinity 25,57
level 0 thread 0x2b0800813700 affinity 8,40
level 0 thread 0x2ae8a87f9700 affinity 24,56
level 0 thread 0x2b1c29f35700 affinity 28,60
level 0 thread 0x2b7743af9700 affinity 24,56
level 0 thread 0x2b27801ce700 affinity 26,58
level 0 thread 0x2ae533b53700 affinity 9,41
level 0 thread 0x2b6d4a779700 affinity 31,63
level 0 thread 0x2ba8f2a7d700 affinity 27,59
level 0 thread 0x2b99937ce700 affinity 29,61
level 0 thread 0x2b444d90d700 affinity 25,57
level 0 thread 0x2b72af5a8700 affinity 30,62
level 0 thread 0x2b0c5b10c700 affinity 26,58
level 0 thread 0x2b46a1cad700 affinity 13,45
level 0 thread 0x2ad2f7a94700 affinity 10,42
level 0 thread 0x2ac99dc6b700 affinity 13,45
level 0 thread 0x2aaeb5ebb700 affinity 10,42
level 0 thread 0x2b16d019d700 affinity 11,43
level 0 thread 0x2adb543a2700 affinity 30,62
level 0 thread 0x2b585d22d700 affinity 28,60
level 0 thread 0x2b09147a0700 affinity 12,44
level 0 thread 0x2b4bef9a9700 affinity 31,63
level 0 thread 0x2aac6deb1700 affinity 31,63
level 0 thread 0x2ac6ec568700 affinity 13,45
level 0 thread 0x2b93e5063700 affinity 12,44
level 0 thread 0x2adbba79f700 affinity 15,47
level 0 thread 0x2acc7ad97700 affinity 14,46
level 0 thread 0x2b8cb32f5700 affinity 12,44
level 0 thread 0x2aaf094c4700 affinity 31,63
level 0 thread 0x2b029d66b700 affinity 14,46
