- Package -----------------------------.- Versions --------.- Last mod. -------
Currently Loaded Modulefiles:
cosma/2018                                                  2018/05/24 15:26:01
gnu_comp/11.1.0                                             2021/06/30 10:41:57
hipsycl-0.9.4-gcc-11.1.0-cfxbgst                            2023/04/27 13:15:08
openmpi/4.1.4                                               2022/11/28 11:11:31
cmake/3.25.1                                                2023/01/04 10:42:48
boost-1.80.0-gcc-11.1.0-kxwgyuc                             2023/05/03 17:16:13
fftw-3.3.10-gcc-11.1.0-lpkp2ev                              2023/04/27 14:28:58
python/3.10.7                                               2022/10/04 12:04:13
hdf5-1.12.2-gcc-11.1.0-4ovmzew                              2023/05/03 16:18:46
nektar-5.3.0-2e0fb8-gcc-11.1.0-ooymem2                      2023/05/03 17:26:27
googletest-1.12.1-gcc-11.1.0-25bkaph                        2023/04/27 13:16:42
[b109.pri.cosma7.alces.network:06180] MCW rank 0 bound to socket 0[core 0[hwt 0-1]]: [BB/../../../../../../../../../../../../../../..][../../../../../../../../../../../../../../../..]
[b109.pri.cosma7.alces.network:06180] MCW rank 1 bound to socket 1[core 16[hwt 0-1]]: [../../../../../../../../../../../../../../../..][BB/../../../../../../../../../../../../../../..]
[b109.pri.cosma7.alces.network:06180] MCW rank 2 bound to socket 0[core 1[hwt 0-1]]: [../BB/../../../../../../../../../../../../../..][../../../../../../../../../../../../../../../..]
[b109.pri.cosma7.alces.network:06180] MCW rank 3 bound to socket 1[core 17[hwt 0-1]]: [../../../../../../../../../../../../../../../..][../BB/../../../../../../../../../../../../../..]
[b109.pri.cosma7.alces.network:06180] MCW rank 4 bound to socket 0[core 2[hwt 0-1]]: [../../BB/../../../../../../../../../../../../..][../../../../../../../../../../../../../../../..]
[b109.pri.cosma7.alces.network:06180] MCW rank 6 bound to socket 0[core 3[hwt 0-1]]: [../../../BB/../../../../../../../../../../../..][../../../../../../../../../../../../../../../..]
[b109.pri.cosma7.alces.network:06180] MCW rank 5 bound to socket 1[core 18[hwt 0-1]]: [../../../../../../../../../../../../../../../..][../../BB/../../../../../../../../../../../../..]
[b109.pri.cosma7.alces.network:06180] MCW rank 7 bound to socket 1[core 19[hwt 0-1]]: [../../../../../../../../../../../../../../../..][../../../BB/../../../../../../../../../../../..]
[b109.pri.cosma7.alces.network:06180] MCW rank 8 bound to socket 0[core 4[hwt 0-1]]: [../../../../BB/../../../../../../../../../../..][../../../../../../../../../../../../../../../..]
[b109.pri.cosma7.alces.network:06180] MCW rank 10 bound to socket 0[core 5[hwt 0-1]]: [../../../../../BB/../../../../../../../../../..][../../../../../../../../../../../../../../../..]
[b109.pri.cosma7.alces.network:06180] MCW rank 9 bound to socket 1[core 20[hwt 0-1]]: [../../../../../../../../../../../../../../../..][../../../../BB/../../../../../../../../../../..]
[b109.pri.cosma7.alces.network:06180] MCW rank 11 bound to socket 1[core 21[hwt 0-1]]: [../../../../../../../../../../../../../../../..][../../../../../BB/../../../../../../../../../..]
[b109.pri.cosma7.alces.network:06180] MCW rank 12 bound to socket 0[core 6[hwt 0-1]]: [../../../../../../BB/../../../../../../../../..][../../../../../../../../../../../../../../../..]
[b109.pri.cosma7.alces.network:06180] MCW rank 14 bound to socket 0[core 7[hwt 0-1]]: [../../../../../../../BB/../../../../../../../..][../../../../../../../../../../../../../../../..]
[b109.pri.cosma7.alces.network:06180] MCW rank 13 bound to socket 1[core 22[hwt 0-1]]: [../../../../../../../../../../../../../../../..][../../../../../../BB/../../../../../../../../..]
[b109.pri.cosma7.alces.network:06180] MCW rank 15 bound to socket 1[core 23[hwt 0-1]]: [../../../../../../../../../../../../../../../..][../../../../../../../BB/../../../../../../../..]
[b109.pri.cosma7.alces.network:06180] MCW rank 16 bound to socket 0[core 8[hwt 0-1]]: [../../../../../../../../BB/../../../../../../..][../../../../../../../../../../../../../../../..]
[b109.pri.cosma7.alces.network:06180] MCW rank 18 bound to socket 0[core 9[hwt 0-1]]: [../../../../../../../../../BB/../../../../../..][../../../../../../../../../../../../../../../..]
[b109.pri.cosma7.alces.network:06180] MCW rank 17 bound to socket 1[core 24[hwt 0-1]]: [../../../../../../../../../../../../../../../..][../../../../../../../../BB/../../../../../../..]
[b109.pri.cosma7.alces.network:06180] MCW rank 19 bound to socket 1[core 25[hwt 0-1]]: [../../../../../../../../../../../../../../../..][../../../../../../../../../BB/../../../../../..]
[b109.pri.cosma7.alces.network:06180] MCW rank 20 bound to socket 0[core 10[hwt 0-1]]: [../../../../../../../../../../BB/../../../../..][../../../../../../../../../../../../../../../..]
[b109.pri.cosma7.alces.network:06180] MCW rank 22 bound to socket 0[core 11[hwt 0-1]]: [../../../../../../../../../../../BB/../../../..][../../../../../../../../../../../../../../../..]
[b109.pri.cosma7.alces.network:06180] MCW rank 23 bound to socket 1[core 27[hwt 0-1]]: [../../../../../../../../../../../../../../../..][../../../../../../../../../../../BB/../../../..]
[b109.pri.cosma7.alces.network:06180] MCW rank 21 bound to socket 1[core 26[hwt 0-1]]: [../../../../../../../../../../../../../../../..][../../../../../../../../../../BB/../../../../..]
[b109.pri.cosma7.alces.network:06180] MCW rank 24 bound to socket 0[core 12[hwt 0-1]]: [../../../../../../../../../../../../BB/../../..][../../../../../../../../../../../../../../../..]
[b109.pri.cosma7.alces.network:06180] MCW rank 26 bound to socket 0[core 13[hwt 0-1]]: [../../../../../../../../../../../../../BB/../..][../../../../../../../../../../../../../../../..]
[b109.pri.cosma7.alces.network:06180] MCW rank 27 bound to socket 1[core 29[hwt 0-1]]: [../../../../../../../../../../../../../../../..][../../../../../../../../../../../../../BB/../..]
[b109.pri.cosma7.alces.network:06180] MCW rank 25 bound to socket 1[core 28[hwt 0-1]]: [../../../../../../../../../../../../../../../..][../../../../../../../../../../../../BB/../../..]
[b109.pri.cosma7.alces.network:06180] MCW rank 28 bound to socket 0[core 14[hwt 0-1]]: [../../../../../../../../../../../../../../BB/..][../../../../../../../../../../../../../../../..]
[b109.pri.cosma7.alces.network:06180] MCW rank 30 bound to socket 0[core 15[hwt 0-1]]: [../../../../../../../../../../../../../../../BB][../../../../../../../../../../../../../../../..]
[b109.pri.cosma7.alces.network:06180] MCW rank 31 bound to socket 1[core 31[hwt 0-1]]: [../../../../../../../../../../../../../../../..][../../../../../../../../../../../../../../../BB]
[b109.pri.cosma7.alces.network:06180] MCW rank 29 bound to socket 1[core 30[hwt 0-1]]: [../../../../../../../../../../../../../../../..][../../../../../../../../../../../../../../BB/..]
[b112.pri.cosma7.alces.network:06126] MCW rank 96 bound to socket 0[core 0[hwt 0-1]]: [BB/../../../../../../../../../../../../../../..][../../../../../../../../../../../../../../../..]
[b112.pri.cosma7.alces.network:06126] MCW rank 97 bound to socket 1[core 16[hwt 0-1]]: [../../../../../../../../../../../../../../../..][BB/../../../../../../../../../../../../../../..]
[b112.pri.cosma7.alces.network:06126] MCW rank 98 bound to socket 0[core 1[hwt 0-1]]: [../BB/../../../../../../../../../../../../../..][../../../../../../../../../../../../../../../..]
[b112.pri.cosma7.alces.network:06126] MCW rank 99 bound to socket 1[core 17[hwt 0-1]]: [../../../../../../../../../../../../../../../..][../BB/../../../../../../../../../../../../../..]
[b112.pri.cosma7.alces.network:06126] MCW rank 100 bound to socket 0[core 2[hwt 0-1]]: [../../BB/../../../../../../../../../../../../..][../../../../../../../../../../../../../../../..]
[b112.pri.cosma7.alces.network:06126] MCW rank 102 bound to socket 0[core 3[hwt 0-1]]: [../../../BB/../../../../../../../../../../../..][../../../../../../../../../../../../../../../..]
[b112.pri.cosma7.alces.network:06126] MCW rank 103 bound to socket 1[core 19[hwt 0-1]]: [../../../../../../../../../../../../../../../..][../../../BB/../../../../../../../../../../../..]
[b112.pri.cosma7.alces.network:06126] MCW rank 101 bound to socket 1[core 18[hwt 0-1]]: [../../../../../../../../../../../../../../../..][../../BB/../../../../../../../../../../../../..]
[b112.pri.cosma7.alces.network:06126] MCW rank 107 bound to socket 1[core 21[hwt 0-1]]: [../../../../../../../../../../../../../../../..][../../../../../BB/../../../../../../../../../..]
[b111.pri.cosma7.alces.network:06155] MCW rank 64 bound to socket 0[core 0[hwt 0-1]]: [BB/../../../../../../../../../../../../../../..][../../../../../../../../../../../../../../../..]
[b111.pri.cosma7.alces.network:06155] MCW rank 65 bound to socket 1[core 16[hwt 0-1]]: [../../../../../../../../../../../../../../../..][BB/../../../../../../../../../../../../../../..]
[b112.pri.cosma7.alces.network:06126] MCW rank 106 bound to socket 0[core 5[hwt 0-1]]: [../../../../../BB/../../../../../../../../../..][../../../../../../../../../../../../../../../..]
[b111.pri.cosma7.alces.network:06155] MCW rank 66 bound to socket 0[core 1[hwt 0-1]]: [../BB/../../../../../../../../../../../../../..][../../../../../../../../../../../../../../../..]
[b111.pri.cosma7.alces.network:06155] MCW rank 67 bound to socket 1[core 17[hwt 0-1]]: [../../../../../../../../../../../../../../../..][../BB/../../../../../../../../../../../../../..]
[b111.pri.cosma7.alces.network:06155] MCW rank 68 bound to socket 0[core 2[hwt 0-1]]: [../../BB/../../../../../../../../../../../../..][../../../../../../../../../../../../../../../..]
[b111.pri.cosma7.alces.network:06155] MCW rank 69 bound to socket 1[core 18[hwt 0-1]]: [../../../../../../../../../../../../../../../..][../../BB/../../../../../../../../../../../../..]
[b111.pri.cosma7.alces.network:06155] MCW rank 70 bound to socket 0[core 3[hwt 0-1]]: [../../../BB/../../../../../../../../../../../..][../../../../../../../../../../../../../../../..]
[b112.pri.cosma7.alces.network:06126] MCW rank 105 bound to socket 1[core 20[hwt 0-1]]: [../../../../../../../../../../../../../../../..][../../../../BB/../../../../../../../../../../..]
[b111.pri.cosma7.alces.network:06155] MCW rank 71 bound to socket 1[core 19[hwt 0-1]]: [../../../../../../../../../../../../../../../..][../../../BB/../../../../../../../../../../../..]
[b111.pri.cosma7.alces.network:06155] MCW rank 72 bound to socket 0[core 4[hwt 0-1]]: [../../../../BB/../../../../../../../../../../..][../../../../../../../../../../../../../../../..]
[b111.pri.cosma7.alces.network:06155] MCW rank 74 bound to socket 0[core 5[hwt 0-1]]: [../../../../../BB/../../../../../../../../../..][../../../../../../../../../../../../../../../..]
[b111.pri.cosma7.alces.network:06155] MCW rank 75 bound to socket 1[core 21[hwt 0-1]]: [../../../../../../../../../../../../../../../..][../../../../../BB/../../../../../../../../../..]
[b111.pri.cosma7.alces.network:06155] MCW rank 76 bound to socket 0[core 6[hwt 0-1]]: [../../../../../../BB/../../../../../../../../..][../../../../../../../../../../../../../../../..]
[b111.pri.cosma7.alces.network:06155] MCW rank 78 bound to socket 0[core 7[hwt 0-1]]: [../../../../../../../BB/../../../../../../../..][../../../../../../../../../../../../../../../..]
[b111.pri.cosma7.alces.network:06155] MCW rank 79 bound to socket 1[core 23[hwt 0-1]]: [../../../../../../../../../../../../../../../..][../../../../../../../BB/../../../../../../../..]
[b111.pri.cosma7.alces.network:06155] MCW rank 80 bound to socket 0[core 8[hwt 0-1]]: [../../../../../../../../BB/../../../../../../..][../../../../../../../../../../../../../../../..]
[b111.pri.cosma7.alces.network:06155] MCW rank 82 bound to socket 0[core 9[hwt 0-1]]: [../../../../../../../../../BB/../../../../../..][../../../../../../../../../../../../../../../..]
[b111.pri.cosma7.alces.network:06155] MCW rank 83 bound to socket 1[core 25[hwt 0-1]]: [../../../../../../../../../../../../../../../..][../../../../../../../../../BB/../../../../../..]
[b111.pri.cosma7.alces.network:06155] MCW rank 84 bound to socket 0[core 10[hwt 0-1]]: [../../../../../../../../../../BB/../../../../..][../../../../../../../../../../../../../../../..]
[b111.pri.cosma7.alces.network:06155] MCW rank 86 bound to socket 0[core 11[hwt 0-1]]: [../../../../../../../../../../../BB/../../../..][../../../../../../../../../../../../../../../..]
[b111.pri.cosma7.alces.network:06155] MCW rank 87 bound to socket 1[core 27[hwt 0-1]]: [../../../../../../../../../../../../../../../..][../../../../../../../../../../../BB/../../../..]
[b111.pri.cosma7.alces.network:06155] MCW rank 88 bound to socket 0[core 12[hwt 0-1]]: [../../../../../../../../../../../../BB/../../..][../../../../../../../../../../../../../../../..]
[b111.pri.cosma7.alces.network:06155] MCW rank 90 bound to socket 0[core 13[hwt 0-1]]: [../../../../../../../../../../../../../BB/../..][../../../../../../../../../../../../../../../..]
[b111.pri.cosma7.alces.network:06155] MCW rank 91 bound to socket 1[core 29[hwt 0-1]]: [../../../../../../../../../../../../../../../..][../../../../../../../../../../../../../BB/../..]
[b111.pri.cosma7.alces.network:06155] MCW rank 92 bound to socket 0[core 14[hwt 0-1]]: [../../../../../../../../../../../../../../BB/..][../../../../../../../../../../../../../../../..]
[b111.pri.cosma7.alces.network:06155] MCW rank 73 bound to socket 1[core 20[hwt 0-1]]: [../../../../../../../../../../../../../../../..][../../../../BB/../../../../../../../../../../..]
[b112.pri.cosma7.alces.network:06126] MCW rank 111 bound to socket 1[core 23[hwt 0-1]]: [../../../../../../../../../../../../../../../..][../../../../../../../BB/../../../../../../../..]
[b111.pri.cosma7.alces.network:06155] MCW rank 94 bound to socket 0[core 15[hwt 0-1]]: [../../../../../../../../../../../../../../../BB][../../../../../../../../../../../../../../../..]
[b111.pri.cosma7.alces.network:06155] MCW rank 95 bound to socket 1[core 31[hwt 0-1]]: [../../../../../../../../../../../../../../../..][../../../../../../../../../../../../../../../BB]
[b112.pri.cosma7.alces.network:06126] MCW rank 104 bound to socket 0[core 4[hwt 0-1]]: [../../../../BB/../../../../../../../../../../..][../../../../../../../../../../../../../../../..]
[b111.pri.cosma7.alces.network:06155] MCW rank 77 bound to socket 1[core 22[hwt 0-1]]: [../../../../../../../../../../../../../../../..][../../../../../../BB/../../../../../../../../..]
[b112.pri.cosma7.alces.network:06126] MCW rank 110 bound to socket 0[core 7[hwt 0-1]]: [../../../../../../../BB/../../../../../../../..][../../../../../../../../../../../../../../../..]
[b112.pri.cosma7.alces.network:06126] MCW rank 109 bound to socket 1[core 22[hwt 0-1]]: [../../../../../../../../../../../../../../../..][../../../../../../BB/../../../../../../../../..]
[b112.pri.cosma7.alces.network:06126] MCW rank 115 bound to socket 1[core 25[hwt 0-1]]: [../../../../../../../../../../../../../../../..][../../../../../../../../../BB/../../../../../..]
[b110.pri.cosma7.alces.network:06157] MCW rank 32 bound to socket 0[core 0[hwt 0-1]]: [BB/../../../../../../../../../../../../../../..][../../../../../../../../../../../../../../../..]
[b111.pri.cosma7.alces.network:06155] MCW rank 81 bound to socket 1[core 24[hwt 0-1]]: [../../../../../../../../../../../../../../../..][../../../../../../../../BB/../../../../../../..]
[b112.pri.cosma7.alces.network:06126] MCW rank 108 bound to socket 0[core 6[hwt 0-1]]: [../../../../../../BB/../../../../../../../../..][../../../../../../../../../../../../../../../..]
[b110.pri.cosma7.alces.network:06157] MCW rank 33 bound to socket 1[core 16[hwt 0-1]]: [../../../../../../../../../../../../../../../..][BB/../../../../../../../../../../../../../../..]
[b110.pri.cosma7.alces.network:06157] MCW rank 34 bound to socket 0[core 1[hwt 0-1]]: [../BB/../../../../../../../../../../../../../..][../../../../../../../../../../../../../../../..]
[b110.pri.cosma7.alces.network:06157] MCW rank 35 bound to socket 1[core 17[hwt 0-1]]: [../../../../../../../../../../../../../../../..][../BB/../../../../../../../../../../../../../..]
[b110.pri.cosma7.alces.network:06157] MCW rank 36 bound to socket 0[core 2[hwt 0-1]]: [../../BB/../../../../../../../../../../../../..][../../../../../../../../../../../../../../../..]
[b110.pri.cosma7.alces.network:06157] MCW rank 37 bound to socket 1[core 18[hwt 0-1]]: [../../../../../../../../../../../../../../../..][../../BB/../../../../../../../../../../../../..]
[b110.pri.cosma7.alces.network:06157] MCW rank 38 bound to socket 0[core 3[hwt 0-1]]: [../../../BB/../../../../../../../../../../../..][../../../../../../../../../../../../../../../..]
[b110.pri.cosma7.alces.network:06157] MCW rank 39 bound to socket 1[core 19[hwt 0-1]]: [../../../../../../../../../../../../../../../..][../../../BB/../../../../../../../../../../../..]
[b110.pri.cosma7.alces.network:06157] MCW rank 40 bound to socket 0[core 4[hwt 0-1]]: [../../../../BB/../../../../../../../../../../..][../../../../../../../../../../../../../../../..]
[b110.pri.cosma7.alces.network:06157] MCW rank 41 bound to socket 1[core 20[hwt 0-1]]: [../../../../../../../../../../../../../../../..][../../../../BB/../../../../../../../../../../..]
[b110.pri.cosma7.alces.network:06157] MCW rank 42 bound to socket 0[core 5[hwt 0-1]]: [../../../../../BB/../../../../../../../../../..][../../../../../../../../../../../../../../../..]
[b110.pri.cosma7.alces.network:06157] MCW rank 43 bound to socket 1[core 21[hwt 0-1]]: [../../../../../../../../../../../../../../../..][../../../../../BB/../../../../../../../../../..]
[b110.pri.cosma7.alces.network:06157] MCW rank 44 bound to socket 0[core 6[hwt 0-1]]: [../../../../../../BB/../../../../../../../../..][../../../../../../../../../../../../../../../..]
[b110.pri.cosma7.alces.network:06157] MCW rank 45 bound to socket 1[core 22[hwt 0-1]]: [../../../../../../../../../../../../../../../..][../../../../../../BB/../../../../../../../../..]
[b110.pri.cosma7.alces.network:06157] MCW rank 46 bound to socket 0[core 7[hwt 0-1]]: [../../../../../../../BB/../../../../../../../..][../../../../../../../../../../../../../../../..]
[b112.pri.cosma7.alces.network:06126] MCW rank 114 bound to socket 0[core 9[hwt 0-1]]: [../../../../../../../../../BB/../../../../../..][../../../../../../../../../../../../../../../..]
[b110.pri.cosma7.alces.network:06157] MCW rank 47 bound to socket 1[core 23[hwt 0-1]]: [../../../../../../../../../../../../../../../..][../../../../../../../BB/../../../../../../../..]
[b110.pri.cosma7.alces.network:06157] MCW rank 48 bound to socket 0[core 8[hwt 0-1]]: [../../../../../../../../BB/../../../../../../..][../../../../../../../../../../../../../../../..]
[b110.pri.cosma7.alces.network:06157] MCW rank 49 bound to socket 1[core 24[hwt 0-1]]: [../../../../../../../../../../../../../../../..][../../../../../../../../BB/../../../../../../..]
[b110.pri.cosma7.alces.network:06157] MCW rank 50 bound to socket 0[core 9[hwt 0-1]]: [../../../../../../../../../BB/../../../../../..][../../../../../../../../../../../../../../../..]
[b110.pri.cosma7.alces.network:06157] MCW rank 51 bound to socket 1[core 25[hwt 0-1]]: [../../../../../../../../../../../../../../../..][../../../../../../../../../BB/../../../../../..]
[b110.pri.cosma7.alces.network:06157] MCW rank 52 bound to socket 0[core 10[hwt 0-1]]: [../../../../../../../../../../BB/../../../../..][../../../../../../../../../../../../../../../..]
[b110.pri.cosma7.alces.network:06157] MCW rank 53 bound to socket 1[core 26[hwt 0-1]]: [../../../../../../../../../../../../../../../..][../../../../../../../../../../BB/../../../../..]
[b110.pri.cosma7.alces.network:06157] MCW rank 54 bound to socket 0[core 11[hwt 0-1]]: [../../../../../../../../../../../BB/../../../..][../../../../../../../../../../../../../../../..]
[b110.pri.cosma7.alces.network:06157] MCW rank 55 bound to socket 1[core 27[hwt 0-1]]: [../../../../../../../../../../../../../../../..][../../../../../../../../../../../BB/../../../..]
[b110.pri.cosma7.alces.network:06157] MCW rank 56 bound to socket 0[core 12[hwt 0-1]]: [../../../../../../../../../../../../BB/../../..][../../../../../../../../../../../../../../../..]
[b110.pri.cosma7.alces.network:06157] MCW rank 57 bound to socket 1[core 28[hwt 0-1]]: [../../../../../../../../../../../../../../../..][../../../../../../../../../../../../BB/../../..]
[b110.pri.cosma7.alces.network:06157] MCW rank 59 bound to socket 1[core 29[hwt 0-1]]: [../../../../../../../../../../../../../../../..][../../../../../../../../../../../../../BB/../..]
[b110.pri.cosma7.alces.network:06157] MCW rank 58 bound to socket 0[core 13[hwt 0-1]]: [../../../../../../../../../../../../../BB/../..][../../../../../../../../../../../../../../../..]
[b110.pri.cosma7.alces.network:06157] MCW rank 60 bound to socket 0[core 14[hwt 0-1]]: [../../../../../../../../../../../../../../BB/..][../../../../../../../../../../../../../../../..]
[b110.pri.cosma7.alces.network:06157] MCW rank 61 bound to socket 1[core 30[hwt 0-1]]: [../../../../../../../../../../../../../../../..][../../../../../../../../../../../../../../BB/..]
[b110.pri.cosma7.alces.network:06157] MCW rank 63 bound to socket 1[core 31[hwt 0-1]]: [../../../../../../../../../../../../../../../..][../../../../../../../../../../../../../../../BB]
[b110.pri.cosma7.alces.network:06157] MCW rank 62 bound to socket 0[core 15[hwt 0-1]]: [../../../../../../../../../../../../../../../BB][../../../../../../../../../../../../../../../..]
[b112.pri.cosma7.alces.network:06126] MCW rank 113 bound to socket 1[core 24[hwt 0-1]]: [../../../../../../../../../../../../../../../..][../../../../../../../../BB/../../../../../../..]
[b111.pri.cosma7.alces.network:06155] MCW rank 85 bound to socket 1[core 26[hwt 0-1]]: [../../../../../../../../../../../../../../../..][../../../../../../../../../../BB/../../../../..]
[b112.pri.cosma7.alces.network:06126] MCW rank 119 bound to socket 1[core 27[hwt 0-1]]: [../../../../../../../../../../../../../../../..][../../../../../../../../../../../BB/../../../..]
[b112.pri.cosma7.alces.network:06126] MCW rank 112 bound to socket 0[core 8[hwt 0-1]]: [../../../../../../../../BB/../../../../../../..][../../../../../../../../../../../../../../../..]
[b112.pri.cosma7.alces.network:06126] MCW rank 118 bound to socket 0[core 11[hwt 0-1]]: [../../../../../../../../../../../BB/../../../..][../../../../../../../../../../../../../../../..]
[b112.pri.cosma7.alces.network:06126] MCW rank 117 bound to socket 1[core 26[hwt 0-1]]: [../../../../../../../../../../../../../../../..][../../../../../../../../../../BB/../../../../..]
[b112.pri.cosma7.alces.network:06126] MCW rank 123 bound to socket 1[core 29[hwt 0-1]]: [../../../../../../../../../../../../../../../..][../../../../../../../../../../../../../BB/../..]
[b111.pri.cosma7.alces.network:06155] MCW rank 89 bound to socket 1[core 28[hwt 0-1]]: [../../../../../../../../../../../../../../../..][../../../../../../../../../../../../BB/../../..]
[b112.pri.cosma7.alces.network:06126] MCW rank 122 bound to socket 0[core 13[hwt 0-1]]: [../../../../../../../../../../../../../BB/../..][../../../../../../../../../../../../../../../..]
[b112.pri.cosma7.alces.network:06126] MCW rank 116 bound to socket 0[core 10[hwt 0-1]]: [../../../../../../../../../../BB/../../../../..][../../../../../../../../../../../../../../../..]
[b111.pri.cosma7.alces.network:06155] MCW rank 93 bound to socket 1[core 30[hwt 0-1]]: [../../../../../../../../../../../../../../../..][../../../../../../../../../../../../../../BB/..]
[b112.pri.cosma7.alces.network:06126] MCW rank 121 bound to socket 1[core 28[hwt 0-1]]: [../../../../../../../../../../../../../../../..][../../../../../../../../../../../../BB/../../..]
[b112.pri.cosma7.alces.network:06126] MCW rank 127 bound to socket 1[core 31[hwt 0-1]]: [../../../../../../../../../../../../../../../..][../../../../../../../../../../../../../../../BB]
[b112.pri.cosma7.alces.network:06126] MCW rank 126 bound to socket 0[core 15[hwt 0-1]]: [../../../../../../../../../../../../../../../BB][../../../../../../../../../../../../../../../..]
[b112.pri.cosma7.alces.network:06126] MCW rank 120 bound to socket 0[core 12[hwt 0-1]]: [../../../../../../../../../../../../BB/../../..][../../../../../../../../../../../../../../../..]
[b112.pri.cosma7.alces.network:06126] MCW rank 125 bound to socket 1[core 30[hwt 0-1]]: [../../../../../../../../../../../../../../../..][../../../../../../../../../../../../../../BB/..]
[b112.pri.cosma7.alces.network:06126] MCW rank 124 bound to socket 0[core 14[hwt 0-1]]: [../../../../../../../../../../../../../../BB/..][../../../../../../../../../../../../../../../..]
level 0 thread 0x2af80604a700 affinity 15,47
level 0 thread 0x2ae13f6b9700 affinity 12,44
level 0 thread 0x2b99a2b85700 affinity 13,45
level 0 thread 0x2b8aa3ab8700 affinity 14,46
level 0 thread 0x2b7511780700 affinity 0,32
level 0 thread 0x2b9d22448700 affinity 1,33
level 0 thread 0x2abfd57aa700 affinity 3,35
level 0 thread 0x2b52e4b62700 affinity 2,34
level 0 thread 0x2b492e9d9700 affinity 7,39
level 0 thread 0x2b7afc54c700 affinity 6,38
level 0 thread 0x2afe9a2c0700 affinity 29,61
level 0 thread 0x2ac3eaebc700 affinity 28,60
level 0 thread 0x2b51925e1700 affinity 10,42
level 0 thread 0x2b7ee34d7700 affinity 11,43
level 0 thread 0x2b7f9e4a4700 affinity 5,37
level 0 thread 0x2b24417e6700 affinity 4,36
level 0 thread 0x2acf52526700 affinity 9,41
level 0 thread 0x2b2e8aed5700 affinity 8,40
level 0 thread 0x2b1561e78700 affinity 2,34
level 0 thread 0x2b89c0fb0700 affinity 30,62
level 0 thread 0x2b299b49d700 affinity 16,48
level 0 thread 0x2ae399953700 affinity 17,49
level 0 thread 0x2ad62697d700 affinity 18,50
level 0 thread 0x2ae58edb6700 affinity 19,51
level 0 thread 0x2b1eb385e700 affinity 27,59
level 0 thread 0x2b825eed2700 affinity 26,58
level 0 thread 0x2ac3d097b700 affinity 31,63
level 0 thread 0x2b444aeac700 affinity 18,50
level 0 thread 0x2b47bef50700 affinity 20,52
level 0 thread 0x2b9cf71ec700 affinity 21,53
level 0 thread 0x2b5a5a7e3700 affinity 22,54
level 0 thread 0x2aec75375700 affinity 23,55
level 0 thread 0x2b6d73f66700 affinity 25,57
level 0 thread 0x2b8de77bc700 affinity 3,35
level 0 thread 0x2ae7d32a8700 affinity 21,53
level 0 thread 0x2b04fbeed700 affinity 19,51
level 0 thread 0x2b955131f700 affinity 14,46
level 0 thread 0x2aadf15b3700 affinity 16,48
level 0 thread 0x2b728d864700 affinity 20,52
level 0 thread 0x2b990fcd5700 affinity 31,63
level 0 thread 0x2b6103f84700 affinity 21,53
level 0 thread 0x2af83c435700 affinity 29,61
level 0 thread 0x2accbb33f700 affinity 28,60
level 0 thread 0x2b6bdb7fc700 affinity 6,38
level 0 thread 0x2b1078a70700 affinity 30,62
level 0 thread 0x2b9db810f700 affinity 7,39
level 0 thread 0x2ab0e53ed700 affinity 17,49
level 0 thread 0x2b98fa813700 affinity 23,55
level 0 thread 0x2ba92328f700 affinity 15,47
level 0 thread 0x2b34926f8700 affinity 25,57
level 0 thread 0x2b5592944700 affinity 0,32
level 0 thread 0x2b75a9b8b700 affinity 31,63
level 0 thread 0x2b541c9a9700 affinity 16,48
level 0 thread 0x2b5d99bff700 affinity 26,58
level 0 thread 0x2b3f997b1700 affinity 1,33
level 0 thread 0x2b18498bc700 affinity 27,59
level 0 thread 0x2abe8d957700 affinity 12,44
level 0 thread 0x2ae85cbca700 affinity 24,56
level 0 thread 0x2b56505ae700 affinity 17,49
level 0 thread 0x2aca9f200700 affinity 13,45
level 0 thread 0x2ab8d08e9700 affinity 12,44
level 0 thread 0x2ab3e3485700 affinity 19,51
level 0 thread 0x2b899b4e0700 affinity 24,56
level 0 thread 0x2b115417a700 affinity 13,45
level 0 thread 0x2b274e194700 affinity 2,34
level 0 thread 0x2b1f2a251700 affinity 25,57
level 0 thread 0x2b2e8adc5700 affinity 29,61
level 0 thread 0x2abaee4bb700 affinity 3,35
level 0 thread 0x2abbf217a700 affinity 0,32
level 0 thread 0x2b60fb9b7700 affinity 28,60
level 0 thread 0x2b69327ef700 affinity 23,55
level 0 thread 0x2b22f8eae700 affinity 1,33
level 0 thread 0x2ac1e578f700 affinity 20,52
level 0 thread 0x2af4f1b0b700 affinity 5,37
level 0 thread 0x2b3b09879700 affinity 6,38
level 0 thread 0x2b072535f700 affinity 30,62
level 0 thread 0x2b4219a53700 affinity 21,53
level 0 thread 0x2aca9950c700 affinity 7,39
level 0 thread 0x2b69f2bb9700 affinity 15,47
level 0 thread 0x2b1246c26700 affinity 18,50
level 0 thread 0x2b47e6d2e700 affinity 4,36
level 0 thread 0x2afd31003700 affinity 0,32
level 0 thread 0x2aea276f2700 affinity 25,57
level 0 thread 0x2b51c64b5700 affinity 5,37
level 0 thread 0x2b7f69af4700 affinity 16,48
level 0 thread 0x2aeabb06b700 affinity 4,36
level 0 thread 0x2b682abde700 affinity 8,40
level 0 thread 0x2b50ed20a700 affinity 1,33
level 0 thread 0x2b88e9400700 affinity 20,52
level 0 thread 0x2b6690c27700 affinity 9,41
level 0 thread 0x2b54f26d5700 affinity 17,49
level 0 thread 0x2aab9ff70700 affinity 27,59
level 0 thread 0x2b348ca30700 affinity 10,42
level 0 thread 0x2ba990326700 affinity 2,34
level 0 thread 0x2b9199d5c700 affinity 22,54
level 0 thread 0x2ac0a69f5700 affinity 11,43
level 0 thread 0x2b540f629700 affinity 18,50
level 0 thread 0x2b208044e700 affinity 13,45
level 0 thread 0x2b4102406700 affinity 22,54
level 0 thread 0x2b261ed62700 affinity 3,35
level 0 thread 0x2ba32bb1d700 affinity 11,43
level 0 thread 0x2b4a3e14f700 affinity 23,55
level 0 thread 0x2b12739c8700 affinity 19,51
level 0 thread 0x2b1a57327700 affinity 24,56
level 0 thread 0x2aba196b2700 affinity 14,46
level 0 thread 0x2adca75b8700 affinity 10,42
level 0 thread 0x2b1bd3a73700 affinity 4,36
level 0 thread 0x2b93e210a700 affinity 26,58
level 0 thread 0x2b74c2603700 affinity 5,37
level 0 thread 0x2ba9dd372700 affinity 30,62
level 0 thread 0x2b55321f2700 affinity 22,54
level 0 thread 0x2acd10860700 affinity 12,44
level 0 thread 0x2b47f968f700 affinity 27,59
level 0 thread 0x2b4254162700 affinity 31,63
level 0 thread 0x2b012a9b7700 affinity 26,58
level 0 thread 0x2b72e8df8700 affinity 14,46
level 0 thread 0x2b3f5bbad700 affinity 8,40
level 0 thread 0x2ab81319c700 affinity 28,60
level 0 thread 0x2b5788ca2700 affinity 9,41
level 0 thread 0x2b80a0978700 affinity 7,39
level 0 thread 0x2ae329617700 affinity 10,42
level 0 thread 0x2ad21cf10700 affinity 9,41
level 0 thread 0x2b568a141700 affinity 11,43
level 0 thread 0x2b81da74a700 affinity 6,38
level 0 thread 0x2b868b128700 affinity 8,40
level 0 thread 0x2aad0148f700 affinity 15,47
level 0 thread 0x2ae467e1f700 affinity 29,61
level 0 thread 0x2b699cc57700 affinity 24,56
