- Package -----------------------------.- Versions --------.- Last mod. -------
Currently Loaded Modulefiles:
cosma/2018                                                  2018/05/24 15:26:01
gnu_comp/11.1.0                                             2021/06/30 10:41:57
hipsycl-0.9.4-gcc-11.1.0-cfxbgst                            2023/04/27 13:15:08
openmpi/4.1.4                                               2022/11/28 11:11:31
cmake/3.25.1                                                2023/01/04 10:42:48
boost-1.80.0-gcc-11.1.0-kxwgyuc                             2023/05/03 17:16:13
fftw-3.3.10-gcc-11.1.0-lpkp2ev                              2023/04/27 14:28:58
python/3.10.7                                               2022/10/04 12:04:13
hdf5-1.12.2-gcc-11.1.0-4ovmzew                              2023/05/03 16:18:46
nektar-5.3.0-2e0fb8-gcc-11.1.0-ooymem2                      2023/05/03 17:26:27
googletest-1.12.1-gcc-11.1.0-25bkaph                        2023/04/27 13:16:42
[b101.pri.cosma7.alces.network:46830] MCW rank 0 bound to socket 0[core 0[hwt 0-1]]: [BB/../../../../../../../../../../../../../../..][../../../../../../../../../../../../../../../..]
[b101.pri.cosma7.alces.network:46830] MCW rank 2 bound to socket 0[core 1[hwt 0-1]]: [../BB/../../../../../../../../../../../../../..][../../../../../../../../../../../../../../../..]
[b101.pri.cosma7.alces.network:46830] MCW rank 3 bound to socket 1[core 17[hwt 0-1]]: [../../../../../../../../../../../../../../../..][../BB/../../../../../../../../../../../../../..]
[b101.pri.cosma7.alces.network:46830] MCW rank 1 bound to socket 1[core 16[hwt 0-1]]: [../../../../../../../../../../../../../../../..][BB/../../../../../../../../../../../../../../..]
[b108.pri.cosma7.alces.network:23068] MCW rank 224 bound to socket 0[core 0[hwt 0-1]]: [BB/../../../../../../../../../../../../../../..][../../../../../../../../../../../../../../../..]
[b108.pri.cosma7.alces.network:23068] MCW rank 225 bound to socket 1[core 16[hwt 0-1]]: [../../../../../../../../../../../../../../../..][BB/../../../../../../../../../../../../../../..]
[b108.pri.cosma7.alces.network:23068] MCW rank 226 bound to socket 0[core 1[hwt 0-1]]: [../BB/../../../../../../../../../../../../../..][../../../../../../../../../../../../../../../..]
[b108.pri.cosma7.alces.network:23068] MCW rank 227 bound to socket 1[core 17[hwt 0-1]]: [../../../../../../../../../../../../../../../..][../BB/../../../../../../../../../../../../../..]
[b102.pri.cosma7.alces.network:35416] MCW rank 32 bound to socket 0[core 0[hwt 0-1]]: [BB/../../../../../../../../../../../../../../..][../../../../../../../../../../../../../../../..]
[b102.pri.cosma7.alces.network:35416] MCW rank 33 bound to socket 1[core 16[hwt 0-1]]: [../../../../../../../../../../../../../../../..][BB/../../../../../../../../../../../../../../..]
[b102.pri.cosma7.alces.network:35416] MCW rank 34 bound to socket 0[core 1[hwt 0-1]]: [../BB/../../../../../../../../../../../../../..][../../../../../../../../../../../../../../../..]
[b102.pri.cosma7.alces.network:35416] MCW rank 35 bound to socket 1[core 17[hwt 0-1]]: [../../../../../../../../../../../../../../../..][../BB/../../../../../../../../../../../../../..]
[b103.pri.cosma7.alces.network:30429] MCW rank 64 bound to socket 0[core 0[hwt 0-1]]: [BB/../../../../../../../../../../../../../../..][../../../../../../../../../../../../../../../..]
[b103.pri.cosma7.alces.network:30429] MCW rank 65 bound to socket 1[core 16[hwt 0-1]]: [../../../../../../../../../../../../../../../..][BB/../../../../../../../../../../../../../../..]
[b103.pri.cosma7.alces.network:30429] MCW rank 66 bound to socket 0[core 1[hwt 0-1]]: [../BB/../../../../../../../../../../../../../..][../../../../../../../../../../../../../../../..]
[b104.pri.cosma7.alces.network:27707] MCW rank 96 bound to socket 0[core 0[hwt 0-1]]: [BB/../../../../../../../../../../../../../../..][../../../../../../../../../../../../../../../..]
[b103.pri.cosma7.alces.network:30429] MCW rank 67 bound to socket 1[core 17[hwt 0-1]]: [../../../../../../../../../../../../../../../..][../BB/../../../../../../../../../../../../../..]
[b104.pri.cosma7.alces.network:27707] MCW rank 97 bound to socket 1[core 16[hwt 0-1]]: [../../../../../../../../../../../../../../../..][BB/../../../../../../../../../../../../../../..]
[b104.pri.cosma7.alces.network:27707] MCW rank 98 bound to socket 0[core 1[hwt 0-1]]: [../BB/../../../../../../../../../../../../../..][../../../../../../../../../../../../../../../..]
[b106.pri.cosma7.alces.network:26043] MCW rank 160 bound to socket 0[core 0[hwt 0-1]]: [BB/../../../../../../../../../../../../../../..][../../../../../../../../../../../../../../../..]
[b104.pri.cosma7.alces.network:27707] MCW rank 99 bound to socket 1[core 17[hwt 0-1]]: [../../../../../../../../../../../../../../../..][../BB/../../../../../../../../../../../../../..]
[b106.pri.cosma7.alces.network:26043] MCW rank 161 bound to socket 1[core 16[hwt 0-1]]: [../../../../../../../../../../../../../../../..][BB/../../../../../../../../../../../../../../..]
[b106.pri.cosma7.alces.network:26043] MCW rank 162 bound to socket 0[core 1[hwt 0-1]]: [../BB/../../../../../../../../../../../../../..][../../../../../../../../../../../../../../../..]
[b106.pri.cosma7.alces.network:26043] MCW rank 163 bound to socket 1[core 17[hwt 0-1]]: [../../../../../../../../../../../../../../../..][../BB/../../../../../../../../../../../../../..]
[b105.pri.cosma7.alces.network:26540] MCW rank 128 bound to socket 0[core 0[hwt 0-1]]: [BB/../../../../../../../../../../../../../../..][../../../../../../../../../../../../../../../..]
[b105.pri.cosma7.alces.network:26540] MCW rank 129 bound to socket 1[core 16[hwt 0-1]]: [../../../../../../../../../../../../../../../..][BB/../../../../../../../../../../../../../../..]
[b105.pri.cosma7.alces.network:26540] MCW rank 130 bound to socket 0[core 1[hwt 0-1]]: [../BB/../../../../../../../../../../../../../..][../../../../../../../../../../../../../../../..]
[b105.pri.cosma7.alces.network:26540] MCW rank 131 bound to socket 1[core 17[hwt 0-1]]: [../../../../../../../../../../../../../../../..][../BB/../../../../../../../../../../../../../..]
[b107.pri.cosma7.alces.network:23686] MCW rank 192 bound to socket 0[core 0[hwt 0-1]]: [BB/../../../../../../../../../../../../../../..][../../../../../../../../../../../../../../../..]
[b107.pri.cosma7.alces.network:23686] MCW rank 193 bound to socket 1[core 16[hwt 0-1]]: [../../../../../../../../../../../../../../../..][BB/../../../../../../../../../../../../../../..]
[b107.pri.cosma7.alces.network:23686] MCW rank 194 bound to socket 0[core 1[hwt 0-1]]: [../BB/../../../../../../../../../../../../../..][../../../../../../../../../../../../../../../..]
[b107.pri.cosma7.alces.network:23686] MCW rank 195 bound to socket 1[core 17[hwt 0-1]]: [../../../../../../../../../../../../../../../..][../BB/../../../../../../../../../../../../../..]
[b101.pri.cosma7.alces.network:46830] MCW rank 6 bound to socket 0[core 3[hwt 0-1]]: [../../../BB/../../../../../../../../../../../..][../../../../../../../../../../../../../../../..]
[b101.pri.cosma7.alces.network:46830] MCW rank 4 bound to socket 0[core 2[hwt 0-1]]: [../../BB/../../../../../../../../../../../../..][../../../../../../../../../../../../../../../..]
[b101.pri.cosma7.alces.network:46830] MCW rank 5 bound to socket 1[core 18[hwt 0-1]]: [../../../../../../../../../../../../../../../..][../../BB/../../../../../../../../../../../../..]
[b101.pri.cosma7.alces.network:46830] MCW rank 7 bound to socket 1[core 19[hwt 0-1]]: [../../../../../../../../../../../../../../../..][../../../BB/../../../../../../../../../../../..]
[b108.pri.cosma7.alces.network:23068] MCW rank 231 bound to socket 1[core 19[hwt 0-1]]: [../../../../../../../../../../../../../../../..][../../../BB/../../../../../../../../../../../..]
[b105.pri.cosma7.alces.network:26540] MCW rank 134 bound to socket 0[core 3[hwt 0-1]]: [../../../BB/../../../../../../../../../../../..][../../../../../../../../../../../../../../../..]
[b102.pri.cosma7.alces.network:35416] MCW rank 39 bound to socket 1[core 19[hwt 0-1]]: [../../../../../../../../../../../../../../../..][../../../BB/../../../../../../../../../../../..]
[b104.pri.cosma7.alces.network:27707] MCW rank 102 bound to socket 0[core 3[hwt 0-1]]: [../../../BB/../../../../../../../../../../../..][../../../../../../../../../../../../../../../..]
[b106.pri.cosma7.alces.network:26043] MCW rank 165 bound to socket 1[core 18[hwt 0-1]]: [../../../../../../../../../../../../../../../..][../../BB/../../../../../../../../../../../../..]
[b107.pri.cosma7.alces.network:23686] MCW rank 197 bound to socket 1[core 18[hwt 0-1]]: [../../../../../../../../../../../../../../../..][../../BB/../../../../../../../../../../../../..]
[b103.pri.cosma7.alces.network:30429] MCW rank 71 bound to socket 1[core 19[hwt 0-1]]: [../../../../../../../../../../../../../../../..][../../../BB/../../../../../../../../../../../..]
[b108.pri.cosma7.alces.network:23068] MCW rank 229 bound to socket 1[core 18[hwt 0-1]]: [../../../../../../../../../../../../../../../..][../../BB/../../../../../../../../../../../../..]
[b105.pri.cosma7.alces.network:26540] MCW rank 132 bound to socket 0[core 2[hwt 0-1]]: [../../BB/../../../../../../../../../../../../..][../../../../../../../../../../../../../../../..]
[b102.pri.cosma7.alces.network:35416] MCW rank 36 bound to socket 0[core 2[hwt 0-1]]: [../../BB/../../../../../../../../../../../../..][../../../../../../../../../../../../../../../..]
[b104.pri.cosma7.alces.network:27707] MCW rank 100 bound to socket 0[core 2[hwt 0-1]]: [../../BB/../../../../../../../../../../../../..][../../../../../../../../../../../../../../../..]
[b106.pri.cosma7.alces.network:26043] MCW rank 166 bound to socket 0[core 3[hwt 0-1]]: [../../../BB/../../../../../../../../../../../..][../../../../../../../../../../../../../../../..]
[b107.pri.cosma7.alces.network:23686] MCW rank 199 bound to socket 1[core 19[hwt 0-1]]: [../../../../../../../../../../../../../../../..][../../../BB/../../../../../../../../../../../..]
[b103.pri.cosma7.alces.network:30429] MCW rank 68 bound to socket 0[core 2[hwt 0-1]]: [../../BB/../../../../../../../../../../../../..][../../../../../../../../../../../../../../../..]
[b101.pri.cosma7.alces.network:46830] MCW rank 8 bound to socket 0[core 4[hwt 0-1]]: [../../../../BB/../../../../../../../../../../..][../../../../../../../../../../../../../../../..]
[b101.pri.cosma7.alces.network:46830] MCW rank 10 bound to socket 0[core 5[hwt 0-1]]: [../../../../../BB/../../../../../../../../../..][../../../../../../../../../../../../../../../..]
[b101.pri.cosma7.alces.network:46830] MCW rank 11 bound to socket 1[core 21[hwt 0-1]]: [../../../../../../../../../../../../../../../..][../../../../../BB/../../../../../../../../../..]
[b108.pri.cosma7.alces.network:23068] MCW rank 230 bound to socket 0[core 3[hwt 0-1]]: [../../../BB/../../../../../../../../../../../..][../../../../../../../../../../../../../../../..]
[b105.pri.cosma7.alces.network:26540] MCW rank 135 bound to socket 1[core 19[hwt 0-1]]: [../../../../../../../../../../../../../../../..][../../../BB/../../../../../../../../../../../..]
[b102.pri.cosma7.alces.network:35416] MCW rank 38 bound to socket 0[core 3[hwt 0-1]]: [../../../BB/../../../../../../../../../../../..][../../../../../../../../../../../../../../../..]
[b104.pri.cosma7.alces.network:27707] MCW rank 101 bound to socket 1[core 18[hwt 0-1]]: [../../../../../../../../../../../../../../../..][../../BB/../../../../../../../../../../../../..]
[b106.pri.cosma7.alces.network:26043] MCW rank 164 bound to socket 0[core 2[hwt 0-1]]: [../../BB/../../../../../../../../../../../../..][../../../../../../../../../../../../../../../..]
[b107.pri.cosma7.alces.network:23686] MCW rank 196 bound to socket 0[core 2[hwt 0-1]]: [../../BB/../../../../../../../../../../../../..][../../../../../../../../../../../../../../../..]
[b103.pri.cosma7.alces.network:30429] MCW rank 70 bound to socket 0[core 3[hwt 0-1]]: [../../../BB/../../../../../../../../../../../..][../../../../../../../../../../../../../../../..]
[b101.pri.cosma7.alces.network:46830] MCW rank 9 bound to socket 1[core 20[hwt 0-1]]: [../../../../../../../../../../../../../../../..][../../../../BB/../../../../../../../../../../..]
[b101.pri.cosma7.alces.network:46830] MCW rank 14 bound to socket 0[core 7[hwt 0-1]]: [../../../../../../../BB/../../../../../../../..][../../../../../../../../../../../../../../../..]
[b108.pri.cosma7.alces.network:23068] MCW rank 228 bound to socket 0[core 2[hwt 0-1]]: [../../BB/../../../../../../../../../../../../..][../../../../../../../../../../../../../../../..]
[b105.pri.cosma7.alces.network:26540] MCW rank 133 bound to socket 1[core 18[hwt 0-1]]: [../../../../../../../../../../../../../../../..][../../BB/../../../../../../../../../../../../..]
[b102.pri.cosma7.alces.network:35416] MCW rank 37 bound to socket 1[core 18[hwt 0-1]]: [../../../../../../../../../../../../../../../..][../../BB/../../../../../../../../../../../../..]
[b104.pri.cosma7.alces.network:27707] MCW rank 103 bound to socket 1[core 19[hwt 0-1]]: [../../../../../../../../../../../../../../../..][../../../BB/../../../../../../../../../../../..]
[b106.pri.cosma7.alces.network:26043] MCW rank 167 bound to socket 1[core 19[hwt 0-1]]: [../../../../../../../../../../../../../../../..][../../../BB/../../../../../../../../../../../..]
[b107.pri.cosma7.alces.network:23686] MCW rank 198 bound to socket 0[core 3[hwt 0-1]]: [../../../BB/../../../../../../../../../../../..][../../../../../../../../../../../../../../../..]
[b103.pri.cosma7.alces.network:30429] MCW rank 69 bound to socket 1[core 18[hwt 0-1]]: [../../../../../../../../../../../../../../../..][../../BB/../../../../../../../../../../../../..]
[b101.pri.cosma7.alces.network:46830] MCW rank 12 bound to socket 0[core 6[hwt 0-1]]: [../../../../../../BB/../../../../../../../../..][../../../../../../../../../../../../../../../..]
[b101.pri.cosma7.alces.network:46830] MCW rank 13 bound to socket 1[core 22[hwt 0-1]]: [../../../../../../../../../../../../../../../..][../../../../../../BB/../../../../../../../../..]
[b101.pri.cosma7.alces.network:46830] MCW rank 15 bound to socket 1[core 23[hwt 0-1]]: [../../../../../../../../../../../../../../../..][../../../../../../../BB/../../../../../../../..]
[b108.pri.cosma7.alces.network:23068] MCW rank 235 bound to socket 1[core 21[hwt 0-1]]: [../../../../../../../../../../../../../../../..][../../../../../BB/../../../../../../../../../..]
[b105.pri.cosma7.alces.network:26540] MCW rank 138 bound to socket 0[core 5[hwt 0-1]]: [../../../../../BB/../../../../../../../../../..][../../../../../../../../../../../../../../../..]
[b102.pri.cosma7.alces.network:35416] MCW rank 42 bound to socket 0[core 5[hwt 0-1]]: [../../../../../BB/../../../../../../../../../..][../../../../../../../../../../../../../../../..]
[b104.pri.cosma7.alces.network:27707] MCW rank 106 bound to socket 0[core 5[hwt 0-1]]: [../../../../../BB/../../../../../../../../../..][../../../../../../../../../../../../../../../..]
[b106.pri.cosma7.alces.network:26043] MCW rank 170 bound to socket 0[core 5[hwt 0-1]]: [../../../../../BB/../../../../../../../../../..][../../../../../../../../../../../../../../../..]
[b107.pri.cosma7.alces.network:23686] MCW rank 201 bound to socket 1[core 20[hwt 0-1]]: [../../../../../../../../../../../../../../../..][../../../../BB/../../../../../../../../../../..]
[b103.pri.cosma7.alces.network:30429] MCW rank 75 bound to socket 1[core 21[hwt 0-1]]: [../../../../../../../../../../../../../../../..][../../../../../BB/../../../../../../../../../..]
[b101.pri.cosma7.alces.network:46830] MCW rank 18 bound to socket 0[core 9[hwt 0-1]]: [../../../../../../../../../BB/../../../../../..][../../../../../../../../../../../../../../../..]
[b108.pri.cosma7.alces.network:23068] MCW rank 233 bound to socket 1[core 20[hwt 0-1]]: [../../../../../../../../../../../../../../../..][../../../../BB/../../../../../../../../../../..]
[b105.pri.cosma7.alces.network:26540] MCW rank 136 bound to socket 0[core 4[hwt 0-1]]: [../../../../BB/../../../../../../../../../../..][../../../../../../../../../../../../../../../..]
[b102.pri.cosma7.alces.network:35416] MCW rank 43 bound to socket 1[core 21[hwt 0-1]]: [../../../../../../../../../../../../../../../..][../../../../../BB/../../../../../../../../../..]
[b104.pri.cosma7.alces.network:27707] MCW rank 104 bound to socket 0[core 4[hwt 0-1]]: [../../../../BB/../../../../../../../../../../..][../../../../../../../../../../../../../../../..]
[b106.pri.cosma7.alces.network:26043] MCW rank 168 bound to socket 0[core 4[hwt 0-1]]: [../../../../BB/../../../../../../../../../../..][../../../../../../../../../../../../../../../..]
[b107.pri.cosma7.alces.network:23686] MCW rank 203 bound to socket 1[core 21[hwt 0-1]]: [../../../../../../../../../../../../../../../..][../../../../../BB/../../../../../../../../../..]
[b103.pri.cosma7.alces.network:30429] MCW rank 74 bound to socket 0[core 5[hwt 0-1]]: [../../../../../BB/../../../../../../../../../..][../../../../../../../../../../../../../../../..]
[b108.pri.cosma7.alces.network:23068] MCW rank 234 bound to socket 0[core 5[hwt 0-1]]: [../../../../../BB/../../../../../../../../../..][../../../../../../../../../../../../../../../..]
[b105.pri.cosma7.alces.network:26540] MCW rank 139 bound to socket 1[core 21[hwt 0-1]]: [../../../../../../../../../../../../../../../..][../../../../../BB/../../../../../../../../../..]
[b102.pri.cosma7.alces.network:35416] MCW rank 40 bound to socket 0[core 4[hwt 0-1]]: [../../../../BB/../../../../../../../../../../..][../../../../../../../../../../../../../../../..]
[b104.pri.cosma7.alces.network:27707] MCW rank 105 bound to socket 1[core 20[hwt 0-1]]: [../../../../../../../../../../../../../../../..][../../../../BB/../../../../../../../../../../..]
[b106.pri.cosma7.alces.network:26043] MCW rank 169 bound to socket 1[core 20[hwt 0-1]]: [../../../../../../../../../../../../../../../..][../../../../BB/../../../../../../../../../../..]
[b107.pri.cosma7.alces.network:23686] MCW rank 200 bound to socket 0[core 4[hwt 0-1]]: [../../../../BB/../../../../../../../../../../..][../../../../../../../../../../../../../../../..]
[b103.pri.cosma7.alces.network:30429] MCW rank 72 bound to socket 0[core 4[hwt 0-1]]: [../../../../BB/../../../../../../../../../../..][../../../../../../../../../../../../../../../..]
[b101.pri.cosma7.alces.network:46830] MCW rank 16 bound to socket 0[core 8[hwt 0-1]]: [../../../../../../../../BB/../../../../../../..][../../../../../../../../../../../../../../../..]
[b101.pri.cosma7.alces.network:46830] MCW rank 17 bound to socket 1[core 24[hwt 0-1]]: [../../../../../../../../../../../../../../../..][../../../../../../../../BB/../../../../../../..]
[b101.pri.cosma7.alces.network:46830] MCW rank 19 bound to socket 1[core 25[hwt 0-1]]: [../../../../../../../../../../../../../../../..][../../../../../../../../../BB/../../../../../..]
[b108.pri.cosma7.alces.network:23068] MCW rank 232 bound to socket 0[core 4[hwt 0-1]]: [../../../../BB/../../../../../../../../../../..][../../../../../../../../../../../../../../../..]
[b105.pri.cosma7.alces.network:26540] MCW rank 137 bound to socket 1[core 20[hwt 0-1]]: [../../../../../../../../../../../../../../../..][../../../../BB/../../../../../../../../../../..]
[b102.pri.cosma7.alces.network:35416] MCW rank 41 bound to socket 1[core 20[hwt 0-1]]: [../../../../../../../../../../../../../../../..][../../../../BB/../../../../../../../../../../..]
[b104.pri.cosma7.alces.network:27707] MCW rank 107 bound to socket 1[core 21[hwt 0-1]]: [../../../../../../../../../../../../../../../..][../../../../../BB/../../../../../../../../../..]
[b106.pri.cosma7.alces.network:26043] MCW rank 171 bound to socket 1[core 21[hwt 0-1]]: [../../../../../../../../../../../../../../../..][../../../../../BB/../../../../../../../../../..]
[b107.pri.cosma7.alces.network:23686] MCW rank 202 bound to socket 0[core 5[hwt 0-1]]: [../../../../../BB/../../../../../../../../../..][../../../../../../../../../../../../../../../..]
[b103.pri.cosma7.alces.network:30429] MCW rank 73 bound to socket 1[core 20[hwt 0-1]]: [../../../../../../../../../../../../../../../..][../../../../BB/../../../../../../../../../../..]
[b101.pri.cosma7.alces.network:46830] MCW rank 22 bound to socket 0[core 11[hwt 0-1]]: [../../../../../../../../../../../BB/../../../..][../../../../../../../../../../../../../../../..]
[b108.pri.cosma7.alces.network:23068] MCW rank 236 bound to socket 0[core 6[hwt 0-1]]: [../../../../../../BB/../../../../../../../../..][../../../../../../../../../../../../../../../..]
[b105.pri.cosma7.alces.network:26540] MCW rank 142 bound to socket 0[core 7[hwt 0-1]]: [../../../../../../../BB/../../../../../../../..][../../../../../../../../../../../../../../../..]
[b102.pri.cosma7.alces.network:35416] MCW rank 46 bound to socket 0[core 7[hwt 0-1]]: [../../../../../../../BB/../../../../../../../..][../../../../../../../../../../../../../../../..]
[b104.pri.cosma7.alces.network:27707] MCW rank 110 bound to socket 0[core 7[hwt 0-1]]: [../../../../../../../BB/../../../../../../../..][../../../../../../../../../../../../../../../..]
[b106.pri.cosma7.alces.network:26043] MCW rank 174 bound to socket 0[core 7[hwt 0-1]]: [../../../../../../../BB/../../../../../../../..][../../../../../../../../../../../../../../../..]
[b107.pri.cosma7.alces.network:23686] MCW rank 205 bound to socket 1[core 22[hwt 0-1]]: [../../../../../../../../../../../../../../../..][../../../../../../BB/../../../../../../../../..]
[b103.pri.cosma7.alces.network:30429] MCW rank 78 bound to socket 0[core 7[hwt 0-1]]: [../../../../../../../BB/../../../../../../../..][../../../../../../../../../../../../../../../..]
[b101.pri.cosma7.alces.network:46830] MCW rank 20 bound to socket 0[core 10[hwt 0-1]]: [../../../../../../../../../../BB/../../../../..][../../../../../../../../../../../../../../../..]
[b101.pri.cosma7.alces.network:46830] MCW rank 21 bound to socket 1[core 26[hwt 0-1]]: [../../../../../../../../../../../../../../../..][../../../../../../../../../../BB/../../../../..]
[b101.pri.cosma7.alces.network:46830] MCW rank 23 bound to socket 1[core 27[hwt 0-1]]: [../../../../../../../../../../../../../../../..][../../../../../../../../../../../BB/../../../..]
[b108.pri.cosma7.alces.network:23068] MCW rank 237 bound to socket 1[core 22[hwt 0-1]]: [../../../../../../../../../../../../../../../..][../../../../../../BB/../../../../../../../../..]
[b105.pri.cosma7.alces.network:26540] MCW rank 140 bound to socket 0[core 6[hwt 0-1]]: [../../../../../../BB/../../../../../../../../..][../../../../../../../../../../../../../../../..]
[b102.pri.cosma7.alces.network:35416] MCW rank 47 bound to socket 1[core 23[hwt 0-1]]: [../../../../../../../../../../../../../../../..][../../../../../../../BB/../../../../../../../..]
[b104.pri.cosma7.alces.network:27707] MCW rank 108 bound to socket 0[core 6[hwt 0-1]]: [../../../../../../BB/../../../../../../../../..][../../../../../../../../../../../../../../../..]
[b106.pri.cosma7.alces.network:26043] MCW rank 172 bound to socket 0[core 6[hwt 0-1]]: [../../../../../../BB/../../../../../../../../..][../../../../../../../../../../../../../../../..]
[b107.pri.cosma7.alces.network:23686] MCW rank 207 bound to socket 1[core 23[hwt 0-1]]: [../../../../../../../../../../../../../../../..][../../../../../../../BB/../../../../../../../..]
[b103.pri.cosma7.alces.network:30429] MCW rank 79 bound to socket 1[core 23[hwt 0-1]]: [../../../../../../../../../../../../../../../..][../../../../../../../BB/../../../../../../../..]
[b101.pri.cosma7.alces.network:46830] MCW rank 26 bound to socket 0[core 13[hwt 0-1]]: [../../../../../../../../../../../../../BB/../..][../../../../../../../../../../../../../../../..]
[b108.pri.cosma7.alces.network:23068] MCW rank 238 bound to socket 0[core 7[hwt 0-1]]: [../../../../../../../BB/../../../../../../../..][../../../../../../../../../../../../../../../..]
[b105.pri.cosma7.alces.network:26540] MCW rank 143 bound to socket 1[core 23[hwt 0-1]]: [../../../../../../../../../../../../../../../..][../../../../../../../BB/../../../../../../../..]
[b102.pri.cosma7.alces.network:35416] MCW rank 44 bound to socket 0[core 6[hwt 0-1]]: [../../../../../../BB/../../../../../../../../..][../../../../../../../../../../../../../../../..]
[b104.pri.cosma7.alces.network:27707] MCW rank 114 bound to socket 0[core 9[hwt 0-1]]: [../../../../../../../../../BB/../../../../../..][../../../../../../../../../../../../../../../..]
[b106.pri.cosma7.alces.network:26043] MCW rank 173 bound to socket 1[core 22[hwt 0-1]]: [../../../../../../../../../../../../../../../..][../../../../../../BB/../../../../../../../../..]
[b107.pri.cosma7.alces.network:23686] MCW rank 204 bound to socket 0[core 6[hwt 0-1]]: [../../../../../../BB/../../../../../../../../..][../../../../../../../../../../../../../../../..]
[b103.pri.cosma7.alces.network:30429] MCW rank 76 bound to socket 0[core 6[hwt 0-1]]: [../../../../../../BB/../../../../../../../../..][../../../../../../../../../../../../../../../..]
[b101.pri.cosma7.alces.network:46830] MCW rank 24 bound to socket 0[core 12[hwt 0-1]]: [../../../../../../../../../../../../BB/../../..][../../../../../../../../../../../../../../../..]
[b101.pri.cosma7.alces.network:46830] MCW rank 25 bound to socket 1[core 28[hwt 0-1]]: [../../../../../../../../../../../../../../../..][../../../../../../../../../../../../BB/../../..]
[b101.pri.cosma7.alces.network:46830] MCW rank 27 bound to socket 1[core 29[hwt 0-1]]: [../../../../../../../../../../../../../../../..][../../../../../../../../../../../../../BB/../..]
[b108.pri.cosma7.alces.network:23068] MCW rank 239 bound to socket 1[core 23[hwt 0-1]]: [../../../../../../../../../../../../../../../..][../../../../../../../BB/../../../../../../../..]
[b105.pri.cosma7.alces.network:26540] MCW rank 141 bound to socket 1[core 22[hwt 0-1]]: [../../../../../../../../../../../../../../../..][../../../../../../BB/../../../../../../../../..]
[b102.pri.cosma7.alces.network:35416] MCW rank 45 bound to socket 1[core 22[hwt 0-1]]: [../../../../../../../../../../../../../../../..][../../../../../../BB/../../../../../../../../..]
[b104.pri.cosma7.alces.network:27707] MCW rank 111 bound to socket 1[core 23[hwt 0-1]]: [../../../../../../../../../../../../../../../..][../../../../../../../BB/../../../../../../../..]
[b106.pri.cosma7.alces.network:26043] MCW rank 175 bound to socket 1[core 23[hwt 0-1]]: [../../../../../../../../../../../../../../../..][../../../../../../../BB/../../../../../../../..]
[b107.pri.cosma7.alces.network:23686] MCW rank 206 bound to socket 0[core 7[hwt 0-1]]: [../../../../../../../BB/../../../../../../../..][../../../../../../../../../../../../../../../..]
[b103.pri.cosma7.alces.network:30429] MCW rank 82 bound to socket 0[core 9[hwt 0-1]]: [../../../../../../../../../BB/../../../../../..][../../../../../../../../../../../../../../../..]
[b101.pri.cosma7.alces.network:46830] MCW rank 28 bound to socket 0[core 14[hwt 0-1]]: [../../../../../../../../../../../../../../BB/..][../../../../../../../../../../../../../../../..]
[b101.pri.cosma7.alces.network:46830] MCW rank 30 bound to socket 0[core 15[hwt 0-1]]: [../../../../../../../../../../../../../../../BB][../../../../../../../../../../../../../../../..]
[b108.pri.cosma7.alces.network:23068] MCW rank 242 bound to socket 0[core 9[hwt 0-1]]: [../../../../../../../../../BB/../../../../../..][../../../../../../../../../../../../../../../..]
[b105.pri.cosma7.alces.network:26540] MCW rank 146 bound to socket 0[core 9[hwt 0-1]]: [../../../../../../../../../BB/../../../../../..][../../../../../../../../../../../../../../../..]
[b102.pri.cosma7.alces.network:35416] MCW rank 50 bound to socket 0[core 9[hwt 0-1]]: [../../../../../../../../../BB/../../../../../..][../../../../../../../../../../../../../../../..]
[b104.pri.cosma7.alces.network:27707] MCW rank 109 bound to socket 1[core 22[hwt 0-1]]: [../../../../../../../../../../../../../../../..][../../../../../../BB/../../../../../../../../..]
[b106.pri.cosma7.alces.network:26043] MCW rank 176 bound to socket 0[core 8[hwt 0-1]]: [../../../../../../../../BB/../../../../../../..][../../../../../../../../../../../../../../../..]
[b107.pri.cosma7.alces.network:23686] MCW rank 209 bound to socket 1[core 24[hwt 0-1]]: [../../../../../../../../../../../../../../../..][../../../../../../../../BB/../../../../../../..]
[b103.pri.cosma7.alces.network:30429] MCW rank 77 bound to socket 1[core 22[hwt 0-1]]: [../../../../../../../../../../../../../../../..][../../../../../../BB/../../../../../../../../..]
[b101.pri.cosma7.alces.network:46830] MCW rank 29 bound to socket 1[core 30[hwt 0-1]]: [../../../../../../../../../../../../../../../..][../../../../../../../../../../../../../../BB/..]
[b108.pri.cosma7.alces.network:23068] MCW rank 240 bound to socket 0[core 8[hwt 0-1]]: [../../../../../../../../BB/../../../../../../..][../../../../../../../../../../../../../../../..]
[b105.pri.cosma7.alces.network:26540] MCW rank 144 bound to socket 0[core 8[hwt 0-1]]: [../../../../../../../../BB/../../../../../../..][../../../../../../../../../../../../../../../..]
[b102.pri.cosma7.alces.network:35416] MCW rank 48 bound to socket 0[core 8[hwt 0-1]]: [../../../../../../../../BB/../../../../../../..][../../../../../../../../../../../../../../../..]
[b104.pri.cosma7.alces.network:27707] MCW rank 112 bound to socket 0[core 8[hwt 0-1]]: [../../../../../../../../BB/../../../../../../..][../../../../../../../../../../../../../../../..]
[b106.pri.cosma7.alces.network:26043] MCW rank 178 bound to socket 0[core 9[hwt 0-1]]: [../../../../../../../../../BB/../../../../../..][../../../../../../../../../../../../../../../..]
[b107.pri.cosma7.alces.network:23686] MCW rank 211 bound to socket 1[core 25[hwt 0-1]]: [../../../../../../../../../../../../../../../..][../../../../../../../../../BB/../../../../../..]
[b103.pri.cosma7.alces.network:30429] MCW rank 83 bound to socket 1[core 25[hwt 0-1]]: [../../../../../../../../../../../../../../../..][../../../../../../../../../BB/../../../../../..]
[b108.pri.cosma7.alces.network:23068] MCW rank 241 bound to socket 1[core 24[hwt 0-1]]: [../../../../../../../../../../../../../../../..][../../../../../../../../BB/../../../../../../..]
[b105.pri.cosma7.alces.network:26540] MCW rank 150 bound to socket 0[core 11[hwt 0-1]]: [../../../../../../../../../../../BB/../../../..][../../../../../../../../../../../../../../../..]
[b102.pri.cosma7.alces.network:35416] MCW rank 51 bound to socket 1[core 25[hwt 0-1]]: [../../../../../../../../../../../../../../../..][../../../../../../../../../BB/../../../../../..]
[b104.pri.cosma7.alces.network:27707] MCW rank 118 bound to socket 0[core 11[hwt 0-1]]: [../../../../../../../../../../../BB/../../../..][../../../../../../../../../../../../../../../..]
[b106.pri.cosma7.alces.network:26043] MCW rank 177 bound to socket 1[core 24[hwt 0-1]]: [../../../../../../../../../../../../../../../..][../../../../../../../../BB/../../../../../../..]
[b107.pri.cosma7.alces.network:23686] MCW rank 208 bound to socket 0[core 8[hwt 0-1]]: [../../../../../../../../BB/../../../../../../..][../../../../../../../../../../../../../../../..]
[b103.pri.cosma7.alces.network:30429] MCW rank 80 bound to socket 0[core 8[hwt 0-1]]: [../../../../../../../../BB/../../../../../../..][../../../../../../../../../../../../../../../..]
[b101.pri.cosma7.alces.network:46830] MCW rank 31 bound to socket 1[core 31[hwt 0-1]]: [../../../../../../../../../../../../../../../..][../../../../../../../../../../../../../../../BB]
[b108.pri.cosma7.alces.network:23068] MCW rank 243 bound to socket 1[core 25[hwt 0-1]]: [../../../../../../../../../../../../../../../..][../../../../../../../../../BB/../../../../../..]
[b105.pri.cosma7.alces.network:26540] MCW rank 145 bound to socket 1[core 24[hwt 0-1]]: [../../../../../../../../../../../../../../../..][../../../../../../../../BB/../../../../../../..]
[b102.pri.cosma7.alces.network:35416] MCW rank 49 bound to socket 1[core 24[hwt 0-1]]: [../../../../../../../../../../../../../../../..][../../../../../../../../BB/../../../../../../..]
[b104.pri.cosma7.alces.network:27707] MCW rank 113 bound to socket 1[core 24[hwt 0-1]]: [../../../../../../../../../../../../../../../..][../../../../../../../../BB/../../../../../../..]
[b106.pri.cosma7.alces.network:26043] MCW rank 179 bound to socket 1[core 25[hwt 0-1]]: [../../../../../../../../../../../../../../../..][../../../../../../../../../BB/../../../../../..]
[b107.pri.cosma7.alces.network:23686] MCW rank 210 bound to socket 0[core 9[hwt 0-1]]: [../../../../../../../../../BB/../../../../../..][../../../../../../../../../../../../../../../..]
[b103.pri.cosma7.alces.network:30429] MCW rank 86 bound to socket 0[core 11[hwt 0-1]]: [../../../../../../../../../../../BB/../../../..][../../../../../../../../../../../../../../../..]
[b108.pri.cosma7.alces.network:23068] MCW rank 246 bound to socket 0[core 11[hwt 0-1]]: [../../../../../../../../../../../BB/../../../..][../../../../../../../../../../../../../../../..]
[b105.pri.cosma7.alces.network:26540] MCW rank 147 bound to socket 1[core 25[hwt 0-1]]: [../../../../../../../../../../../../../../../..][../../../../../../../../../BB/../../../../../..]
[b102.pri.cosma7.alces.network:35416] MCW rank 52 bound to socket 0[core 10[hwt 0-1]]: [../../../../../../../../../../BB/../../../../..][../../../../../../../../../../../../../../../..]
[b104.pri.cosma7.alces.network:27707] MCW rank 115 bound to socket 1[core 25[hwt 0-1]]: [../../../../../../../../../../../../../../../..][../../../../../../../../../BB/../../../../../..]
[b106.pri.cosma7.alces.network:26043] MCW rank 182 bound to socket 0[core 11[hwt 0-1]]: [../../../../../../../../../../../BB/../../../..][../../../../../../../../../../../../../../../..]
[b107.pri.cosma7.alces.network:23686] MCW rank 213 bound to socket 1[core 26[hwt 0-1]]: [../../../../../../../../../../../../../../../..][../../../../../../../../../../BB/../../../../..]
[b103.pri.cosma7.alces.network:30429] MCW rank 81 bound to socket 1[core 24[hwt 0-1]]: [../../../../../../../../../../../../../../../..][../../../../../../../../BB/../../../../../../..]
[b108.pri.cosma7.alces.network:23068] MCW rank 244 bound to socket 0[core 10[hwt 0-1]]: [../../../../../../../../../../BB/../../../../..][../../../../../../../../../../../../../../../..]
[b105.pri.cosma7.alces.network:26540] MCW rank 148 bound to socket 0[core 10[hwt 0-1]]: [../../../../../../../../../../BB/../../../../..][../../../../../../../../../../../../../../../..]
[b102.pri.cosma7.alces.network:35416] MCW rank 54 bound to socket 0[core 11[hwt 0-1]]: [../../../../../../../../../../../BB/../../../..][../../../../../../../../../../../../../../../..]
[b104.pri.cosma7.alces.network:27707] MCW rank 116 bound to socket 0[core 10[hwt 0-1]]: [../../../../../../../../../../BB/../../../../..][../../../../../../../../../../../../../../../..]
[b106.pri.cosma7.alces.network:26043] MCW rank 180 bound to socket 0[core 10[hwt 0-1]]: [../../../../../../../../../../BB/../../../../..][../../../../../../../../../../../../../../../..]
[b107.pri.cosma7.alces.network:23686] MCW rank 215 bound to socket 1[core 27[hwt 0-1]]: [../../../../../../../../../../../../../../../..][../../../../../../../../../../../BB/../../../..]
[b103.pri.cosma7.alces.network:30429] MCW rank 87 bound to socket 1[core 27[hwt 0-1]]: [../../../../../../../../../../../../../../../..][../../../../../../../../../../../BB/../../../..]
[b108.pri.cosma7.alces.network:23068] MCW rank 248 bound to socket 0[core 12[hwt 0-1]]: [../../../../../../../../../../../../BB/../../..][../../../../../../../../../../../../../../../..]
[b105.pri.cosma7.alces.network:26540] MCW rank 154 bound to socket 0[core 13[hwt 0-1]]: [../../../../../../../../../../../../../BB/../..][../../../../../../../../../../../../../../../..]
[b102.pri.cosma7.alces.network:35416] MCW rank 53 bound to socket 1[core 26[hwt 0-1]]: [../../../../../../../../../../../../../../../..][../../../../../../../../../../BB/../../../../..]
[b104.pri.cosma7.alces.network:27707] MCW rank 122 bound to socket 0[core 13[hwt 0-1]]: [../../../../../../../../../../../../../BB/../..][../../../../../../../../../../../../../../../..]
[b106.pri.cosma7.alces.network:26043] MCW rank 181 bound to socket 1[core 26[hwt 0-1]]: [../../../../../../../../../../../../../../../..][../../../../../../../../../../BB/../../../../..]
[b107.pri.cosma7.alces.network:23686] MCW rank 212 bound to socket 0[core 10[hwt 0-1]]: [../../../../../../../../../../BB/../../../../..][../../../../../../../../../../../../../../../..]
[b103.pri.cosma7.alces.network:30429] MCW rank 90 bound to socket 0[core 13[hwt 0-1]]: [../../../../../../../../../../../../../BB/../..][../../../../../../../../../../../../../../../..]
[b108.pri.cosma7.alces.network:23068] MCW rank 247 bound to socket 1[core 27[hwt 0-1]]: [../../../../../../../../../../../../../../../..][../../../../../../../../../../../BB/../../../..]
[b105.pri.cosma7.alces.network:26540] MCW rank 149 bound to socket 1[core 26[hwt 0-1]]: [../../../../../../../../../../../../../../../..][../../../../../../../../../../BB/../../../../..]
[b102.pri.cosma7.alces.network:35416] MCW rank 55 bound to socket 1[core 27[hwt 0-1]]: [../../../../../../../../../../../../../../../..][../../../../../../../../../../../BB/../../../..]
[b104.pri.cosma7.alces.network:27707] MCW rank 117 bound to socket 1[core 26[hwt 0-1]]: [../../../../../../../../../../../../../../../..][../../../../../../../../../../BB/../../../../..]
[b106.pri.cosma7.alces.network:26043] MCW rank 183 bound to socket 1[core 27[hwt 0-1]]: [../../../../../../../../../../../../../../../..][../../../../../../../../../../../BB/../../../..]
[b107.pri.cosma7.alces.network:23686] MCW rank 217 bound to socket 1[core 28[hwt 0-1]]: [../../../../../../../../../../../../../../../..][../../../../../../../../../../../../BB/../../..]
[b103.pri.cosma7.alces.network:30429] MCW rank 84 bound to socket 0[core 10[hwt 0-1]]: [../../../../../../../../../../BB/../../../../..][../../../../../../../../../../../../../../../..]
[b108.pri.cosma7.alces.network:23068] MCW rank 250 bound to socket 0[core 13[hwt 0-1]]: [../../../../../../../../../../../../../BB/../..][../../../../../../../../../../../../../../../..]
[b105.pri.cosma7.alces.network:26540] MCW rank 152 bound to socket 0[core 12[hwt 0-1]]: [../../../../../../../../../../../../BB/../../..][../../../../../../../../../../../../../../../..]
[b102.pri.cosma7.alces.network:35416] MCW rank 58 bound to socket 0[core 13[hwt 0-1]]: [../../../../../../../../../../../../../BB/../..][../../../../../../../../../../../../../../../..]
[b104.pri.cosma7.alces.network:27707] MCW rank 119 bound to socket 1[core 27[hwt 0-1]]: [../../../../../../../../../../../../../../../..][../../../../../../../../../../../BB/../../../..]
[b106.pri.cosma7.alces.network:26043] MCW rank 186 bound to socket 0[core 13[hwt 0-1]]: [../../../../../../../../../../../../../BB/../..][../../../../../../../../../../../../../../../..]
[b107.pri.cosma7.alces.network:23686] MCW rank 214 bound to socket 0[core 11[hwt 0-1]]: [../../../../../../../../../../../BB/../../../..][../../../../../../../../../../../../../../../..]
[b108.pri.cosma7.alces.network:23068] MCW rank 245 bound to socket 1[core 26[hwt 0-1]]: [../../../../../../../../../../../../../../../..][../../../../../../../../../../BB/../../../../..]
[b105.pri.cosma7.alces.network:26540] MCW rank 151 bound to socket 1[core 27[hwt 0-1]]: [../../../../../../../../../../../../../../../..][../../../../../../../../../../../BB/../../../..]
[b102.pri.cosma7.alces.network:35416] MCW rank 56 bound to socket 0[core 12[hwt 0-1]]: [../../../../../../../../../../../../BB/../../..][../../../../../../../../../../../../../../../..]
[b104.pri.cosma7.alces.network:27707] MCW rank 120 bound to socket 0[core 12[hwt 0-1]]: [../../../../../../../../../../../../BB/../../..][../../../../../../../../../../../../../../../..]
[b106.pri.cosma7.alces.network:26043] MCW rank 184 bound to socket 0[core 12[hwt 0-1]]: [../../../../../../../../../../../../BB/../../..][../../../../../../../../../../../../../../../..]
[b107.pri.cosma7.alces.network:23686] MCW rank 219 bound to socket 1[core 29[hwt 0-1]]: [../../../../../../../../../../../../../../../..][../../../../../../../../../../../../../BB/../..]
[b108.pri.cosma7.alces.network:23068] MCW rank 252 bound to socket 0[core 14[hwt 0-1]]: [../../../../../../../../../../../../../../BB/..][../../../../../../../../../../../../../../../..]
[b105.pri.cosma7.alces.network:26540] MCW rank 158 bound to socket 0[core 15[hwt 0-1]]: [../../../../../../../../../../../../../../../BB][../../../../../../../../../../../../../../../..]
[b102.pri.cosma7.alces.network:35416] MCW rank 59 bound to socket 1[core 29[hwt 0-1]]: [../../../../../../../../../../../../../../../..][../../../../../../../../../../../../../BB/../..]
[b104.pri.cosma7.alces.network:27707] MCW rank 126 bound to socket 0[core 15[hwt 0-1]]: [../../../../../../../../../../../../../../../BB][../../../../../../../../../../../../../../../..]
[b106.pri.cosma7.alces.network:26043] MCW rank 185 bound to socket 1[core 28[hwt 0-1]]: [../../../../../../../../../../../../../../../..][../../../../../../../../../../../../BB/../../..]
[b107.pri.cosma7.alces.network:23686] MCW rank 216 bound to socket 0[core 12[hwt 0-1]]: [../../../../../../../../../../../../BB/../../..][../../../../../../../../../../../../../../../..]
[b108.pri.cosma7.alces.network:23068] MCW rank 251 bound to socket 1[core 29[hwt 0-1]]: [../../../../../../../../../../../../../../../..][../../../../../../../../../../../../../BB/../..]
[b105.pri.cosma7.alces.network:26540] MCW rank 153 bound to socket 1[core 28[hwt 0-1]]: [../../../../../../../../../../../../../../../..][../../../../../../../../../../../../BB/../../..]
[b102.pri.cosma7.alces.network:35416] MCW rank 57 bound to socket 1[core 28[hwt 0-1]]: [../../../../../../../../../../../../../../../..][../../../../../../../../../../../../BB/../../..]
[b104.pri.cosma7.alces.network:27707] MCW rank 121 bound to socket 1[core 28[hwt 0-1]]: [../../../../../../../../../../../../../../../..][../../../../../../../../../../../../BB/../../..]
[b106.pri.cosma7.alces.network:26043] MCW rank 187 bound to socket 1[core 29[hwt 0-1]]: [../../../../../../../../../../../../../../../..][../../../../../../../../../../../../../BB/../..]
[b107.pri.cosma7.alces.network:23686] MCW rank 221 bound to socket 1[core 30[hwt 0-1]]: [../../../../../../../../../../../../../../../..][../../../../../../../../../../../../../../BB/..]
[b108.pri.cosma7.alces.network:23068] MCW rank 254 bound to socket 0[core 15[hwt 0-1]]: [../../../../../../../../../../../../../../../BB][../../../../../../../../../../../../../../../..]
[b105.pri.cosma7.alces.network:26540] MCW rank 156 bound to socket 0[core 14[hwt 0-1]]: [../../../../../../../../../../../../../../BB/..][../../../../../../../../../../../../../../../..]
[b102.pri.cosma7.alces.network:35416] MCW rank 62 bound to socket 0[core 15[hwt 0-1]]: [../../../../../../../../../../../../../../../BB][../../../../../../../../../../../../../../../..]
[b104.pri.cosma7.alces.network:27707] MCW rank 123 bound to socket 1[core 29[hwt 0-1]]: [../../../../../../../../../../../../../../../..][../../../../../../../../../../../../../BB/../..]
[b106.pri.cosma7.alces.network:26043] MCW rank 190 bound to socket 0[core 15[hwt 0-1]]: [../../../../../../../../../../../../../../../BB][../../../../../../../../../../../../../../../..]
[b107.pri.cosma7.alces.network:23686] MCW rank 218 bound to socket 0[core 13[hwt 0-1]]: [../../../../../../../../../../../../../BB/../..][../../../../../../../../../../../../../../../..]
[b105.pri.cosma7.alces.network:26540] MCW rank 155 bound to socket 1[core 29[hwt 0-1]]: [../../../../../../../../../../../../../../../..][../../../../../../../../../../../../../BB/../..]
[b102.pri.cosma7.alces.network:35416] MCW rank 60 bound to socket 0[core 14[hwt 0-1]]: [../../../../../../../../../../../../../../BB/..][../../../../../../../../../../../../../../../..]
[b106.pri.cosma7.alces.network:26043] MCW rank 188 bound to socket 0[core 14[hwt 0-1]]: [../../../../../../../../../../../../../../BB/..][../../../../../../../../../../../../../../../..]
[b107.pri.cosma7.alces.network:23686] MCW rank 223 bound to socket 1[core 31[hwt 0-1]]: [../../../../../../../../../../../../../../../..][../../../../../../../../../../../../../../../BB]
[b105.pri.cosma7.alces.network:26540] MCW rank 157 bound to socket 1[core 30[hwt 0-1]]: [../../../../../../../../../../../../../../../..][../../../../../../../../../../../../../../BB/..]
[b102.pri.cosma7.alces.network:35416] MCW rank 63 bound to socket 1[core 31[hwt 0-1]]: [../../../../../../../../../../../../../../../..][../../../../../../../../../../../../../../../BB]
[b104.pri.cosma7.alces.network:27707] MCW rank 124 bound to socket 0[core 14[hwt 0-1]]: [../../../../../../../../../../../../../../BB/..][../../../../../../../../../../../../../../../..]
[b106.pri.cosma7.alces.network:26043] MCW rank 189 bound to socket 1[core 30[hwt 0-1]]: [../../../../../../../../../../../../../../../..][../../../../../../../../../../../../../../BB/..]
[b107.pri.cosma7.alces.network:23686] MCW rank 220 bound to socket 0[core 14[hwt 0-1]]: [../../../../../../../../../../../../../../BB/..][../../../../../../../../../../../../../../../..]
[b102.pri.cosma7.alces.network:35416] MCW rank 61 bound to socket 1[core 30[hwt 0-1]]: [../../../../../../../../../../../../../../../..][../../../../../../../../../../../../../../BB/..]
[b106.pri.cosma7.alces.network:26043] MCW rank 191 bound to socket 1[core 31[hwt 0-1]]: [../../../../../../../../../../../../../../../..][../../../../../../../../../../../../../../../BB]
[b107.pri.cosma7.alces.network:23686] MCW rank 222 bound to socket 0[core 15[hwt 0-1]]: [../../../../../../../../../../../../../../../BB][../../../../../../../../../../../../../../../..]
[b108.pri.cosma7.alces.network:23068] MCW rank 249 bound to socket 1[core 28[hwt 0-1]]: [../../../../../../../../../../../../../../../..][../../../../../../../../../../../../BB/../../..]
[b103.pri.cosma7.alces.network:30429] MCW rank 94 bound to socket 0[core 15[hwt 0-1]]: [../../../../../../../../../../../../../../../BB][../../../../../../../../../../../../../../../..]
[b103.pri.cosma7.alces.network:30429] MCW rank 91 bound to socket 1[core 29[hwt 0-1]]: [../../../../../../../../../../../../../../../..][../../../../../../../../../../../../../BB/../..]
[b105.pri.cosma7.alces.network:26540] MCW rank 159 bound to socket 1[core 31[hwt 0-1]]: [../../../../../../../../../../../../../../../..][../../../../../../../../../../../../../../../BB]
[b104.pri.cosma7.alces.network:27707] MCW rank 125 bound to socket 1[core 30[hwt 0-1]]: [../../../../../../../../../../../../../../../..][../../../../../../../../../../../../../../BB/..]
[b104.pri.cosma7.alces.network:27707] MCW rank 127 bound to socket 1[core 31[hwt 0-1]]: [../../../../../../../../../../../../../../../..][../../../../../../../../../../../../../../../BB]
[b103.pri.cosma7.alces.network:30429] MCW rank 85 bound to socket 1[core 26[hwt 0-1]]: [../../../../../../../../../../../../../../../..][../../../../../../../../../../BB/../../../../..]
[b103.pri.cosma7.alces.network:30429] MCW rank 88 bound to socket 0[core 12[hwt 0-1]]: [../../../../../../../../../../../../BB/../../..][../../../../../../../../../../../../../../../..]
[b108.pri.cosma7.alces.network:23068] MCW rank 255 bound to socket 1[core 31[hwt 0-1]]: [../../../../../../../../../../../../../../../..][../../../../../../../../../../../../../../../BB]
[b108.pri.cosma7.alces.network:23068] MCW rank 253 bound to socket 1[core 30[hwt 0-1]]: [../../../../../../../../../../../../../../../..][../../../../../../../../../../../../../../BB/..]
[b103.pri.cosma7.alces.network:30429] MCW rank 95 bound to socket 1[core 31[hwt 0-1]]: [../../../../../../../../../../../../../../../..][../../../../../../../../../../../../../../../BB]
[b103.pri.cosma7.alces.network:30429] MCW rank 89 bound to socket 1[core 28[hwt 0-1]]: [../../../../../../../../../../../../../../../..][../../../../../../../../../../../../BB/../../..]
[b103.pri.cosma7.alces.network:30429] MCW rank 92 bound to socket 0[core 14[hwt 0-1]]: [../../../../../../../../../../../../../../BB/..][../../../../../../../../../../../../../../../..]
[b103.pri.cosma7.alces.network:30429] MCW rank 93 bound to socket 1[core 30[hwt 0-1]]: [../../../../../../../../../../../../../../../..][../../../../../../../../../../../../../../BB/..]
level 0 thread 0x2b02249ee700 affinity 31,63
level 0 thread 0x2af01940c700 affinity 30,62
level 0 thread 0x2b9af67bf700 affinity 17,49
level 0 thread 0x2b80da2b3700 affinity 0,32
level 0 thread 0x2b49a09ad700 affinity 1,33
level 0 thread 0x2b317a2f0700 affinity 3,35
level 0 thread 0x2b54c185b700 affinity 2,34
level 0 thread 0x2b0b845d2700 affinity 16,48
level 0 thread 0x2b46c5690700 affinity 18,50
level 0 thread 0x2b8a95db6700 affinity 19,51
level 0 thread 0x2b15dcdff700 affinity 21,53
level 0 thread 0x2ab3da84f700 affinity 4,36
level 0 thread 0x2b94fc801700 affinity 5,37
level 0 thread 0x2b1587e99700 affinity 7,39
level 0 thread 0x2b008dd4d700 affinity 6,38
level 0 thread 0x2abe4b824700 affinity 20,52
level 0 thread 0x2b62d4455700 affinity 22,54
level 0 thread 0x2ba651eb7700 affinity 9,41
level 0 thread 0x2b7ea0798700 affinity 8,40
level 0 thread 0x2ae292fc0700 affinity 23,55
level 0 thread 0x2b10627e4700 affinity 24,56
level 0 thread 0x2ad356bd7700 affinity 11,43
level 0 thread 0x2ad4ab337700 affinity 10,42
level 0 thread 0x2ab23c682700 affinity 25,57
level 0 thread 0x2aab57944700 affinity 26,58
level 0 thread 0x2b3f58e50700 affinity 13,45
level 0 thread 0x2aaf5663c700 affinity 12,44
level 0 thread 0x2ab38d788700 affinity 27,59
level 0 thread 0x2b4f723f1700 affinity 28,60
level 0 thread 0x2ba7353af700 affinity 29,61
level 0 thread 0x2ae1a8aeb700 affinity 15,47
level 0 thread 0x2b643e649700 affinity 14,46
level 0 thread 0x2ba677865700 affinity 3,35
level 0 thread 0x2abddd654700 affinity 19,51
level 0 thread 0x2abc9937d700 affinity 30,62
level 0 thread 0x2abf6dd68700 affinity 1,33
level 0 thread 0x2baaa5556700 affinity 18,50
level 0 thread 0x2b5c53d85700 affinity 30,62
level 0 thread 0x2b64fe75c700 affinity 0,32
level 0 thread 0x2b8eb5efa700 affinity 0,32
level 0 thread 0x2b459eb59700 affinity 13,45
level 0 thread 0x2b45bd792700 affinity 19,51
level 0 thread 0x2b9fdb125700 affinity 5,37
level 0 thread 0x2b9fd2002700 affinity 0,32
level 0 thread 0x2b7173e2f700 affinity 1,33
level 0 thread 0x2b53487b3700 affinity 1,33
level 0 thread 0x2b7beedb7700 affinity 0,32
level 0 thread 0x2b24cff65700 affinity 17,49
level 0 thread 0x2acd72241700 affinity 20,52
level 0 thread 0x2b8df9271700 affinity 16,48
level 0 thread 0x2b3155437700 affinity 19,51
level 0 thread 0x2b605662c700 affinity 18,50
level 0 thread 0x2af1e1aa6700 affinity 16,48
level 0 thread 0x2b8778b9d700 affinity 4,36
level 0 thread 0x2af730247700 affinity 2,34
level 0 thread 0x2b6f99b55700 affinity 1,33
level 0 thread 0x2ad7671f4700 affinity 3,35
level 0 thread 0x2ae7b90e0700 affinity 19,51
level 0 thread 0x2ac124a11700 affinity 1,33
level 0 thread 0x2b7929009700 affinity 21,53
level 0 thread 0x2b78e6fd9700 affinity 4,36
level 0 thread 0x2b0f337b3700 affinity 3,35
level 0 thread 0x2aee2f52c700 affinity 2,34
level 0 thread 0x2aab06f05700 affinity 20,52
level 0 thread 0x2b7aa3094700 affinity 19,51
level 0 thread 0x2ae5ea047700 affinity 18,50
level 0 thread 0x2b6e08ea2700 affinity 6,38
level 0 thread 0x2ae1dc5ad700 affinity 19,51
level 0 thread 0x2b91441b4700 affinity 21,53
level 0 thread 0x2b0753179700 affinity 7,39
level 0 thread 0x2ab25792f700 affinity 17,49
level 0 thread 0x2ab6ad9d1700 affinity 23,55
level 0 thread 0x2b83bd830700 affinity 22,54
level 0 thread 0x2b5674a9f700 affinity 17,49
level 0 thread 0x2b1efa76d700 affinity 4,36
level 0 thread 0x2ad9d7aa6700 affinity 21,53
level 0 thread 0x2adb7e7c2700 affinity 2,34
level 0 thread 0x2b1ef63aa700 affinity 20,52
level 0 thread 0x2b5828706700 affinity 7,39
level 0 thread 0x2ad30f540700 affinity 2,34
level 0 thread 0x2b7037c67700 affinity 18,50
level 0 thread 0x2ac8ce899700 affinity 9,41
level 0 thread 0x2b4faf378700 affinity 18,50
level 0 thread 0x2b99b9971700 affinity 7,39
level 0 thread 0x2b949ad10700 affinity 9,41
level 0 thread 0x2b7bd0fe6700 affinity 5,37
level 0 thread 0x2b15052ce700 affinity 5,37
level 0 thread 0x2b0665d98700 affinity 11,43
level 0 thread 0x2b0a0f59f700 affinity 21,53
level 0 thread 0x2b0bcdd2e700 affinity 25,57
level 0 thread 0x2ba122dca700 affinity 8,40
level 0 thread 0x2b732dff1700 affinity 21,53
level 0 thread 0x2b1db6002700 affinity 23,55
level 0 thread 0x2b6888f9d700 affinity 6,38
level 0 thread 0x2aee728c2700 affinity 3,35
level 0 thread 0x2af4bc97d700 affinity 11,43
level 0 thread 0x2b07a5ea3700 affinity 23,55
level 0 thread 0x2b3917975700 affinity 18,50
level 0 thread 0x2b75601b3700 affinity 6,38
level 0 thread 0x2b1b5ae70700 affinity 24,56
level 0 thread 0x2b3869719700 affinity 4,36
level 0 thread 0x2b8cf9cde700 affinity 6,38
level 0 thread 0x2b31a45bb700 affinity 13,45
level 0 thread 0x2b0663b8e700 affinity 4,36
level 0 thread 0x2ab4fdac6700 affinity 20,52
level 0 thread 0x2b326ba22700 affinity 25,57
level 0 thread 0x2aee6095d700 affinity 20,52
level 0 thread 0x2af19b058700 affinity 22,54
level 0 thread 0x2aad98373700 affinity 12,44
level 0 thread 0x2ace06441700 affinity 7,39
level 0 thread 0x2b9948384700 affinity 7,39
level 0 thread 0x2ac86e1fc700 affinity 13,45
level 0 thread 0x2b7b051ee700 affinity 23,55
level 0 thread 0x2ab078233700 affinity 13,45
level 0 thread 0x2ba0130df700 affinity 15,47
level 0 thread 0x2af835f49700 affinity 23,55
level 0 thread 0x2b702d6d5700 affinity 9,41
level 0 thread 0x2b7b2d726700 affinity 8,40
level 0 thread 0x2b79d9b3a700 affinity 5,37
level 0 thread 0x2b10fed7c700 affinity 29,61
level 0 thread 0x2ae769d76700 affinity 14,46
level 0 thread 0x2b5aee784700 affinity 20,52
level 0 thread 0x2af6d4af0700 affinity 22,54
level 0 thread 0x2b7026554700 affinity 26,58
level 0 thread 0x2b6f24397700 affinity 6,38
level 0 thread 0x2b7dd394d700 affinity 24,56
level 0 thread 0x2b3b3ac51700 affinity 31,63
level 0 thread 0x2b44d862e700 affinity 6,38
level 0 thread 0x2ba9bfca0700 affinity 8,40
level 0 thread 0x2b29229cd700 affinity 27,59
level 0 thread 0x2aabb1540700 affinity 22,54
level 0 thread 0x2b80f7f9d700 affinity 26,58
level 0 thread 0x2b9151c5b700 affinity 29,61
level 0 thread 0x2b778fff1700 affinity 9,41
level 0 thread 0x2b4682c0f700 affinity 11,43
level 0 thread 0x2b5f6d723700 affinity 15,47
level 0 thread 0x2b675fd2d700 affinity 25,57
level 0 thread 0x2ac41607d700 affinity 31,63
level 0 thread 0x2b0276239700 affinity 30,62
level 0 thread 0x2b9363526700 affinity 11,43
level 0 thread 0x2b955f0d7700 affinity 10,42
level 0 thread 0x2b42e5c4c700 affinity 10,42
level 0 thread 0x2b21f4c3f700 affinity 7,39
level 0 thread 0x2b4e8b51c700 affinity 27,59
level 0 thread 0x2b90ae47a700 affinity 28,60
level 0 thread 0x2b31d2abe700 affinity 22,54
level 0 thread 0x2ba046c74700 affinity 26,58
level 0 thread 0x2ad1e19ff700 affinity 28,60
level 0 thread 0x2b776bafd700 affinity 8,40
level 0 thread 0x2ab45caf4700 affinity 15,47
level 0 thread 0x2ba9eead4700 affinity 0,32
level 0 thread 0x2acae9e3c700 affinity 24,56
level 0 thread 0x2b202a928700 affinity 13,45
level 0 thread 0x2ad546f3d700 affinity 29,61
level 0 thread 0x2ac860c82700 affinity 24,56
level 0 thread 0x2acc47a8c700 affinity 28,60
level 0 thread 0x2b29ac52a700 affinity 16,48
level 0 thread 0x2ab3a9c82700 affinity 25,57
level 0 thread 0x2af4c1256700 affinity 29,61
level 0 thread 0x2ac44fc29700 affinity 14,46
level 0 thread 0x2b0f931eb700 affinity 27,59
level 0 thread 0x2ab258767700 affinity 14,46
level 0 thread 0x2ac30c5d1700 affinity 1,33
level 0 thread 0x2b3439194700 affinity 13,45
level 0 thread 0x2b30f900a700 affinity 27,59
level 0 thread 0x2b09d4bab700 affinity 12,44
level 0 thread 0x2af9f63f2700 affinity 9,41
level 0 thread 0x2b3c9e22b700 affinity 10,42
level 0 thread 0x2b9ecfb19700 affinity 17,49
level 0 thread 0x2b3d819f6700 affinity 8,40
level 0 thread 0x2abf7a7a6700 affinity 12,44
level 0 thread 0x2af7eb510700 affinity 31,63
level 0 thread 0x2ac61cdf2700 affinity 28,60
level 0 thread 0x2aebd5878700 affinity 30,62
level 0 thread 0x2ab67c619700 affinity 21,53
level 0 thread 0x2b290716d700 affinity 12,44
level 0 thread 0x2b845deda700 affinity 15,47
level 0 thread 0x2ab0c18ac700 affinity 16,48
level 0 thread 0x2b02e7fe8700 affinity 26,58
level 0 thread 0x2b225147d700 affinity 12,44
level 0 thread 0x2ac74ce44700 affinity 24,56
level 0 thread 0x2b262e36c700 affinity 26,58
level 0 thread 0x2ac6bb7ce700 affinity 31,63
level 0 thread 0x2b9484334700 affinity 3,35
level 0 thread 0x2ab6e3522700 affinity 29,61
level 0 thread 0x2ada8f9a7700 affinity 0,32
level 0 thread 0x2ba20750b700 affinity 11,43
level 0 thread 0x2b7a5395c700 affinity 15,47
level 0 thread 0x2b2c590ec700 affinity 28,60
level 0 thread 0x2ab7a618d700 affinity 2,34
level 0 thread 0x2af63e074700 affinity 10,42
level 0 thread 0x2ae58674e700 affinity 16,48
level 0 thread 0x2b54ac570700 affinity 25,57
level 0 thread 0x2b803d605700 affinity 10,42
level 0 thread 0x2b834eaff700 affinity 30,62
level 0 thread 0x2ad3bc305700 affinity 17,49
level 0 thread 0x2ae856772700 affinity 30,62
level 0 thread 0x2b412c8fb700 affinity 3,35
level 0 thread 0x2b6648b31700 affinity 10,42
level 0 thread 0x2ad145e7d700 affinity 14,46
level 0 thread 0x2b31d29cb700 affinity 14,46
level 0 thread 0x2b02819ad700 affinity 5,37
level 0 thread 0x2b8c9df74700 affinity 11,43
level 0 thread 0x2aacf8e69700 affinity 2,34
level 0 thread 0x2b1ab535e700 affinity 27,59
level 0 thread 0x2b59421fd700 affinity 28,60
level 0 thread 0x2b1555851700 affinity 16,48
level 0 thread 0x2b8c1c907700 affinity 4,36
level 0 thread 0x2b1630797700 affinity 31,63
level 0 thread 0x2b5adc119700 affinity 5,37
level 0 thread 0x2b7b31501700 affinity 26,58
level 0 thread 0x2b36971e4700 affinity 29,61
level 0 thread 0x2b3f8a84e700 affinity 17,49
level 0 thread 0x2af0a990f700 affinity 23,55
level 0 thread 0x2af70045f700 affinity 12,44
level 0 thread 0x2b89658bc700 affinity 9,41
level 0 thread 0x2ae4388e2700 affinity 27,59
level 0 thread 0x2aafc4d7b700 affinity 25,57
level 0 thread 0x2b47ec70d700 affinity 22,54
level 0 thread 0x2b1f6b698700 affinity 14,46
level 0 thread 0x2b5d3c417700 affinity 8,40
level 0 thread 0x2ac54b6e6700 affinity 31,63
level 0 thread 0x2b17a94f1700 affinity 24,56
level 0 thread 0x2acf6f5b0700 affinity 15,47
level 0 thread 0x2ad2cbebe700 affinity 30,62
level 0 thread 0x2b72ba454700 affinity 18,50
level 0 thread 0x2b0b4f9cb700 affinity 5,37
level 0 thread 0x2b7e79a7e700 affinity 4,36
level 0 thread 0x2b2ffb80e700 affinity 19,51
level 0 thread 0x2abbf32bc700 affinity 20,52
level 0 thread 0x2ac817c15700 affinity 21,53
level 0 thread 0x2afbeea1e700 affinity 24,56
level 0 thread 0x2b5f53d26700 affinity 25,57
level 0 thread 0x2aee01ef8700 affinity 28,60
level 0 thread 0x2b6b38209700 affinity 15,47
level 0 thread 0x2aead4f3c700 affinity 14,46
level 0 thread 0x2aabf79db700 affinity 29,61
level 0 thread 0x2b2e98eea700 affinity 31,63
level 0 thread 0x2b01eca4e700 affinity 0,32
level 0 thread 0x2ad125224700 affinity 16,48
level 0 thread 0x2b7155925700 affinity 1,33
level 0 thread 0x2b3e2273f700 affinity 3,35
level 0 thread 0x2b57516ca700 affinity 17,49
level 0 thread 0x2b5fae5cb700 affinity 2,34
level 0 thread 0x2ae0bdda7700 affinity 7,39
level 0 thread 0x2b9bec441700 affinity 6,38
level 0 thread 0x2b8d14135700 affinity 22,54
level 0 thread 0x2acf4a130700 affinity 23,55
level 0 thread 0x2ba374daa700 affinity 9,41
level 0 thread 0x2b194e412700 affinity 8,40
level 0 thread 0x2af213333700 affinity 11,43
level 0 thread 0x2ad8f1bf7700 affinity 10,42
level 0 thread 0x2b0c1f550700 affinity 26,58
level 0 thread 0x2b44f97bc700 affinity 13,45
level 0 thread 0x2b59b811b700 affinity 12,44
level 0 thread 0x2b93e3db9700 affinity 27,59
