- Package -----------------------------.- Versions --------.- Last mod. -------
Currently Loaded Modulefiles:
cosma/2018                                                  2018/05/24 15:26:01
gnu_comp/11.1.0                                             2021/06/30 10:41:57
hipsycl-0.9.4-gcc-11.1.0-cfxbgst                            2023/04/27 13:15:08
openmpi/4.1.4                                               2022/11/28 11:11:31
cmake/3.25.1                                                2023/01/04 10:42:48
boost-1.80.0-gcc-11.1.0-kxwgyuc                             2023/05/03 17:16:13
fftw-3.3.10-gcc-11.1.0-lpkp2ev                              2023/04/27 14:28:58
python/3.10.7                                               2022/10/04 12:04:13
hdf5-1.12.2-gcc-11.1.0-4ovmzew                              2023/05/03 16:18:46
nektar-5.3.0-2e0fb8-gcc-11.1.0-ooymem2                      2023/05/03 17:26:27
googletest-1.12.1-gcc-11.1.0-25bkaph                        2023/04/27 13:16:42
[b101.pri.cosma7.alces.network:30062] MCW rank 0 bound to socket 0[core 0[hwt 0-1]]: [BB/../../../../../../../../../../../../../../..][../../../../../../../../../../../../../../../..]
[b101.pri.cosma7.alces.network:30062] MCW rank 1 bound to socket 1[core 16[hwt 0-1]]: [../../../../../../../../../../../../../../../..][BB/../../../../../../../../../../../../../../..]
[b101.pri.cosma7.alces.network:30062] MCW rank 2 bound to socket 0[core 1[hwt 0-1]]: [../BB/../../../../../../../../../../../../../..][../../../../../../../../../../../../../../../..]
[b101.pri.cosma7.alces.network:30062] MCW rank 3 bound to socket 1[core 17[hwt 0-1]]: [../../../../../../../../../../../../../../../..][../BB/../../../../../../../../../../../../../..]
[b101.pri.cosma7.alces.network:30062] MCW rank 4 bound to socket 0[core 2[hwt 0-1]]: [../../BB/../../../../../../../../../../../../..][../../../../../../../../../../../../../../../..]
[b101.pri.cosma7.alces.network:30062] MCW rank 6 bound to socket 0[core 3[hwt 0-1]]: [../../../BB/../../../../../../../../../../../..][../../../../../../../../../../../../../../../..]
[b101.pri.cosma7.alces.network:30062] MCW rank 7 bound to socket 1[core 19[hwt 0-1]]: [../../../../../../../../../../../../../../../..][../../../BB/../../../../../../../../../../../..]
[b101.pri.cosma7.alces.network:30062] MCW rank 5 bound to socket 1[core 18[hwt 0-1]]: [../../../../../../../../../../../../../../../..][../../BB/../../../../../../../../../../../../..]
[b101.pri.cosma7.alces.network:30062] MCW rank 8 bound to socket 0[core 4[hwt 0-1]]: [../../../../BB/../../../../../../../../../../..][../../../../../../../../../../../../../../../..]
[b101.pri.cosma7.alces.network:30062] MCW rank 10 bound to socket 0[core 5[hwt 0-1]]: [../../../../../BB/../../../../../../../../../..][../../../../../../../../../../../../../../../..]
[b101.pri.cosma7.alces.network:30062] MCW rank 11 bound to socket 1[core 21[hwt 0-1]]: [../../../../../../../../../../../../../../../..][../../../../../BB/../../../../../../../../../..]
[b101.pri.cosma7.alces.network:30062] MCW rank 9 bound to socket 1[core 20[hwt 0-1]]: [../../../../../../../../../../../../../../../..][../../../../BB/../../../../../../../../../../..]
[b101.pri.cosma7.alces.network:30062] MCW rank 12 bound to socket 0[core 6[hwt 0-1]]: [../../../../../../BB/../../../../../../../../..][../../../../../../../../../../../../../../../..]
[b101.pri.cosma7.alces.network:30062] MCW rank 14 bound to socket 0[core 7[hwt 0-1]]: [../../../../../../../BB/../../../../../../../..][../../../../../../../../../../../../../../../..]
[b101.pri.cosma7.alces.network:30062] MCW rank 15 bound to socket 1[core 23[hwt 0-1]]: [../../../../../../../../../../../../../../../..][../../../../../../../BB/../../../../../../../..]
[b101.pri.cosma7.alces.network:30062] MCW rank 13 bound to socket 1[core 22[hwt 0-1]]: [../../../../../../../../../../../../../../../..][../../../../../../BB/../../../../../../../../..]
[b101.pri.cosma7.alces.network:30062] MCW rank 16 bound to socket 0[core 8[hwt 0-1]]: [../../../../../../../../BB/../../../../../../..][../../../../../../../../../../../../../../../..]
[b101.pri.cosma7.alces.network:30062] MCW rank 18 bound to socket 0[core 9[hwt 0-1]]: [../../../../../../../../../BB/../../../../../..][../../../../../../../../../../../../../../../..]
[b101.pri.cosma7.alces.network:30062] MCW rank 19 bound to socket 1[core 25[hwt 0-1]]: [../../../../../../../../../../../../../../../..][../../../../../../../../../BB/../../../../../..]
[b101.pri.cosma7.alces.network:30062] MCW rank 17 bound to socket 1[core 24[hwt 0-1]]: [../../../../../../../../../../../../../../../..][../../../../../../../../BB/../../../../../../..]
[b101.pri.cosma7.alces.network:30062] MCW rank 20 bound to socket 0[core 10[hwt 0-1]]: [../../../../../../../../../../BB/../../../../..][../../../../../../../../../../../../../../../..]
[b101.pri.cosma7.alces.network:30062] MCW rank 22 bound to socket 0[core 11[hwt 0-1]]: [../../../../../../../../../../../BB/../../../..][../../../../../../../../../../../../../../../..]
[b101.pri.cosma7.alces.network:30062] MCW rank 23 bound to socket 1[core 27[hwt 0-1]]: [../../../../../../../../../../../../../../../..][../../../../../../../../../../../BB/../../../..]
[b101.pri.cosma7.alces.network:30062] MCW rank 21 bound to socket 1[core 26[hwt 0-1]]: [../../../../../../../../../../../../../../../..][../../../../../../../../../../BB/../../../../..]
[b101.pri.cosma7.alces.network:30062] MCW rank 24 bound to socket 0[core 12[hwt 0-1]]: [../../../../../../../../../../../../BB/../../..][../../../../../../../../../../../../../../../..]
[b101.pri.cosma7.alces.network:30062] MCW rank 26 bound to socket 0[core 13[hwt 0-1]]: [../../../../../../../../../../../../../BB/../..][../../../../../../../../../../../../../../../..]
[b101.pri.cosma7.alces.network:30062] MCW rank 25 bound to socket 1[core 28[hwt 0-1]]: [../../../../../../../../../../../../../../../..][../../../../../../../../../../../../BB/../../..]
[b101.pri.cosma7.alces.network:30062] MCW rank 27 bound to socket 1[core 29[hwt 0-1]]: [../../../../../../../../../../../../../../../..][../../../../../../../../../../../../../BB/../..]
[b101.pri.cosma7.alces.network:30062] MCW rank 28 bound to socket 0[core 14[hwt 0-1]]: [../../../../../../../../../../../../../../BB/..][../../../../../../../../../../../../../../../..]
[b101.pri.cosma7.alces.network:30062] MCW rank 30 bound to socket 0[core 15[hwt 0-1]]: [../../../../../../../../../../../../../../../BB][../../../../../../../../../../../../../../../..]
[b101.pri.cosma7.alces.network:30062] MCW rank 31 bound to socket 1[core 31[hwt 0-1]]: [../../../../../../../../../../../../../../../..][../../../../../../../../../../../../../../../BB]
[b101.pri.cosma7.alces.network:30062] MCW rank 29 bound to socket 1[core 30[hwt 0-1]]: [../../../../../../../../../../../../../../../..][../../../../../../../../../../../../../../BB/..]
[b107.pri.cosma7.alces.network:14986] MCW rank 64 bound to socket 0[core 0[hwt 0-1]]: [BB/../../../../../../../../../../../../../../..][../../../../../../../../../../../../../../../..]
[b107.pri.cosma7.alces.network:14986] MCW rank 65 bound to socket 1[core 16[hwt 0-1]]: [../../../../../../../../../../../../../../../..][BB/../../../../../../../../../../../../../../..]
[b110.pri.cosma7.alces.network:12859] MCW rank 160 bound to socket 0[core 0[hwt 0-1]]: [BB/../../../../../../../../../../../../../../..][../../../../../../../../../../../../../../../..]
[b107.pri.cosma7.alces.network:14986] MCW rank 66 bound to socket 0[core 1[hwt 0-1]]: [../BB/../../../../../../../../../../../../../..][../../../../../../../../../../../../../../../..]
[b110.pri.cosma7.alces.network:12859] MCW rank 161 bound to socket 1[core 16[hwt 0-1]]: [../../../../../../../../../../../../../../../..][BB/../../../../../../../../../../../../../../..]
[b107.pri.cosma7.alces.network:14986] MCW rank 67 bound to socket 1[core 17[hwt 0-1]]: [../../../../../../../../../../../../../../../..][../BB/../../../../../../../../../../../../../..]
[b110.pri.cosma7.alces.network:12859] MCW rank 162 bound to socket 0[core 1[hwt 0-1]]: [../BB/../../../../../../../../../../../../../..][../../../../../../../../../../../../../../../..]
[b107.pri.cosma7.alces.network:14986] MCW rank 68 bound to socket 0[core 2[hwt 0-1]]: [../../BB/../../../../../../../../../../../../..][../../../../../../../../../../../../../../../..]
[b110.pri.cosma7.alces.network:12859] MCW rank 163 bound to socket 1[core 17[hwt 0-1]]: [../../../../../../../../../../../../../../../..][../BB/../../../../../../../../../../../../../..]
[b107.pri.cosma7.alces.network:14986] MCW rank 69 bound to socket 1[core 18[hwt 0-1]]: [../../../../../../../../../../../../../../../..][../../BB/../../../../../../../../../../../../..]
[b107.pri.cosma7.alces.network:14986] MCW rank 70 bound to socket 0[core 3[hwt 0-1]]: [../../../BB/../../../../../../../../../../../..][../../../../../../../../../../../../../../../..]
[b107.pri.cosma7.alces.network:14986] MCW rank 71 bound to socket 1[core 19[hwt 0-1]]: [../../../../../../../../../../../../../../../..][../../../BB/../../../../../../../../../../../..]
[b107.pri.cosma7.alces.network:14986] MCW rank 73 bound to socket 1[core 20[hwt 0-1]]: [../../../../../../../../../../../../../../../..][../../../../BB/../../../../../../../../../../..]
[b107.pri.cosma7.alces.network:14986] MCW rank 74 bound to socket 0[core 5[hwt 0-1]]: [../../../../../BB/../../../../../../../../../..][../../../../../../../../../../../../../../../..]
[b107.pri.cosma7.alces.network:14986] MCW rank 72 bound to socket 0[core 4[hwt 0-1]]: [../../../../BB/../../../../../../../../../../..][../../../../../../../../../../../../../../../..]
[b111.pri.cosma7.alces.network:07353] MCW rank 192 bound to socket 0[core 0[hwt 0-1]]: [BB/../../../../../../../../../../../../../../..][../../../../../../../../../../../../../../../..]
[b111.pri.cosma7.alces.network:07353] MCW rank 193 bound to socket 1[core 16[hwt 0-1]]: [../../../../../../../../../../../../../../../..][BB/../../../../../../../../../../../../../../..]
[b111.pri.cosma7.alces.network:07353] MCW rank 194 bound to socket 0[core 1[hwt 0-1]]: [../BB/../../../../../../../../../../../../../..][../../../../../../../../../../../../../../../..]
[b111.pri.cosma7.alces.network:07353] MCW rank 195 bound to socket 1[core 17[hwt 0-1]]: [../../../../../../../../../../../../../../../..][../BB/../../../../../../../../../../../../../..]
[b112.pri.cosma7.alces.network:06988] MCW rank 224 bound to socket 0[core 0[hwt 0-1]]: [BB/../../../../../../../../../../../../../../..][../../../../../../../../../../../../../../../..]
[b112.pri.cosma7.alces.network:06988] MCW rank 225 bound to socket 1[core 16[hwt 0-1]]: [../../../../../../../../../../../../../../../..][BB/../../../../../../../../../../../../../../..]
[b112.pri.cosma7.alces.network:06988] MCW rank 226 bound to socket 0[core 1[hwt 0-1]]: [../BB/../../../../../../../../../../../../../..][../../../../../../../../../../../../../../../..]
[b112.pri.cosma7.alces.network:06988] MCW rank 227 bound to socket 1[core 17[hwt 0-1]]: [../../../../../../../../../../../../../../../..][../BB/../../../../../../../../../../../../../..]
[b107.pri.cosma7.alces.network:14986] MCW rank 75 bound to socket 1[core 21[hwt 0-1]]: [../../../../../../../../../../../../../../../..][../../../../../BB/../../../../../../../../../..]
[b107.pri.cosma7.alces.network:14986] MCW rank 77 bound to socket 1[core 22[hwt 0-1]]: [../../../../../../../../../../../../../../../..][../../../../../../BB/../../../../../../../../..]
[b107.pri.cosma7.alces.network:14986] MCW rank 78 bound to socket 0[core 7[hwt 0-1]]: [../../../../../../../BB/../../../../../../../..][../../../../../../../../../../../../../../../..]
[b108.pri.cosma7.alces.network:14819] MCW rank 96 bound to socket 0[core 0[hwt 0-1]]: [BB/../../../../../../../../../../../../../../..][../../../../../../../../../../../../../../../..]
[b108.pri.cosma7.alces.network:14819] MCW rank 97 bound to socket 1[core 16[hwt 0-1]]: [../../../../../../../../../../../../../../../..][BB/../../../../../../../../../../../../../../..]
[b108.pri.cosma7.alces.network:14819] MCW rank 98 bound to socket 0[core 1[hwt 0-1]]: [../BB/../../../../../../../../../../../../../..][../../../../../../../../../../../../../../../..]
[b108.pri.cosma7.alces.network:14819] MCW rank 99 bound to socket 1[core 17[hwt 0-1]]: [../../../../../../../../../../../../../../../..][../BB/../../../../../../../../../../../../../..]
[b109.pri.cosma7.alces.network:13736] MCW rank 128 bound to socket 0[core 0[hwt 0-1]]: [BB/../../../../../../../../../../../../../../..][../../../../../../../../../../../../../../../..]
[b109.pri.cosma7.alces.network:13736] MCW rank 129 bound to socket 1[core 16[hwt 0-1]]: [../../../../../../../../../../../../../../../..][BB/../../../../../../../../../../../../../../..]
[b108.pri.cosma7.alces.network:14819] MCW rank 100 bound to socket 0[core 2[hwt 0-1]]: [../../BB/../../../../../../../../../../../../..][../../../../../../../../../../../../../../../..]
[b109.pri.cosma7.alces.network:13736] MCW rank 130 bound to socket 0[core 1[hwt 0-1]]: [../BB/../../../../../../../../../../../../../..][../../../../../../../../../../../../../../../..]
[b108.pri.cosma7.alces.network:14819] MCW rank 101 bound to socket 1[core 18[hwt 0-1]]: [../../../../../../../../../../../../../../../..][../../BB/../../../../../../../../../../../../..]
[b109.pri.cosma7.alces.network:13736] MCW rank 131 bound to socket 1[core 17[hwt 0-1]]: [../../../../../../../../../../../../../../../..][../BB/../../../../../../../../../../../../../..]
[b108.pri.cosma7.alces.network:14819] MCW rank 102 bound to socket 0[core 3[hwt 0-1]]: [../../../BB/../../../../../../../../../../../..][../../../../../../../../../../../../../../../..]
[b108.pri.cosma7.alces.network:14819] MCW rank 103 bound to socket 1[core 19[hwt 0-1]]: [../../../../../../../../../../../../../../../..][../../../BB/../../../../../../../../../../../..]
[b108.pri.cosma7.alces.network:14819] MCW rank 105 bound to socket 1[core 20[hwt 0-1]]: [../../../../../../../../../../../../../../../..][../../../../BB/../../../../../../../../../../..]
[b108.pri.cosma7.alces.network:14819] MCW rank 106 bound to socket 0[core 5[hwt 0-1]]: [../../../../../BB/../../../../../../../../../..][../../../../../../../../../../../../../../../..]
[b108.pri.cosma7.alces.network:14819] MCW rank 109 bound to socket 1[core 22[hwt 0-1]]: [../../../../../../../../../../../../../../../..][../../../../../../BB/../../../../../../../../..]
[b108.pri.cosma7.alces.network:14819] MCW rank 110 bound to socket 0[core 7[hwt 0-1]]: [../../../../../../../BB/../../../../../../../..][../../../../../../../../../../../../../../../..]
[b108.pri.cosma7.alces.network:14819] MCW rank 113 bound to socket 1[core 24[hwt 0-1]]: [../../../../../../../../../../../../../../../..][../../../../../../../../BB/../../../../../../..]
[b108.pri.cosma7.alces.network:14819] MCW rank 114 bound to socket 0[core 9[hwt 0-1]]: [../../../../../../../../../BB/../../../../../..][../../../../../../../../../../../../../../../..]
[b108.pri.cosma7.alces.network:14819] MCW rank 117 bound to socket 1[core 26[hwt 0-1]]: [../../../../../../../../../../../../../../../..][../../../../../../../../../../BB/../../../../..]
[b108.pri.cosma7.alces.network:14819] MCW rank 118 bound to socket 0[core 11[hwt 0-1]]: [../../../../../../../../../../../BB/../../../..][../../../../../../../../../../../../../../../..]
[b108.pri.cosma7.alces.network:14819] MCW rank 121 bound to socket 1[core 28[hwt 0-1]]: [../../../../../../../../../../../../../../../..][../../../../../../../../../../../../BB/../../..]
[b108.pri.cosma7.alces.network:14819] MCW rank 122 bound to socket 0[core 13[hwt 0-1]]: [../../../../../../../../../../../../../BB/../..][../../../../../../../../../../../../../../../..]
[b108.pri.cosma7.alces.network:14819] MCW rank 104 bound to socket 0[core 4[hwt 0-1]]: [../../../../BB/../../../../../../../../../../..][../../../../../../../../../../../../../../../..]
[b108.pri.cosma7.alces.network:14819] MCW rank 107 bound to socket 1[core 21[hwt 0-1]]: [../../../../../../../../../../../../../../../..][../../../../../BB/../../../../../../../../../..]
[b107.pri.cosma7.alces.network:14986] MCW rank 76 bound to socket 0[core 6[hwt 0-1]]: [../../../../../../BB/../../../../../../../../..][../../../../../../../../../../../../../../../..]
[b107.pri.cosma7.alces.network:14986] MCW rank 79 bound to socket 1[core 23[hwt 0-1]]: [../../../../../../../../../../../../../../../..][../../../../../../../BB/../../../../../../../..]
[b107.pri.cosma7.alces.network:14986] MCW rank 81 bound to socket 1[core 24[hwt 0-1]]: [../../../../../../../../../../../../../../../..][../../../../../../../../BB/../../../../../../..]
[b102.pri.cosma7.alces.network:23717] MCW rank 32 bound to socket 0[core 0[hwt 0-1]]: [BB/../../../../../../../../../../../../../../..][../../../../../../../../../../../../../../../..]
[b108.pri.cosma7.alces.network:14819] MCW rank 125 bound to socket 1[core 30[hwt 0-1]]: [../../../../../../../../../../../../../../../..][../../../../../../../../../../../../../../BB/..]
[b107.pri.cosma7.alces.network:14986] MCW rank 82 bound to socket 0[core 9[hwt 0-1]]: [../../../../../../../../../BB/../../../../../..][../../../../../../../../../../../../../../../..]
[b107.pri.cosma7.alces.network:14986] MCW rank 80 bound to socket 0[core 8[hwt 0-1]]: [../../../../../../../../BB/../../../../../../..][../../../../../../../../../../../../../../../..]
[b108.pri.cosma7.alces.network:14819] MCW rank 108 bound to socket 0[core 6[hwt 0-1]]: [../../../../../../BB/../../../../../../../../..][../../../../../../../../../../../../../../../..]
[b108.pri.cosma7.alces.network:14819] MCW rank 126 bound to socket 0[core 15[hwt 0-1]]: [../../../../../../../../../../../../../../../BB][../../../../../../../../../../../../../../../..]
[b108.pri.cosma7.alces.network:14819] MCW rank 111 bound to socket 1[core 23[hwt 0-1]]: [../../../../../../../../../../../../../../../..][../../../../../../../BB/../../../../../../../..]
[b102.pri.cosma7.alces.network:23717] MCW rank 33 bound to socket 1[core 16[hwt 0-1]]: [../../../../../../../../../../../../../../../..][BB/../../../../../../../../../../../../../../..]
[b107.pri.cosma7.alces.network:14986] MCW rank 83 bound to socket 1[core 25[hwt 0-1]]: [../../../../../../../../../../../../../../../..][../../../../../../../../../BB/../../../../../..]
[b102.pri.cosma7.alces.network:23717] MCW rank 34 bound to socket 0[core 1[hwt 0-1]]: [../BB/../../../../../../../../../../../../../..][../../../../../../../../../../../../../../../..]
[b102.pri.cosma7.alces.network:23717] MCW rank 35 bound to socket 1[core 17[hwt 0-1]]: [../../../../../../../../../../../../../../../..][../BB/../../../../../../../../../../../../../..]
[b102.pri.cosma7.alces.network:23717] MCW rank 36 bound to socket 0[core 2[hwt 0-1]]: [../../BB/../../../../../../../../../../../../..][../../../../../../../../../../../../../../../..]
[b102.pri.cosma7.alces.network:23717] MCW rank 37 bound to socket 1[core 18[hwt 0-1]]: [../../../../../../../../../../../../../../../..][../../BB/../../../../../../../../../../../../..]
[b102.pri.cosma7.alces.network:23717] MCW rank 38 bound to socket 0[core 3[hwt 0-1]]: [../../../BB/../../../../../../../../../../../..][../../../../../../../../../../../../../../../..]
[b102.pri.cosma7.alces.network:23717] MCW rank 39 bound to socket 1[core 19[hwt 0-1]]: [../../../../../../../../../../../../../../../..][../../../BB/../../../../../../../../../../../..]
[b102.pri.cosma7.alces.network:23717] MCW rank 40 bound to socket 0[core 4[hwt 0-1]]: [../../../../BB/../../../../../../../../../../..][../../../../../../../../../../../../../../../..]
[b102.pri.cosma7.alces.network:23717] MCW rank 42 bound to socket 0[core 5[hwt 0-1]]: [../../../../../BB/../../../../../../../../../..][../../../../../../../../../../../../../../../..]
[b102.pri.cosma7.alces.network:23717] MCW rank 44 bound to socket 0[core 6[hwt 0-1]]: [../../../../../../BB/../../../../../../../../..][../../../../../../../../../../../../../../../..]
[b102.pri.cosma7.alces.network:23717] MCW rank 46 bound to socket 0[core 7[hwt 0-1]]: [../../../../../../../BB/../../../../../../../..][../../../../../../../../../../../../../../../..]
[b102.pri.cosma7.alces.network:23717] MCW rank 48 bound to socket 0[core 8[hwt 0-1]]: [../../../../../../../../BB/../../../../../../..][../../../../../../../../../../../../../../../..]
[b102.pri.cosma7.alces.network:23717] MCW rank 50 bound to socket 0[core 9[hwt 0-1]]: [../../../../../../../../../BB/../../../../../..][../../../../../../../../../../../../../../../..]
[b102.pri.cosma7.alces.network:23717] MCW rank 52 bound to socket 0[core 10[hwt 0-1]]: [../../../../../../../../../../BB/../../../../..][../../../../../../../../../../../../../../../..]
[b102.pri.cosma7.alces.network:23717] MCW rank 54 bound to socket 0[core 11[hwt 0-1]]: [../../../../../../../../../../../BB/../../../..][../../../../../../../../../../../../../../../..]
[b102.pri.cosma7.alces.network:23717] MCW rank 56 bound to socket 0[core 12[hwt 0-1]]: [../../../../../../../../../../../../BB/../../..][../../../../../../../../../../../../../../../..]
[b102.pri.cosma7.alces.network:23717] MCW rank 58 bound to socket 0[core 13[hwt 0-1]]: [../../../../../../../../../../../../../BB/../..][../../../../../../../../../../../../../../../..]
[b102.pri.cosma7.alces.network:23717] MCW rank 41 bound to socket 1[core 20[hwt 0-1]]: [../../../../../../../../../../../../../../../..][../../../../BB/../../../../../../../../../../..]
[b102.pri.cosma7.alces.network:23717] MCW rank 60 bound to socket 0[core 14[hwt 0-1]]: [../../../../../../../../../../../../../../BB/..][../../../../../../../../../../../../../../../..]
[b102.pri.cosma7.alces.network:23717] MCW rank 43 bound to socket 1[core 21[hwt 0-1]]: [../../../../../../../../../../../../../../../..][../../../../../BB/../../../../../../../../../..]
[b102.pri.cosma7.alces.network:23717] MCW rank 62 bound to socket 0[core 15[hwt 0-1]]: [../../../../../../../../../../../../../../../BB][../../../../../../../../../../../../../../../..]
[b107.pri.cosma7.alces.network:14986] MCW rank 85 bound to socket 1[core 26[hwt 0-1]]: [../../../../../../../../../../../../../../../..][../../../../../../../../../../BB/../../../../..]
[b108.pri.cosma7.alces.network:14819] MCW rank 112 bound to socket 0[core 8[hwt 0-1]]: [../../../../../../../../BB/../../../../../../..][../../../../../../../../../../../../../../../..]
[b102.pri.cosma7.alces.network:23717] MCW rank 45 bound to socket 1[core 22[hwt 0-1]]: [../../../../../../../../../../../../../../../..][../../../../../../BB/../../../../../../../../..]
[b108.pri.cosma7.alces.network:14819] MCW rank 115 bound to socket 1[core 25[hwt 0-1]]: [../../../../../../../../../../../../../../../..][../../../../../../../../../BB/../../../../../..]
[b102.pri.cosma7.alces.network:23717] MCW rank 47 bound to socket 1[core 23[hwt 0-1]]: [../../../../../../../../../../../../../../../..][../../../../../../../BB/../../../../../../../..]
[b107.pri.cosma7.alces.network:14986] MCW rank 84 bound to socket 0[core 10[hwt 0-1]]: [../../../../../../../../../../BB/../../../../..][../../../../../../../../../../../../../../../..]
[b107.pri.cosma7.alces.network:14986] MCW rank 86 bound to socket 0[core 11[hwt 0-1]]: [../../../../../../../../../../../BB/../../../..][../../../../../../../../../../../../../../../..]
[b107.pri.cosma7.alces.network:14986] MCW rank 87 bound to socket 1[core 27[hwt 0-1]]: [../../../../../../../../../../../../../../../..][../../../../../../../../../../../BB/../../../..]
[b108.pri.cosma7.alces.network:14819] MCW rank 116 bound to socket 0[core 10[hwt 0-1]]: [../../../../../../../../../../BB/../../../../..][../../../../../../../../../../../../../../../..]
[b108.pri.cosma7.alces.network:14819] MCW rank 119 bound to socket 1[core 27[hwt 0-1]]: [../../../../../../../../../../../../../../../..][../../../../../../../../../../../BB/../../../..]
[b102.pri.cosma7.alces.network:23717] MCW rank 51 bound to socket 1[core 25[hwt 0-1]]: [../../../../../../../../../../../../../../../..][../../../../../../../../../BB/../../../../../..]
[b102.pri.cosma7.alces.network:23717] MCW rank 49 bound to socket 1[core 24[hwt 0-1]]: [../../../../../../../../../../../../../../../..][../../../../../../../../BB/../../../../../../..]
[b107.pri.cosma7.alces.network:14986] MCW rank 89 bound to socket 1[core 28[hwt 0-1]]: [../../../../../../../../../../../../../../../..][../../../../../../../../../../../../BB/../../..]
[b107.pri.cosma7.alces.network:14986] MCW rank 88 bound to socket 0[core 12[hwt 0-1]]: [../../../../../../../../../../../../BB/../../..][../../../../../../../../../../../../../../../..]
[b107.pri.cosma7.alces.network:14986] MCW rank 90 bound to socket 0[core 13[hwt 0-1]]: [../../../../../../../../../../../../../BB/../..][../../../../../../../../../../../../../../../..]
[b108.pri.cosma7.alces.network:14819] MCW rank 120 bound to socket 0[core 12[hwt 0-1]]: [../../../../../../../../../../../../BB/../../..][../../../../../../../../../../../../../../../..]
[b107.pri.cosma7.alces.network:14986] MCW rank 91 bound to socket 1[core 29[hwt 0-1]]: [../../../../../../../../../../../../../../../..][../../../../../../../../../../../../../BB/../..]
[b108.pri.cosma7.alces.network:14819] MCW rank 123 bound to socket 1[core 29[hwt 0-1]]: [../../../../../../../../../../../../../../../..][../../../../../../../../../../../../../BB/../..]
[b107.pri.cosma7.alces.network:14986] MCW rank 93 bound to socket 1[core 30[hwt 0-1]]: [../../../../../../../../../../../../../../../..][../../../../../../../../../../../../../../BB/..]
[b102.pri.cosma7.alces.network:23717] MCW rank 55 bound to socket 1[core 27[hwt 0-1]]: [../../../../../../../../../../../../../../../..][../../../../../../../../../../../BB/../../../..]
[b102.pri.cosma7.alces.network:23717] MCW rank 53 bound to socket 1[core 26[hwt 0-1]]: [../../../../../../../../../../../../../../../..][../../../../../../../../../../BB/../../../../..]
[b107.pri.cosma7.alces.network:14986] MCW rank 92 bound to socket 0[core 14[hwt 0-1]]: [../../../../../../../../../../../../../../BB/..][../../../../../../../../../../../../../../../..]
[b107.pri.cosma7.alces.network:14986] MCW rank 94 bound to socket 0[core 15[hwt 0-1]]: [../../../../../../../../../../../../../../../BB][../../../../../../../../../../../../../../../..]
[b108.pri.cosma7.alces.network:14819] MCW rank 124 bound to socket 0[core 14[hwt 0-1]]: [../../../../../../../../../../../../../../BB/..][../../../../../../../../../../../../../../../..]
[b107.pri.cosma7.alces.network:14986] MCW rank 95 bound to socket 1[core 31[hwt 0-1]]: [../../../../../../../../../../../../../../../..][../../../../../../../../../../../../../../../BB]
[b108.pri.cosma7.alces.network:14819] MCW rank 127 bound to socket 1[core 31[hwt 0-1]]: [../../../../../../../../../../../../../../../..][../../../../../../../../../../../../../../../BB]
[b102.pri.cosma7.alces.network:23717] MCW rank 59 bound to socket 1[core 29[hwt 0-1]]: [../../../../../../../../../../../../../../../..][../../../../../../../../../../../../../BB/../..]
[b102.pri.cosma7.alces.network:23717] MCW rank 57 bound to socket 1[core 28[hwt 0-1]]: [../../../../../../../../../../../../../../../..][../../../../../../../../../../../../BB/../../..]
[b102.pri.cosma7.alces.network:23717] MCW rank 63 bound to socket 1[core 31[hwt 0-1]]: [../../../../../../../../../../../../../../../..][../../../../../../../../../../../../../../../BB]
[b102.pri.cosma7.alces.network:23717] MCW rank 61 bound to socket 1[core 30[hwt 0-1]]: [../../../../../../../../../../../../../../../..][../../../../../../../../../../../../../../BB/..]
[b112.pri.cosma7.alces.network:06988] MCW rank 229 bound to socket 1[core 18[hwt 0-1]]: [../../../../../../../../../../../../../../../..][../../BB/../../../../../../../../../../../../..]
[b111.pri.cosma7.alces.network:07353] MCW rank 196 bound to socket 0[core 2[hwt 0-1]]: [../../BB/../../../../../../../../../../../../..][../../../../../../../../../../../../../../../..]
[b110.pri.cosma7.alces.network:12859] MCW rank 167 bound to socket 1[core 19[hwt 0-1]]: [../../../../../../../../../../../../../../../..][../../../BB/../../../../../../../../../../../..]
[b112.pri.cosma7.alces.network:06988] MCW rank 230 bound to socket 0[core 3[hwt 0-1]]: [../../../BB/../../../../../../../../../../../..][../../../../../../../../../../../../../../../..]
[b111.pri.cosma7.alces.network:07353] MCW rank 199 bound to socket 1[core 19[hwt 0-1]]: [../../../../../../../../../../../../../../../..][../../../BB/../../../../../../../../../../../..]
[b109.pri.cosma7.alces.network:13736] MCW rank 135 bound to socket 1[core 19[hwt 0-1]]: [../../../../../../../../../../../../../../../..][../../../BB/../../../../../../../../../../../..]
[b110.pri.cosma7.alces.network:12859] MCW rank 164 bound to socket 0[core 2[hwt 0-1]]: [../../BB/../../../../../../../../../../../../..][../../../../../../../../../../../../../../../..]
[b111.pri.cosma7.alces.network:07353] MCW rank 197 bound to socket 1[core 18[hwt 0-1]]: [../../../../../../../../../../../../../../../..][../../BB/../../../../../../../../../../../../..]
[b109.pri.cosma7.alces.network:13736] MCW rank 134 bound to socket 0[core 3[hwt 0-1]]: [../../../BB/../../../../../../../../../../../..][../../../../../../../../../../../../../../../..]
[b110.pri.cosma7.alces.network:12859] MCW rank 165 bound to socket 1[core 18[hwt 0-1]]: [../../../../../../../../../../../../../../../..][../../BB/../../../../../../../../../../../../..]
[b112.pri.cosma7.alces.network:06988] MCW rank 231 bound to socket 1[core 19[hwt 0-1]]: [../../../../../../../../../../../../../../../..][../../../BB/../../../../../../../../../../../..]
[b109.pri.cosma7.alces.network:13736] MCW rank 132 bound to socket 0[core 2[hwt 0-1]]: [../../BB/../../../../../../../../../../../../..][../../../../../../../../../../../../../../../..]
[b110.pri.cosma7.alces.network:12859] MCW rank 166 bound to socket 0[core 3[hwt 0-1]]: [../../../BB/../../../../../../../../../../../..][../../../../../../../../../../../../../../../..]
[b109.pri.cosma7.alces.network:13736] MCW rank 133 bound to socket 1[core 18[hwt 0-1]]: [../../../../../../../../../../../../../../../..][../../BB/../../../../../../../../../../../../..]
[b111.pri.cosma7.alces.network:07353] MCW rank 198 bound to socket 0[core 3[hwt 0-1]]: [../../../BB/../../../../../../../../../../../..][../../../../../../../../../../../../../../../..]
[b112.pri.cosma7.alces.network:06988] MCW rank 228 bound to socket 0[core 2[hwt 0-1]]: [../../BB/../../../../../../../../../../../../..][../../../../../../../../../../../../../../../..]
[b112.pri.cosma7.alces.network:06988] MCW rank 233 bound to socket 1[core 20[hwt 0-1]]: [../../../../../../../../../../../../../../../..][../../../../BB/../../../../../../../../../../..]
[b109.pri.cosma7.alces.network:13736] MCW rank 139 bound to socket 1[core 21[hwt 0-1]]: [../../../../../../../../../../../../../../../..][../../../../../BB/../../../../../../../../../..]
[b111.pri.cosma7.alces.network:07353] MCW rank 200 bound to socket 0[core 4[hwt 0-1]]: [../../../../BB/../../../../../../../../../../..][../../../../../../../../../../../../../../../..]
[b111.pri.cosma7.alces.network:07353] MCW rank 203 bound to socket 1[core 21[hwt 0-1]]: [../../../../../../../../../../../../../../../..][../../../../../BB/../../../../../../../../../..]
[b112.pri.cosma7.alces.network:06988] MCW rank 234 bound to socket 0[core 5[hwt 0-1]]: [../../../../../BB/../../../../../../../../../..][../../../../../../../../../../../../../../../..]
[b109.pri.cosma7.alces.network:13736] MCW rank 138 bound to socket 0[core 5[hwt 0-1]]: [../../../../../BB/../../../../../../../../../..][../../../../../../../../../../../../../../../..]
[b112.pri.cosma7.alces.network:06988] MCW rank 235 bound to socket 1[core 21[hwt 0-1]]: [../../../../../../../../../../../../../../../..][../../../../../BB/../../../../../../../../../..]
[b111.pri.cosma7.alces.network:07353] MCW rank 201 bound to socket 1[core 20[hwt 0-1]]: [../../../../../../../../../../../../../../../..][../../../../BB/../../../../../../../../../../..]
[b109.pri.cosma7.alces.network:13736] MCW rank 137 bound to socket 1[core 20[hwt 0-1]]: [../../../../../../../../../../../../../../../..][../../../../BB/../../../../../../../../../../..]
[b110.pri.cosma7.alces.network:12859] MCW rank 171 bound to socket 1[core 21[hwt 0-1]]: [../../../../../../../../../../../../../../../..][../../../../../BB/../../../../../../../../../..]
[b110.pri.cosma7.alces.network:12859] MCW rank 168 bound to socket 0[core 4[hwt 0-1]]: [../../../../BB/../../../../../../../../../../..][../../../../../../../../../../../../../../../..]
[b110.pri.cosma7.alces.network:12859] MCW rank 169 bound to socket 1[core 20[hwt 0-1]]: [../../../../../../../../../../../../../../../..][../../../../BB/../../../../../../../../../../..]
[b110.pri.cosma7.alces.network:12859] MCW rank 170 bound to socket 0[core 5[hwt 0-1]]: [../../../../../BB/../../../../../../../../../..][../../../../../../../../../../../../../../../..]
[b111.pri.cosma7.alces.network:07353] MCW rank 202 bound to socket 0[core 5[hwt 0-1]]: [../../../../../BB/../../../../../../../../../..][../../../../../../../../../../../../../../../..]
[b109.pri.cosma7.alces.network:13736] MCW rank 136 bound to socket 0[core 4[hwt 0-1]]: [../../../../BB/../../../../../../../../../../..][../../../../../../../../../../../../../../../..]
[b112.pri.cosma7.alces.network:06988] MCW rank 232 bound to socket 0[core 4[hwt 0-1]]: [../../../../BB/../../../../../../../../../../..][../../../../../../../../../../../../../../../..]
[b111.pri.cosma7.alces.network:07353] MCW rank 204 bound to socket 0[core 6[hwt 0-1]]: [../../../../../../BB/../../../../../../../../..][../../../../../../../../../../../../../../../..]
[b112.pri.cosma7.alces.network:06988] MCW rank 237 bound to socket 1[core 22[hwt 0-1]]: [../../../../../../../../../../../../../../../..][../../../../../../BB/../../../../../../../../..]
[b110.pri.cosma7.alces.network:12859] MCW rank 175 bound to socket 1[core 23[hwt 0-1]]: [../../../../../../../../../../../../../../../..][../../../../../../../BB/../../../../../../../..]
[b109.pri.cosma7.alces.network:13736] MCW rank 143 bound to socket 1[core 23[hwt 0-1]]: [../../../../../../../../../../../../../../../..][../../../../../../../BB/../../../../../../../..]
[b109.pri.cosma7.alces.network:13736] MCW rank 142 bound to socket 0[core 7[hwt 0-1]]: [../../../../../../../BB/../../../../../../../..][../../../../../../../../../../../../../../../..]
[b112.pri.cosma7.alces.network:06988] MCW rank 238 bound to socket 0[core 7[hwt 0-1]]: [../../../../../../../BB/../../../../../../../..][../../../../../../../../../../../../../../../..]
[b110.pri.cosma7.alces.network:12859] MCW rank 172 bound to socket 0[core 6[hwt 0-1]]: [../../../../../../BB/../../../../../../../../..][../../../../../../../../../../../../../../../..]
[b111.pri.cosma7.alces.network:07353] MCW rank 207 bound to socket 1[core 23[hwt 0-1]]: [../../../../../../../../../../../../../../../..][../../../../../../../BB/../../../../../../../..]
[b109.pri.cosma7.alces.network:13736] MCW rank 141 bound to socket 1[core 22[hwt 0-1]]: [../../../../../../../../../../../../../../../..][../../../../../../BB/../../../../../../../../..]
[b111.pri.cosma7.alces.network:07353] MCW rank 206 bound to socket 0[core 7[hwt 0-1]]: [../../../../../../../BB/../../../../../../../..][../../../../../../../../../../../../../../../..]
[b112.pri.cosma7.alces.network:06988] MCW rank 239 bound to socket 1[core 23[hwt 0-1]]: [../../../../../../../../../../../../../../../..][../../../../../../../BB/../../../../../../../..]
[b110.pri.cosma7.alces.network:12859] MCW rank 173 bound to socket 1[core 22[hwt 0-1]]: [../../../../../../../../../../../../../../../..][../../../../../../BB/../../../../../../../../..]
[b111.pri.cosma7.alces.network:07353] MCW rank 205 bound to socket 1[core 22[hwt 0-1]]: [../../../../../../../../../../../../../../../..][../../../../../../BB/../../../../../../../../..]
[b109.pri.cosma7.alces.network:13736] MCW rank 140 bound to socket 0[core 6[hwt 0-1]]: [../../../../../../BB/../../../../../../../../..][../../../../../../../../../../../../../../../..]
[b110.pri.cosma7.alces.network:12859] MCW rank 174 bound to socket 0[core 7[hwt 0-1]]: [../../../../../../../BB/../../../../../../../..][../../../../../../../../../../../../../../../..]
[b112.pri.cosma7.alces.network:06988] MCW rank 236 bound to socket 0[core 6[hwt 0-1]]: [../../../../../../BB/../../../../../../../../..][../../../../../../../../../../../../../../../..]
[b110.pri.cosma7.alces.network:12859] MCW rank 179 bound to socket 1[core 25[hwt 0-1]]: [../../../../../../../../../../../../../../../..][../../../../../../../../../BB/../../../../../..]
[b112.pri.cosma7.alces.network:06988] MCW rank 241 bound to socket 1[core 24[hwt 0-1]]: [../../../../../../../../../../../../../../../..][../../../../../../../../BB/../../../../../../..]
[b111.pri.cosma7.alces.network:07353] MCW rank 208 bound to socket 0[core 8[hwt 0-1]]: [../../../../../../../../BB/../../../../../../..][../../../../../../../../../../../../../../../..]
[b109.pri.cosma7.alces.network:13736] MCW rank 147 bound to socket 1[core 25[hwt 0-1]]: [../../../../../../../../../../../../../../../..][../../../../../../../../../BB/../../../../../..]
[b111.pri.cosma7.alces.network:07353] MCW rank 211 bound to socket 1[core 25[hwt 0-1]]: [../../../../../../../../../../../../../../../..][../../../../../../../../../BB/../../../../../..]
[b109.pri.cosma7.alces.network:13736] MCW rank 146 bound to socket 0[core 9[hwt 0-1]]: [../../../../../../../../../BB/../../../../../..][../../../../../../../../../../../../../../../..]
[b110.pri.cosma7.alces.network:12859] MCW rank 176 bound to socket 0[core 8[hwt 0-1]]: [../../../../../../../../BB/../../../../../../..][../../../../../../../../../../../../../../../..]
[b112.pri.cosma7.alces.network:06988] MCW rank 242 bound to socket 0[core 9[hwt 0-1]]: [../../../../../../../../../BB/../../../../../..][../../../../../../../../../../../../../../../..]
[b111.pri.cosma7.alces.network:07353] MCW rank 210 bound to socket 0[core 9[hwt 0-1]]: [../../../../../../../../../BB/../../../../../..][../../../../../../../../../../../../../../../..]
[b109.pri.cosma7.alces.network:13736] MCW rank 145 bound to socket 1[core 24[hwt 0-1]]: [../../../../../../../../../../../../../../../..][../../../../../../../../BB/../../../../../../..]
[b111.pri.cosma7.alces.network:07353] MCW rank 209 bound to socket 1[core 24[hwt 0-1]]: [../../../../../../../../../../../../../../../..][../../../../../../../../BB/../../../../../../..]
[b112.pri.cosma7.alces.network:06988] MCW rank 243 bound to socket 1[core 25[hwt 0-1]]: [../../../../../../../../../../../../../../../..][../../../../../../../../../BB/../../../../../..]
[b110.pri.cosma7.alces.network:12859] MCW rank 177 bound to socket 1[core 24[hwt 0-1]]: [../../../../../../../../../../../../../../../..][../../../../../../../../BB/../../../../../../..]
[b109.pri.cosma7.alces.network:13736] MCW rank 144 bound to socket 0[core 8[hwt 0-1]]: [../../../../../../../../BB/../../../../../../..][../../../../../../../../../../../../../../../..]
[b112.pri.cosma7.alces.network:06988] MCW rank 240 bound to socket 0[core 8[hwt 0-1]]: [../../../../../../../../BB/../../../../../../..][../../../../../../../../../../../../../../../..]
[b110.pri.cosma7.alces.network:12859] MCW rank 178 bound to socket 0[core 9[hwt 0-1]]: [../../../../../../../../../BB/../../../../../..][../../../../../../../../../../../../../../../..]
[b111.pri.cosma7.alces.network:07353] MCW rank 214 bound to socket 0[core 11[hwt 0-1]]: [../../../../../../../../../../../BB/../../../..][../../../../../../../../../../../../../../../..]
[b110.pri.cosma7.alces.network:12859] MCW rank 183 bound to socket 1[core 27[hwt 0-1]]: [../../../../../../../../../../../../../../../..][../../../../../../../../../../../BB/../../../..]
[b112.pri.cosma7.alces.network:06988] MCW rank 245 bound to socket 1[core 26[hwt 0-1]]: [../../../../../../../../../../../../../../../..][../../../../../../../../../../BB/../../../../..]
[b109.pri.cosma7.alces.network:13736] MCW rank 151 bound to socket 1[core 27[hwt 0-1]]: [../../../../../../../../../../../../../../../..][../../../../../../../../../../../BB/../../../..]
[b109.pri.cosma7.alces.network:13736] MCW rank 149 bound to socket 1[core 26[hwt 0-1]]: [../../../../../../../../../../../../../../../..][../../../../../../../../../../BB/../../../../..]
[b110.pri.cosma7.alces.network:12859] MCW rank 180 bound to socket 0[core 10[hwt 0-1]]: [../../../../../../../../../../BB/../../../../..][../../../../../../../../../../../../../../../..]
[b112.pri.cosma7.alces.network:06988] MCW rank 246 bound to socket 0[core 11[hwt 0-1]]: [../../../../../../../../../../../BB/../../../..][../../../../../../../../../../../../../../../..]
[b111.pri.cosma7.alces.network:07353] MCW rank 212 bound to socket 0[core 10[hwt 0-1]]: [../../../../../../../../../../BB/../../../../..][../../../../../../../../../../../../../../../..]
[b109.pri.cosma7.alces.network:13736] MCW rank 150 bound to socket 0[core 11[hwt 0-1]]: [../../../../../../../../../../../BB/../../../..][../../../../../../../../../../../../../../../..]
[b111.pri.cosma7.alces.network:07353] MCW rank 213 bound to socket 1[core 26[hwt 0-1]]: [../../../../../../../../../../../../../../../..][../../../../../../../../../../BB/../../../../..]
[b112.pri.cosma7.alces.network:06988] MCW rank 247 bound to socket 1[core 27[hwt 0-1]]: [../../../../../../../../../../../../../../../..][../../../../../../../../../../../BB/../../../..]
[b110.pri.cosma7.alces.network:12859] MCW rank 181 bound to socket 1[core 26[hwt 0-1]]: [../../../../../../../../../../../../../../../..][../../../../../../../../../../BB/../../../../..]
[b111.pri.cosma7.alces.network:07353] MCW rank 215 bound to socket 1[core 27[hwt 0-1]]: [../../../../../../../../../../../../../../../..][../../../../../../../../../../../BB/../../../..]
[b109.pri.cosma7.alces.network:13736] MCW rank 148 bound to socket 0[core 10[hwt 0-1]]: [../../../../../../../../../../BB/../../../../..][../../../../../../../../../../../../../../../..]
[b110.pri.cosma7.alces.network:12859] MCW rank 182 bound to socket 0[core 11[hwt 0-1]]: [../../../../../../../../../../../BB/../../../..][../../../../../../../../../../../../../../../..]
[b112.pri.cosma7.alces.network:06988] MCW rank 244 bound to socket 0[core 10[hwt 0-1]]: [../../../../../../../../../../BB/../../../../..][../../../../../../../../../../../../../../../..]
[b111.pri.cosma7.alces.network:07353] MCW rank 218 bound to socket 0[core 13[hwt 0-1]]: [../../../../../../../../../../../../../BB/../..][../../../../../../../../../../../../../../../..]
[b112.pri.cosma7.alces.network:06988] MCW rank 249 bound to socket 1[core 28[hwt 0-1]]: [../../../../../../../../../../../../../../../..][../../../../../../../../../../../../BB/../../..]
[b109.pri.cosma7.alces.network:13736] MCW rank 155 bound to socket 1[core 29[hwt 0-1]]: [../../../../../../../../../../../../../../../..][../../../../../../../../../../../../../BB/../..]
[b109.pri.cosma7.alces.network:13736] MCW rank 153 bound to socket 1[core 28[hwt 0-1]]: [../../../../../../../../../../../../../../../..][../../../../../../../../../../../../BB/../../..]
[b111.pri.cosma7.alces.network:07353] MCW rank 216 bound to socket 0[core 12[hwt 0-1]]: [../../../../../../../../../../../../BB/../../..][../../../../../../../../../../../../../../../..]
[b112.pri.cosma7.alces.network:06988] MCW rank 250 bound to socket 0[core 13[hwt 0-1]]: [../../../../../../../../../../../../../BB/../..][../../../../../../../../../../../../../../../..]
[b110.pri.cosma7.alces.network:12859] MCW rank 187 bound to socket 1[core 29[hwt 0-1]]: [../../../../../../../../../../../../../../../..][../../../../../../../../../../../../../BB/../..]
[b110.pri.cosma7.alces.network:12859] MCW rank 184 bound to socket 0[core 12[hwt 0-1]]: [../../../../../../../../../../../../BB/../../..][../../../../../../../../../../../../../../../..]
[b109.pri.cosma7.alces.network:13736] MCW rank 154 bound to socket 0[core 13[hwt 0-1]]: [../../../../../../../../../../../../../BB/../..][../../../../../../../../../../../../../../../..]
[b111.pri.cosma7.alces.network:07353] MCW rank 217 bound to socket 1[core 28[hwt 0-1]]: [../../../../../../../../../../../../../../../..][../../../../../../../../../../../../BB/../../..]
[b112.pri.cosma7.alces.network:06988] MCW rank 251 bound to socket 1[core 29[hwt 0-1]]: [../../../../../../../../../../../../../../../..][../../../../../../../../../../../../../BB/../..]
[b110.pri.cosma7.alces.network:12859] MCW rank 185 bound to socket 1[core 28[hwt 0-1]]: [../../../../../../../../../../../../../../../..][../../../../../../../../../../../../BB/../../..]
[b112.pri.cosma7.alces.network:06988] MCW rank 248 bound to socket 0[core 12[hwt 0-1]]: [../../../../../../../../../../../../BB/../../..][../../../../../../../../../../../../../../../..]
[b110.pri.cosma7.alces.network:12859] MCW rank 186 bound to socket 0[core 13[hwt 0-1]]: [../../../../../../../../../../../../../BB/../..][../../../../../../../../../../../../../../../..]
[b111.pri.cosma7.alces.network:07353] MCW rank 219 bound to socket 1[core 29[hwt 0-1]]: [../../../../../../../../../../../../../../../..][../../../../../../../../../../../../../BB/../..]
[b109.pri.cosma7.alces.network:13736] MCW rank 152 bound to socket 0[core 12[hwt 0-1]]: [../../../../../../../../../../../../BB/../../..][../../../../../../../../../../../../../../../..]
[b109.pri.cosma7.alces.network:13736] MCW rank 159 bound to socket 1[core 31[hwt 0-1]]: [../../../../../../../../../../../../../../../..][../../../../../../../../../../../../../../../BB]
[b110.pri.cosma7.alces.network:12859] MCW rank 191 bound to socket 1[core 31[hwt 0-1]]: [../../../../../../../../../../../../../../../..][../../../../../../../../../../../../../../../BB]
[b111.pri.cosma7.alces.network:07353] MCW rank 222 bound to socket 0[core 15[hwt 0-1]]: [../../../../../../../../../../../../../../../BB][../../../../../../../../../../../../../../../..]
[b111.pri.cosma7.alces.network:07353] MCW rank 220 bound to socket 0[core 14[hwt 0-1]]: [../../../../../../../../../../../../../../BB/..][../../../../../../../../../../../../../../../..]
[b112.pri.cosma7.alces.network:06988] MCW rank 253 bound to socket 1[core 30[hwt 0-1]]: [../../../../../../../../../../../../../../../..][../../../../../../../../../../../../../../BB/..]
[b109.pri.cosma7.alces.network:13736] MCW rank 157 bound to socket 1[core 30[hwt 0-1]]: [../../../../../../../../../../../../../../../..][../../../../../../../../../../../../../../BB/..]
[b110.pri.cosma7.alces.network:12859] MCW rank 189 bound to socket 1[core 30[hwt 0-1]]: [../../../../../../../../../../../../../../../..][../../../../../../../../../../../../../../BB/..]
[b111.pri.cosma7.alces.network:07353] MCW rank 221 bound to socket 1[core 30[hwt 0-1]]: [../../../../../../../../../../../../../../../..][../../../../../../../../../../../../../../BB/..]
[b112.pri.cosma7.alces.network:06988] MCW rank 254 bound to socket 0[core 15[hwt 0-1]]: [../../../../../../../../../../../../../../../BB][../../../../../../../../../../../../../../../..]
[b111.pri.cosma7.alces.network:07353] MCW rank 223 bound to socket 1[core 31[hwt 0-1]]: [../../../../../../../../../../../../../../../..][../../../../../../../../../../../../../../../BB]
[b109.pri.cosma7.alces.network:13736] MCW rank 158 bound to socket 0[core 15[hwt 0-1]]: [../../../../../../../../../../../../../../../BB][../../../../../../../../../../../../../../../..]
[b112.pri.cosma7.alces.network:06988] MCW rank 255 bound to socket 1[core 31[hwt 0-1]]: [../../../../../../../../../../../../../../../..][../../../../../../../../../../../../../../../BB]
[b110.pri.cosma7.alces.network:12859] MCW rank 188 bound to socket 0[core 14[hwt 0-1]]: [../../../../../../../../../../../../../../BB/..][../../../../../../../../../../../../../../../..]
[b109.pri.cosma7.alces.network:13736] MCW rank 156 bound to socket 0[core 14[hwt 0-1]]: [../../../../../../../../../../../../../../BB/..][../../../../../../../../../../../../../../../..]
[b112.pri.cosma7.alces.network:06988] MCW rank 252 bound to socket 0[core 14[hwt 0-1]]: [../../../../../../../../../../../../../../BB/..][../../../../../../../../../../../../../../../..]
[b110.pri.cosma7.alces.network:12859] MCW rank 190 bound to socket 0[core 15[hwt 0-1]]: [../../../../../../../../../../../../../../../BB][../../../../../../../../../../../../../../../..]
level 0 thread 0x2b34cecc0700 affinity 25,57
level 0 thread 0x2aed2755e700 affinity 24,56
level 0 thread 0x2b22e1a35700 affinity 10,42
level 0 thread 0x2ae6b62ca700 affinity 11,43
level 0 thread 0x2b6a2852a700 affinity 28,60
level 0 thread 0x2addd346f700 affinity 29,61
level 0 thread 0x2abf86f0d700 affinity 15,47
level 0 thread 0x2ba258d6d700 affinity 0,32
level 0 thread 0x2b268f71d700 affinity 1,33
level 0 thread 0x2adbe6370700 affinity 2,34
level 0 thread 0x2b342e7d3700 affinity 3,35
level 0 thread 0x2b6a3296f700 affinity 21,53
level 0 thread 0x2aeab4816700 affinity 20,52
level 0 thread 0x2b232b666700 affinity 23,55
level 0 thread 0x2af61f619700 affinity 6,38
level 0 thread 0x2ac735293700 affinity 7,39
level 0 thread 0x2b2cce881700 affinity 22,54
level 0 thread 0x2b2967548700 affinity 14,46
level 0 thread 0x2af61d498700 affinity 27,59
level 0 thread 0x2ba0ee489700 affinity 26,58
level 0 thread 0x2b8e5b450700 affinity 31,63
level 0 thread 0x2b4a7a916700 affinity 30,62
level 0 thread 0x2b3a990fb700 affinity 17,49
level 0 thread 0x2b7e9222f700 affinity 19,51
level 0 thread 0x2acbaae1d700 affinity 18,50
level 0 thread 0x2b003c2d2700 affinity 4,36
level 0 thread 0x2b262e7db700 affinity 5,37
level 0 thread 0x2b99e5fce700 affinity 8,40
level 0 thread 0x2b17017e1700 affinity 9,41
level 0 thread 0x2adbf4f26700 affinity 13,45
level 0 thread 0x2b4d0656d700 affinity 12,44
level 0 thread 0x2ad5f521c700 affinity 16,48
level 0 thread 0x2b4ebc4fa700 affinity 10,42
level 0 thread 0x2b42f539a700 affinity 17,49
level 0 thread 0x2b1b82df4700 affinity 11,43
level 0 thread 0x2b4d3ef4a700 affinity 8,40
level 0 thread 0x2b429722a700 affinity 15,47
level 0 thread 0x2ac88984d700 affinity 9,41
level 0 thread 0x2ba72c412700 affinity 5,37
level 0 thread 0x2b1b0b555700 affinity 26,58
level 0 thread 0x2ad4884df700 affinity 27,59
level 0 thread 0x2b438b2f9700 affinity 16,48
level 0 thread 0x2b2c95eee700 affinity 14,46
level 0 thread 0x2b0fc0eec700 affinity 18,50
level 0 thread 0x2b360cea2700 affinity 4,36
level 0 thread 0x2ae7ee097700 affinity 19,51
level 0 thread 0x2ad6f65f6700 affinity 26,58
level 0 thread 0x2b0725bc1700 affinity 17,49
level 0 thread 0x2ad6a031c700 affinity 22,54
level 0 thread 0x2b63edece700 affinity 27,59
level 0 thread 0x2b284a8d0700 affinity 2,34
level 0 thread 0x2abfcaee1700 affinity 15,47
level 0 thread 0x2aec0ef4e700 affinity 12,44
level 0 thread 0x2aed9e220700 affinity 3,35
level 0 thread 0x2b20e11ce700 affinity 23,55
level 0 thread 0x2ad0676c4700 affinity 13,45
level 0 thread 0x2b3e2be39700 affinity 4,36
level 0 thread 0x2ac931e14700 affinity 28,60
level 0 thread 0x2aabab819700 affinity 29,61
level 0 thread 0x2adc455c6700 affinity 14,46
level 0 thread 0x2b5d21c8b700 affinity 29,61
level 0 thread 0x2b096f95c700 affinity 14,46
level 0 thread 0x2acef0ec9700 affinity 5,37
level 0 thread 0x2b0495bd6700 affinity 0,32
level 0 thread 0x2af8951cc700 affinity 31,63
level 0 thread 0x2b99fac2b700 affinity 15,47
level 0 thread 0x2af595a9b700 affinity 31,63
level 0 thread 0x2ad83a337700 affinity 0,32
level 0 thread 0x2b875a4ac700 affinity 25,57
level 0 thread 0x2ad5ccaca700 affinity 1,33
level 0 thread 0x2b32446e5700 affinity 16,48
level 0 thread 0x2b3ecfaef700 affinity 8,40
level 0 thread 0x2ad77065a700 affinity 2,34
level 0 thread 0x2aed01b51700 affinity 1,33
level 0 thread 0x2ab121a28700 affinity 9,41
level 0 thread 0x2b4dd2101700 affinity 3,35
level 0 thread 0x2b43938b4700 affinity 17,49
level 0 thread 0x2b931a917700 affinity 24,56
level 0 thread 0x2b79e91d6700 affinity 13,45
level 0 thread 0x2b1020b8a700 affinity 2,34
level 0 thread 0x2ac225d8c700 affinity 20,52
level 0 thread 0x2ac2ea5eb700 affinity 20,52
level 0 thread 0x2b4345b3b700 affinity 18,50
level 0 thread 0x2b710d6d7700 affinity 21,53
level 0 thread 0x2b1becabe700 affinity 4,36
level 0 thread 0x2b4286820700 affinity 3,35
level 0 thread 0x2ac2afeb1700 affinity 28,60
level 0 thread 0x2b50153b4700 affinity 5,37
level 0 thread 0x2b2d44359700 affinity 19,51
level 0 thread 0x2aeed64fd700 affinity 0,32
level 0 thread 0x2addadfae700 affinity 7,39
level 0 thread 0x2add54cca700 affinity 20,52
level 0 thread 0x2ac8f6483700 affinity 1,33
level 0 thread 0x2ad80c52f700 affinity 24,56
level 0 thread 0x2aea66e98700 affinity 7,39
level 0 thread 0x2b486a740700 affinity 18,50
level 0 thread 0x2ac28793c700 affinity 25,57
level 0 thread 0x2b91d3bfe700 affinity 21,53
level 0 thread 0x2ad980113700 affinity 19,51
level 0 thread 0x2b02ab64c700 affinity 10,42
level 0 thread 0x2abe270d2700 affinity 6,38
level 0 thread 0x2af1c2fe1700 affinity 13,45
level 0 thread 0x2b6c721dc700 affinity 11,43
level 0 thread 0x2b6f8d575700 affinity 9,41
level 0 thread 0x2ab2ef4ac700 affinity 6,38
level 0 thread 0x2b0e7ee0f700 affinity 12,44
level 0 thread 0x2ba9b8780700 affinity 24,56
level 0 thread 0x2b976042a700 affinity 22,54
level 0 thread 0x2b4a9034c700 affinity 21,53
level 0 thread 0x2af0f3e63700 affinity 8,40
level 0 thread 0x2b3815c31700 affinity 7,39
level 0 thread 0x2abf5611b700 affinity 6,38
level 0 thread 0x2ae4deff5700 affinity 25,57
level 0 thread 0x2b24c81f9700 affinity 23,55
level 0 thread 0x2aaf6c3c5700 affinity 30,62
level 0 thread 0x2b480c166700 affinity 10,42
level 0 thread 0x2b0fb7db7700 affinity 27,59
level 0 thread 0x2ac2a99ff700 affinity 11,43
level 0 thread 0x2ab5ab00f700 affinity 30,62
level 0 thread 0x2b7723178700 affinity 28,60
level 0 thread 0x2ac167c7c700 affinity 29,61
level 0 thread 0x2ad03097b700 affinity 30,62
level 0 thread 0x2b2a4f93e700 affinity 12,44
level 0 thread 0x2b4ab7fa3700 affinity 22,54
level 0 thread 0x2b80a6214700 affinity 26,58
level 0 thread 0x2b961d273700 affinity 23,55
level 0 thread 0x2b94de1b8700 affinity 31,63
level 0 thread 0x2ad8a9d3a700 affinity 16,48
level 0 thread 0x2b757ee4d700 affinity 16,48
level 0 thread 0x2b61f4376700 affinity 3,35
level 0 thread 0x2ac3fb176700 affinity 2,34
level 0 thread 0x2ae989491700 affinity 17,49
level 0 thread 0x2b4a7c7f5700 affinity 20,52
level 0 thread 0x2afe48cec700 affinity 21,53
level 0 thread 0x2b6b23333700 affinity 7,39
level 0 thread 0x2aabb3cc0700 affinity 23,55
level 0 thread 0x2b80ce146700 affinity 4,36
level 0 thread 0x2b494396a700 affinity 6,38
level 0 thread 0x2b60ccb39700 affinity 29,61
level 0 thread 0x2aaec4f45700 affinity 15,47
level 0 thread 0x2b4944979700 affinity 30,62
level 0 thread 0x2aeef5ed3700 affinity 14,46
level 0 thread 0x2b379f54a700 affinity 12,44
level 0 thread 0x2b97110df700 affinity 0,32
level 0 thread 0x2b914c094700 affinity 1,33
level 0 thread 0x2b9f41b57700 affinity 19,51
level 0 thread 0x2af1ee016700 affinity 5,37
level 0 thread 0x2b9ef5e5d700 affinity 18,50
level 0 thread 0x2adc9d0f3700 affinity 22,54
level 0 thread 0x2ad1470c8700 affinity 24,56
level 0 thread 0x2b99789c0700 affinity 9,41
level 0 thread 0x2afd8b93e700 affinity 25,57
level 0 thread 0x2b230cb12700 affinity 11,43
level 0 thread 0x2b300d42c700 affinity 27,59
level 0 thread 0x2af3ddb65700 affinity 26,58
level 0 thread 0x2abc3fed7700 affinity 8,40
level 0 thread 0x2b68c5e0e700 affinity 13,45
level 0 thread 0x2aac172af700 affinity 28,60
level 0 thread 0x2b7ceb2d5700 affinity 10,42
level 0 thread 0x2ad92ac97700 affinity 31,63
level 0 thread 0x2ac957584700 affinity 19,51
level 0 thread 0x2abb2bb3b700 affinity 18,50
level 0 thread 0x2aae7f2f8700 affinity 7,39
level 0 thread 0x2abc38703700 affinity 23,55
level 0 thread 0x2b8941f7c700 affinity 6,38
level 0 thread 0x2ac7ef951700 affinity 22,54
level 0 thread 0x2b73332f6700 affinity 24,56
level 0 thread 0x2b676bbdc700 affinity 13,45
level 0 thread 0x2b136f662700 affinity 12,44
level 0 thread 0x2b96bc939700 affinity 28,60
level 0 thread 0x2ad68253a700 affinity 15,47
level 0 thread 0x2b4d54bfb700 affinity 14,46
level 0 thread 0x2ab8ae881700 affinity 1,33
level 0 thread 0x2afce597c700 affinity 29,61
level 0 thread 0x2b07589a7700 affinity 31,63
level 0 thread 0x2b1494f34700 affinity 30,62
level 0 thread 0x2b39a20af700 affinity 0,32
level 0 thread 0x2b2888870700 affinity 16,48
level 0 thread 0x2b6809a09700 affinity 1,33
level 0 thread 0x2b6c3f67b700 affinity 17,49
level 0 thread 0x2b8385aeb700 affinity 2,34
level 0 thread 0x2b8726872700 affinity 4,36
level 0 thread 0x2b0fdc3aa700 affinity 3,35
level 0 thread 0x2b86a1523700 affinity 19,51
level 0 thread 0x2b2ac9d14700 affinity 21,53
level 0 thread 0x2b3e95942700 affinity 20,52
level 0 thread 0x2b22ffd41700 affinity 4,36
level 0 thread 0x2b5e80edf700 affinity 5,37
level 0 thread 0x2b9e633ca700 affinity 3,35
level 0 thread 0x2af9f9d12700 affinity 9,41
level 0 thread 0x2b81e0474700 affinity 25,57
level 0 thread 0x2b3603dc5700 affinity 17,49
level 0 thread 0x2b4721c5e700 affinity 25,57
level 0 thread 0x2af2ac44d700 affinity 24,56
level 0 thread 0x2b7250056700 affinity 8,40
level 0 thread 0x2b9cbb177700 affinity 27,59
level 0 thread 0x2b24db6c3700 affinity 11,43
level 0 thread 0x2b3431e1f700 affinity 26,58
level 0 thread 0x2b8c1043d700 affinity 18,50
level 0 thread 0x2b8f58605700 affinity 10,42
level 0 thread 0x2b5a4567a700 affinity 28,60
level 0 thread 0x2ab622061700 affinity 3,35
level 0 thread 0x2ad050757700 affinity 26,58
level 0 thread 0x2baad4fdf700 affinity 11,43
level 0 thread 0x2ba8b0216700 affinity 2,34
level 0 thread 0x2b031d602700 affinity 27,59
level 0 thread 0x2b6eeed24700 affinity 14,46
level 0 thread 0x2b9ecc3b2700 affinity 22,54
level 0 thread 0x2b5cf3ba4700 affinity 15,47
level 0 thread 0x2b5dd4840700 affinity 25,57
level 0 thread 0x2b6e7df2b700 affinity 13,45
level 0 thread 0x2b64e19cd700 affinity 24,56
level 0 thread 0x2ad55d996700 affinity 0,32
level 0 thread 0x2aafc7ce8700 affinity 31,63
level 0 thread 0x2b9e94b07700 affinity 16,48
level 0 thread 0x2b2d57fe9700 affinity 30,62
level 0 thread 0x2b546bf3d700 affinity 19,51
level 0 thread 0x2aff37c3d700 affinity 15,47
level 0 thread 0x2aea1da6c700 affinity 2,34
level 0 thread 0x2abddf659700 affinity 0,32
level 0 thread 0x2b3f8e195700 affinity 18,50
level 0 thread 0x2aebf4cd6700 affinity 16,48
level 0 thread 0x2b64869fc700 affinity 17,49
level 0 thread 0x2ba10da17700 affinity 1,33
level 0 thread 0x2aef88a11700 affinity 21,53
level 0 thread 0x2b6bb6d21700 affinity 14,46
level 0 thread 0x2b38d380b700 affinity 20,52
level 0 thread 0x2b68aba59700 affinity 21,53
level 0 thread 0x2b1825d6c700 affinity 23,55
level 0 thread 0x2b1de2613700 affinity 20,52
level 0 thread 0x2b2b2695e700 affinity 6,38
level 0 thread 0x2b21c2500700 affinity 5,37
level 0 thread 0x2b6a323ea700 affinity 22,54
level 0 thread 0x2af53b809700 affinity 23,55
level 0 thread 0x2ab556773700 affinity 5,37
level 0 thread 0x2b77a31e2700 affinity 4,36
level 0 thread 0x2b03e3030700 affinity 8,40
level 0 thread 0x2b779d83f700 affinity 7,39
level 0 thread 0x2b263fe53700 affinity 7,39
level 0 thread 0x2ad49a485700 affinity 6,38
level 0 thread 0x2b8080c76700 affinity 10,42
level 0 thread 0x2ab0dfdc7700 affinity 9,41
level 0 thread 0x2ac9c57b0700 affinity 9,41
level 0 thread 0x2b8878818700 affinity 27,59
level 0 thread 0x2af120bf4700 affinity 29,61
level 0 thread 0x2b5a33988700 affinity 8,40
level 0 thread 0x2aacba0fe700 affinity 12,44
level 0 thread 0x2b6e357b8700 affinity 26,58
level 0 thread 0x2b6b932ef700 affinity 30,62
level 0 thread 0x2b5a87c28700 affinity 11,43
level 0 thread 0x2b0ad20b1700 affinity 31,63
level 0 thread 0x2b1a6808a700 affinity 29,61
level 0 thread 0x2ab789070700 affinity 10,42
level 0 thread 0x2b4945fd2700 affinity 28,60
level 0 thread 0x2b72462f8700 affinity 13,45
level 0 thread 0x2b821387b700 affinity 12,44
