- Package -----------------------------.- Versions --------.- Last mod. -------
Currently Loaded Modulefiles:
cosma/2018                                                  2018/05/24 15:26:01
gnu_comp/11.1.0                                             2021/06/30 10:41:57
hipsycl-0.9.4-gcc-11.1.0-cfxbgst                            2023/04/27 13:15:08
openmpi/4.1.4                                               2022/11/28 11:11:31
cmake/3.25.1                                                2023/01/04 10:42:48
boost-1.80.0-gcc-11.1.0-kxwgyuc                             2023/05/03 17:16:13
fftw-3.3.10-gcc-11.1.0-lpkp2ev                              2023/04/27 14:28:58
python/3.10.7                                               2022/10/04 12:04:13
hdf5-1.12.2-gcc-11.1.0-4ovmzew                              2023/05/03 16:18:46
nektar-5.3.0-2e0fb8-gcc-11.1.0-ooymem2                      2023/05/03 17:26:27
googletest-1.12.1-gcc-11.1.0-25bkaph                        2023/04/27 13:16:42
[b103.pri.cosma7.alces.network:20732] MCW rank 0 bound to socket 0[core 0[hwt 0-1]]: [BB/../../../../../../../../../../../../../../..][../../../../../../../../../../../../../../../..]
[b103.pri.cosma7.alces.network:20732] MCW rank 1 bound to socket 1[core 16[hwt 0-1]]: [../../../../../../../../../../../../../../../..][BB/../../../../../../../../../../../../../../..]
[b103.pri.cosma7.alces.network:20732] MCW rank 2 bound to socket 0[core 1[hwt 0-1]]: [../BB/../../../../../../../../../../../../../..][../../../../../../../../../../../../../../../..]
[b103.pri.cosma7.alces.network:20732] MCW rank 3 bound to socket 1[core 17[hwt 0-1]]: [../../../../../../../../../../../../../../../..][../BB/../../../../../../../../../../../../../..]
[b103.pri.cosma7.alces.network:20732] MCW rank 4 bound to socket 0[core 2[hwt 0-1]]: [../../BB/../../../../../../../../../../../../..][../../../../../../../../../../../../../../../..]
[b103.pri.cosma7.alces.network:20732] MCW rank 5 bound to socket 1[core 18[hwt 0-1]]: [../../../../../../../../../../../../../../../..][../../BB/../../../../../../../../../../../../..]
[b103.pri.cosma7.alces.network:20732] MCW rank 6 bound to socket 0[core 3[hwt 0-1]]: [../../../BB/../../../../../../../../../../../..][../../../../../../../../../../../../../../../..]
[b103.pri.cosma7.alces.network:20732] MCW rank 7 bound to socket 1[core 19[hwt 0-1]]: [../../../../../../../../../../../../../../../..][../../../BB/../../../../../../../../../../../..]
[b103.pri.cosma7.alces.network:20732] MCW rank 8 bound to socket 0[core 4[hwt 0-1]]: [../../../../BB/../../../../../../../../../../..][../../../../../../../../../../../../../../../..]
[b103.pri.cosma7.alces.network:20732] MCW rank 9 bound to socket 1[core 20[hwt 0-1]]: [../../../../../../../../../../../../../../../..][../../../../BB/../../../../../../../../../../..]
[b103.pri.cosma7.alces.network:20732] MCW rank 10 bound to socket 0[core 5[hwt 0-1]]: [../../../../../BB/../../../../../../../../../..][../../../../../../../../../../../../../../../..]
[b103.pri.cosma7.alces.network:20732] MCW rank 11 bound to socket 1[core 21[hwt 0-1]]: [../../../../../../../../../../../../../../../..][../../../../../BB/../../../../../../../../../..]
[b103.pri.cosma7.alces.network:20732] MCW rank 12 bound to socket 0[core 6[hwt 0-1]]: [../../../../../../BB/../../../../../../../../..][../../../../../../../../../../../../../../../..]
[b103.pri.cosma7.alces.network:20732] MCW rank 14 bound to socket 0[core 7[hwt 0-1]]: [../../../../../../../BB/../../../../../../../..][../../../../../../../../../../../../../../../..]
[b103.pri.cosma7.alces.network:20732] MCW rank 13 bound to socket 1[core 22[hwt 0-1]]: [../../../../../../../../../../../../../../../..][../../../../../../BB/../../../../../../../../..]
[b103.pri.cosma7.alces.network:20732] MCW rank 15 bound to socket 1[core 23[hwt 0-1]]: [../../../../../../../../../../../../../../../..][../../../../../../../BB/../../../../../../../..]
[b103.pri.cosma7.alces.network:20732] MCW rank 16 bound to socket 0[core 8[hwt 0-1]]: [../../../../../../../../BB/../../../../../../..][../../../../../../../../../../../../../../../..]
[b103.pri.cosma7.alces.network:20732] MCW rank 18 bound to socket 0[core 9[hwt 0-1]]: [../../../../../../../../../BB/../../../../../..][../../../../../../../../../../../../../../../..]
[b103.pri.cosma7.alces.network:20732] MCW rank 17 bound to socket 1[core 24[hwt 0-1]]: [../../../../../../../../../../../../../../../..][../../../../../../../../BB/../../../../../../..]
[b103.pri.cosma7.alces.network:20732] MCW rank 19 bound to socket 1[core 25[hwt 0-1]]: [../../../../../../../../../../../../../../../..][../../../../../../../../../BB/../../../../../..]
[b103.pri.cosma7.alces.network:20732] MCW rank 20 bound to socket 0[core 10[hwt 0-1]]: [../../../../../../../../../../BB/../../../../..][../../../../../../../../../../../../../../../..]
[b103.pri.cosma7.alces.network:20732] MCW rank 22 bound to socket 0[core 11[hwt 0-1]]: [../../../../../../../../../../../BB/../../../..][../../../../../../../../../../../../../../../..]
[b103.pri.cosma7.alces.network:20732] MCW rank 21 bound to socket 1[core 26[hwt 0-1]]: [../../../../../../../../../../../../../../../..][../../../../../../../../../../BB/../../../../..]
[b103.pri.cosma7.alces.network:20732] MCW rank 23 bound to socket 1[core 27[hwt 0-1]]: [../../../../../../../../../../../../../../../..][../../../../../../../../../../../BB/../../../..]
[b103.pri.cosma7.alces.network:20732] MCW rank 26 bound to socket 0[core 13[hwt 0-1]]: [../../../../../../../../../../../../../BB/../..][../../../../../../../../../../../../../../../..]
[b103.pri.cosma7.alces.network:20732] MCW rank 24 bound to socket 0[core 12[hwt 0-1]]: [../../../../../../../../../../../../BB/../../..][../../../../../../../../../../../../../../../..]
[b103.pri.cosma7.alces.network:20732] MCW rank 25 bound to socket 1[core 28[hwt 0-1]]: [../../../../../../../../../../../../../../../..][../../../../../../../../../../../../BB/../../..]
[b103.pri.cosma7.alces.network:20732] MCW rank 27 bound to socket 1[core 29[hwt 0-1]]: [../../../../../../../../../../../../../../../..][../../../../../../../../../../../../../BB/../..]
[b103.pri.cosma7.alces.network:20732] MCW rank 30 bound to socket 0[core 15[hwt 0-1]]: [../../../../../../../../../../../../../../../BB][../../../../../../../../../../../../../../../..]
[b103.pri.cosma7.alces.network:20732] MCW rank 28 bound to socket 0[core 14[hwt 0-1]]: [../../../../../../../../../../../../../../BB/..][../../../../../../../../../../../../../../../..]
[b103.pri.cosma7.alces.network:20732] MCW rank 29 bound to socket 1[core 30[hwt 0-1]]: [../../../../../../../../../../../../../../../..][../../../../../../../../../../../../../../BB/..]
[b103.pri.cosma7.alces.network:20732] MCW rank 31 bound to socket 1[core 31[hwt 0-1]]: [../../../../../../../../../../../../../../../..][../../../../../../../../../../../../../../../BB]
[b104.pri.cosma7.alces.network:18784] MCW rank 32 bound to socket 0[core 0[hwt 0-1]]: [BB/../../../../../../../../../../../../../../..][../../../../../../../../../../../../../../../..]
[b104.pri.cosma7.alces.network:18784] MCW rank 33 bound to socket 1[core 16[hwt 0-1]]: [../../../../../../../../../../../../../../../..][BB/../../../../../../../../../../../../../../..]
[b104.pri.cosma7.alces.network:18784] MCW rank 34 bound to socket 0[core 1[hwt 0-1]]: [../BB/../../../../../../../../../../../../../..][../../../../../../../../../../../../../../../..]
[b104.pri.cosma7.alces.network:18784] MCW rank 35 bound to socket 1[core 17[hwt 0-1]]: [../../../../../../../../../../../../../../../..][../BB/../../../../../../../../../../../../../..]
[b104.pri.cosma7.alces.network:18784] MCW rank 37 bound to socket 1[core 18[hwt 0-1]]: [../../../../../../../../../../../../../../../..][../../BB/../../../../../../../../../../../../..]
[b104.pri.cosma7.alces.network:18784] MCW rank 38 bound to socket 0[core 3[hwt 0-1]]: [../../../BB/../../../../../../../../../../../..][../../../../../../../../../../../../../../../..]
[b104.pri.cosma7.alces.network:18784] MCW rank 39 bound to socket 1[core 19[hwt 0-1]]: [../../../../../../../../../../../../../../../..][../../../BB/../../../../../../../../../../../..]
[b104.pri.cosma7.alces.network:18784] MCW rank 36 bound to socket 0[core 2[hwt 0-1]]: [../../BB/../../../../../../../../../../../../..][../../../../../../../../../../../../../../../..]
[b104.pri.cosma7.alces.network:18784] MCW rank 41 bound to socket 1[core 20[hwt 0-1]]: [../../../../../../../../../../../../../../../..][../../../../BB/../../../../../../../../../../..]
[b104.pri.cosma7.alces.network:18784] MCW rank 43 bound to socket 1[core 21[hwt 0-1]]: [../../../../../../../../../../../../../../../..][../../../../../BB/../../../../../../../../../..]
[b105.pri.cosma7.alces.network:17803] MCW rank 64 bound to socket 0[core 0[hwt 0-1]]: [BB/../../../../../../../../../../../../../../..][../../../../../../../../../../../../../../../..]
[b104.pri.cosma7.alces.network:18784] MCW rank 42 bound to socket 0[core 5[hwt 0-1]]: [../../../../../BB/../../../../../../../../../..][../../../../../../../../../../../../../../../..]
[b105.pri.cosma7.alces.network:17803] MCW rank 65 bound to socket 1[core 16[hwt 0-1]]: [../../../../../../../../../../../../../../../..][BB/../../../../../../../../../../../../../../..]
[b105.pri.cosma7.alces.network:17803] MCW rank 66 bound to socket 0[core 1[hwt 0-1]]: [../BB/../../../../../../../../../../../../../..][../../../../../../../../../../../../../../../..]
[b105.pri.cosma7.alces.network:17803] MCW rank 67 bound to socket 1[core 17[hwt 0-1]]: [../../../../../../../../../../../../../../../..][../BB/../../../../../../../../../../../../../..]
[b105.pri.cosma7.alces.network:17803] MCW rank 68 bound to socket 0[core 2[hwt 0-1]]: [../../BB/../../../../../../../../../../../../..][../../../../../../../../../../../../../../../..]
[b105.pri.cosma7.alces.network:17803] MCW rank 69 bound to socket 1[core 18[hwt 0-1]]: [../../../../../../../../../../../../../../../..][../../BB/../../../../../../../../../../../../..]
[b105.pri.cosma7.alces.network:17803] MCW rank 70 bound to socket 0[core 3[hwt 0-1]]: [../../../BB/../../../../../../../../../../../..][../../../../../../../../../../../../../../../..]
[b104.pri.cosma7.alces.network:18784] MCW rank 40 bound to socket 0[core 4[hwt 0-1]]: [../../../../BB/../../../../../../../../../../..][../../../../../../../../../../../../../../../..]
[b105.pri.cosma7.alces.network:17803] MCW rank 71 bound to socket 1[core 19[hwt 0-1]]: [../../../../../../../../../../../../../../../..][../../../BB/../../../../../../../../../../../..]
[b105.pri.cosma7.alces.network:17803] MCW rank 72 bound to socket 0[core 4[hwt 0-1]]: [../../../../BB/../../../../../../../../../../..][../../../../../../../../../../../../../../../..]
[b105.pri.cosma7.alces.network:17803] MCW rank 73 bound to socket 1[core 20[hwt 0-1]]: [../../../../../../../../../../../../../../../..][../../../../BB/../../../../../../../../../../..]
[b105.pri.cosma7.alces.network:17803] MCW rank 75 bound to socket 1[core 21[hwt 0-1]]: [../../../../../../../../../../../../../../../..][../../../../../BB/../../../../../../../../../..]
[b105.pri.cosma7.alces.network:17803] MCW rank 76 bound to socket 0[core 6[hwt 0-1]]: [../../../../../../BB/../../../../../../../../..][../../../../../../../../../../../../../../../..]
[b105.pri.cosma7.alces.network:17803] MCW rank 77 bound to socket 1[core 22[hwt 0-1]]: [../../../../../../../../../../../../../../../..][../../../../../../BB/../../../../../../../../..]
[b105.pri.cosma7.alces.network:17803] MCW rank 79 bound to socket 1[core 23[hwt 0-1]]: [../../../../../../../../../../../../../../../..][../../../../../../../BB/../../../../../../../..]
[b105.pri.cosma7.alces.network:17803] MCW rank 80 bound to socket 0[core 8[hwt 0-1]]: [../../../../../../../../BB/../../../../../../..][../../../../../../../../../../../../../../../..]
[b105.pri.cosma7.alces.network:17803] MCW rank 81 bound to socket 1[core 24[hwt 0-1]]: [../../../../../../../../../../../../../../../..][../../../../../../../../BB/../../../../../../..]
[b105.pri.cosma7.alces.network:17803] MCW rank 83 bound to socket 1[core 25[hwt 0-1]]: [../../../../../../../../../../../../../../../..][../../../../../../../../../BB/../../../../../..]
[b106.pri.cosma7.alces.network:17597] MCW rank 96 bound to socket 0[core 0[hwt 0-1]]: [BB/../../../../../../../../../../../../../../..][../../../../../../../../../../../../../../../..]
[b105.pri.cosma7.alces.network:17803] MCW rank 84 bound to socket 0[core 10[hwt 0-1]]: [../../../../../../../../../../BB/../../../../..][../../../../../../../../../../../../../../../..]
[b105.pri.cosma7.alces.network:17803] MCW rank 85 bound to socket 1[core 26[hwt 0-1]]: [../../../../../../../../../../../../../../../..][../../../../../../../../../../BB/../../../../..]
[b106.pri.cosma7.alces.network:17597] MCW rank 97 bound to socket 1[core 16[hwt 0-1]]: [../../../../../../../../../../../../../../../..][BB/../../../../../../../../../../../../../../..]
[b105.pri.cosma7.alces.network:17803] MCW rank 87 bound to socket 1[core 27[hwt 0-1]]: [../../../../../../../../../../../../../../../..][../../../../../../../../../../../BB/../../../..]
[b106.pri.cosma7.alces.network:17597] MCW rank 98 bound to socket 0[core 1[hwt 0-1]]: [../BB/../../../../../../../../../../../../../..][../../../../../../../../../../../../../../../..]
[b105.pri.cosma7.alces.network:17803] MCW rank 88 bound to socket 0[core 12[hwt 0-1]]: [../../../../../../../../../../../../BB/../../..][../../../../../../../../../../../../../../../..]
[b106.pri.cosma7.alces.network:17597] MCW rank 99 bound to socket 1[core 17[hwt 0-1]]: [../../../../../../../../../../../../../../../..][../BB/../../../../../../../../../../../../../..]
[b105.pri.cosma7.alces.network:17803] MCW rank 89 bound to socket 1[core 28[hwt 0-1]]: [../../../../../../../../../../../../../../../..][../../../../../../../../../../../../BB/../../..]
[b106.pri.cosma7.alces.network:17597] MCW rank 100 bound to socket 0[core 2[hwt 0-1]]: [../../BB/../../../../../../../../../../../../..][../../../../../../../../../../../../../../../..]
[b105.pri.cosma7.alces.network:17803] MCW rank 91 bound to socket 1[core 29[hwt 0-1]]: [../../../../../../../../../../../../../../../..][../../../../../../../../../../../../../BB/../..]
[b106.pri.cosma7.alces.network:17597] MCW rank 102 bound to socket 0[core 3[hwt 0-1]]: [../../../BB/../../../../../../../../../../../..][../../../../../../../../../../../../../../../..]
[b105.pri.cosma7.alces.network:17803] MCW rank 74 bound to socket 0[core 5[hwt 0-1]]: [../../../../../BB/../../../../../../../../../..][../../../../../../../../../../../../../../../..]
[b106.pri.cosma7.alces.network:17597] MCW rank 103 bound to socket 1[core 19[hwt 0-1]]: [../../../../../../../../../../../../../../../..][../../../BB/../../../../../../../../../../../..]
[b105.pri.cosma7.alces.network:17803] MCW rank 92 bound to socket 0[core 14[hwt 0-1]]: [../../../../../../../../../../../../../../BB/..][../../../../../../../../../../../../../../../..]
[b106.pri.cosma7.alces.network:17597] MCW rank 101 bound to socket 1[core 18[hwt 0-1]]: [../../../../../../../../../../../../../../../..][../../BB/../../../../../../../../../../../../..]
[b105.pri.cosma7.alces.network:17803] MCW rank 93 bound to socket 1[core 30[hwt 0-1]]: [../../../../../../../../../../../../../../../..][../../../../../../../../../../../../../../BB/..]
[b105.pri.cosma7.alces.network:17803] MCW rank 95 bound to socket 1[core 31[hwt 0-1]]: [../../../../../../../../../../../../../../../..][../../../../../../../../../../../../../../../BB]
[b105.pri.cosma7.alces.network:17803] MCW rank 78 bound to socket 0[core 7[hwt 0-1]]: [../../../../../../../BB/../../../../../../../..][../../../../../../../../../../../../../../../..]
[b104.pri.cosma7.alces.network:18784] MCW rank 45 bound to socket 1[core 22[hwt 0-1]]: [../../../../../../../../../../../../../../../..][../../../../../../BB/../../../../../../../../..]
[b104.pri.cosma7.alces.network:18784] MCW rank 47 bound to socket 1[core 23[hwt 0-1]]: [../../../../../../../../../../../../../../../..][../../../../../../../BB/../../../../../../../..]
[b106.pri.cosma7.alces.network:17597] MCW rank 107 bound to socket 1[core 21[hwt 0-1]]: [../../../../../../../../../../../../../../../..][../../../../../BB/../../../../../../../../../..]
[b106.pri.cosma7.alces.network:17597] MCW rank 106 bound to socket 0[core 5[hwt 0-1]]: [../../../../../BB/../../../../../../../../../..][../../../../../../../../../../../../../../../..]
[b105.pri.cosma7.alces.network:17803] MCW rank 82 bound to socket 0[core 9[hwt 0-1]]: [../../../../../../../../../BB/../../../../../..][../../../../../../../../../../../../../../../..]
[b104.pri.cosma7.alces.network:18784] MCW rank 46 bound to socket 0[core 7[hwt 0-1]]: [../../../../../../../BB/../../../../../../../..][../../../../../../../../../../../../../../../..]
[b106.pri.cosma7.alces.network:17597] MCW rank 104 bound to socket 0[core 4[hwt 0-1]]: [../../../../BB/../../../../../../../../../../..][../../../../../../../../../../../../../../../..]
[b106.pri.cosma7.alces.network:17597] MCW rank 105 bound to socket 1[core 20[hwt 0-1]]: [../../../../../../../../../../../../../../../..][../../../../BB/../../../../../../../../../../..]
[b104.pri.cosma7.alces.network:18784] MCW rank 44 bound to socket 0[core 6[hwt 0-1]]: [../../../../../../BB/../../../../../../../../..][../../../../../../../../../../../../../../../..]
[b104.pri.cosma7.alces.network:18784] MCW rank 49 bound to socket 1[core 24[hwt 0-1]]: [../../../../../../../../../../../../../../../..][../../../../../../../../BB/../../../../../../..]
[b106.pri.cosma7.alces.network:17597] MCW rank 111 bound to socket 1[core 23[hwt 0-1]]: [../../../../../../../../../../../../../../../..][../../../../../../../BB/../../../../../../../..]
[b105.pri.cosma7.alces.network:17803] MCW rank 86 bound to socket 0[core 11[hwt 0-1]]: [../../../../../../../../../../../BB/../../../..][../../../../../../../../../../../../../../../..]
[b106.pri.cosma7.alces.network:17597] MCW rank 110 bound to socket 0[core 7[hwt 0-1]]: [../../../../../../../BB/../../../../../../../..][../../../../../../../../../../../../../../../..]
[b104.pri.cosma7.alces.network:18784] MCW rank 51 bound to socket 1[core 25[hwt 0-1]]: [../../../../../../../../../../../../../../../..][../../../../../../../../../BB/../../../../../..]
[b106.pri.cosma7.alces.network:17597] MCW rank 108 bound to socket 0[core 6[hwt 0-1]]: [../../../../../../BB/../../../../../../../../..][../../../../../../../../../../../../../../../..]
[b104.pri.cosma7.alces.network:18784] MCW rank 50 bound to socket 0[core 9[hwt 0-1]]: [../../../../../../../../../BB/../../../../../..][../../../../../../../../../../../../../../../..]
[b106.pri.cosma7.alces.network:17597] MCW rank 109 bound to socket 1[core 22[hwt 0-1]]: [../../../../../../../../../../../../../../../..][../../../../../../BB/../../../../../../../../..]
[b106.pri.cosma7.alces.network:17597] MCW rank 115 bound to socket 1[core 25[hwt 0-1]]: [../../../../../../../../../../../../../../../..][../../../../../../../../../BB/../../../../../..]
[b105.pri.cosma7.alces.network:17803] MCW rank 90 bound to socket 0[core 13[hwt 0-1]]: [../../../../../../../../../../../../../BB/../..][../../../../../../../../../../../../../../../..]
[b104.pri.cosma7.alces.network:18784] MCW rank 48 bound to socket 0[core 8[hwt 0-1]]: [../../../../../../../../BB/../../../../../../..][../../../../../../../../../../../../../../../..]
[b106.pri.cosma7.alces.network:17597] MCW rank 114 bound to socket 0[core 9[hwt 0-1]]: [../../../../../../../../../BB/../../../../../..][../../../../../../../../../../../../../../../..]
[b105.pri.cosma7.alces.network:17803] MCW rank 94 bound to socket 0[core 15[hwt 0-1]]: [../../../../../../../../../../../../../../../BB][../../../../../../../../../../../../../../../..]
[b106.pri.cosma7.alces.network:17597] MCW rank 112 bound to socket 0[core 8[hwt 0-1]]: [../../../../../../../../BB/../../../../../../..][../../../../../../../../../../../../../../../..]
[b106.pri.cosma7.alces.network:17597] MCW rank 113 bound to socket 1[core 24[hwt 0-1]]: [../../../../../../../../../../../../../../../..][../../../../../../../../BB/../../../../../../..]
[b104.pri.cosma7.alces.network:18784] MCW rank 53 bound to socket 1[core 26[hwt 0-1]]: [../../../../../../../../../../../../../../../..][../../../../../../../../../../BB/../../../../..]
[b106.pri.cosma7.alces.network:17597] MCW rank 119 bound to socket 1[core 27[hwt 0-1]]: [../../../../../../../../../../../../../../../..][../../../../../../../../../../../BB/../../../..]
[b104.pri.cosma7.alces.network:18784] MCW rank 54 bound to socket 0[core 11[hwt 0-1]]: [../../../../../../../../../../../BB/../../../..][../../../../../../../../../../../../../../../..]
[b104.pri.cosma7.alces.network:18784] MCW rank 55 bound to socket 1[core 27[hwt 0-1]]: [../../../../../../../../../../../../../../../..][../../../../../../../../../../../BB/../../../..]
[b104.pri.cosma7.alces.network:18784] MCW rank 52 bound to socket 0[core 10[hwt 0-1]]: [../../../../../../../../../../BB/../../../../..][../../../../../../../../../../../../../../../..]
[b106.pri.cosma7.alces.network:17597] MCW rank 116 bound to socket 0[core 10[hwt 0-1]]: [../../../../../../../../../../BB/../../../../..][../../../../../../../../../../../../../../../..]
[b106.pri.cosma7.alces.network:17597] MCW rank 118 bound to socket 0[core 11[hwt 0-1]]: [../../../../../../../../../../../BB/../../../..][../../../../../../../../../../../../../../../..]
[b104.pri.cosma7.alces.network:18784] MCW rank 59 bound to socket 1[core 29[hwt 0-1]]: [../../../../../../../../../../../../../../../..][../../../../../../../../../../../../../BB/../..]
[b106.pri.cosma7.alces.network:17597] MCW rank 117 bound to socket 1[core 26[hwt 0-1]]: [../../../../../../../../../../../../../../../..][../../../../../../../../../../BB/../../../../..]
[b104.pri.cosma7.alces.network:18784] MCW rank 57 bound to socket 1[core 28[hwt 0-1]]: [../../../../../../../../../../../../../../../..][../../../../../../../../../../../../BB/../../..]
[b104.pri.cosma7.alces.network:18784] MCW rank 58 bound to socket 0[core 13[hwt 0-1]]: [../../../../../../../../../../../../../BB/../..][../../../../../../../../../../../../../../../..]
[b106.pri.cosma7.alces.network:17597] MCW rank 122 bound to socket 0[core 13[hwt 0-1]]: [../../../../../../../../../../../../../BB/../..][../../../../../../../../../../../../../../../..]
[b106.pri.cosma7.alces.network:17597] MCW rank 120 bound to socket 0[core 12[hwt 0-1]]: [../../../../../../../../../../../../BB/../../..][../../../../../../../../../../../../../../../..]
[b106.pri.cosma7.alces.network:17597] MCW rank 123 bound to socket 1[core 29[hwt 0-1]]: [../../../../../../../../../../../../../../../..][../../../../../../../../../../../../../BB/../..]
[b106.pri.cosma7.alces.network:17597] MCW rank 121 bound to socket 1[core 28[hwt 0-1]]: [../../../../../../../../../../../../../../../..][../../../../../../../../../../../../BB/../../..]
[b104.pri.cosma7.alces.network:18784] MCW rank 56 bound to socket 0[core 12[hwt 0-1]]: [../../../../../../../../../../../../BB/../../..][../../../../../../../../../../../../../../../..]
[b104.pri.cosma7.alces.network:18784] MCW rank 63 bound to socket 1[core 31[hwt 0-1]]: [../../../../../../../../../../../../../../../..][../../../../../../../../../../../../../../../BB]
[b106.pri.cosma7.alces.network:17597] MCW rank 124 bound to socket 0[core 14[hwt 0-1]]: [../../../../../../../../../../../../../../BB/..][../../../../../../../../../../../../../../../..]
[b104.pri.cosma7.alces.network:18784] MCW rank 61 bound to socket 1[core 30[hwt 0-1]]: [../../../../../../../../../../../../../../../..][../../../../../../../../../../../../../../BB/..]
[b106.pri.cosma7.alces.network:17597] MCW rank 126 bound to socket 0[core 15[hwt 0-1]]: [../../../../../../../../../../../../../../../BB][../../../../../../../../../../../../../../../..]
[b106.pri.cosma7.alces.network:17597] MCW rank 127 bound to socket 1[core 31[hwt 0-1]]: [../../../../../../../../../../../../../../../..][../../../../../../../../../../../../../../../BB]
[b106.pri.cosma7.alces.network:17597] MCW rank 125 bound to socket 1[core 30[hwt 0-1]]: [../../../../../../../../../../../../../../../..][../../../../../../../../../../../../../../BB/..]
[b104.pri.cosma7.alces.network:18784] MCW rank 62 bound to socket 0[core 15[hwt 0-1]]: [../../../../../../../../../../../../../../../BB][../../../../../../../../../../../../../../../..]
[b104.pri.cosma7.alces.network:18784] MCW rank 60 bound to socket 0[core 14[hwt 0-1]]: [../../../../../../../../../../../../../../BB/..][../../../../../../../../../../../../../../../..]
level 0 thread 0x2aec557ea700 affinity 20,52
level 0 thread 0x2adf381b7700 affinity 21,53
level 0 thread 0x2b4dc2f33700 affinity 13,45
level 0 thread 0x2b29f46cb700 affinity 12,44
level 0 thread 0x2b2615ad2700 affinity 2,34
level 0 thread 0x2b6a288cc700 affinity 3,35
level 0 thread 0x2b2cbbd92700 affinity 0,32
level 0 thread 0x2b4efe342700 affinity 1,33
level 0 thread 0x2ae3fe0e4700 affinity 4,36
level 0 thread 0x2aac829b0700 affinity 5,37
level 0 thread 0x2b34aa06d700 affinity 7,39
level 0 thread 0x2b8a1072f700 affinity 6,38
level 0 thread 0x2b469b706700 affinity 22,54
level 0 thread 0x2b23ec212700 affinity 23,55
level 0 thread 0x2ac17a312700 affinity 9,41
level 0 thread 0x2b9e6f114700 affinity 8,40
level 0 thread 0x2ab6fefb4700 affinity 11,43
level 0 thread 0x2ac702bfa700 affinity 10,42
level 0 thread 0x2b4f94fde700 affinity 26,58
level 0 thread 0x2b24faacc700 affinity 27,59
level 0 thread 0x2ad4aabb6700 affinity 31,63
level 0 thread 0x2b219946a700 affinity 30,62
level 0 thread 0x2b82b9328700 affinity 16,48
level 0 thread 0x2b63a4020700 affinity 17,49
level 0 thread 0x2b06abb4a700 affinity 18,50
level 0 thread 0x2b28a1c78700 affinity 19,51
level 0 thread 0x2b036091c700 affinity 24,56
level 0 thread 0x2ae5096dc700 affinity 25,57
level 0 thread 0x2b7423be9700 affinity 8,40
level 0 thread 0x2b68110e6700 affinity 15,47
level 0 thread 0x2b4936024700 affinity 14,46
level 0 thread 0x2aed2327e700 affinity 29,61
level 0 thread 0x2b6d6f232700 affinity 5,37
level 0 thread 0x2b5084422700 affinity 2,34
level 0 thread 0x2ae9f6838700 affinity 4,36
level 0 thread 0x2b87d5166700 affinity 21,53
level 0 thread 0x2abe42339700 affinity 12,44
level 0 thread 0x2b4f14780700 affinity 20,52
level 0 thread 0x2ab58d8bd700 affinity 9,41
level 0 thread 0x2b4b6354b700 affinity 15,47
level 0 thread 0x2ad868570700 affinity 0,32
level 0 thread 0x2b3f3ea37700 affinity 16,48
level 0 thread 0x2b930898c700 affinity 3,35
level 0 thread 0x2b8d68b85700 affinity 1,33
level 0 thread 0x2b9125d53700 affinity 17,49
level 0 thread 0x2b3123cc1700 affinity 7,39
level 0 thread 0x2ac85505f700 affinity 6,38
level 0 thread 0x2b531f0f2700 affinity 16,48
level 0 thread 0x2baabf341700 affinity 6,38
level 0 thread 0x2ac36e7b5700 affinity 23,55
level 0 thread 0x2b4b9afe6700 affinity 7,39
level 0 thread 0x2b7661880700 affinity 30,62
level 0 thread 0x2ab7f261f700 affinity 12,44
level 0 thread 0x2acaa530d700 affinity 25,57
level 0 thread 0x2b5e6f786700 affinity 5,37
level 0 thread 0x2b5d05cf3700 affinity 22,54
level 0 thread 0x2b7dc538e700 affinity 17,49
level 0 thread 0x2b5c692fa700 affinity 13,45
level 0 thread 0x2b2016f04700 affinity 11,43
level 0 thread 0x2ada8cfee700 affinity 11,43
level 0 thread 0x2ada7eb5b700 affinity 30,62
level 0 thread 0x2af8924d9700 affinity 10,42
level 0 thread 0x2b05b7323700 affinity 13,45
level 0 thread 0x2b7638775700 affinity 0,32
level 0 thread 0x2b45398aa700 affinity 24,56
level 0 thread 0x2b237ce9a700 affinity 29,61
level 0 thread 0x2ab567f23700 affinity 16,48
level 0 thread 0x2b026a56e700 affinity 31,63
level 0 thread 0x2b8addce3700 affinity 28,60
level 0 thread 0x2b3da5019700 affinity 1,33
level 0 thread 0x2b478b11a700 affinity 14,46
level 0 thread 0x2b200e0cd700 affinity 10,42
level 0 thread 0x2b1cc8044700 affinity 17,49
level 0 thread 0x2ab4219ce700 affinity 27,59
level 0 thread 0x2b0d2ddda700 affinity 31,63
level 0 thread 0x2aadb38dd700 affinity 18,50
level 0 thread 0x2add6799f700 affinity 29,61
level 0 thread 0x2aad724ff700 affinity 30,62
level 0 thread 0x2b82402d6700 affinity 19,51
level 0 thread 0x2b5a340c9700 affinity 28,60
level 0 thread 0x2ae01ba65700 affinity 14,46
level 0 thread 0x2b96613e9700 affinity 4,36
level 0 thread 0x2b3b63834700 affinity 12,44
level 0 thread 0x2b8ba10ac700 affinity 0,32
level 0 thread 0x2b677343f700 affinity 29,61
level 0 thread 0x2ac612b33700 affinity 19,51
level 0 thread 0x2b3f18dbd700 affinity 1,33
level 0 thread 0x2b467086b700 affinity 20,52
level 0 thread 0x2b2abfbec700 affinity 2,34
level 0 thread 0x2b960f0a6700 affinity 19,51
level 0 thread 0x2ad79abbb700 affinity 21,53
level 0 thread 0x2b988e978700 affinity 3,35
level 0 thread 0x2b49b9726700 affinity 18,50
level 0 thread 0x2ba9b5c30700 affinity 31,63
level 0 thread 0x2b908038f700 affinity 18,50
level 0 thread 0x2ac471e5a700 affinity 3,35
level 0 thread 0x2abd498e4700 affinity 22,54
level 0 thread 0x2b9be9cbd700 affinity 13,45
level 0 thread 0x2b9b98f84700 affinity 5,37
level 0 thread 0x2b9e9bc13700 affinity 23,55
level 0 thread 0x2ae09cd05700 affinity 26,58
level 0 thread 0x2b2864d32700 affinity 2,34
level 0 thread 0x2b24fb5fe700 affinity 8,40
level 0 thread 0x2ae8c9dfb700 affinity 21,53
level 0 thread 0x2b3cbc052700 affinity 24,56
level 0 thread 0x2b6a76c38700 affinity 20,52
level 0 thread 0x2aac57e4c700 affinity 25,57
level 0 thread 0x2b28d9aae700 affinity 7,39
level 0 thread 0x2b1395de0700 affinity 9,41
level 0 thread 0x2ae93696a700 affinity 4,36
level 0 thread 0x2b61867f4700 affinity 26,58
level 0 thread 0x2b257325d700 affinity 23,55
level 0 thread 0x2b978deb6700 affinity 27,59
level 0 thread 0x2b8e8a132700 affinity 22,54
level 0 thread 0x2b8d554c5700 affinity 28,60
level 0 thread 0x2adfa6f40700 affinity 9,41
level 0 thread 0x2afe3bf51700 affinity 15,47
level 0 thread 0x2ae2bc860700 affinity 6,38
level 0 thread 0x2b4cfdc94700 affinity 10,42
level 0 thread 0x2b62648b0700 affinity 25,57
level 0 thread 0x2aea93de5700 affinity 11,43
level 0 thread 0x2b9b2ffb8700 affinity 24,56
level 0 thread 0x2b85f7a1b700 affinity 14,46
level 0 thread 0x2b24b269a700 affinity 27,59
level 0 thread 0x2b32ad04d700 affinity 8,40
level 0 thread 0x2b3fad404700 affinity 26,58
level 0 thread 0x2aff16fbc700 affinity 15,47
level 0 thread 0x2b5a7e72e700 affinity 28,60
