- Package -----------------------------.- Versions --------.- Last mod. -------
Currently Loaded Modulefiles:
cosma/2018                                                  2018/05/24 15:26:01
gnu_comp/11.1.0                                             2021/06/30 10:41:57
hipsycl-0.9.4-gcc-11.1.0-cfxbgst                            2023/04/27 13:15:08
openmpi/4.1.4                                               2022/11/28 11:11:31
cmake/3.25.1                                                2023/01/04 10:42:48
boost-1.80.0-gcc-11.1.0-kxwgyuc                             2023/05/03 17:16:13
fftw-3.3.10-gcc-11.1.0-lpkp2ev                              2023/04/27 14:28:58
python/3.10.7                                               2022/10/04 12:04:13
hdf5-1.12.2-gcc-11.1.0-4ovmzew                              2023/05/03 16:18:46
nektar-5.3.0-2e0fb8-gcc-11.1.0-ooymem2                      2023/05/03 17:26:27
googletest-1.12.1-gcc-11.1.0-25bkaph                        2023/04/27 13:16:42
[b117.pri.cosma7.alces.network:02840] MCW rank 0 bound to socket 0[core 0[hwt 0-1]]: [BB/../../../../../../../../../../../../../../..][../../../../../../../../../../../../../../../..]
[b117.pri.cosma7.alces.network:02840] MCW rank 1 bound to socket 1[core 16[hwt 0-1]]: [../../../../../../../../../../../../../../../..][BB/../../../../../../../../../../../../../../..]
[b117.pri.cosma7.alces.network:02840] MCW rank 2 bound to socket 0[core 1[hwt 0-1]]: [../BB/../../../../../../../../../../../../../..][../../../../../../../../../../../../../../../..]
[b117.pri.cosma7.alces.network:02840] MCW rank 3 bound to socket 1[core 17[hwt 0-1]]: [../../../../../../../../../../../../../../../..][../BB/../../../../../../../../../../../../../..]
[b121.pri.cosma7.alces.network:02752] MCW rank 128 bound to socket 0[core 0[hwt 0-1]]: [BB/../../../../../../../../../../../../../../..][../../../../../../../../../../../../../../../..]
[b121.pri.cosma7.alces.network:02752] MCW rank 129 bound to socket 1[core 16[hwt 0-1]]: [../../../../../../../../../../../../../../../..][BB/../../../../../../../../../../../../../../..]
[b121.pri.cosma7.alces.network:02752] MCW rank 130 bound to socket 0[core 1[hwt 0-1]]: [../BB/../../../../../../../../../../../../../..][../../../../../../../../../../../../../../../..]
[b121.pri.cosma7.alces.network:02752] MCW rank 131 bound to socket 1[core 17[hwt 0-1]]: [../../../../../../../../../../../../../../../..][../BB/../../../../../../../../../../../../../..]
[b118.pri.cosma7.alces.network:02762] MCW rank 32 bound to socket 0[core 0[hwt 0-1]]: [BB/../../../../../../../../../../../../../../..][../../../../../../../../../../../../../../../..]
[b118.pri.cosma7.alces.network:02762] MCW rank 33 bound to socket 1[core 16[hwt 0-1]]: [../../../../../../../../../../../../../../../..][BB/../../../../../../../../../../../../../../..]
[b118.pri.cosma7.alces.network:02762] MCW rank 34 bound to socket 0[core 1[hwt 0-1]]: [../BB/../../../../../../../../../../../../../..][../../../../../../../../../../../../../../../..]
[b118.pri.cosma7.alces.network:02762] MCW rank 35 bound to socket 1[core 17[hwt 0-1]]: [../../../../../../../../../../../../../../../..][../BB/../../../../../../../../../../../../../..]
[b123.pri.cosma7.alces.network:02763] MCW rank 192 bound to socket 0[core 0[hwt 0-1]]: [BB/../../../../../../../../../../../../../../..][../../../../../../../../../../../../../../../..]
[b122.pri.cosma7.alces.network:02743] MCW rank 160 bound to socket 0[core 0[hwt 0-1]]: [BB/../../../../../../../../../../../../../../..][../../../../../../../../../../../../../../../..]
[b123.pri.cosma7.alces.network:02763] MCW rank 193 bound to socket 1[core 16[hwt 0-1]]: [../../../../../../../../../../../../../../../..][BB/../../../../../../../../../../../../../../..]
[b122.pri.cosma7.alces.network:02743] MCW rank 161 bound to socket 1[core 16[hwt 0-1]]: [../../../../../../../../../../../../../../../..][BB/../../../../../../../../../../../../../../..]
[b123.pri.cosma7.alces.network:02763] MCW rank 194 bound to socket 0[core 1[hwt 0-1]]: [../BB/../../../../../../../../../../../../../..][../../../../../../../../../../../../../../../..]
[b122.pri.cosma7.alces.network:02743] MCW rank 162 bound to socket 0[core 1[hwt 0-1]]: [../BB/../../../../../../../../../../../../../..][../../../../../../../../../../../../../../../..]
[b123.pri.cosma7.alces.network:02763] MCW rank 195 bound to socket 1[core 17[hwt 0-1]]: [../../../../../../../../../../../../../../../..][../BB/../../../../../../../../../../../../../..]
[b122.pri.cosma7.alces.network:02743] MCW rank 163 bound to socket 1[core 17[hwt 0-1]]: [../../../../../../../../../../../../../../../..][../BB/../../../../../../../../../../../../../..]
[b120.pri.cosma7.alces.network:02796] MCW rank 96 bound to socket 0[core 0[hwt 0-1]]: [BB/../../../../../../../../../../../../../../..][../../../../../../../../../../../../../../../..]
[b120.pri.cosma7.alces.network:02796] MCW rank 97 bound to socket 1[core 16[hwt 0-1]]: [../../../../../../../../../../../../../../../..][BB/../../../../../../../../../../../../../../..]
[b120.pri.cosma7.alces.network:02796] MCW rank 98 bound to socket 0[core 1[hwt 0-1]]: [../BB/../../../../../../../../../../../../../..][../../../../../../../../../../../../../../../..]
[b120.pri.cosma7.alces.network:02796] MCW rank 99 bound to socket 1[core 17[hwt 0-1]]: [../../../../../../../../../../../../../../../..][../BB/../../../../../../../../../../../../../..]
[b119.pri.cosma7.alces.network:02737] MCW rank 64 bound to socket 0[core 0[hwt 0-1]]: [BB/../../../../../../../../../../../../../../..][../../../../../../../../../../../../../../../..]
[b119.pri.cosma7.alces.network:02737] MCW rank 65 bound to socket 1[core 16[hwt 0-1]]: [../../../../../../../../../../../../../../../..][BB/../../../../../../../../../../../../../../..]
[b119.pri.cosma7.alces.network:02737] MCW rank 66 bound to socket 0[core 1[hwt 0-1]]: [../BB/../../../../../../../../../../../../../..][../../../../../../../../../../../../../../../..]
[b119.pri.cosma7.alces.network:02737] MCW rank 67 bound to socket 1[core 17[hwt 0-1]]: [../../../../../../../../../../../../../../../..][../BB/../../../../../../../../../../../../../..]
[b124.pri.cosma7.alces.network:02757] MCW rank 224 bound to socket 0[core 0[hwt 0-1]]: [BB/../../../../../../../../../../../../../../..][../../../../../../../../../../../../../../../..]
[b124.pri.cosma7.alces.network:02757] MCW rank 225 bound to socket 1[core 16[hwt 0-1]]: [../../../../../../../../../../../../../../../..][BB/../../../../../../../../../../../../../../..]
[b124.pri.cosma7.alces.network:02757] MCW rank 226 bound to socket 0[core 1[hwt 0-1]]: [../BB/../../../../../../../../../../../../../..][../../../../../../../../../../../../../../../..]
[b124.pri.cosma7.alces.network:02757] MCW rank 227 bound to socket 1[core 17[hwt 0-1]]: [../../../../../../../../../../../../../../../..][../BB/../../../../../../../../../../../../../..]
[b117.pri.cosma7.alces.network:02840] MCW rank 6 bound to socket 0[core 3[hwt 0-1]]: [../../../BB/../../../../../../../../../../../..][../../../../../../../../../../../../../../../..]
[b117.pri.cosma7.alces.network:02840] MCW rank 5 bound to socket 1[core 18[hwt 0-1]]: [../../../../../../../../../../../../../../../..][../../BB/../../../../../../../../../../../../..]
[b123.pri.cosma7.alces.network:02763] MCW rank 198 bound to socket 0[core 3[hwt 0-1]]: [../../../BB/../../../../../../../../../../../..][../../../../../../../../../../../../../../../..]
[b121.pri.cosma7.alces.network:02752] MCW rank 132 bound to socket 0[core 2[hwt 0-1]]: [../../BB/../../../../../../../../../../../../..][../../../../../../../../../../../../../../../..]
[b118.pri.cosma7.alces.network:02762] MCW rank 37 bound to socket 1[core 18[hwt 0-1]]: [../../../../../../../../../../../../../../../..][../../BB/../../../../../../../../../../../../..]
[b117.pri.cosma7.alces.network:02840] MCW rank 7 bound to socket 1[core 19[hwt 0-1]]: [../../../../../../../../../../../../../../../..][../../../BB/../../../../../../../../../../../..]
[b123.pri.cosma7.alces.network:02763] MCW rank 199 bound to socket 1[core 19[hwt 0-1]]: [../../../../../../../../../../../../../../../..][../../../BB/../../../../../../../../../../../..]
[b120.pri.cosma7.alces.network:02796] MCW rank 101 bound to socket 1[core 18[hwt 0-1]]: [../../../../../../../../../../../../../../../..][../../BB/../../../../../../../../../../../../..]
[b119.pri.cosma7.alces.network:02737] MCW rank 69 bound to socket 1[core 18[hwt 0-1]]: [../../../../../../../../../../../../../../../..][../../BB/../../../../../../../../../../../../..]
[b121.pri.cosma7.alces.network:02752] MCW rank 135 bound to socket 1[core 19[hwt 0-1]]: [../../../../../../../../../../../../../../../..][../../../BB/../../../../../../../../../../../..]
[b124.pri.cosma7.alces.network:02757] MCW rank 229 bound to socket 1[core 18[hwt 0-1]]: [../../../../../../../../../../../../../../../..][../../BB/../../../../../../../../../../../../..]
[b118.pri.cosma7.alces.network:02762] MCW rank 38 bound to socket 0[core 3[hwt 0-1]]: [../../../BB/../../../../../../../../../../../..][../../../../../../../../../../../../../../../..]
[b123.pri.cosma7.alces.network:02763] MCW rank 197 bound to socket 1[core 18[hwt 0-1]]: [../../../../../../../../../../../../../../../..][../../BB/../../../../../../../../../../../../..]
[b120.pri.cosma7.alces.network:02796] MCW rank 102 bound to socket 0[core 3[hwt 0-1]]: [../../../BB/../../../../../../../../../../../..][../../../../../../../../../../../../../../../..]
[b121.pri.cosma7.alces.network:02752] MCW rank 134 bound to socket 0[core 3[hwt 0-1]]: [../../../BB/../../../../../../../../../../../..][../../../../../../../../../../../../../../../..]
[b124.pri.cosma7.alces.network:02757] MCW rank 231 bound to socket 1[core 19[hwt 0-1]]: [../../../../../../../../../../../../../../../..][../../../BB/../../../../../../../../../../../..]
[b118.pri.cosma7.alces.network:02762] MCW rank 39 bound to socket 1[core 19[hwt 0-1]]: [../../../../../../../../../../../../../../../..][../../../BB/../../../../../../../../../../../..]
[b117.pri.cosma7.alces.network:02840] MCW rank 4 bound to socket 0[core 2[hwt 0-1]]: [../../BB/../../../../../../../../../../../../..][../../../../../../../../../../../../../../../..]
[b122.pri.cosma7.alces.network:02743] MCW rank 166 bound to socket 0[core 3[hwt 0-1]]: [../../../BB/../../../../../../../../../../../..][../../../../../../../../../../../../../../../..]
[b123.pri.cosma7.alces.network:02763] MCW rank 196 bound to socket 0[core 2[hwt 0-1]]: [../../BB/../../../../../../../../../../../../..][../../../../../../../../../../../../../../../..]
[b120.pri.cosma7.alces.network:02796] MCW rank 103 bound to socket 1[core 19[hwt 0-1]]: [../../../../../../../../../../../../../../../..][../../../BB/../../../../../../../../../../../..]
[b119.pri.cosma7.alces.network:02737] MCW rank 70 bound to socket 0[core 3[hwt 0-1]]: [../../../BB/../../../../../../../../../../../..][../../../../../../../../../../../../../../../..]
[b124.pri.cosma7.alces.network:02757] MCW rank 228 bound to socket 0[core 2[hwt 0-1]]: [../../BB/../../../../../../../../../../../../..][../../../../../../../../../../../../../../../..]
[b122.pri.cosma7.alces.network:02743] MCW rank 165 bound to socket 1[core 18[hwt 0-1]]: [../../../../../../../../../../../../../../../..][../../BB/../../../../../../../../../../../../..]
[b120.pri.cosma7.alces.network:02796] MCW rank 100 bound to socket 0[core 2[hwt 0-1]]: [../../BB/../../../../../../../../../../../../..][../../../../../../../../../../../../../../../..]
[b119.pri.cosma7.alces.network:02737] MCW rank 68 bound to socket 0[core 2[hwt 0-1]]: [../../BB/../../../../../../../../../../../../..][../../../../../../../../../../../../../../../..]
[b121.pri.cosma7.alces.network:02752] MCW rank 133 bound to socket 1[core 18[hwt 0-1]]: [../../../../../../../../../../../../../../../..][../../BB/../../../../../../../../../../../../..]
[b124.pri.cosma7.alces.network:02757] MCW rank 230 bound to socket 0[core 3[hwt 0-1]]: [../../../BB/../../../../../../../../../../../..][../../../../../../../../../../../../../../../..]
[b118.pri.cosma7.alces.network:02762] MCW rank 36 bound to socket 0[core 2[hwt 0-1]]: [../../BB/../../../../../../../../../../../../..][../../../../../../../../../../../../../../../..]
[b117.pri.cosma7.alces.network:02840] MCW rank 9 bound to socket 1[core 20[hwt 0-1]]: [../../../../../../../../../../../../../../../..][../../../../BB/../../../../../../../../../../..]
[b117.pri.cosma7.alces.network:02840] MCW rank 10 bound to socket 0[core 5[hwt 0-1]]: [../../../../../BB/../../../../../../../../../..][../../../../../../../../../../../../../../../..]
[b122.pri.cosma7.alces.network:02743] MCW rank 167 bound to socket 1[core 19[hwt 0-1]]: [../../../../../../../../../../../../../../../..][../../../BB/../../../../../../../../../../../..]
[b120.pri.cosma7.alces.network:02796] MCW rank 105 bound to socket 1[core 20[hwt 0-1]]: [../../../../../../../../../../../../../../../..][../../../../BB/../../../../../../../../../../..]
[b119.pri.cosma7.alces.network:02737] MCW rank 71 bound to socket 1[core 19[hwt 0-1]]: [../../../../../../../../../../../../../../../..][../../../BB/../../../../../../../../../../../..]
[b121.pri.cosma7.alces.network:02752] MCW rank 136 bound to socket 0[core 4[hwt 0-1]]: [../../../../BB/../../../../../../../../../../..][../../../../../../../../../../../../../../../..]
[b118.pri.cosma7.alces.network:02762] MCW rank 41 bound to socket 1[core 20[hwt 0-1]]: [../../../../../../../../../../../../../../../..][../../../../BB/../../../../../../../../../../..]
[b117.pri.cosma7.alces.network:02840] MCW rank 8 bound to socket 0[core 4[hwt 0-1]]: [../../../../BB/../../../../../../../../../../..][../../../../../../../../../../../../../../../..]
[b117.pri.cosma7.alces.network:02840] MCW rank 11 bound to socket 1[core 21[hwt 0-1]]: [../../../../../../../../../../../../../../../..][../../../../../BB/../../../../../../../../../..]
[b122.pri.cosma7.alces.network:02743] MCW rank 164 bound to socket 0[core 2[hwt 0-1]]: [../../BB/../../../../../../../../../../../../..][../../../../../../../../../../../../../../../..]
[b123.pri.cosma7.alces.network:02763] MCW rank 203 bound to socket 1[core 21[hwt 0-1]]: [../../../../../../../../../../../../../../../..][../../../../../BB/../../../../../../../../../..]
[b120.pri.cosma7.alces.network:02796] MCW rank 106 bound to socket 0[core 5[hwt 0-1]]: [../../../../../BB/../../../../../../../../../..][../../../../../../../../../../../../../../../..]
[b119.pri.cosma7.alces.network:02737] MCW rank 73 bound to socket 1[core 20[hwt 0-1]]: [../../../../../../../../../../../../../../../..][../../../../BB/../../../../../../../../../../..]
[b121.pri.cosma7.alces.network:02752] MCW rank 139 bound to socket 1[core 21[hwt 0-1]]: [../../../../../../../../../../../../../../../..][../../../../../BB/../../../../../../../../../..]
[b124.pri.cosma7.alces.network:02757] MCW rank 233 bound to socket 1[core 20[hwt 0-1]]: [../../../../../../../../../../../../../../../..][../../../../BB/../../../../../../../../../../..]
[b118.pri.cosma7.alces.network:02762] MCW rank 42 bound to socket 0[core 5[hwt 0-1]]: [../../../../../BB/../../../../../../../../../..][../../../../../../../../../../../../../../../..]
[b122.pri.cosma7.alces.network:02743] MCW rank 170 bound to socket 0[core 5[hwt 0-1]]: [../../../../../BB/../../../../../../../../../..][../../../../../../../../../../../../../../../..]
[b123.pri.cosma7.alces.network:02763] MCW rank 202 bound to socket 0[core 5[hwt 0-1]]: [../../../../../BB/../../../../../../../../../..][../../../../../../../../../../../../../../../..]
[b120.pri.cosma7.alces.network:02796] MCW rank 107 bound to socket 1[core 21[hwt 0-1]]: [../../../../../../../../../../../../../../../..][../../../../../BB/../../../../../../../../../..]
[b119.pri.cosma7.alces.network:02737] MCW rank 74 bound to socket 0[core 5[hwt 0-1]]: [../../../../../BB/../../../../../../../../../..][../../../../../../../../../../../../../../../..]
[b121.pri.cosma7.alces.network:02752] MCW rank 137 bound to socket 1[core 20[hwt 0-1]]: [../../../../../../../../../../../../../../../..][../../../../BB/../../../../../../../../../../..]
[b124.pri.cosma7.alces.network:02757] MCW rank 235 bound to socket 1[core 21[hwt 0-1]]: [../../../../../../../../../../../../../../../..][../../../../../BB/../../../../../../../../../..]
[b118.pri.cosma7.alces.network:02762] MCW rank 43 bound to socket 1[core 21[hwt 0-1]]: [../../../../../../../../../../../../../../../..][../../../../../BB/../../../../../../../../../..]
[b117.pri.cosma7.alces.network:02840] MCW rank 14 bound to socket 0[core 7[hwt 0-1]]: [../../../../../../../BB/../../../../../../../..][../../../../../../../../../../../../../../../..]
[b117.pri.cosma7.alces.network:02840] MCW rank 15 bound to socket 1[core 23[hwt 0-1]]: [../../../../../../../../../../../../../../../..][../../../../../../../BB/../../../../../../../..]
[b122.pri.cosma7.alces.network:02743] MCW rank 169 bound to socket 1[core 20[hwt 0-1]]: [../../../../../../../../../../../../../../../..][../../../../BB/../../../../../../../../../../..]
[b123.pri.cosma7.alces.network:02763] MCW rank 201 bound to socket 1[core 20[hwt 0-1]]: [../../../../../../../../../../../../../../../..][../../../../BB/../../../../../../../../../../..]
[b120.pri.cosma7.alces.network:02796] MCW rank 104 bound to socket 0[core 4[hwt 0-1]]: [../../../../BB/../../../../../../../../../../..][../../../../../../../../../../../../../../../..]
[b119.pri.cosma7.alces.network:02737] MCW rank 72 bound to socket 0[core 4[hwt 0-1]]: [../../../../BB/../../../../../../../../../../..][../../../../../../../../../../../../../../../..]
[b121.pri.cosma7.alces.network:02752] MCW rank 138 bound to socket 0[core 5[hwt 0-1]]: [../../../../../BB/../../../../../../../../../..][../../../../../../../../../../../../../../../..]
[b124.pri.cosma7.alces.network:02757] MCW rank 234 bound to socket 0[core 5[hwt 0-1]]: [../../../../../BB/../../../../../../../../../..][../../../../../../../../../../../../../../../..]
[b118.pri.cosma7.alces.network:02762] MCW rank 40 bound to socket 0[core 4[hwt 0-1]]: [../../../../BB/../../../../../../../../../../..][../../../../../../../../../../../../../../../..]
[b117.pri.cosma7.alces.network:02840] MCW rank 12 bound to socket 0[core 6[hwt 0-1]]: [../../../../../../BB/../../../../../../../../..][../../../../../../../../../../../../../../../..]
[b117.pri.cosma7.alces.network:02840] MCW rank 13 bound to socket 1[core 22[hwt 0-1]]: [../../../../../../../../../../../../../../../..][../../../../../../BB/../../../../../../../../..]
[b122.pri.cosma7.alces.network:02743] MCW rank 171 bound to socket 1[core 21[hwt 0-1]]: [../../../../../../../../../../../../../../../..][../../../../../BB/../../../../../../../../../..]
[b123.pri.cosma7.alces.network:02763] MCW rank 200 bound to socket 0[core 4[hwt 0-1]]: [../../../../BB/../../../../../../../../../../..][../../../../../../../../../../../../../../../..]
[b120.pri.cosma7.alces.network:02796] MCW rank 109 bound to socket 1[core 22[hwt 0-1]]: [../../../../../../../../../../../../../../../..][../../../../../../BB/../../../../../../../../..]
[b119.pri.cosma7.alces.network:02737] MCW rank 75 bound to socket 1[core 21[hwt 0-1]]: [../../../../../../../../../../../../../../../..][../../../../../BB/../../../../../../../../../..]
[b121.pri.cosma7.alces.network:02752] MCW rank 140 bound to socket 0[core 6[hwt 0-1]]: [../../../../../../BB/../../../../../../../../..][../../../../../../../../../../../../../../../..]
[b124.pri.cosma7.alces.network:02757] MCW rank 232 bound to socket 0[core 4[hwt 0-1]]: [../../../../BB/../../../../../../../../../../..][../../../../../../../../../../../../../../../..]
[b118.pri.cosma7.alces.network:02762] MCW rank 45 bound to socket 1[core 22[hwt 0-1]]: [../../../../../../../../../../../../../../../..][../../../../../../BB/../../../../../../../../..]
[b117.pri.cosma7.alces.network:02840] MCW rank 18 bound to socket 0[core 9[hwt 0-1]]: [../../../../../../../../../BB/../../../../../..][../../../../../../../../../../../../../../../..]
[b122.pri.cosma7.alces.network:02743] MCW rank 168 bound to socket 0[core 4[hwt 0-1]]: [../../../../BB/../../../../../../../../../../..][../../../../../../../../../../../../../../../..]
[b123.pri.cosma7.alces.network:02763] MCW rank 207 bound to socket 1[core 23[hwt 0-1]]: [../../../../../../../../../../../../../../../..][../../../../../../../BB/../../../../../../../..]
[b120.pri.cosma7.alces.network:02796] MCW rank 110 bound to socket 0[core 7[hwt 0-1]]: [../../../../../../../BB/../../../../../../../..][../../../../../../../../../../../../../../../..]
[b119.pri.cosma7.alces.network:02737] MCW rank 77 bound to socket 1[core 22[hwt 0-1]]: [../../../../../../../../../../../../../../../..][../../../../../../BB/../../../../../../../../..]
[b121.pri.cosma7.alces.network:02752] MCW rank 141 bound to socket 1[core 22[hwt 0-1]]: [../../../../../../../../../../../../../../../..][../../../../../../BB/../../../../../../../../..]
[b124.pri.cosma7.alces.network:02757] MCW rank 237 bound to socket 1[core 22[hwt 0-1]]: [../../../../../../../../../../../../../../../..][../../../../../../BB/../../../../../../../../..]
[b118.pri.cosma7.alces.network:02762] MCW rank 46 bound to socket 0[core 7[hwt 0-1]]: [../../../../../../../BB/../../../../../../../..][../../../../../../../../../../../../../../../..]
[b122.pri.cosma7.alces.network:02743] MCW rank 174 bound to socket 0[core 7[hwt 0-1]]: [../../../../../../../BB/../../../../../../../..][../../../../../../../../../../../../../../../..]
[b123.pri.cosma7.alces.network:02763] MCW rank 204 bound to socket 0[core 6[hwt 0-1]]: [../../../../../../BB/../../../../../../../../..][../../../../../../../../../../../../../../../..]
[b120.pri.cosma7.alces.network:02796] MCW rank 111 bound to socket 1[core 23[hwt 0-1]]: [../../../../../../../../../../../../../../../..][../../../../../../../BB/../../../../../../../..]
[b119.pri.cosma7.alces.network:02737] MCW rank 78 bound to socket 0[core 7[hwt 0-1]]: [../../../../../../../BB/../../../../../../../..][../../../../../../../../../../../../../../../..]
[b121.pri.cosma7.alces.network:02752] MCW rank 143 bound to socket 1[core 23[hwt 0-1]]: [../../../../../../../../../../../../../../../..][../../../../../../../BB/../../../../../../../..]
[b124.pri.cosma7.alces.network:02757] MCW rank 239 bound to socket 1[core 23[hwt 0-1]]: [../../../../../../../../../../../../../../../..][../../../../../../../BB/../../../../../../../..]
[b118.pri.cosma7.alces.network:02762] MCW rank 47 bound to socket 1[core 23[hwt 0-1]]: [../../../../../../../../../../../../../../../..][../../../../../../../BB/../../../../../../../..]
[b122.pri.cosma7.alces.network:02743] MCW rank 175 bound to socket 1[core 23[hwt 0-1]]: [../../../../../../../../../../../../../../../..][../../../../../../../BB/../../../../../../../..]
[b123.pri.cosma7.alces.network:02763] MCW rank 206 bound to socket 0[core 7[hwt 0-1]]: [../../../../../../../BB/../../../../../../../..][../../../../../../../../../../../../../../../..]
[b120.pri.cosma7.alces.network:02796] MCW rank 108 bound to socket 0[core 6[hwt 0-1]]: [../../../../../../BB/../../../../../../../../..][../../../../../../../../../../../../../../../..]
[b119.pri.cosma7.alces.network:02737] MCW rank 76 bound to socket 0[core 6[hwt 0-1]]: [../../../../../../BB/../../../../../../../../..][../../../../../../../../../../../../../../../..]
[b121.pri.cosma7.alces.network:02752] MCW rank 142 bound to socket 0[core 7[hwt 0-1]]: [../../../../../../../BB/../../../../../../../..][../../../../../../../../../../../../../../../..]
[b124.pri.cosma7.alces.network:02757] MCW rank 236 bound to socket 0[core 6[hwt 0-1]]: [../../../../../../BB/../../../../../../../../..][../../../../../../../../../../../../../../../..]
[b118.pri.cosma7.alces.network:02762] MCW rank 44 bound to socket 0[core 6[hwt 0-1]]: [../../../../../../BB/../../../../../../../../..][../../../../../../../../../../../../../../../..]
[b117.pri.cosma7.alces.network:02840] MCW rank 19 bound to socket 1[core 25[hwt 0-1]]: [../../../../../../../../../../../../../../../..][../../../../../../../../../BB/../../../../../..]
[b122.pri.cosma7.alces.network:02743] MCW rank 173 bound to socket 1[core 22[hwt 0-1]]: [../../../../../../../../../../../../../../../..][../../../../../../BB/../../../../../../../../..]
[b123.pri.cosma7.alces.network:02763] MCW rank 205 bound to socket 1[core 22[hwt 0-1]]: [../../../../../../../../../../../../../../../..][../../../../../../BB/../../../../../../../../..]
[b120.pri.cosma7.alces.network:02796] MCW rank 113 bound to socket 1[core 24[hwt 0-1]]: [../../../../../../../../../../../../../../../..][../../../../../../../../BB/../../../../../../..]
[b119.pri.cosma7.alces.network:02737] MCW rank 79 bound to socket 1[core 23[hwt 0-1]]: [../../../../../../../../../../../../../../../..][../../../../../../../BB/../../../../../../../..]
[b121.pri.cosma7.alces.network:02752] MCW rank 144 bound to socket 0[core 8[hwt 0-1]]: [../../../../../../../../BB/../../../../../../..][../../../../../../../../../../../../../../../..]
[b124.pri.cosma7.alces.network:02757] MCW rank 238 bound to socket 0[core 7[hwt 0-1]]: [../../../../../../../BB/../../../../../../../..][../../../../../../../../../../../../../../../..]
[b118.pri.cosma7.alces.network:02762] MCW rank 49 bound to socket 1[core 24[hwt 0-1]]: [../../../../../../../../../../../../../../../..][../../../../../../../../BB/../../../../../../..]
[b117.pri.cosma7.alces.network:02840] MCW rank 16 bound to socket 0[core 8[hwt 0-1]]: [../../../../../../../../BB/../../../../../../..][../../../../../../../../../../../../../../../..]
[b117.pri.cosma7.alces.network:02840] MCW rank 17 bound to socket 1[core 24[hwt 0-1]]: [../../../../../../../../../../../../../../../..][../../../../../../../../BB/../../../../../../..]
[b122.pri.cosma7.alces.network:02743] MCW rank 172 bound to socket 0[core 6[hwt 0-1]]: [../../../../../../BB/../../../../../../../../..][../../../../../../../../../../../../../../../..]
[b123.pri.cosma7.alces.network:02763] MCW rank 211 bound to socket 1[core 25[hwt 0-1]]: [../../../../../../../../../../../../../../../..][../../../../../../../../../BB/../../../../../..]
[b120.pri.cosma7.alces.network:02796] MCW rank 114 bound to socket 0[core 9[hwt 0-1]]: [../../../../../../../../../BB/../../../../../..][../../../../../../../../../../../../../../../..]
[b119.pri.cosma7.alces.network:02737] MCW rank 81 bound to socket 1[core 24[hwt 0-1]]: [../../../../../../../../../../../../../../../..][../../../../../../../../BB/../../../../../../..]
[b124.pri.cosma7.alces.network:02757] MCW rank 241 bound to socket 1[core 24[hwt 0-1]]: [../../../../../../../../../../../../../../../..][../../../../../../../../BB/../../../../../../..]
[b118.pri.cosma7.alces.network:02762] MCW rank 50 bound to socket 0[core 9[hwt 0-1]]: [../../../../../../../../../BB/../../../../../..][../../../../../../../../../../../../../../../..]
[b117.pri.cosma7.alces.network:02840] MCW rank 21 bound to socket 1[core 26[hwt 0-1]]: [../../../../../../../../../../../../../../../..][../../../../../../../../../../BB/../../../../..]
[b117.pri.cosma7.alces.network:02840] MCW rank 22 bound to socket 0[core 11[hwt 0-1]]: [../../../../../../../../../../../BB/../../../..][../../../../../../../../../../../../../../../..]
[b117.pri.cosma7.alces.network:02840] MCW rank 23 bound to socket 1[core 27[hwt 0-1]]: [../../../../../../../../../../../../../../../..][../../../../../../../../../../../BB/../../../..]
[b122.pri.cosma7.alces.network:02743] MCW rank 178 bound to socket 0[core 9[hwt 0-1]]: [../../../../../../../../../BB/../../../../../..][../../../../../../../../../../../../../../../..]
[b123.pri.cosma7.alces.network:02763] MCW rank 208 bound to socket 0[core 8[hwt 0-1]]: [../../../../../../../../BB/../../../../../../..][../../../../../../../../../../../../../../../..]
[b120.pri.cosma7.alces.network:02796] MCW rank 115 bound to socket 1[core 25[hwt 0-1]]: [../../../../../../../../../../../../../../../..][../../../../../../../../../BB/../../../../../..]
[b119.pri.cosma7.alces.network:02737] MCW rank 82 bound to socket 0[core 9[hwt 0-1]]: [../../../../../../../../../BB/../../../../../..][../../../../../../../../../../../../../../../..]
[b121.pri.cosma7.alces.network:02752] MCW rank 146 bound to socket 0[core 9[hwt 0-1]]: [../../../../../../../../../BB/../../../../../..][../../../../../../../../../../../../../../../..]
[b124.pri.cosma7.alces.network:02757] MCW rank 243 bound to socket 1[core 25[hwt 0-1]]: [../../../../../../../../../../../../../../../..][../../../../../../../../../BB/../../../../../..]
[b118.pri.cosma7.alces.network:02762] MCW rank 51 bound to socket 1[core 25[hwt 0-1]]: [../../../../../../../../../../../../../../../..][../../../../../../../../../BB/../../../../../..]
[b117.pri.cosma7.alces.network:02840] MCW rank 20 bound to socket 0[core 10[hwt 0-1]]: [../../../../../../../../../../BB/../../../../..][../../../../../../../../../../../../../../../..]
[b117.pri.cosma7.alces.network:02840] MCW rank 26 bound to socket 0[core 13[hwt 0-1]]: [../../../../../../../../../../../../../BB/../..][../../../../../../../../../../../../../../../..]
[b117.pri.cosma7.alces.network:02840] MCW rank 27 bound to socket 1[core 29[hwt 0-1]]: [../../../../../../../../../../../../../../../..][../../../../../../../../../../../../../BB/../..]
[b122.pri.cosma7.alces.network:02743] MCW rank 179 bound to socket 1[core 25[hwt 0-1]]: [../../../../../../../../../../../../../../../..][../../../../../../../../../BB/../../../../../..]
[b123.pri.cosma7.alces.network:02763] MCW rank 210 bound to socket 0[core 9[hwt 0-1]]: [../../../../../../../../../BB/../../../../../..][../../../../../../../../../../../../../../../..]
[b120.pri.cosma7.alces.network:02796] MCW rank 112 bound to socket 0[core 8[hwt 0-1]]: [../../../../../../../../BB/../../../../../../..][../../../../../../../../../../../../../../../..]
[b119.pri.cosma7.alces.network:02737] MCW rank 80 bound to socket 0[core 8[hwt 0-1]]: [../../../../../../../../BB/../../../../../../..][../../../../../../../../../../../../../../../..]
[b121.pri.cosma7.alces.network:02752] MCW rank 147 bound to socket 1[core 25[hwt 0-1]]: [../../../../../../../../../../../../../../../..][../../../../../../../../../BB/../../../../../..]
[b124.pri.cosma7.alces.network:02757] MCW rank 242 bound to socket 0[core 9[hwt 0-1]]: [../../../../../../../../../BB/../../../../../..][../../../../../../../../../../../../../../../..]
[b118.pri.cosma7.alces.network:02762] MCW rank 48 bound to socket 0[core 8[hwt 0-1]]: [../../../../../../../../BB/../../../../../../..][../../../../../../../../../../../../../../../..]
[b117.pri.cosma7.alces.network:02840] MCW rank 25 bound to socket 1[core 28[hwt 0-1]]: [../../../../../../../../../../../../../../../..][../../../../../../../../../../../../BB/../../..]
[b122.pri.cosma7.alces.network:02743] MCW rank 177 bound to socket 1[core 24[hwt 0-1]]: [../../../../../../../../../../../../../../../..][../../../../../../../../BB/../../../../../../..]
[b123.pri.cosma7.alces.network:02763] MCW rank 209 bound to socket 1[core 24[hwt 0-1]]: [../../../../../../../../../../../../../../../..][../../../../../../../../BB/../../../../../../..]
[b120.pri.cosma7.alces.network:02796] MCW rank 117 bound to socket 1[core 26[hwt 0-1]]: [../../../../../../../../../../../../../../../..][../../../../../../../../../../BB/../../../../..]
[b119.pri.cosma7.alces.network:02737] MCW rank 83 bound to socket 1[core 25[hwt 0-1]]: [../../../../../../../../../../../../../../../..][../../../../../../../../../BB/../../../../../..]
[b121.pri.cosma7.alces.network:02752] MCW rank 145 bound to socket 1[core 24[hwt 0-1]]: [../../../../../../../../../../../../../../../..][../../../../../../../../BB/../../../../../../..]
[b124.pri.cosma7.alces.network:02757] MCW rank 240 bound to socket 0[core 8[hwt 0-1]]: [../../../../../../../../BB/../../../../../../..][../../../../../../../../../../../../../../../..]
[b118.pri.cosma7.alces.network:02762] MCW rank 53 bound to socket 1[core 26[hwt 0-1]]: [../../../../../../../../../../../../../../../..][../../../../../../../../../../BB/../../../../..]
[b117.pri.cosma7.alces.network:02840] MCW rank 31 bound to socket 1[core 31[hwt 0-1]]: [../../../../../../../../../../../../../../../..][../../../../../../../../../../../../../../../BB]
[b117.pri.cosma7.alces.network:02840] MCW rank 24 bound to socket 0[core 12[hwt 0-1]]: [../../../../../../../../../../../../BB/../../..][../../../../../../../../../../../../../../../..]
[b117.pri.cosma7.alces.network:02840] MCW rank 30 bound to socket 0[core 15[hwt 0-1]]: [../../../../../../../../../../../../../../../BB][../../../../../../../../../../../../../../../..]
[b122.pri.cosma7.alces.network:02743] MCW rank 176 bound to socket 0[core 8[hwt 0-1]]: [../../../../../../../../BB/../../../../../../..][../../../../../../../../../../../../../../../..]
[b123.pri.cosma7.alces.network:02763] MCW rank 215 bound to socket 1[core 27[hwt 0-1]]: [../../../../../../../../../../../../../../../..][../../../../../../../../../../../BB/../../../..]
[b120.pri.cosma7.alces.network:02796] MCW rank 119 bound to socket 1[core 27[hwt 0-1]]: [../../../../../../../../../../../../../../../..][../../../../../../../../../../../BB/../../../..]
[b119.pri.cosma7.alces.network:02737] MCW rank 85 bound to socket 1[core 26[hwt 0-1]]: [../../../../../../../../../../../../../../../..][../../../../../../../../../../BB/../../../../..]
[b121.pri.cosma7.alces.network:02752] MCW rank 148 bound to socket 0[core 10[hwt 0-1]]: [../../../../../../../../../../BB/../../../../..][../../../../../../../../../../../../../../../..]
[b124.pri.cosma7.alces.network:02757] MCW rank 245 bound to socket 1[core 26[hwt 0-1]]: [../../../../../../../../../../../../../../../..][../../../../../../../../../../BB/../../../../..]
[b118.pri.cosma7.alces.network:02762] MCW rank 54 bound to socket 0[core 11[hwt 0-1]]: [../../../../../../../../../../../BB/../../../..][../../../../../../../../../../../../../../../..]
[b117.pri.cosma7.alces.network:02840] MCW rank 29 bound to socket 1[core 30[hwt 0-1]]: [../../../../../../../../../../../../../../../..][../../../../../../../../../../../../../../BB/..]
[b122.pri.cosma7.alces.network:02743] MCW rank 182 bound to socket 0[core 11[hwt 0-1]]: [../../../../../../../../../../../BB/../../../..][../../../../../../../../../../../../../../../..]
[b123.pri.cosma7.alces.network:02763] MCW rank 212 bound to socket 0[core 10[hwt 0-1]]: [../../../../../../../../../../BB/../../../../..][../../../../../../../../../../../../../../../..]
[b120.pri.cosma7.alces.network:02796] MCW rank 118 bound to socket 0[core 11[hwt 0-1]]: [../../../../../../../../../../../BB/../../../..][../../../../../../../../../../../../../../../..]
[b119.pri.cosma7.alces.network:02737] MCW rank 86 bound to socket 0[core 11[hwt 0-1]]: [../../../../../../../../../../../BB/../../../..][../../../../../../../../../../../../../../../..]
[b121.pri.cosma7.alces.network:02752] MCW rank 150 bound to socket 0[core 11[hwt 0-1]]: [../../../../../../../../../../../BB/../../../..][../../../../../../../../../../../../../../../..]
[b124.pri.cosma7.alces.network:02757] MCW rank 247 bound to socket 1[core 27[hwt 0-1]]: [../../../../../../../../../../../../../../../..][../../../../../../../../../../../BB/../../../..]
[b118.pri.cosma7.alces.network:02762] MCW rank 55 bound to socket 1[core 27[hwt 0-1]]: [../../../../../../../../../../../../../../../..][../../../../../../../../../../../BB/../../../..]
[b122.pri.cosma7.alces.network:02743] MCW rank 181 bound to socket 1[core 26[hwt 0-1]]: [../../../../../../../../../../../../../../../..][../../../../../../../../../../BB/../../../../..]
[b123.pri.cosma7.alces.network:02763] MCW rank 214 bound to socket 0[core 11[hwt 0-1]]: [../../../../../../../../../../../BB/../../../..][../../../../../../../../../../../../../../../..]
[b120.pri.cosma7.alces.network:02796] MCW rank 116 bound to socket 0[core 10[hwt 0-1]]: [../../../../../../../../../../BB/../../../../..][../../../../../../../../../../../../../../../..]
[b119.pri.cosma7.alces.network:02737] MCW rank 84 bound to socket 0[core 10[hwt 0-1]]: [../../../../../../../../../../BB/../../../../..][../../../../../../../../../../../../../../../..]
[b121.pri.cosma7.alces.network:02752] MCW rank 151 bound to socket 1[core 27[hwt 0-1]]: [../../../../../../../../../../../../../../../..][../../../../../../../../../../../BB/../../../..]
[b124.pri.cosma7.alces.network:02757] MCW rank 246 bound to socket 0[core 11[hwt 0-1]]: [../../../../../../../../../../../BB/../../../..][../../../../../../../../../../../../../../../..]
[b118.pri.cosma7.alces.network:02762] MCW rank 52 bound to socket 0[core 10[hwt 0-1]]: [../../../../../../../../../../BB/../../../../..][../../../../../../../../../../../../../../../..]
[b117.pri.cosma7.alces.network:02840] MCW rank 28 bound to socket 0[core 14[hwt 0-1]]: [../../../../../../../../../../../../../../BB/..][../../../../../../../../../../../../../../../..]
[b122.pri.cosma7.alces.network:02743] MCW rank 183 bound to socket 1[core 27[hwt 0-1]]: [../../../../../../../../../../../../../../../..][../../../../../../../../../../../BB/../../../..]
[b123.pri.cosma7.alces.network:02763] MCW rank 213 bound to socket 1[core 26[hwt 0-1]]: [../../../../../../../../../../../../../../../..][../../../../../../../../../../BB/../../../../..]
[b120.pri.cosma7.alces.network:02796] MCW rank 121 bound to socket 1[core 28[hwt 0-1]]: [../../../../../../../../../../../../../../../..][../../../../../../../../../../../../BB/../../..]
[b119.pri.cosma7.alces.network:02737] MCW rank 87 bound to socket 1[core 27[hwt 0-1]]: [../../../../../../../../../../../../../../../..][../../../../../../../../../../../BB/../../../..]
[b121.pri.cosma7.alces.network:02752] MCW rank 149 bound to socket 1[core 26[hwt 0-1]]: [../../../../../../../../../../../../../../../..][../../../../../../../../../../BB/../../../../..]
[b124.pri.cosma7.alces.network:02757] MCW rank 244 bound to socket 0[core 10[hwt 0-1]]: [../../../../../../../../../../BB/../../../../..][../../../../../../../../../../../../../../../..]
[b118.pri.cosma7.alces.network:02762] MCW rank 57 bound to socket 1[core 28[hwt 0-1]]: [../../../../../../../../../../../../../../../..][../../../../../../../../../../../../BB/../../..]
[b122.pri.cosma7.alces.network:02743] MCW rank 180 bound to socket 0[core 10[hwt 0-1]]: [../../../../../../../../../../BB/../../../../..][../../../../../../../../../../../../../../../..]
[b123.pri.cosma7.alces.network:02763] MCW rank 219 bound to socket 1[core 29[hwt 0-1]]: [../../../../../../../../../../../../../../../..][../../../../../../../../../../../../../BB/../..]
[b120.pri.cosma7.alces.network:02796] MCW rank 123 bound to socket 1[core 29[hwt 0-1]]: [../../../../../../../../../../../../../../../..][../../../../../../../../../../../../../BB/../..]
[b119.pri.cosma7.alces.network:02737] MCW rank 89 bound to socket 1[core 28[hwt 0-1]]: [../../../../../../../../../../../../../../../..][../../../../../../../../../../../../BB/../../..]
[b121.pri.cosma7.alces.network:02752] MCW rank 152 bound to socket 0[core 12[hwt 0-1]]: [../../../../../../../../../../../../BB/../../..][../../../../../../../../../../../../../../../..]
[b124.pri.cosma7.alces.network:02757] MCW rank 249 bound to socket 1[core 28[hwt 0-1]]: [../../../../../../../../../../../../../../../..][../../../../../../../../../../../../BB/../../..]
[b118.pri.cosma7.alces.network:02762] MCW rank 58 bound to socket 0[core 13[hwt 0-1]]: [../../../../../../../../../../../../../BB/../..][../../../../../../../../../../../../../../../..]
[b122.pri.cosma7.alces.network:02743] MCW rank 186 bound to socket 0[core 13[hwt 0-1]]: [../../../../../../../../../../../../../BB/../..][../../../../../../../../../../../../../../../..]
[b123.pri.cosma7.alces.network:02763] MCW rank 218 bound to socket 0[core 13[hwt 0-1]]: [../../../../../../../../../../../../../BB/../..][../../../../../../../../../../../../../../../..]
[b120.pri.cosma7.alces.network:02796] MCW rank 122 bound to socket 0[core 13[hwt 0-1]]: [../../../../../../../../../../../../../BB/../..][../../../../../../../../../../../../../../../..]
[b119.pri.cosma7.alces.network:02737] MCW rank 90 bound to socket 0[core 13[hwt 0-1]]: [../../../../../../../../../../../../../BB/../..][../../../../../../../../../../../../../../../..]
[b121.pri.cosma7.alces.network:02752] MCW rank 154 bound to socket 0[core 13[hwt 0-1]]: [../../../../../../../../../../../../../BB/../..][../../../../../../../../../../../../../../../..]
[b124.pri.cosma7.alces.network:02757] MCW rank 251 bound to socket 1[core 29[hwt 0-1]]: [../../../../../../../../../../../../../../../..][../../../../../../../../../../../../../BB/../..]
[b118.pri.cosma7.alces.network:02762] MCW rank 59 bound to socket 1[core 29[hwt 0-1]]: [../../../../../../../../../../../../../../../..][../../../../../../../../../../../../../BB/../..]
[b122.pri.cosma7.alces.network:02743] MCW rank 187 bound to socket 1[core 29[hwt 0-1]]: [../../../../../../../../../../../../../../../..][../../../../../../../../../../../../../BB/../..]
[b123.pri.cosma7.alces.network:02763] MCW rank 216 bound to socket 0[core 12[hwt 0-1]]: [../../../../../../../../../../../../BB/../../..][../../../../../../../../../../../../../../../..]
[b120.pri.cosma7.alces.network:02796] MCW rank 120 bound to socket 0[core 12[hwt 0-1]]: [../../../../../../../../../../../../BB/../../..][../../../../../../../../../../../../../../../..]
[b119.pri.cosma7.alces.network:02737] MCW rank 88 bound to socket 0[core 12[hwt 0-1]]: [../../../../../../../../../../../../BB/../../..][../../../../../../../../../../../../../../../..]
[b121.pri.cosma7.alces.network:02752] MCW rank 155 bound to socket 1[core 29[hwt 0-1]]: [../../../../../../../../../../../../../../../..][../../../../../../../../../../../../../BB/../..]
[b124.pri.cosma7.alces.network:02757] MCW rank 248 bound to socket 0[core 12[hwt 0-1]]: [../../../../../../../../../../../../BB/../../..][../../../../../../../../../../../../../../../..]
[b118.pri.cosma7.alces.network:02762] MCW rank 56 bound to socket 0[core 12[hwt 0-1]]: [../../../../../../../../../../../../BB/../../..][../../../../../../../../../../../../../../../..]
[b122.pri.cosma7.alces.network:02743] MCW rank 185 bound to socket 1[core 28[hwt 0-1]]: [../../../../../../../../../../../../../../../..][../../../../../../../../../../../../BB/../../..]
[b123.pri.cosma7.alces.network:02763] MCW rank 217 bound to socket 1[core 28[hwt 0-1]]: [../../../../../../../../../../../../../../../..][../../../../../../../../../../../../BB/../../..]
[b120.pri.cosma7.alces.network:02796] MCW rank 125 bound to socket 1[core 30[hwt 0-1]]: [../../../../../../../../../../../../../../../..][../../../../../../../../../../../../../../BB/..]
[b119.pri.cosma7.alces.network:02737] MCW rank 91 bound to socket 1[core 29[hwt 0-1]]: [../../../../../../../../../../../../../../../..][../../../../../../../../../../../../../BB/../..]
[b121.pri.cosma7.alces.network:02752] MCW rank 153 bound to socket 1[core 28[hwt 0-1]]: [../../../../../../../../../../../../../../../..][../../../../../../../../../../../../BB/../../..]
[b124.pri.cosma7.alces.network:02757] MCW rank 250 bound to socket 0[core 13[hwt 0-1]]: [../../../../../../../../../../../../../BB/../..][../../../../../../../../../../../../../../../..]
[b118.pri.cosma7.alces.network:02762] MCW rank 61 bound to socket 1[core 30[hwt 0-1]]: [../../../../../../../../../../../../../../../..][../../../../../../../../../../../../../../BB/..]
[b122.pri.cosma7.alces.network:02743] MCW rank 184 bound to socket 0[core 12[hwt 0-1]]: [../../../../../../../../../../../../BB/../../..][../../../../../../../../../../../../../../../..]
[b123.pri.cosma7.alces.network:02763] MCW rank 223 bound to socket 1[core 31[hwt 0-1]]: [../../../../../../../../../../../../../../../..][../../../../../../../../../../../../../../../BB]
[b120.pri.cosma7.alces.network:02796] MCW rank 127 bound to socket 1[core 31[hwt 0-1]]: [../../../../../../../../../../../../../../../..][../../../../../../../../../../../../../../../BB]
[b119.pri.cosma7.alces.network:02737] MCW rank 93 bound to socket 1[core 30[hwt 0-1]]: [../../../../../../../../../../../../../../../..][../../../../../../../../../../../../../../BB/..]
[b121.pri.cosma7.alces.network:02752] MCW rank 156 bound to socket 0[core 14[hwt 0-1]]: [../../../../../../../../../../../../../../BB/..][../../../../../../../../../../../../../../../..]
[b124.pri.cosma7.alces.network:02757] MCW rank 253 bound to socket 1[core 30[hwt 0-1]]: [../../../../../../../../../../../../../../../..][../../../../../../../../../../../../../../BB/..]
[b118.pri.cosma7.alces.network:02762] MCW rank 62 bound to socket 0[core 15[hwt 0-1]]: [../../../../../../../../../../../../../../../BB][../../../../../../../../../../../../../../../..]
[b122.pri.cosma7.alces.network:02743] MCW rank 190 bound to socket 0[core 15[hwt 0-1]]: [../../../../../../../../../../../../../../../BB][../../../../../../../../../../../../../../../..]
[b123.pri.cosma7.alces.network:02763] MCW rank 220 bound to socket 0[core 14[hwt 0-1]]: [../../../../../../../../../../../../../../BB/..][../../../../../../../../../../../../../../../..]
[b120.pri.cosma7.alces.network:02796] MCW rank 126 bound to socket 0[core 15[hwt 0-1]]: [../../../../../../../../../../../../../../../BB][../../../../../../../../../../../../../../../..]
[b119.pri.cosma7.alces.network:02737] MCW rank 94 bound to socket 0[core 15[hwt 0-1]]: [../../../../../../../../../../../../../../../BB][../../../../../../../../../../../../../../../..]
[b121.pri.cosma7.alces.network:02752] MCW rank 158 bound to socket 0[core 15[hwt 0-1]]: [../../../../../../../../../../../../../../../BB][../../../../../../../../../../../../../../../..]
[b124.pri.cosma7.alces.network:02757] MCW rank 255 bound to socket 1[core 31[hwt 0-1]]: [../../../../../../../../../../../../../../../..][../../../../../../../../../../../../../../../BB]
[b118.pri.cosma7.alces.network:02762] MCW rank 63 bound to socket 1[core 31[hwt 0-1]]: [../../../../../../../../../../../../../../../..][../../../../../../../../../../../../../../../BB]
[b122.pri.cosma7.alces.network:02743] MCW rank 189 bound to socket 1[core 30[hwt 0-1]]: [../../../../../../../../../../../../../../../..][../../../../../../../../../../../../../../BB/..]
[b123.pri.cosma7.alces.network:02763] MCW rank 222 bound to socket 0[core 15[hwt 0-1]]: [../../../../../../../../../../../../../../../BB][../../../../../../../../../../../../../../../..]
[b120.pri.cosma7.alces.network:02796] MCW rank 124 bound to socket 0[core 14[hwt 0-1]]: [../../../../../../../../../../../../../../BB/..][../../../../../../../../../../../../../../../..]
[b119.pri.cosma7.alces.network:02737] MCW rank 92 bound to socket 0[core 14[hwt 0-1]]: [../../../../../../../../../../../../../../BB/..][../../../../../../../../../../../../../../../..]
[b121.pri.cosma7.alces.network:02752] MCW rank 159 bound to socket 1[core 31[hwt 0-1]]: [../../../../../../../../../../../../../../../..][../../../../../../../../../../../../../../../BB]
[b124.pri.cosma7.alces.network:02757] MCW rank 252 bound to socket 0[core 14[hwt 0-1]]: [../../../../../../../../../../../../../../BB/..][../../../../../../../../../../../../../../../..]
[b118.pri.cosma7.alces.network:02762] MCW rank 60 bound to socket 0[core 14[hwt 0-1]]: [../../../../../../../../../../../../../../BB/..][../../../../../../../../../../../../../../../..]
[b122.pri.cosma7.alces.network:02743] MCW rank 191 bound to socket 1[core 31[hwt 0-1]]: [../../../../../../../../../../../../../../../..][../../../../../../../../../../../../../../../BB]
[b123.pri.cosma7.alces.network:02763] MCW rank 221 bound to socket 1[core 30[hwt 0-1]]: [../../../../../../../../../../../../../../../..][../../../../../../../../../../../../../../BB/..]
[b119.pri.cosma7.alces.network:02737] MCW rank 95 bound to socket 1[core 31[hwt 0-1]]: [../../../../../../../../../../../../../../../..][../../../../../../../../../../../../../../../BB]
[b121.pri.cosma7.alces.network:02752] MCW rank 157 bound to socket 1[core 30[hwt 0-1]]: [../../../../../../../../../../../../../../../..][../../../../../../../../../../../../../../BB/..]
[b124.pri.cosma7.alces.network:02757] MCW rank 254 bound to socket 0[core 15[hwt 0-1]]: [../../../../../../../../../../../../../../../BB][../../../../../../../../../../../../../../../..]
[b122.pri.cosma7.alces.network:02743] MCW rank 188 bound to socket 0[core 14[hwt 0-1]]: [../../../../../../../../../../../../../../BB/..][../../../../../../../../../../../../../../../..]
level 0 thread 0x2ad604d62700 affinity 28,60
level 0 thread 0x2b129db4f700 affinity 18,50
level 0 thread 0x2b57b4777700 affinity 5,37
level 0 thread 0x2b11f8fb2700 affinity 20,52
level 0 thread 0x2b175b517700 affinity 4,36
level 0 thread 0x2b5d86a1b700 affinity 23,55
level 0 thread 0x2abdc4d5f700 affinity 6,38
level 0 thread 0x2b304ec28700 affinity 21,53
level 0 thread 0x2ae2b4416700 affinity 7,39
level 0 thread 0x2ac8f1c65700 affinity 8,40
level 0 thread 0x2b37959a1700 affinity 22,54
level 0 thread 0x2b0138d7e700 affinity 9,41
level 0 thread 0x2b3e5144a700 affinity 27,59
level 0 thread 0x2ad6d9e02700 affinity 26,58
level 0 thread 0x2b13f44ba700 affinity 11,43
level 0 thread 0x2b20df517700 affinity 31,63
level 0 thread 0x2ac68da11700 affinity 29,61
level 0 thread 0x2b1f45d4e700 affinity 10,42
level 0 thread 0x2ac815735700 affinity 13,45
level 0 thread 0x2b21b7398700 affinity 30,62
level 0 thread 0x2b68aa76b700 affinity 12,44
level 0 thread 0x2ac83fee5700 affinity 14,46
level 0 thread 0x2acc638e3700 affinity 0,32
level 0 thread 0x2ae30da4d700 affinity 16,48
level 0 thread 0x2ad559300700 affinity 1,33
level 0 thread 0x2acce4f7a700 affinity 19,51
level 0 thread 0x2b823028a700 affinity 3,35
level 0 thread 0x2b8c9c999700 affinity 17,49
level 0 thread 0x2b8643ba6700 affinity 2,34
level 0 thread 0x2b72f7d68700 affinity 25,57
level 0 thread 0x2ace21bde700 affinity 24,56
level 0 thread 0x2b1cea48d700 affinity 15,47
level 0 thread 0x2ba0f2c04700 affinity 16,48
level 0 thread 0x2aafa136d700 affinity 3,35
level 0 thread 0x2ad218a9b700 affinity 28,60
level 0 thread 0x2aacca188700 affinity 0,32
level 0 thread 0x2ada8a038700 affinity 0,32
level 0 thread 0x2aab0da6d700 affinity 4,36
level 0 thread 0x2b85b6ca9700 affinity 0,32
level 0 thread 0x2ab5099cb700 affinity 2,34
level 0 thread 0x2acf14913700 affinity 15,47
level 0 thread 0x2abefbf39700 affinity 16,48
level 0 thread 0x2abe4dcc2700 affinity 16,48
level 0 thread 0x2b042ab74700 affinity 14,46
level 0 thread 0x2b3b8a1f1700 affinity 1,33
level 0 thread 0x2b6f80300700 affinity 24,56
level 0 thread 0x2b69e9ad7700 affinity 1,33
level 0 thread 0x2abbe9114700 affinity 1,33
level 0 thread 0x2b1541cc6700 affinity 18,50
level 0 thread 0x2af881439700 affinity 5,37
level 0 thread 0x2b6b525ae700 affinity 25,57
level 0 thread 0x2b6781c11700 affinity 17,49
level 0 thread 0x2ba805897700 affinity 19,51
level 0 thread 0x2b0442376700 affinity 0,32
level 0 thread 0x2ac4adcc0700 affinity 20,52
level 0 thread 0x2b88b5e57700 affinity 21,53
level 0 thread 0x2b3f34b58700 affinity 1,33
level 0 thread 0x2b2e73095700 affinity 9,41
level 0 thread 0x2aea59d08700 affinity 3,35
level 0 thread 0x2ade0113b700 affinity 17,49
level 0 thread 0x2adcd5ca7700 affinity 16,48
level 0 thread 0x2b02b32f5700 affinity 4,36
level 0 thread 0x2b4ae9e90700 affinity 20,52
level 0 thread 0x2b9cab2fa700 affinity 19,51
level 0 thread 0x2b2329e76700 affinity 27,59
level 0 thread 0x2b22aec3f700 affinity 20,52
level 0 thread 0x2b3555bc9700 affinity 18,50
level 0 thread 0x2aea51b57700 affinity 1,33
level 0 thread 0x2aafb7b7b700 affinity 5,37
level 0 thread 0x2ab66004f700 affinity 23,55
level 0 thread 0x2afa57e81700 affinity 18,50
level 0 thread 0x2add50668700 affinity 11,43
level 0 thread 0x2b0ae84dd700 affinity 5,37
level 0 thread 0x2b40f617d700 affinity 23,55
level 0 thread 0x2b6e88792700 affinity 17,49
level 0 thread 0x2b9107b60700 affinity 25,57
level 0 thread 0x2b57b5a90700 affinity 4,36
level 0 thread 0x2b8a21fe6700 affinity 3,35
level 0 thread 0x2b166ea41700 affinity 8,40
level 0 thread 0x2b5550587700 affinity 21,53
level 0 thread 0x2b0351985700 affinity 22,54
level 0 thread 0x2b82fe3d0700 affinity 18,50
level 0 thread 0x2abf3f94f700 affinity 8,40
level 0 thread 0x2b2f81f7a700 affinity 6,38
level 0 thread 0x2b169e318700 affinity 2,34
level 0 thread 0x2ae588081700 affinity 26,58
level 0 thread 0x2ac23ad22700 affinity 2,34
level 0 thread 0x2b57da5d0700 affinity 7,39
level 0 thread 0x2b67f87f9700 affinity 5,37
level 0 thread 0x2b9e40442700 affinity 9,41
level 0 thread 0x2b3870b23700 affinity 22,54
level 0 thread 0x2b0bd7af8700 affinity 8,40
level 0 thread 0x2ba53a540700 affinity 10,42
level 0 thread 0x2b59936c3700 affinity 23,55
level 0 thread 0x2b1af724f700 affinity 6,38
level 0 thread 0x2ba3ed55c700 affinity 19,51
level 0 thread 0x2b9bfe769700 affinity 24,56
level 0 thread 0x2b364902d700 affinity 9,41
level 0 thread 0x2ab6ec2fa700 affinity 26,58
level 0 thread 0x2ac88c2ca700 affinity 13,45
level 0 thread 0x2ac5b8fdb700 affinity 4,36
level 0 thread 0x2b7780ef2700 affinity 9,41
level 0 thread 0x2ab0c02df700 affinity 20,52
level 0 thread 0x2b3be00ec700 affinity 10,42
level 0 thread 0x2b342f433700 affinity 7,39
level 0 thread 0x2af334f4b700 affinity 28,60
level 0 thread 0x2ab56a0cd700 affinity 31,63
level 0 thread 0x2b53c4666700 affinity 25,57
level 0 thread 0x2b1b20be1700 affinity 11,43
level 0 thread 0x2ad911c04700 affinity 4,36
level 0 thread 0x2ba198223700 affinity 11,43
level 0 thread 0x2b8e0c9cd700 affinity 11,43
level 0 thread 0x2b72b8a17700 affinity 13,45
level 0 thread 0x2ae2fccc1700 affinity 15,47
level 0 thread 0x2b9878568700 affinity 9,41
level 0 thread 0x2b1da197a700 affinity 8,40
level 0 thread 0x2b4c2856f700 affinity 7,39
level 0 thread 0x2af465786700 affinity 29,61
level 0 thread 0x2ad614c04700 affinity 8,40
level 0 thread 0x2b1de19ba700 affinity 31,63
level 0 thread 0x2b2a21146700 affinity 12,44
level 0 thread 0x2b4f6fc79700 affinity 8,40
level 0 thread 0x2b7826770700 affinity 27,59
level 0 thread 0x2b5c35049700 affinity 21,53
level 0 thread 0x2b3c9a107700 affinity 12,44
level 0 thread 0x2b0910063700 affinity 27,59
level 0 thread 0x2b0f0c87c700 affinity 12,44
level 0 thread 0x2ac0cce4e700 affinity 14,46
level 0 thread 0x2ae2b3148700 affinity 22,54
level 0 thread 0x2b96e6b66700 affinity 26,58
level 0 thread 0x2ac45dc9a700 affinity 22,54
level 0 thread 0x2b58bf41a700 affinity 13,45
level 0 thread 0x2ac084c41700 affinity 26,58
level 0 thread 0x2afdd60c1700 affinity 30,62
level 0 thread 0x2b6e7a121700 affinity 30,62
level 0 thread 0x2b5b60b50700 affinity 27,59
level 0 thread 0x2b722e6b2700 affinity 10,42
level 0 thread 0x2b22b4304700 affinity 6,38
level 0 thread 0x2b857d910700 affinity 28,60
level 0 thread 0x2b5146123700 affinity 29,61
level 0 thread 0x2b05ed865700 affinity 14,46
level 0 thread 0x2af1fc0d7700 affinity 0,32
level 0 thread 0x2b12b7370700 affinity 11,43
level 0 thread 0x2aad47e5e700 affinity 29,61
level 0 thread 0x2b5fbe6db700 affinity 9,41
level 0 thread 0x2af1ed882700 affinity 14,46
level 0 thread 0x2b083e6f8700 affinity 10,42
level 0 thread 0x2b274ebec700 affinity 0,32
level 0 thread 0x2b7e5096d700 affinity 1,33
level 0 thread 0x2b6c83628700 affinity 10,42
level 0 thread 0x2b8a13855700 affinity 28,60
level 0 thread 0x2ab8bf654700 affinity 23,55
level 0 thread 0x2b1a94058700 affinity 15,47
level 0 thread 0x2adf20679700 affinity 12,44
level 0 thread 0x2b3933a05700 affinity 16,48
level 0 thread 0x2baa034c4700 affinity 19,51
level 0 thread 0x2ac1ce8e9700 affinity 24,56
level 0 thread 0x2adb8d31b700 affinity 15,47
level 0 thread 0x2b4994686700 affinity 24,56
level 0 thread 0x2ba1c2cf5700 affinity 0,32
level 0 thread 0x2b5b03715700 affinity 28,60
level 0 thread 0x2b1da4224700 affinity 17,49
level 0 thread 0x2b42ce596700 affinity 3,35
level 0 thread 0x2aac92fa3700 affinity 13,45
level 0 thread 0x2b78d3cf6700 affinity 31,63
level 0 thread 0x2acd682c3700 affinity 8,40
level 0 thread 0x2b024e39e700 affinity 16,48
level 0 thread 0x2acf44718700 affinity 31,63
level 0 thread 0x2af4e167a700 affinity 21,53
level 0 thread 0x2b0aed441700 affinity 17,49
level 0 thread 0x2b50c07f7700 affinity 12,44
level 0 thread 0x2ba016a20700 affinity 14,46
level 0 thread 0x2b95e3c8e700 affinity 11,43
level 0 thread 0x2ba6bbd8f700 affinity 1,33
level 0 thread 0x2b5855e72700 affinity 13,45
level 0 thread 0x2ad5dd36a700 affinity 20,52
level 0 thread 0x2aab7787c700 affinity 18,50
level 0 thread 0x2b678b94c700 affinity 29,61
level 0 thread 0x2b282dc43700 affinity 30,62
level 0 thread 0x2b2867c2f700 affinity 25,57
level 0 thread 0x2b0ab9666700 affinity 17,49
level 0 thread 0x2b797933c700 affinity 14,46
level 0 thread 0x2b2f1d384700 affinity 5,37
level 0 thread 0x2b1272b0c700 affinity 21,53
level 0 thread 0x2b5a7003c700 affinity 26,58
level 0 thread 0x2ba03680e700 affinity 3,35
level 0 thread 0x2b1e6eae9700 affinity 26,58
level 0 thread 0x2af9d98da700 affinity 30,62
level 0 thread 0x2b3350a57700 affinity 15,47
level 0 thread 0x2b5f09532700 affinity 23,55
level 0 thread 0x2ad07e207700 affinity 5,37
level 0 thread 0x2b9042158700 affinity 15,47
level 0 thread 0x2b67cf9dd700 affinity 21,53
level 0 thread 0x2b16023c0700 affinity 10,42
level 0 thread 0x2ab6a81a2700 affinity 19,51
level 0 thread 0x2b7468db6700 affinity 30,62
level 0 thread 0x2b3edd6c3700 affinity 4,36
level 0 thread 0x2b443f53d700 affinity 2,34
level 0 thread 0x2ac6e3e92700 affinity 14,46
level 0 thread 0x2ad5769a2700 affinity 2,34
level 0 thread 0x2b1772873700 affinity 13,45
level 0 thread 0x2b897e373700 affinity 21,53
level 0 thread 0x2aab222c9700 affinity 16,48
level 0 thread 0x2b13fc4a0700 affinity 22,54
level 0 thread 0x2b3b711ff700 affinity 20,52
level 0 thread 0x2ba3d44e6700 affinity 30,62
level 0 thread 0x2b32f95a4700 affinity 20,52
level 0 thread 0x2b517fb1a700 affinity 27,59
level 0 thread 0x2b3af3386700 affinity 6,38
level 0 thread 0x2ade98dfd700 affinity 19,51
level 0 thread 0x2b6180ba5700 affinity 7,39
level 0 thread 0x2b2e264c6700 affinity 22,54
level 0 thread 0x2b9461daf700 affinity 18,50
level 0 thread 0x2afb592f3700 affinity 5,37
level 0 thread 0x2ae998d90700 affinity 28,60
level 0 thread 0x2b328edc7700 affinity 23,55
level 0 thread 0x2b2fb32c1700 affinity 17,49
level 0 thread 0x2b83cdd19700 affinity 25,57
level 0 thread 0x2b22fdcbd700 affinity 23,55
level 0 thread 0x2ad92d1a5700 affinity 19,51
level 0 thread 0x2b576f485700 affinity 4,36
level 0 thread 0x2ba9ab15f700 affinity 12,44
level 0 thread 0x2adab2002700 affinity 22,54
level 0 thread 0x2b2785ccf700 affinity 2,34
level 0 thread 0x2b4229c3d700 affinity 6,38
level 0 thread 0x2abf0434f700 affinity 7,39
level 0 thread 0x2b626cfb7700 affinity 7,39
level 0 thread 0x2b9e7ecfd700 affinity 25,57
level 0 thread 0x2b21b0993700 affinity 15,47
level 0 thread 0x2b5d4dbdb700 affinity 7,39
level 0 thread 0x2b503bba9700 affinity 18,50
level 0 thread 0x2af180654700 affinity 24,56
level 0 thread 0x2aaf9e162700 affinity 6,38
level 0 thread 0x2b25a96b4700 affinity 6,38
level 0 thread 0x2af76883c700 affinity 24,56
level 0 thread 0x2b69e9f5e700 affinity 29,61
level 0 thread 0x2b2a78872700 affinity 27,59
level 0 thread 0x2b3b61d2b700 affinity 3,35
level 0 thread 0x2abb53c55700 affinity 9,41
level 0 thread 0x2b9b78449700 affinity 28,60
level 0 thread 0x2af2c20d1700 affinity 31,63
level 0 thread 0x2b51c81bd700 affinity 13,45
level 0 thread 0x2b880c046700 affinity 30,62
level 0 thread 0x2af8351d2700 affinity 26,58
level 0 thread 0x2ac764368700 affinity 25,57
level 0 thread 0x2adee688b700 affinity 27,59
level 0 thread 0x2baa030b4700 affinity 29,61
level 0 thread 0x2b6705bd9700 affinity 12,44
level 0 thread 0x2b1dcd7a6700 affinity 31,63
level 0 thread 0x2ad589f27700 affinity 31,63
level 0 thread 0x2b191f450700 affinity 24,56
level 0 thread 0x2b3fd6429700 affinity 11,43
level 0 thread 0x2adf2b661700 affinity 3,35
level 0 thread 0x2b9b0b0b8700 affinity 29,61
level 0 thread 0x2b87a7266700 affinity 2,34
level 0 thread 0x2b05106ee700 affinity 10,42
