====
Starting job 6206672 at Thu  4 May 12:14:05 BST 2023 for user dc-saun1.
Running on nodes: b[101-108]
====
Using hipSYCL OpenMP host device
Kernel type: GPU
Distribution created.
init.
store.
step: 0
advection: 0
transfer: 0
step: 1
advection: 1
transfer: 1
step: 2
advection: 2
transfer: 2
step: 3
advection: 3
transfer: 3
step: 4
advection: 4
transfer: 4
step: 5
advection: 5
transfer: 5
step: 6
advection: 6
transfer: 6
step: 7
advection: 7
transfer: 7
step: 8
advection: 8
transfer: 8
step: 9
advection: 9
transfer: 9
step: 10
advection: 10
transfer: 10
step: 11
advection: 11
transfer: 11
step: 12
advection: 12
transfer: 12
step: 13
advection: 13
transfer: 13
step: 14
advection: 14
transfer: 14
step: 15
advection: 15
transfer: 15
step: 16
advection: 16
transfer: 16
step: 17
advection: 17
transfer: 17
step: 18
advection: 18
transfer: 18
step: 19
advection: 19
transfer: 19
step: 20
advection: 20
transfer: 20
step: 21
advection: 21
transfer: 21
step: 22
advection: 22
transfer: 22
step: 23
advection: 23
transfer: 23
step: 24
advection: 24
transfer: 24
step: 25
advection: 25
transfer: 25
step: 26
advection: 26
transfer: 26
step: 27
advection: 27
transfer: 27
step: 28
advection: 28
transfer: 28
step: 29
advection: 29
transfer: 29
step: 30
advection: 30
transfer: 30
step: 31
advection: 31
transfer: 31
step: 32
advection: 32
transfer: 32
step: 33
advection: 33
transfer: 33
step: 34
advection: 34
transfer: 34
step: 35
advection: 35
transfer: 35
step: 36
advection: 36
transfer: 36
step: 37
advection: 37
transfer: 37
step: 38
advection: 38
transfer: 38
step: 39
advection: 39
transfer: 39
step: 40
advection: 40
transfer: 40
step: 41
advection: 41
transfer: 41
step: 42
advection: 42
transfer: 42
step: 43
advection: 43
transfer: 43
step: 44
advection: 44
transfer: 44
step: 45
advection: 45
transfer: 45
step: 46
advection: 46
transfer: 46
step: 47
advection: 47
transfer: 47
step: 48
advection: 48
transfer: 48
step: 49
advection: 49
transfer: 49
step: 50
advection: 50
transfer: 50
step: 51
advection: 51
transfer: 51
step: 52
advection: 52
transfer: 52
step: 53
advection: 53
transfer: 53
step: 54
advection: 54
transfer: 54
step: 55
advection: 55
transfer: 55
step: 56
advection: 56
transfer: 56
step: 57
advection: 57
transfer: 57
step: 58
advection: 58
transfer: 58
step: 59
advection: 59
transfer: 59
step: 60
advection: 60
transfer: 60
step: 61
advection: 61
transfer: 61
step: 62
advection: 62
transfer: 62
step: 63
advection: 63
transfer: 63
step: 64
advection: 64
transfer: 64
step: 65
advection: 65
transfer: 65
step: 66
advection: 66
transfer: 66
step: 67
advection: 67
transfer: 67
step: 68
advection: 68
transfer: 68
step: 69
advection: 69
transfer: 69
step: 70
advection: 70
transfer: 70
step: 71
advection: 71
transfer: 71
step: 72
advection: 72
transfer: 72
step: 73
advection: 73
transfer: 73
step: 74
advection: 74
transfer: 74
step: 75
advection: 75
transfer: 75
step: 76
advection: 76
transfer: 76
step: 77
advection: 77
transfer: 77
step: 78
advection: 78
transfer: 78
step: 79
advection: 79
transfer: 79
step: 80
advection: 80
transfer: 80
step: 81
advection: 81
transfer: 81
step: 82
advection: 82
transfer: 82
step: 83
advection: 83
transfer: 83
step: 84
advection: 84
transfer: 84
step: 85
advection: 85
transfer: 85
step: 86
advection: 86
transfer: 86
step: 87
advection: 87
transfer: 87
step: 88
advection: 88
transfer: 88
step: 89
advection: 89
transfer: 89
step: 90
advection: 90
transfer: 90
step: 91
advection: 91
transfer: 91
step: 92
advection: 92
transfer: 92
step: 93
advection: 93
transfer: 93
step: 94
advection: 94
transfer: 94
step: 95
advection: 95
transfer: 95
step: 96
advection: 96
transfer: 96
step: 97
advection: 97
transfer: 97
step: 98
advection: 98
transfer: 98
step: 99
advection: 99
transfer: 99
step: 100
advection: 100
transfer: 100
step: 101
advection: 101
transfer: 101
step: 102
advection: 102
transfer: 102
step: 103
advection: 103
transfer: 103
step: 104
advection: 104
transfer: 104
step: 105
advection: 105
transfer: 105
step: 106
advection: 106
transfer: 106
step: 107
advection: 107
transfer: 107
step: 108
advection: 108
transfer: 108
step: 109
advection: 109
transfer: 109
step: 110
advection: 110
transfer: 110
step: 111
advection: 111
transfer: 111
step: 112
advection: 112
transfer: 112
step: 113
advection: 113
transfer: 113
step: 114
advection: 114
transfer: 114
step: 115
advection: 115
transfer: 115
step: 116
advection: 116
transfer: 116
step: 117
advection: 117
transfer: 117
step: 118
advection: 118
transfer: 118
step: 119
advection: 119
transfer: 119
step: 120
advection: 120
transfer: 120
step: 121
advection: 121
transfer: 121
step: 122
advection: 122
transfer: 122
step: 123
advection: 123
transfer: 123
step: 124
advection: 124
transfer: 124
step: 125
advection: 125
transfer: 125
step: 126
advection: 126
transfer: 126
step: 127
advection: 127
transfer: 127
step: 128
advection: 128
transfer: 128
step: 129
advection: 129
transfer: 129
step: 130
advection: 130
transfer: 130
step: 131
advection: 131
transfer: 131
step: 132
advection: 132
transfer: 132
step: 133
advection: 133
transfer: 133
step: 134
advection: 134
transfer: 134
step: 135
advection: 135
transfer: 135
step: 136
advection: 136
transfer: 136
step: 137
advection: 137
transfer: 137
step: 138
advection: 138
transfer: 138
step: 139
advection: 139
transfer: 139
step: 140
advection: 140
transfer: 140
step: 141
advection: 141
transfer: 141
step: 142
advection: 142
transfer: 142
step: 143
advection: 143
transfer: 143
step: 144
advection: 144
transfer: 144
step: 145
advection: 145
transfer: 145
step: 146
advection: 146
transfer: 146
step: 147
advection: 147
transfer: 147
step: 148
advection: 148
transfer: 148
step: 149
advection: 149
transfer: 149
step: 150
advection: 150
transfer: 150
step: 151
advection: 151
transfer: 151
step: 152
advection: 152
transfer: 152
step: 153
advection: 153
transfer: 153
step: 154
advection: 154
transfer: 154
step: 155
advection: 155
transfer: 155
step: 156
advection: 156
transfer: 156
step: 157
advection: 157
transfer: 157
step: 158
advection: 158
transfer: 158
step: 159
advection: 159
transfer: 159
step: 160
advection: 160
transfer: 160
step: 161
advection: 161
transfer: 161
step: 162
advection: 162
transfer: 162
step: 163
advection: 163
transfer: 163
step: 164
advection: 164
transfer: 164
step: 165
advection: 165
transfer: 165
step: 166
advection: 166
transfer: 166
step: 167
advection: 167
transfer: 167
step: 168
advection: 168
transfer: 168
step: 169
advection: 169
transfer: 169
step: 170
advection: 170
transfer: 170
step: 171
advection: 171
transfer: 171
step: 172
advection: 172
transfer: 172
step: 173
advection: 173
transfer: 173
step: 174
advection: 174
transfer: 174
step: 175
advection: 175
transfer: 175
step: 176
advection: 176
transfer: 176
step: 177
advection: 177
transfer: 177
step: 178
advection: 178
transfer: 178
step: 179
advection: 179
transfer: 179
step: 180
advection: 180
transfer: 180
step: 181
advection: 181
transfer: 181
step: 182
advection: 182
transfer: 182
step: 183
advection: 183
transfer: 183
step: 184
advection: 184
transfer: 184
step: 185
advection: 185
transfer: 185
step: 186
advection: 186
transfer: 186
step: 187
advection: 187
transfer: 187
step: 188
advection: 188
transfer: 188
step: 189
advection: 189
transfer: 189
step: 190
advection: 190
transfer: 190
step: 191
advection: 191
transfer: 191
step: 192
advection: 192
transfer: 192
step: 193
advection: 193
transfer: 193
step: 194
advection: 194
transfer: 194
step: 195
advection: 195
transfer: 195
step: 196
advection: 196
transfer: 196
step: 197
advection: 197
transfer: 197
step: 198
advection: 198
transfer: 198
step: 199
advection: 199
transfer: 199
step: 200
advection: 200
transfer: 200
step: 201
advection: 201
transfer: 201
step: 202
advection: 202
transfer: 202
step: 203
advection: 203
transfer: 203
step: 204
advection: 204
transfer: 204
step: 205
advection: 205
transfer: 205
step: 206
advection: 206
transfer: 206
step: 207
advection: 207
transfer: 207
step: 208
advection: 208
transfer: 208
step: 209
advection: 209
transfer: 209
step: 210
advection: 210
transfer: 210
step: 211
advection: 211
transfer: 211
step: 212
advection: 212
transfer: 212
step: 213
advection: 213
transfer: 213
step: 214
advection: 214
transfer: 214
step: 215
advection: 215
transfer: 215
step: 216
advection: 216
transfer: 216
step: 217
advection: 217
transfer: 217
step: 218
advection: 218
transfer: 218
step: 219
advection: 219
transfer: 219
step: 220
advection: 220
transfer: 220
step: 221
advection: 221
transfer: 221
step: 222
advection: 222
transfer: 222
step: 223
advection: 223
transfer: 223
step: 224
advection: 224
transfer: 224
step: 225
advection: 225
transfer: 225
step: 226
advection: 226
transfer: 226
step: 227
advection: 227
transfer: 227
step: 228
advection: 228
transfer: 228
step: 229
advection: 229
transfer: 229
step: 230
advection: 230
transfer: 230
step: 231
advection: 231
transfer: 231
step: 232
advection: 232
transfer: 232
step: 233
advection: 233
transfer: 233
step: 234
advection: 234
transfer: 234
step: 235
advection: 235
transfer: 235
step: 236
advection: 236
transfer: 236
step: 237
advection: 237
transfer: 237
step: 238
advection: 238
transfer: 238
step: 239
advection: 239
transfer: 239
step: 240
advection: 240
transfer: 240
step: 241
advection: 241
transfer: 241
step: 242
advection: 242
transfer: 242
step: 243
advection: 243
transfer: 243
step: 244
advection: 244
transfer: 244
step: 245
advection: 245
transfer: 245
step: 246
advection: 246
transfer: 246
step: 247
advection: 247
transfer: 247
step: 248
advection: 248
transfer: 248
step: 249
advection: 249
transfer: 249
step: 250
advection: 250
transfer: 250
step: 251
advection: 251
transfer: 251
step: 252
advection: 252
transfer: 252
step: 253
advection: 253
transfer: 253
step: 254
advection: 254
transfer: 254
step: 255
advection: 255
transfer: 255
step: 256
advection: 256
transfer: 256
step: 257
advection: 257
transfer: 257
step: 258
advection: 258
transfer: 258
step: 259
advection: 259
transfer: 259
step: 260
advection: 260
transfer: 260
step: 261
advection: 261
transfer: 261
step: 262
advection: 262
transfer: 262
step: 263
advection: 263
transfer: 263
step: 264
advection: 264
transfer: 264
step: 265
advection: 265
transfer: 265
step: 266
advection: 266
transfer: 266
step: 267
advection: 267
transfer: 267
step: 268
advection: 268
transfer: 268
step: 269
advection: 269
transfer: 269
step: 270
advection: 270
transfer: 270
step: 271
advection: 271
transfer: 271
step: 272
advection: 272
transfer: 272
step: 273
advection: 273
transfer: 273
step: 274
advection: 274
transfer: 274
step: 275
advection: 275
transfer: 275
step: 276
advection: 276
transfer: 276
step: 277
advection: 277
transfer: 277
step: 278
advection: 278
transfer: 278
step: 279
advection: 279
transfer: 279
step: 280
advection: 280
transfer: 280
step: 281
advection: 281
transfer: 281
step: 282
advection: 282
transfer: 282
step: 283
advection: 283
transfer: 283
step: 284
advection: 284
transfer: 284
step: 285
advection: 285
transfer: 285
step: 286
advection: 286
transfer: 286
step: 287
advection: 287
transfer: 287
step: 288
advection: 288
transfer: 288
step: 289
advection: 289
transfer: 289
step: 290
advection: 290
transfer: 290
step: 291
advection: 291
transfer: 291
step: 292
advection: 292
transfer: 292
step: 293
advection: 293
transfer: 293
step: 294
advection: 294
transfer: 294
step: 295
advection: 295
transfer: 295
step: 296
advection: 296
transfer: 296
step: 297
advection: 297
transfer: 297
step: 298
advection: 298
transfer: 298
step: 299
advection: 299
transfer: 299
step: 300
advection: 300
transfer: 300
step: 301
advection: 301
transfer: 301
step: 302
advection: 302
transfer: 302
step: 303
advection: 303
transfer: 303
step: 304
advection: 304
transfer: 304
step: 305
advection: 305
transfer: 305
step: 306
advection: 306
transfer: 306
step: 307
advection: 307
transfer: 307
step: 308
advection: 308
transfer: 308
step: 309
advection: 309
transfer: 309
step: 310
advection: 310
transfer: 310
step: 311
advection: 311
transfer: 311
step: 312
advection: 312
transfer: 312
step: 313
advection: 313
transfer: 313
step: 314
advection: 314
transfer: 314
step: 315
advection: 315
transfer: 315
step: 316
advection: 316
transfer: 316
step: 317
advection: 317
transfer: 317
step: 318
advection: 318
transfer: 318
step: 319
advection: 319
transfer: 319
step: 320
advection: 320
transfer: 320
step: 321
advection: 321
transfer: 321
step: 322
advection: 322
transfer: 322
step: 323
advection: 323
transfer: 323
step: 324
advection: 324
transfer: 324
step: 325
advection: 325
transfer: 325
step: 326
advection: 326
transfer: 326
step: 327
advection: 327
transfer: 327
step: 328
advection: 328
transfer: 328
step: 329
advection: 329
transfer: 329
step: 330
advection: 330
transfer: 330
step: 331
advection: 331
transfer: 331
step: 332
advection: 332
transfer: 332
step: 333
advection: 333
transfer: 333
step: 334
advection: 334
transfer: 334
step: 335
advection: 335
transfer: 335
step: 336
advection: 336
transfer: 336
step: 337
advection: 337
transfer: 337
step: 338
advection: 338
transfer: 338
step: 339
advection: 339
transfer: 339
step: 340
advection: 340
transfer: 340
step: 341
advection: 341
transfer: 341
step: 342
advection: 342
transfer: 342
step: 343
advection: 343
transfer: 343
step: 344
advection: 344
transfer: 344
step: 345
advection: 345
transfer: 345
step: 346
advection: 346
transfer: 346
step: 347
advection: 347
transfer: 347
step: 348
advection: 348
transfer: 348
step: 349
advection: 349
transfer: 349
step: 350
advection: 350
transfer: 350
step: 351
advection: 351
transfer: 351
step: 352
advection: 352
transfer: 352
step: 353
advection: 353
transfer: 353
step: 354
advection: 354
transfer: 354
step: 355
advection: 355
transfer: 355
step: 356
advection: 356
transfer: 356
step: 357
advection: 357
transfer: 357
step: 358
advection: 358
transfer: 358
step: 359
advection: 359
transfer: 359
step: 360
advection: 360
transfer: 360
step: 361
advection: 361
transfer: 361
step: 362
advection: 362
transfer: 362
step: 363
advection: 363
transfer: 363
step: 364
advection: 364
transfer: 364
step: 365
advection: 365
transfer: 365
step: 366
advection: 366
transfer: 366
step: 367
advection: 367
transfer: 367
step: 368
advection: 368
transfer: 368
step: 369
advection: 369
transfer: 369
step: 370
advection: 370
transfer: 370
step: 371
advection: 371
transfer: 371
step: 372
advection: 372
transfer: 372
step: 373
advection: 373
transfer: 373
step: 374
advection: 374
transfer: 374
step: 375
advection: 375
transfer: 375
step: 376
advection: 376
transfer: 376
step: 377
advection: 377
transfer: 377
step: 378
advection: 378
transfer: 378
step: 379
advection: 379
transfer: 379
step: 380
advection: 380
transfer: 380
step: 381
advection: 381
transfer: 381
step: 382
advection: 382
transfer: 382
step: 383
advection: 383
transfer: 383
step: 384
advection: 384
transfer: 384
step: 385
advection: 385
transfer: 385
step: 386
advection: 386
transfer: 386
step: 387
advection: 387
transfer: 387
step: 388
advection: 388
transfer: 388
step: 389
advection: 389
transfer: 389
step: 390
advection: 390
transfer: 390
step: 391
advection: 391
transfer: 391
step: 392
advection: 392
transfer: 392
step: 393
advection: 393
transfer: 393
step: 394
advection: 394
transfer: 394
step: 395
advection: 395
transfer: 395
step: 396
advection: 396
transfer: 396
step: 397
advection: 397
transfer: 397
step: 398
advection: 398
transfer: 398
step: 399
advection: 399
transfer: 399
Particle count  : 32000000
Particle Weight : 3.28987e-06
step: 0 0.0718176
step: 10 0.0661324
step: 20 0.0662699
step: 30 0.0661655
step: 40 0.0658193
step: 50 0.0659605
step: 60 0.0661737
step: 70 0.06611
step: 80 0.0658939
step: 90 0.0658088
step: 100 0.0659015
step: 110 0.065642
step: 120 0.0657475
step: 130 0.065663
step: 140 0.0656634
step: 150 0.065711
step: 160 0.0656164
step: 170 0.0656204
step: 180 0.0655358
step: 190 0.0655672
Time taken: 13.1047
Time taken per step: 0.0655236
BENCHMARK Time taken: 6.51528
BENCHMARK Time taken per step: 0.0651528
