- Package -----------------------------.- Versions --------.- Last mod. -------
Currently Loaded Modulefiles:
cosma/2018                                                  2018/05/24 15:26:01
gnu_comp/11.1.0                                             2021/06/30 10:41:57
hipsycl-0.9.4-gcc-11.1.0-cfxbgst                            2023/04/27 13:15:08
openmpi/4.1.4                                               2022/11/28 11:11:31
cmake/3.25.1                                                2023/01/04 10:42:48
boost-1.80.0-gcc-11.1.0-kxwgyuc                             2023/05/03 17:16:13
fftw-3.3.10-gcc-11.1.0-lpkp2ev                              2023/04/27 14:28:58
python/3.10.7                                               2022/10/04 12:04:13
hdf5-1.12.2-gcc-11.1.0-4ovmzew                              2023/05/03 16:18:46
nektar-5.3.0-2e0fb8-gcc-11.1.0-ooymem2                      2023/05/03 17:26:27
googletest-1.12.1-gcc-11.1.0-25bkaph                        2023/04/27 13:16:42
[b117.pri.cosma7.alces.network:06191] MCW rank 0 bound to socket 0[core 0[hwt 0-1]]: [BB/../../../../../../../../../../../../../../..][../../../../../../../../../../../../../../../..]
[b117.pri.cosma7.alces.network:06191] MCW rank 1 bound to socket 1[core 16[hwt 0-1]]: [../../../../../../../../../../../../../../../..][BB/../../../../../../../../../../../../../../..]
[b117.pri.cosma7.alces.network:06191] MCW rank 2 bound to socket 0[core 1[hwt 0-1]]: [../BB/../../../../../../../../../../../../../..][../../../../../../../../../../../../../../../..]
[b117.pri.cosma7.alces.network:06191] MCW rank 3 bound to socket 1[core 17[hwt 0-1]]: [../../../../../../../../../../../../../../../..][../BB/../../../../../../../../../../../../../..]
[b117.pri.cosma7.alces.network:06191] MCW rank 5 bound to socket 1[core 18[hwt 0-1]]: [../../../../../../../../../../../../../../../..][../../BB/../../../../../../../../../../../../..]
[b117.pri.cosma7.alces.network:06191] MCW rank 7 bound to socket 1[core 19[hwt 0-1]]: [../../../../../../../../../../../../../../../..][../../../BB/../../../../../../../../../../../..]
[b117.pri.cosma7.alces.network:06191] MCW rank 6 bound to socket 0[core 3[hwt 0-1]]: [../../../BB/../../../../../../../../../../../..][../../../../../../../../../../../../../../../..]
[b117.pri.cosma7.alces.network:06191] MCW rank 4 bound to socket 0[core 2[hwt 0-1]]: [../../BB/../../../../../../../../../../../../..][../../../../../../../../../../../../../../../..]
[b117.pri.cosma7.alces.network:06191] MCW rank 9 bound to socket 1[core 20[hwt 0-1]]: [../../../../../../../../../../../../../../../..][../../../../BB/../../../../../../../../../../..]
[b117.pri.cosma7.alces.network:06191] MCW rank 11 bound to socket 1[core 21[hwt 0-1]]: [../../../../../../../../../../../../../../../..][../../../../../BB/../../../../../../../../../..]
[b117.pri.cosma7.alces.network:06191] MCW rank 10 bound to socket 0[core 5[hwt 0-1]]: [../../../../../BB/../../../../../../../../../..][../../../../../../../../../../../../../../../..]
[b117.pri.cosma7.alces.network:06191] MCW rank 8 bound to socket 0[core 4[hwt 0-1]]: [../../../../BB/../../../../../../../../../../..][../../../../../../../../../../../../../../../..]
[b117.pri.cosma7.alces.network:06191] MCW rank 13 bound to socket 1[core 22[hwt 0-1]]: [../../../../../../../../../../../../../../../..][../../../../../../BB/../../../../../../../../..]
[b117.pri.cosma7.alces.network:06191] MCW rank 15 bound to socket 1[core 23[hwt 0-1]]: [../../../../../../../../../../../../../../../..][../../../../../../../BB/../../../../../../../..]
[b117.pri.cosma7.alces.network:06191] MCW rank 14 bound to socket 0[core 7[hwt 0-1]]: [../../../../../../../BB/../../../../../../../..][../../../../../../../../../../../../../../../..]
[b117.pri.cosma7.alces.network:06191] MCW rank 12 bound to socket 0[core 6[hwt 0-1]]: [../../../../../../BB/../../../../../../../../..][../../../../../../../../../../../../../../../..]
[b117.pri.cosma7.alces.network:06191] MCW rank 18 bound to socket 0[core 9[hwt 0-1]]: [../../../../../../../../../BB/../../../../../..][../../../../../../../../../../../../../../../..]
[b117.pri.cosma7.alces.network:06191] MCW rank 17 bound to socket 1[core 24[hwt 0-1]]: [../../../../../../../../../../../../../../../..][../../../../../../../../BB/../../../../../../..]
[b117.pri.cosma7.alces.network:06191] MCW rank 16 bound to socket 0[core 8[hwt 0-1]]: [../../../../../../../../BB/../../../../../../..][../../../../../../../../../../../../../../../..]
[b117.pri.cosma7.alces.network:06191] MCW rank 19 bound to socket 1[core 25[hwt 0-1]]: [../../../../../../../../../../../../../../../..][../../../../../../../../../BB/../../../../../..]
[b117.pri.cosma7.alces.network:06191] MCW rank 22 bound to socket 0[core 11[hwt 0-1]]: [../../../../../../../../../../../BB/../../../..][../../../../../../../../../../../../../../../..]
[b117.pri.cosma7.alces.network:06191] MCW rank 21 bound to socket 1[core 26[hwt 0-1]]: [../../../../../../../../../../../../../../../..][../../../../../../../../../../BB/../../../../..]
[b117.pri.cosma7.alces.network:06191] MCW rank 20 bound to socket 0[core 10[hwt 0-1]]: [../../../../../../../../../../BB/../../../../..][../../../../../../../../../../../../../../../..]
[b117.pri.cosma7.alces.network:06191] MCW rank 23 bound to socket 1[core 27[hwt 0-1]]: [../../../../../../../../../../../../../../../..][../../../../../../../../../../../BB/../../../..]
[b117.pri.cosma7.alces.network:06191] MCW rank 26 bound to socket 0[core 13[hwt 0-1]]: [../../../../../../../../../../../../../BB/../..][../../../../../../../../../../../../../../../..]
[b117.pri.cosma7.alces.network:06191] MCW rank 25 bound to socket 1[core 28[hwt 0-1]]: [../../../../../../../../../../../../../../../..][../../../../../../../../../../../../BB/../../..]
[b117.pri.cosma7.alces.network:06191] MCW rank 27 bound to socket 1[core 29[hwt 0-1]]: [../../../../../../../../../../../../../../../..][../../../../../../../../../../../../../BB/../..]
[b117.pri.cosma7.alces.network:06191] MCW rank 24 bound to socket 0[core 12[hwt 0-1]]: [../../../../../../../../../../../../BB/../../..][../../../../../../../../../../../../../../../..]
[b117.pri.cosma7.alces.network:06191] MCW rank 31 bound to socket 1[core 31[hwt 0-1]]: [../../../../../../../../../../../../../../../..][../../../../../../../../../../../../../../../BB]
[b117.pri.cosma7.alces.network:06191] MCW rank 30 bound to socket 0[core 15[hwt 0-1]]: [../../../../../../../../../../../../../../../BB][../../../../../../../../../../../../../../../..]
[b117.pri.cosma7.alces.network:06191] MCW rank 29 bound to socket 1[core 30[hwt 0-1]]: [../../../../../../../../../../../../../../../..][../../../../../../../../../../../../../../BB/..]
[b117.pri.cosma7.alces.network:06191] MCW rank 28 bound to socket 0[core 14[hwt 0-1]]: [../../../../../../../../../../../../../../BB/..][../../../../../../../../../../../../../../../..]
[b120.pri.cosma7.alces.network:05926] MCW rank 96 bound to socket 0[core 0[hwt 0-1]]: [BB/../../../../../../../../../../../../../../..][../../../../../../../../../../../../../../../..]
[b120.pri.cosma7.alces.network:05926] MCW rank 97 bound to socket 1[core 16[hwt 0-1]]: [../../../../../../../../../../../../../../../..][BB/../../../../../../../../../../../../../../..]
[b120.pri.cosma7.alces.network:05926] MCW rank 98 bound to socket 0[core 1[hwt 0-1]]: [../BB/../../../../../../../../../../../../../..][../../../../../../../../../../../../../../../..]
[b119.pri.cosma7.alces.network:05878] MCW rank 64 bound to socket 0[core 0[hwt 0-1]]: [BB/../../../../../../../../../../../../../../..][../../../../../../../../../../../../../../../..]
[b120.pri.cosma7.alces.network:05926] MCW rank 99 bound to socket 1[core 17[hwt 0-1]]: [../../../../../../../../../../../../../../../..][../BB/../../../../../../../../../../../../../..]
[b120.pri.cosma7.alces.network:05926] MCW rank 100 bound to socket 0[core 2[hwt 0-1]]: [../../BB/../../../../../../../../../../../../..][../../../../../../../../../../../../../../../..]
[b119.pri.cosma7.alces.network:05878] MCW rank 65 bound to socket 1[core 16[hwt 0-1]]: [../../../../../../../../../../../../../../../..][BB/../../../../../../../../../../../../../../..]
[b120.pri.cosma7.alces.network:05926] MCW rank 101 bound to socket 1[core 18[hwt 0-1]]: [../../../../../../../../../../../../../../../..][../../BB/../../../../../../../../../../../../..]
[b120.pri.cosma7.alces.network:05926] MCW rank 102 bound to socket 0[core 3[hwt 0-1]]: [../../../BB/../../../../../../../../../../../..][../../../../../../../../../../../../../../../..]
[b120.pri.cosma7.alces.network:05926] MCW rank 103 bound to socket 1[core 19[hwt 0-1]]: [../../../../../../../../../../../../../../../..][../../../BB/../../../../../../../../../../../..]
[b120.pri.cosma7.alces.network:05926] MCW rank 104 bound to socket 0[core 4[hwt 0-1]]: [../../../../BB/../../../../../../../../../../..][../../../../../../../../../../../../../../../..]
[b120.pri.cosma7.alces.network:05926] MCW rank 105 bound to socket 1[core 20[hwt 0-1]]: [../../../../../../../../../../../../../../../..][../../../../BB/../../../../../../../../../../..]
[b120.pri.cosma7.alces.network:05926] MCW rank 106 bound to socket 0[core 5[hwt 0-1]]: [../../../../../BB/../../../../../../../../../..][../../../../../../../../../../../../../../../..]
[b120.pri.cosma7.alces.network:05926] MCW rank 107 bound to socket 1[core 21[hwt 0-1]]: [../../../../../../../../../../../../../../../..][../../../../../BB/../../../../../../../../../..]
[b120.pri.cosma7.alces.network:05926] MCW rank 108 bound to socket 0[core 6[hwt 0-1]]: [../../../../../../BB/../../../../../../../../..][../../../../../../../../../../../../../../../..]
[b120.pri.cosma7.alces.network:05926] MCW rank 109 bound to socket 1[core 22[hwt 0-1]]: [../../../../../../../../../../../../../../../..][../../../../../../BB/../../../../../../../../..]
[b120.pri.cosma7.alces.network:05926] MCW rank 110 bound to socket 0[core 7[hwt 0-1]]: [../../../../../../../BB/../../../../../../../..][../../../../../../../../../../../../../../../..]
[b120.pri.cosma7.alces.network:05926] MCW rank 111 bound to socket 1[core 23[hwt 0-1]]: [../../../../../../../../../../../../../../../..][../../../../../../../BB/../../../../../../../..]
[b120.pri.cosma7.alces.network:05926] MCW rank 112 bound to socket 0[core 8[hwt 0-1]]: [../../../../../../../../BB/../../../../../../..][../../../../../../../../../../../../../../../..]
[b120.pri.cosma7.alces.network:05926] MCW rank 114 bound to socket 0[core 9[hwt 0-1]]: [../../../../../../../../../BB/../../../../../..][../../../../../../../../../../../../../../../..]
[b120.pri.cosma7.alces.network:05926] MCW rank 115 bound to socket 1[core 25[hwt 0-1]]: [../../../../../../../../../../../../../../../..][../../../../../../../../../BB/../../../../../..]
[b120.pri.cosma7.alces.network:05926] MCW rank 118 bound to socket 0[core 11[hwt 0-1]]: [../../../../../../../../../../../BB/../../../..][../../../../../../../../../../../../../../../..]
[b120.pri.cosma7.alces.network:05926] MCW rank 113 bound to socket 1[core 24[hwt 0-1]]: [../../../../../../../../../../../../../../../..][../../../../../../../../BB/../../../../../../..]
[b120.pri.cosma7.alces.network:05926] MCW rank 116 bound to socket 0[core 10[hwt 0-1]]: [../../../../../../../../../../BB/../../../../..][../../../../../../../../../../../../../../../..]
[b120.pri.cosma7.alces.network:05926] MCW rank 119 bound to socket 1[core 27[hwt 0-1]]: [../../../../../../../../../../../../../../../..][../../../../../../../../../../../BB/../../../..]
[b120.pri.cosma7.alces.network:05926] MCW rank 122 bound to socket 0[core 13[hwt 0-1]]: [../../../../../../../../../../../../../BB/../..][../../../../../../../../../../../../../../../..]
[b119.pri.cosma7.alces.network:05878] MCW rank 66 bound to socket 0[core 1[hwt 0-1]]: [../BB/../../../../../../../../../../../../../..][../../../../../../../../../../../../../../../..]
[b119.pri.cosma7.alces.network:05878] MCW rank 67 bound to socket 1[core 17[hwt 0-1]]: [../../../../../../../../../../../../../../../..][../BB/../../../../../../../../../../../../../..]
[b119.pri.cosma7.alces.network:05878] MCW rank 68 bound to socket 0[core 2[hwt 0-1]]: [../../BB/../../../../../../../../../../../../..][../../../../../../../../../../../../../../../..]
[b120.pri.cosma7.alces.network:05926] MCW rank 117 bound to socket 1[core 26[hwt 0-1]]: [../../../../../../../../../../../../../../../..][../../../../../../../../../../BB/../../../../..]
[b119.pri.cosma7.alces.network:05878] MCW rank 69 bound to socket 1[core 18[hwt 0-1]]: [../../../../../../../../../../../../../../../..][../../BB/../../../../../../../../../../../../..]
[b119.pri.cosma7.alces.network:05878] MCW rank 70 bound to socket 0[core 3[hwt 0-1]]: [../../../BB/../../../../../../../../../../../..][../../../../../../../../../../../../../../../..]
[b119.pri.cosma7.alces.network:05878] MCW rank 71 bound to socket 1[core 19[hwt 0-1]]: [../../../../../../../../../../../../../../../..][../../../BB/../../../../../../../../../../../..]
[b119.pri.cosma7.alces.network:05878] MCW rank 72 bound to socket 0[core 4[hwt 0-1]]: [../../../../BB/../../../../../../../../../../..][../../../../../../../../../../../../../../../..]
[b123.pri.cosma7.alces.network:05905] MCW rank 192 bound to socket 0[core 0[hwt 0-1]]: [BB/../../../../../../../../../../../../../../..][../../../../../../../../../../../../../../../..]
[b119.pri.cosma7.alces.network:05878] MCW rank 73 bound to socket 1[core 20[hwt 0-1]]: [../../../../../../../../../../../../../../../..][../../../../BB/../../../../../../../../../../..]
[b119.pri.cosma7.alces.network:05878] MCW rank 74 bound to socket 0[core 5[hwt 0-1]]: [../../../../../BB/../../../../../../../../../..][../../../../../../../../../../../../../../../..]
[b123.pri.cosma7.alces.network:05905] MCW rank 193 bound to socket 1[core 16[hwt 0-1]]: [../../../../../../../../../../../../../../../..][BB/../../../../../../../../../../../../../../..]
[b119.pri.cosma7.alces.network:05878] MCW rank 75 bound to socket 1[core 21[hwt 0-1]]: [../../../../../../../../../../../../../../../..][../../../../../BB/../../../../../../../../../..]
[b119.pri.cosma7.alces.network:05878] MCW rank 76 bound to socket 0[core 6[hwt 0-1]]: [../../../../../../BB/../../../../../../../../..][../../../../../../../../../../../../../../../..]
[b123.pri.cosma7.alces.network:05905] MCW rank 194 bound to socket 0[core 1[hwt 0-1]]: [../BB/../../../../../../../../../../../../../..][../../../../../../../../../../../../../../../..]
[b119.pri.cosma7.alces.network:05878] MCW rank 77 bound to socket 1[core 22[hwt 0-1]]: [../../../../../../../../../../../../../../../..][../../../../../../BB/../../../../../../../../..]
[b119.pri.cosma7.alces.network:05878] MCW rank 78 bound to socket 0[core 7[hwt 0-1]]: [../../../../../../../BB/../../../../../../../..][../../../../../../../../../../../../../../../..]
[b119.pri.cosma7.alces.network:05878] MCW rank 79 bound to socket 1[core 23[hwt 0-1]]: [../../../../../../../../../../../../../../../..][../../../../../../../BB/../../../../../../../..]
[b119.pri.cosma7.alces.network:05878] MCW rank 80 bound to socket 0[core 8[hwt 0-1]]: [../../../../../../../../BB/../../../../../../..][../../../../../../../../../../../../../../../..]
[b119.pri.cosma7.alces.network:05878] MCW rank 81 bound to socket 1[core 24[hwt 0-1]]: [../../../../../../../../../../../../../../../..][../../../../../../../../BB/../../../../../../..]
[b119.pri.cosma7.alces.network:05878] MCW rank 82 bound to socket 0[core 9[hwt 0-1]]: [../../../../../../../../../BB/../../../../../..][../../../../../../../../../../../../../../../..]
[b119.pri.cosma7.alces.network:05878] MCW rank 83 bound to socket 1[core 25[hwt 0-1]]: [../../../../../../../../../../../../../../../..][../../../../../../../../../BB/../../../../../..]
[b119.pri.cosma7.alces.network:05878] MCW rank 84 bound to socket 0[core 10[hwt 0-1]]: [../../../../../../../../../../BB/../../../../..][../../../../../../../../../../../../../../../..]
[b119.pri.cosma7.alces.network:05878] MCW rank 85 bound to socket 1[core 26[hwt 0-1]]: [../../../../../../../../../../../../../../../..][../../../../../../../../../../BB/../../../../..]
[b119.pri.cosma7.alces.network:05878] MCW rank 86 bound to socket 0[core 11[hwt 0-1]]: [../../../../../../../../../../../BB/../../../..][../../../../../../../../../../../../../../../..]
[b119.pri.cosma7.alces.network:05878] MCW rank 87 bound to socket 1[core 27[hwt 0-1]]: [../../../../../../../../../../../../../../../..][../../../../../../../../../../../BB/../../../..]
[b119.pri.cosma7.alces.network:05878] MCW rank 91 bound to socket 1[core 29[hwt 0-1]]: [../../../../../../../../../../../../../../../..][../../../../../../../../../../../../../BB/../..]
[b123.pri.cosma7.alces.network:05905] MCW rank 195 bound to socket 1[core 17[hwt 0-1]]: [../../../../../../../../../../../../../../../..][../BB/../../../../../../../../../../../../../..]
[b119.pri.cosma7.alces.network:05878] MCW rank 88 bound to socket 0[core 12[hwt 0-1]]: [../../../../../../../../../../../../BB/../../..][../../../../../../../../../../../../../../../..]
[b119.pri.cosma7.alces.network:05878] MCW rank 90 bound to socket 0[core 13[hwt 0-1]]: [../../../../../../../../../../../../../BB/../..][../../../../../../../../../../../../../../../..]
[b120.pri.cosma7.alces.network:05926] MCW rank 120 bound to socket 0[core 12[hwt 0-1]]: [../../../../../../../../../../../../BB/../../..][../../../../../../../../../../../../../../../..]
[b123.pri.cosma7.alces.network:05905] MCW rank 196 bound to socket 0[core 2[hwt 0-1]]: [../../BB/../../../../../../../../../../../../..][../../../../../../../../../../../../../../../..]
[b119.pri.cosma7.alces.network:05878] MCW rank 95 bound to socket 1[core 31[hwt 0-1]]: [../../../../../../../../../../../../../../../..][../../../../../../../../../../../../../../../BB]
[b123.pri.cosma7.alces.network:05905] MCW rank 197 bound to socket 1[core 18[hwt 0-1]]: [../../../../../../../../../../../../../../../..][../../BB/../../../../../../../../../../../../..]
[b119.pri.cosma7.alces.network:05878] MCW rank 89 bound to socket 1[core 28[hwt 0-1]]: [../../../../../../../../../../../../../../../..][../../../../../../../../../../../../BB/../../..]
[b120.pri.cosma7.alces.network:05926] MCW rank 123 bound to socket 1[core 29[hwt 0-1]]: [../../../../../../../../../../../../../../../..][../../../../../../../../../../../../../BB/../..]
[b123.pri.cosma7.alces.network:05905] MCW rank 198 bound to socket 0[core 3[hwt 0-1]]: [../../../BB/../../../../../../../../../../../..][../../../../../../../../../../../../../../../..]
[b119.pri.cosma7.alces.network:05878] MCW rank 94 bound to socket 0[core 15[hwt 0-1]]: [../../../../../../../../../../../../../../../BB][../../../../../../../../../../../../../../../..]
[b123.pri.cosma7.alces.network:05905] MCW rank 199 bound to socket 1[core 19[hwt 0-1]]: [../../../../../../../../../../../../../../../..][../../../BB/../../../../../../../../../../../..]
[b119.pri.cosma7.alces.network:05878] MCW rank 92 bound to socket 0[core 14[hwt 0-1]]: [../../../../../../../../../../../../../../BB/..][../../../../../../../../../../../../../../../..]
[b123.pri.cosma7.alces.network:05905] MCW rank 200 bound to socket 0[core 4[hwt 0-1]]: [../../../../BB/../../../../../../../../../../..][../../../../../../../../../../../../../../../..]
[b123.pri.cosma7.alces.network:05905] MCW rank 201 bound to socket 1[core 20[hwt 0-1]]: [../../../../../../../../../../../../../../../..][../../../../BB/../../../../../../../../../../..]
[b123.pri.cosma7.alces.network:05905] MCW rank 202 bound to socket 0[core 5[hwt 0-1]]: [../../../../../BB/../../../../../../../../../..][../../../../../../../../../../../../../../../..]
[b123.pri.cosma7.alces.network:05905] MCW rank 204 bound to socket 0[core 6[hwt 0-1]]: [../../../../../../BB/../../../../../../../../..][../../../../../../../../../../../../../../../..]
[b123.pri.cosma7.alces.network:05905] MCW rank 205 bound to socket 1[core 22[hwt 0-1]]: [../../../../../../../../../../../../../../../..][../../../../../../BB/../../../../../../../../..]
[b123.pri.cosma7.alces.network:05905] MCW rank 206 bound to socket 0[core 7[hwt 0-1]]: [../../../../../../../BB/../../../../../../../..][../../../../../../../../../../../../../../../..]
[b123.pri.cosma7.alces.network:05905] MCW rank 208 bound to socket 0[core 8[hwt 0-1]]: [../../../../../../../../BB/../../../../../../..][../../../../../../../../../../../../../../../..]
[b123.pri.cosma7.alces.network:05905] MCW rank 209 bound to socket 1[core 24[hwt 0-1]]: [../../../../../../../../../../../../../../../..][../../../../../../../../BB/../../../../../../..]
[b123.pri.cosma7.alces.network:05905] MCW rank 210 bound to socket 0[core 9[hwt 0-1]]: [../../../../../../../../../BB/../../../../../..][../../../../../../../../../../../../../../../..]
[b123.pri.cosma7.alces.network:05905] MCW rank 212 bound to socket 0[core 10[hwt 0-1]]: [../../../../../../../../../../BB/../../../../..][../../../../../../../../../../../../../../../..]
[b123.pri.cosma7.alces.network:05905] MCW rank 213 bound to socket 1[core 26[hwt 0-1]]: [../../../../../../../../../../../../../../../..][../../../../../../../../../../BB/../../../../..]
[b123.pri.cosma7.alces.network:05905] MCW rank 214 bound to socket 0[core 11[hwt 0-1]]: [../../../../../../../../../../../BB/../../../..][../../../../../../../../../../../../../../../..]
[b123.pri.cosma7.alces.network:05905] MCW rank 216 bound to socket 0[core 12[hwt 0-1]]: [../../../../../../../../../../../../BB/../../..][../../../../../../../../../../../../../../../..]
[b123.pri.cosma7.alces.network:05905] MCW rank 217 bound to socket 1[core 28[hwt 0-1]]: [../../../../../../../../../../../../../../../..][../../../../../../../../../../../../BB/../../..]
[b123.pri.cosma7.alces.network:05905] MCW rank 218 bound to socket 0[core 13[hwt 0-1]]: [../../../../../../../../../../../../../BB/../..][../../../../../../../../../../../../../../../..]
[b123.pri.cosma7.alces.network:05905] MCW rank 220 bound to socket 0[core 14[hwt 0-1]]: [../../../../../../../../../../../../../../BB/..][../../../../../../../../../../../../../../../..]
[b123.pri.cosma7.alces.network:05905] MCW rank 203 bound to socket 1[core 21[hwt 0-1]]: [../../../../../../../../../../../../../../../..][../../../../../BB/../../../../../../../../../..]
[b123.pri.cosma7.alces.network:05905] MCW rank 221 bound to socket 1[core 30[hwt 0-1]]: [../../../../../../../../../../../../../../../..][../../../../../../../../../../../../../../BB/..]
[b119.pri.cosma7.alces.network:05878] MCW rank 93 bound to socket 1[core 30[hwt 0-1]]: [../../../../../../../../../../../../../../../..][../../../../../../../../../../../../../../BB/..]
[b120.pri.cosma7.alces.network:05926] MCW rank 126 bound to socket 0[core 15[hwt 0-1]]: [../../../../../../../../../../../../../../../BB][../../../../../../../../../../../../../../../..]
[b120.pri.cosma7.alces.network:05926] MCW rank 124 bound to socket 0[core 14[hwt 0-1]]: [../../../../../../../../../../../../../../BB/..][../../../../../../../../../../../../../../../..]
[b123.pri.cosma7.alces.network:05905] MCW rank 222 bound to socket 0[core 15[hwt 0-1]]: [../../../../../../../../../../../../../../../BB][../../../../../../../../../../../../../../../..]
[b120.pri.cosma7.alces.network:05926] MCW rank 121 bound to socket 1[core 28[hwt 0-1]]: [../../../../../../../../../../../../../../../..][../../../../../../../../../../../../BB/../../..]
[b120.pri.cosma7.alces.network:05926] MCW rank 127 bound to socket 1[core 31[hwt 0-1]]: [../../../../../../../../../../../../../../../..][../../../../../../../../../../../../../../../BB]
[b118.pri.cosma7.alces.network:05917] MCW rank 32 bound to socket 0[core 0[hwt 0-1]]: [BB/../../../../../../../../../../../../../../..][../../../../../../../../../../../../../../../..]
[b121.pri.cosma7.alces.network:05880] MCW rank 128 bound to socket 0[core 0[hwt 0-1]]: [BB/../../../../../../../../../../../../../../..][../../../../../../../../../../../../../../../..]
[b123.pri.cosma7.alces.network:05905] MCW rank 207 bound to socket 1[core 23[hwt 0-1]]: [../../../../../../../../../../../../../../../..][../../../../../../../BB/../../../../../../../..]
[b118.pri.cosma7.alces.network:05917] MCW rank 33 bound to socket 1[core 16[hwt 0-1]]: [../../../../../../../../../../../../../../../..][BB/../../../../../../../../../../../../../../..]
[b124.pri.cosma7.alces.network:05589] MCW rank 224 bound to socket 0[core 0[hwt 0-1]]: [BB/../../../../../../../../../../../../../../..][../../../../../../../../../../../../../../../..]
[b118.pri.cosma7.alces.network:05917] MCW rank 34 bound to socket 0[core 1[hwt 0-1]]: [../BB/../../../../../../../../../../../../../..][../../../../../../../../../../../../../../../..]
[b124.pri.cosma7.alces.network:05589] MCW rank 225 bound to socket 1[core 16[hwt 0-1]]: [../../../../../../../../../../../../../../../..][BB/../../../../../../../../../../../../../../..]
[b118.pri.cosma7.alces.network:05917] MCW rank 35 bound to socket 1[core 17[hwt 0-1]]: [../../../../../../../../../../../../../../../..][../BB/../../../../../../../../../../../../../..]
[b124.pri.cosma7.alces.network:05589] MCW rank 226 bound to socket 0[core 1[hwt 0-1]]: [../BB/../../../../../../../../../../../../../..][../../../../../../../../../../../../../../../..]
[b118.pri.cosma7.alces.network:05917] MCW rank 36 bound to socket 0[core 2[hwt 0-1]]: [../../BB/../../../../../../../../../../../../..][../../../../../../../../../../../../../../../..]
[b124.pri.cosma7.alces.network:05589] MCW rank 227 bound to socket 1[core 17[hwt 0-1]]: [../../../../../../../../../../../../../../../..][../BB/../../../../../../../../../../../../../..]
[b118.pri.cosma7.alces.network:05917] MCW rank 37 bound to socket 1[core 18[hwt 0-1]]: [../../../../../../../../../../../../../../../..][../../BB/../../../../../../../../../../../../..]
[b121.pri.cosma7.alces.network:05880] MCW rank 129 bound to socket 1[core 16[hwt 0-1]]: [../../../../../../../../../../../../../../../..][BB/../../../../../../../../../../../../../../..]
[b124.pri.cosma7.alces.network:05589] MCW rank 228 bound to socket 0[core 2[hwt 0-1]]: [../../BB/../../../../../../../../../../../../..][../../../../../../../../../../../../../../../..]
[b118.pri.cosma7.alces.network:05917] MCW rank 38 bound to socket 0[core 3[hwt 0-1]]: [../../../BB/../../../../../../../../../../../..][../../../../../../../../../../../../../../../..]
[b120.pri.cosma7.alces.network:05926] MCW rank 125 bound to socket 1[core 30[hwt 0-1]]: [../../../../../../../../../../../../../../../..][../../../../../../../../../../../../../../BB/..]
[b124.pri.cosma7.alces.network:05589] MCW rank 229 bound to socket 1[core 18[hwt 0-1]]: [../../../../../../../../../../../../../../../..][../../BB/../../../../../../../../../../../../..]
[b118.pri.cosma7.alces.network:05917] MCW rank 39 bound to socket 1[core 19[hwt 0-1]]: [../../../../../../../../../../../../../../../..][../../../BB/../../../../../../../../../../../..]
[b121.pri.cosma7.alces.network:05880] MCW rank 130 bound to socket 0[core 1[hwt 0-1]]: [../BB/../../../../../../../../../../../../../..][../../../../../../../../../../../../../../../..]
[b124.pri.cosma7.alces.network:05589] MCW rank 230 bound to socket 0[core 3[hwt 0-1]]: [../../../BB/../../../../../../../../../../../..][../../../../../../../../../../../../../../../..]
[b118.pri.cosma7.alces.network:05917] MCW rank 42 bound to socket 0[core 5[hwt 0-1]]: [../../../../../BB/../../../../../../../../../..][../../../../../../../../../../../../../../../..]
[b121.pri.cosma7.alces.network:05880] MCW rank 131 bound to socket 1[core 17[hwt 0-1]]: [../../../../../../../../../../../../../../../..][../BB/../../../../../../../../../../../../../..]
[b124.pri.cosma7.alces.network:05589] MCW rank 231 bound to socket 1[core 19[hwt 0-1]]: [../../../../../../../../../../../../../../../..][../../../BB/../../../../../../../../../../../..]
[b118.pri.cosma7.alces.network:05917] MCW rank 43 bound to socket 1[core 21[hwt 0-1]]: [../../../../../../../../../../../../../../../..][../../../../../BB/../../../../../../../../../..]
[b121.pri.cosma7.alces.network:05880] MCW rank 132 bound to socket 0[core 2[hwt 0-1]]: [../../BB/../../../../../../../../../../../../..][../../../../../../../../../../../../../../../..]
[b124.pri.cosma7.alces.network:05589] MCW rank 232 bound to socket 0[core 4[hwt 0-1]]: [../../../../BB/../../../../../../../../../../..][../../../../../../../../../../../../../../../..]
[b118.pri.cosma7.alces.network:05917] MCW rank 46 bound to socket 0[core 7[hwt 0-1]]: [../../../../../../../BB/../../../../../../../..][../../../../../../../../../../../../../../../..]
[b121.pri.cosma7.alces.network:05880] MCW rank 133 bound to socket 1[core 18[hwt 0-1]]: [../../../../../../../../../../../../../../../..][../../BB/../../../../../../../../../../../../..]
[b124.pri.cosma7.alces.network:05589] MCW rank 233 bound to socket 1[core 20[hwt 0-1]]: [../../../../../../../../../../../../../../../..][../../../../BB/../../../../../../../../../../..]
[b118.pri.cosma7.alces.network:05917] MCW rank 47 bound to socket 1[core 23[hwt 0-1]]: [../../../../../../../../../../../../../../../..][../../../../../../../BB/../../../../../../../..]
[b121.pri.cosma7.alces.network:05880] MCW rank 134 bound to socket 0[core 3[hwt 0-1]]: [../../../BB/../../../../../../../../../../../..][../../../../../../../../../../../../../../../..]
[b124.pri.cosma7.alces.network:05589] MCW rank 234 bound to socket 0[core 5[hwt 0-1]]: [../../../../../BB/../../../../../../../../../..][../../../../../../../../../../../../../../../..]
[b118.pri.cosma7.alces.network:05917] MCW rank 50 bound to socket 0[core 9[hwt 0-1]]: [../../../../../../../../../BB/../../../../../..][../../../../../../../../../../../../../../../..]
[b121.pri.cosma7.alces.network:05880] MCW rank 135 bound to socket 1[core 19[hwt 0-1]]: [../../../../../../../../../../../../../../../..][../../../BB/../../../../../../../../../../../..]
[b124.pri.cosma7.alces.network:05589] MCW rank 235 bound to socket 1[core 21[hwt 0-1]]: [../../../../../../../../../../../../../../../..][../../../../../BB/../../../../../../../../../..]
[b118.pri.cosma7.alces.network:05917] MCW rank 51 bound to socket 1[core 25[hwt 0-1]]: [../../../../../../../../../../../../../../../..][../../../../../../../../../BB/../../../../../..]
[b121.pri.cosma7.alces.network:05880] MCW rank 136 bound to socket 0[core 4[hwt 0-1]]: [../../../../BB/../../../../../../../../../../..][../../../../../../../../../../../../../../../..]
[b124.pri.cosma7.alces.network:05589] MCW rank 236 bound to socket 0[core 6[hwt 0-1]]: [../../../../../../BB/../../../../../../../../..][../../../../../../../../../../../../../../../..]
[b118.pri.cosma7.alces.network:05917] MCW rank 54 bound to socket 0[core 11[hwt 0-1]]: [../../../../../../../../../../../BB/../../../..][../../../../../../../../../../../../../../../..]
[b121.pri.cosma7.alces.network:05880] MCW rank 137 bound to socket 1[core 20[hwt 0-1]]: [../../../../../../../../../../../../../../../..][../../../../BB/../../../../../../../../../../..]
[b124.pri.cosma7.alces.network:05589] MCW rank 237 bound to socket 1[core 22[hwt 0-1]]: [../../../../../../../../../../../../../../../..][../../../../../../BB/../../../../../../../../..]
[b118.pri.cosma7.alces.network:05917] MCW rank 55 bound to socket 1[core 27[hwt 0-1]]: [../../../../../../../../../../../../../../../..][../../../../../../../../../../../BB/../../../..]
[b121.pri.cosma7.alces.network:05880] MCW rank 139 bound to socket 1[core 21[hwt 0-1]]: [../../../../../../../../../../../../../../../..][../../../../../BB/../../../../../../../../../..]
[b124.pri.cosma7.alces.network:05589] MCW rank 238 bound to socket 0[core 7[hwt 0-1]]: [../../../../../../../BB/../../../../../../../..][../../../../../../../../../../../../../../../..]
[b118.pri.cosma7.alces.network:05917] MCW rank 59 bound to socket 1[core 29[hwt 0-1]]: [../../../../../../../../../../../../../../../..][../../../../../../../../../../../../../BB/../..]
[b121.pri.cosma7.alces.network:05880] MCW rank 140 bound to socket 0[core 6[hwt 0-1]]: [../../../../../../BB/../../../../../../../../..][../../../../../../../../../../../../../../../..]
[b124.pri.cosma7.alces.network:05589] MCW rank 239 bound to socket 1[core 23[hwt 0-1]]: [../../../../../../../../../../../../../../../..][../../../../../../../BB/../../../../../../../..]
[b118.pri.cosma7.alces.network:05917] MCW rank 41 bound to socket 1[core 20[hwt 0-1]]: [../../../../../../../../../../../../../../../..][../../../../BB/../../../../../../../../../../..]
[b121.pri.cosma7.alces.network:05880] MCW rank 141 bound to socket 1[core 22[hwt 0-1]]: [../../../../../../../../../../../../../../../..][../../../../../../BB/../../../../../../../../..]
[b124.pri.cosma7.alces.network:05589] MCW rank 240 bound to socket 0[core 8[hwt 0-1]]: [../../../../../../../../BB/../../../../../../..][../../../../../../../../../../../../../../../..]
[b118.pri.cosma7.alces.network:05917] MCW rank 58 bound to socket 0[core 13[hwt 0-1]]: [../../../../../../../../../../../../../BB/../..][../../../../../../../../../../../../../../../..]
[b121.pri.cosma7.alces.network:05880] MCW rank 143 bound to socket 1[core 23[hwt 0-1]]: [../../../../../../../../../../../../../../../..][../../../../../../../BB/../../../../../../../..]
[b124.pri.cosma7.alces.network:05589] MCW rank 241 bound to socket 1[core 24[hwt 0-1]]: [../../../../../../../../../../../../../../../..][../../../../../../../../BB/../../../../../../..]
[b118.pri.cosma7.alces.network:05917] MCW rank 40 bound to socket 0[core 4[hwt 0-1]]: [../../../../BB/../../../../../../../../../../..][../../../../../../../../../../../../../../../..]
[b121.pri.cosma7.alces.network:05880] MCW rank 144 bound to socket 0[core 8[hwt 0-1]]: [../../../../../../../../BB/../../../../../../..][../../../../../../../../../../../../../../../..]
[b124.pri.cosma7.alces.network:05589] MCW rank 242 bound to socket 0[core 9[hwt 0-1]]: [../../../../../../../../../BB/../../../../../..][../../../../../../../../../../../../../../../..]
[b121.pri.cosma7.alces.network:05880] MCW rank 145 bound to socket 1[core 24[hwt 0-1]]: [../../../../../../../../../../../../../../../..][../../../../../../../../BB/../../../../../../..]
[b124.pri.cosma7.alces.network:05589] MCW rank 243 bound to socket 1[core 25[hwt 0-1]]: [../../../../../../../../../../../../../../../..][../../../../../../../../../BB/../../../../../..]
[b121.pri.cosma7.alces.network:05880] MCW rank 147 bound to socket 1[core 25[hwt 0-1]]: [../../../../../../../../../../../../../../../..][../../../../../../../../../BB/../../../../../..]
[b124.pri.cosma7.alces.network:05589] MCW rank 244 bound to socket 0[core 10[hwt 0-1]]: [../../../../../../../../../../BB/../../../../..][../../../../../../../../../../../../../../../..]
[b121.pri.cosma7.alces.network:05880] MCW rank 148 bound to socket 0[core 10[hwt 0-1]]: [../../../../../../../../../../BB/../../../../..][../../../../../../../../../../../../../../../..]
[b124.pri.cosma7.alces.network:05589] MCW rank 245 bound to socket 1[core 26[hwt 0-1]]: [../../../../../../../../../../../../../../../..][../../../../../../../../../../BB/../../../../..]
[b121.pri.cosma7.alces.network:05880] MCW rank 149 bound to socket 1[core 26[hwt 0-1]]: [../../../../../../../../../../../../../../../..][../../../../../../../../../../BB/../../../../..]
[b124.pri.cosma7.alces.network:05589] MCW rank 246 bound to socket 0[core 11[hwt 0-1]]: [../../../../../../../../../../../BB/../../../..][../../../../../../../../../../../../../../../..]
[b118.pri.cosma7.alces.network:05917] MCW rank 63 bound to socket 1[core 31[hwt 0-1]]: [../../../../../../../../../../../../../../../..][../../../../../../../../../../../../../../../BB]
[b121.pri.cosma7.alces.network:05880] MCW rank 151 bound to socket 1[core 27[hwt 0-1]]: [../../../../../../../../../../../../../../../..][../../../../../../../../../../../BB/../../../..]
[b124.pri.cosma7.alces.network:05589] MCW rank 247 bound to socket 1[core 27[hwt 0-1]]: [../../../../../../../../../../../../../../../..][../../../../../../../../../../../BB/../../../..]
[b121.pri.cosma7.alces.network:05880] MCW rank 152 bound to socket 0[core 12[hwt 0-1]]: [../../../../../../../../../../../../BB/../../..][../../../../../../../../../../../../../../../..]
[b124.pri.cosma7.alces.network:05589] MCW rank 248 bound to socket 0[core 12[hwt 0-1]]: [../../../../../../../../../../../../BB/../../..][../../../../../../../../../../../../../../../..]
[b121.pri.cosma7.alces.network:05880] MCW rank 153 bound to socket 1[core 28[hwt 0-1]]: [../../../../../../../../../../../../../../../..][../../../../../../../../../../../../BB/../../..]
[b124.pri.cosma7.alces.network:05589] MCW rank 249 bound to socket 1[core 28[hwt 0-1]]: [../../../../../../../../../../../../../../../..][../../../../../../../../../../../../BB/../../..]
[b121.pri.cosma7.alces.network:05880] MCW rank 155 bound to socket 1[core 29[hwt 0-1]]: [../../../../../../../../../../../../../../../..][../../../../../../../../../../../../../BB/../..]
[b124.pri.cosma7.alces.network:05589] MCW rank 250 bound to socket 0[core 13[hwt 0-1]]: [../../../../../../../../../../../../../BB/../..][../../../../../../../../../../../../../../../..]
[b121.pri.cosma7.alces.network:05880] MCW rank 138 bound to socket 0[core 5[hwt 0-1]]: [../../../../../BB/../../../../../../../../../..][../../../../../../../../../../../../../../../..]
[b124.pri.cosma7.alces.network:05589] MCW rank 251 bound to socket 1[core 29[hwt 0-1]]: [../../../../../../../../../../../../../../../..][../../../../../../../../../../../../../BB/../..]
[b121.pri.cosma7.alces.network:05880] MCW rank 156 bound to socket 0[core 14[hwt 0-1]]: [../../../../../../../../../../../../../../BB/..][../../../../../../../../../../../../../../../..]
[b124.pri.cosma7.alces.network:05589] MCW rank 252 bound to socket 0[core 14[hwt 0-1]]: [../../../../../../../../../../../../../../BB/..][../../../../../../../../../../../../../../../..]
[b121.pri.cosma7.alces.network:05880] MCW rank 157 bound to socket 1[core 30[hwt 0-1]]: [../../../../../../../../../../../../../../../..][../../../../../../../../../../../../../../BB/..]
[b121.pri.cosma7.alces.network:05880] MCW rank 142 bound to socket 0[core 7[hwt 0-1]]: [../../../../../../../BB/../../../../../../../..][../../../../../../../../../../../../../../../..]
[b121.pri.cosma7.alces.network:05880] MCW rank 159 bound to socket 1[core 31[hwt 0-1]]: [../../../../../../../../../../../../../../../..][../../../../../../../../../../../../../../../BB]
[b123.pri.cosma7.alces.network:05905] MCW rank 211 bound to socket 1[core 25[hwt 0-1]]: [../../../../../../../../../../../../../../../..][../../../../../../../../../BB/../../../../../..]
[b124.pri.cosma7.alces.network:05589] MCW rank 254 bound to socket 0[core 15[hwt 0-1]]: [../../../../../../../../../../../../../../../BB][../../../../../../../../../../../../../../../..]
[b124.pri.cosma7.alces.network:05589] MCW rank 253 bound to socket 1[core 30[hwt 0-1]]: [../../../../../../../../../../../../../../../..][../../../../../../../../../../../../../../BB/..]
[b124.pri.cosma7.alces.network:05589] MCW rank 255 bound to socket 1[core 31[hwt 0-1]]: [../../../../../../../../../../../../../../../..][../../../../../../../../../../../../../../../BB]
[b121.pri.cosma7.alces.network:05880] MCW rank 146 bound to socket 0[core 9[hwt 0-1]]: [../../../../../../../../../BB/../../../../../..][../../../../../../../../../../../../../../../..]
[b118.pri.cosma7.alces.network:05917] MCW rank 45 bound to socket 1[core 22[hwt 0-1]]: [../../../../../../../../../../../../../../../..][../../../../../../BB/../../../../../../../../..]
[b118.pri.cosma7.alces.network:05917] MCW rank 62 bound to socket 0[core 15[hwt 0-1]]: [../../../../../../../../../../../../../../../BB][../../../../../../../../../../../../../../../..]
[b118.pri.cosma7.alces.network:05917] MCW rank 49 bound to socket 1[core 24[hwt 0-1]]: [../../../../../../../../../../../../../../../..][../../../../../../../../BB/../../../../../../..]
[b118.pri.cosma7.alces.network:05917] MCW rank 44 bound to socket 0[core 6[hwt 0-1]]: [../../../../../../BB/../../../../../../../../..][../../../../../../../../../../../../../../../..]
[b123.pri.cosma7.alces.network:05905] MCW rank 215 bound to socket 1[core 27[hwt 0-1]]: [../../../../../../../../../../../../../../../..][../../../../../../../../../../../BB/../../../..]
[b121.pri.cosma7.alces.network:05880] MCW rank 150 bound to socket 0[core 11[hwt 0-1]]: [../../../../../../../../../../../BB/../../../..][../../../../../../../../../../../../../../../..]
[b123.pri.cosma7.alces.network:05905] MCW rank 219 bound to socket 1[core 29[hwt 0-1]]: [../../../../../../../../../../../../../../../..][../../../../../../../../../../../../../BB/../..]
[b118.pri.cosma7.alces.network:05917] MCW rank 53 bound to socket 1[core 26[hwt 0-1]]: [../../../../../../../../../../../../../../../..][../../../../../../../../../../BB/../../../../..]
[b118.pri.cosma7.alces.network:05917] MCW rank 48 bound to socket 0[core 8[hwt 0-1]]: [../../../../../../../../BB/../../../../../../..][../../../../../../../../../../../../../../../..]
[b121.pri.cosma7.alces.network:05880] MCW rank 154 bound to socket 0[core 13[hwt 0-1]]: [../../../../../../../../../../../../../BB/../..][../../../../../../../../../../../../../../../..]
[b123.pri.cosma7.alces.network:05905] MCW rank 223 bound to socket 1[core 31[hwt 0-1]]: [../../../../../../../../../../../../../../../..][../../../../../../../../../../../../../../../BB]
[b118.pri.cosma7.alces.network:05917] MCW rank 52 bound to socket 0[core 10[hwt 0-1]]: [../../../../../../../../../../BB/../../../../..][../../../../../../../../../../../../../../../..]
[b118.pri.cosma7.alces.network:05917] MCW rank 57 bound to socket 1[core 28[hwt 0-1]]: [../../../../../../../../../../../../../../../..][../../../../../../../../../../../../BB/../../..]
[b121.pri.cosma7.alces.network:05880] MCW rank 158 bound to socket 0[core 15[hwt 0-1]]: [../../../../../../../../../../../../../../../BB][../../../../../../../../../../../../../../../..]
[b118.pri.cosma7.alces.network:05917] MCW rank 56 bound to socket 0[core 12[hwt 0-1]]: [../../../../../../../../../../../../BB/../../..][../../../../../../../../../../../../../../../..]
[b118.pri.cosma7.alces.network:05917] MCW rank 61 bound to socket 1[core 30[hwt 0-1]]: [../../../../../../../../../../../../../../../..][../../../../../../../../../../../../../../BB/..]
[b122.pri.cosma7.alces.network:05880] MCW rank 160 bound to socket 0[core 0[hwt 0-1]]: [BB/../../../../../../../../../../../../../../..][../../../../../../../../../../../../../../../..]
[b122.pri.cosma7.alces.network:05880] MCW rank 161 bound to socket 1[core 16[hwt 0-1]]: [../../../../../../../../../../../../../../../..][BB/../../../../../../../../../../../../../../..]
[b122.pri.cosma7.alces.network:05880] MCW rank 162 bound to socket 0[core 1[hwt 0-1]]: [../BB/../../../../../../../../../../../../../..][../../../../../../../../../../../../../../../..]
[b122.pri.cosma7.alces.network:05880] MCW rank 163 bound to socket 1[core 17[hwt 0-1]]: [../../../../../../../../../../../../../../../..][../BB/../../../../../../../../../../../../../..]
[b122.pri.cosma7.alces.network:05880] MCW rank 164 bound to socket 0[core 2[hwt 0-1]]: [../../BB/../../../../../../../../../../../../..][../../../../../../../../../../../../../../../..]
[b122.pri.cosma7.alces.network:05880] MCW rank 165 bound to socket 1[core 18[hwt 0-1]]: [../../../../../../../../../../../../../../../..][../../BB/../../../../../../../../../../../../..]
[b122.pri.cosma7.alces.network:05880] MCW rank 166 bound to socket 0[core 3[hwt 0-1]]: [../../../BB/../../../../../../../../../../../..][../../../../../../../../../../../../../../../..]
[b122.pri.cosma7.alces.network:05880] MCW rank 167 bound to socket 1[core 19[hwt 0-1]]: [../../../../../../../../../../../../../../../..][../../../BB/../../../../../../../../../../../..]
[b122.pri.cosma7.alces.network:05880] MCW rank 168 bound to socket 0[core 4[hwt 0-1]]: [../../../../BB/../../../../../../../../../../..][../../../../../../../../../../../../../../../..]
[b122.pri.cosma7.alces.network:05880] MCW rank 169 bound to socket 1[core 20[hwt 0-1]]: [../../../../../../../../../../../../../../../..][../../../../BB/../../../../../../../../../../..]
[b122.pri.cosma7.alces.network:05880] MCW rank 170 bound to socket 0[core 5[hwt 0-1]]: [../../../../../BB/../../../../../../../../../..][../../../../../../../../../../../../../../../..]
[b122.pri.cosma7.alces.network:05880] MCW rank 171 bound to socket 1[core 21[hwt 0-1]]: [../../../../../../../../../../../../../../../..][../../../../../BB/../../../../../../../../../..]
[b122.pri.cosma7.alces.network:05880] MCW rank 172 bound to socket 0[core 6[hwt 0-1]]: [../../../../../../BB/../../../../../../../../..][../../../../../../../../../../../../../../../..]
[b122.pri.cosma7.alces.network:05880] MCW rank 173 bound to socket 1[core 22[hwt 0-1]]: [../../../../../../../../../../../../../../../..][../../../../../../BB/../../../../../../../../..]
[b122.pri.cosma7.alces.network:05880] MCW rank 174 bound to socket 0[core 7[hwt 0-1]]: [../../../../../../../BB/../../../../../../../..][../../../../../../../../../../../../../../../..]
[b122.pri.cosma7.alces.network:05880] MCW rank 176 bound to socket 0[core 8[hwt 0-1]]: [../../../../../../../../BB/../../../../../../..][../../../../../../../../../../../../../../../..]
[b122.pri.cosma7.alces.network:05880] MCW rank 177 bound to socket 1[core 24[hwt 0-1]]: [../../../../../../../../../../../../../../../..][../../../../../../../../BB/../../../../../../..]
[b122.pri.cosma7.alces.network:05880] MCW rank 178 bound to socket 0[core 9[hwt 0-1]]: [../../../../../../../../../BB/../../../../../..][../../../../../../../../../../../../../../../..]
[b122.pri.cosma7.alces.network:05880] MCW rank 180 bound to socket 0[core 10[hwt 0-1]]: [../../../../../../../../../../BB/../../../../..][../../../../../../../../../../../../../../../..]
[b122.pri.cosma7.alces.network:05880] MCW rank 181 bound to socket 1[core 26[hwt 0-1]]: [../../../../../../../../../../../../../../../..][../../../../../../../../../../BB/../../../../..]
[b122.pri.cosma7.alces.network:05880] MCW rank 182 bound to socket 0[core 11[hwt 0-1]]: [../../../../../../../../../../../BB/../../../..][../../../../../../../../../../../../../../../..]
[b122.pri.cosma7.alces.network:05880] MCW rank 184 bound to socket 0[core 12[hwt 0-1]]: [../../../../../../../../../../../../BB/../../..][../../../../../../../../../../../../../../../..]
[b122.pri.cosma7.alces.network:05880] MCW rank 185 bound to socket 1[core 28[hwt 0-1]]: [../../../../../../../../../../../../../../../..][../../../../../../../../../../../../BB/../../..]
[b122.pri.cosma7.alces.network:05880] MCW rank 186 bound to socket 0[core 13[hwt 0-1]]: [../../../../../../../../../../../../../BB/../..][../../../../../../../../../../../../../../../..]
[b122.pri.cosma7.alces.network:05880] MCW rank 188 bound to socket 0[core 14[hwt 0-1]]: [../../../../../../../../../../../../../../BB/..][../../../../../../../../../../../../../../../..]
[b122.pri.cosma7.alces.network:05880] MCW rank 189 bound to socket 1[core 30[hwt 0-1]]: [../../../../../../../../../../../../../../../..][../../../../../../../../../../../../../../BB/..]
[b122.pri.cosma7.alces.network:05880] MCW rank 190 bound to socket 0[core 15[hwt 0-1]]: [../../../../../../../../../../../../../../../BB][../../../../../../../../../../../../../../../..]
[b122.pri.cosma7.alces.network:05880] MCW rank 175 bound to socket 1[core 23[hwt 0-1]]: [../../../../../../../../../../../../../../../..][../../../../../../../BB/../../../../../../../..]
[b118.pri.cosma7.alces.network:05917] MCW rank 60 bound to socket 0[core 14[hwt 0-1]]: [../../../../../../../../../../../../../../BB/..][../../../../../../../../../../../../../../../..]
[b122.pri.cosma7.alces.network:05880] MCW rank 179 bound to socket 1[core 25[hwt 0-1]]: [../../../../../../../../../../../../../../../..][../../../../../../../../../BB/../../../../../..]
[b122.pri.cosma7.alces.network:05880] MCW rank 183 bound to socket 1[core 27[hwt 0-1]]: [../../../../../../../../../../../../../../../..][../../../../../../../../../../../BB/../../../..]
[b122.pri.cosma7.alces.network:05880] MCW rank 187 bound to socket 1[core 29[hwt 0-1]]: [../../../../../../../../../../../../../../../..][../../../../../../../../../../../../../BB/../..]
[b122.pri.cosma7.alces.network:05880] MCW rank 191 bound to socket 1[core 31[hwt 0-1]]: [../../../../../../../../../../../../../../../..][../../../../../../../../../../../../../../../BB]
level 0 thread 0x2b543fc50700 affinity 7,39
level 0 thread 0x2af4b43ca700 affinity 6,38
level 0 thread 0x2b792b5bd700 affinity 16,48
level 0 thread 0x2b51429cd700 affinity 17,49
level 0 thread 0x2b822c22e700 affinity 29,61
level 0 thread 0x2ae3d373b700 affinity 28,60
level 0 thread 0x2b8564595700 affinity 30,62
level 0 thread 0x2ac4f7a3c700 affinity 31,63
level 0 thread 0x2adfe586f700 affinity 12,44
level 0 thread 0x2abf7b5ea700 affinity 19,51
level 0 thread 0x2b9105aac700 affinity 24,56
level 0 thread 0x2b07ba637700 affinity 25,57
level 0 thread 0x2b5ffc270700 affinity 13,45
level 0 thread 0x2b5db5b2b700 affinity 14,46
level 0 thread 0x2b3ee2be6700 affinity 3,35
level 0 thread 0x2ab19d6f6700 affinity 2,34
level 0 thread 0x2b80a38da700 affinity 15,47
level 0 thread 0x2b4c22fc6700 affinity 18,50
level 0 thread 0x2b8ebce3d700 affinity 23,55
level 0 thread 0x2abf7556b700 affinity 22,54
level 0 thread 0x2ab6a81fa700 affinity 11,43
level 0 thread 0x2b4034ee6700 affinity 10,42
level 0 thread 0x2b055fd35700 affinity 26,58
level 0 thread 0x2b4774168700 affinity 0,32
level 0 thread 0x2b4df2380700 affinity 1,33
level 0 thread 0x2b19442c8700 affinity 5,37
level 0 thread 0x2b2554ade700 affinity 21,53
level 0 thread 0x2ba3a3a36700 affinity 20,52
level 0 thread 0x2ae68e2bc700 affinity 4,36
level 0 thread 0x2b3e356cb700 affinity 9,41
level 0 thread 0x2b418e94d700 affinity 8,40
level 0 thread 0x2ac481386700 affinity 21,53
level 0 thread 0x2b2116091700 affinity 20,52
level 0 thread 0x2b53a8dc5700 affinity 27,59
level 0 thread 0x2b11b59b6700 affinity 20,52
level 0 thread 0x2b16038cb700 affinity 22,54
level 0 thread 0x2b767effb700 affinity 4,36
level 0 thread 0x2ae790b4d700 affinity 29,61
level 0 thread 0x2b30c344f700 affinity 27,59
level 0 thread 0x2abe57c14700 affinity 29,61
level 0 thread 0x2b1574ced700 affinity 2,34
level 0 thread 0x2b358f61c700 affinity 5,37
level 0 thread 0x2b0dc556c700 affinity 20,52
level 0 thread 0x2ac93d177700 affinity 30,62
level 0 thread 0x2b3d4bf2a700 affinity 0,32
level 0 thread 0x2b8badf4a700 affinity 26,58
level 0 thread 0x2b4a9a78b700 affinity 23,55
level 0 thread 0x2b6474b8d700 affinity 26,58
level 0 thread 0x2ae60a61a700 affinity 28,60
level 0 thread 0x2b021d935700 affinity 31,63
level 0 thread 0x2b6222876700 affinity 24,56
level 0 thread 0x2b4281060700 affinity 3,35
level 0 thread 0x2af6c78d3700 affinity 14,46
level 0 thread 0x2b18e63f6700 affinity 14,46
level 0 thread 0x2adacdf08700 affinity 17,49
level 0 thread 0x2b15a5656700 affinity 1,33
level 0 thread 0x2acfb8989700 affinity 7,39
level 0 thread 0x2b1fd6f64700 affinity 30,62
level 0 thread 0x2ac170222700 affinity 13,45
level 0 thread 0x2b14cc1db700 affinity 27,59
level 0 thread 0x2b9db2ea0700 affinity 15,47
level 0 thread 0x2b36acdf2700 affinity 18,50
level 0 thread 0x2ae6f1aa7700 affinity 2,34
level 0 thread 0x2b1589da7700 affinity 6,38
level 0 thread 0x2abc503bf700 affinity 31,63
level 0 thread 0x2ae79afed700 affinity 0,32
level 0 thread 0x2aeb55689700 affinity 15,47
level 0 thread 0x2b003adee700 affinity 10,42
level 0 thread 0x2b13e84eb700 affinity 19,51
level 0 thread 0x2b1efe169700 affinity 3,35
level 0 thread 0x2aba44bc0700 affinity 25,57
level 0 thread 0x2b6c6df8c700 affinity 24,56
level 0 thread 0x2abc26fd0700 affinity 1,33
level 0 thread 0x2b233d81b700 affinity 0,32
level 0 thread 0x2b0029856700 affinity 11,43
level 0 thread 0x2b01378b6700 affinity 8,40
level 0 thread 0x2ab0c0e04700 affinity 4,36
level 0 thread 0x2af08f7a5700 affinity 11,43
level 0 thread 0x2ad7dc562700 affinity 25,57
level 0 thread 0x2af64257e700 affinity 18,50
level 0 thread 0x2ab0092ae700 affinity 30,62
level 0 thread 0x2afffa358700 affinity 21,53
level 0 thread 0x2ab3dc206700 affinity 24,56
level 0 thread 0x2ab1126f9700 affinity 5,37
level 0 thread 0x2b0b93113700 affinity 28,60
level 0 thread 0x2b4fc4c20700 affinity 10,42
level 0 thread 0x2b499e9a7700 affinity 19,51
level 0 thread 0x2ac0f8520700 affinity 20,52
level 0 thread 0x2ab6d9eeb700 affinity 31,63
level 0 thread 0x2ac15053b700 affinity 9,41
level 0 thread 0x2adb4155a700 affinity 15,47
level 0 thread 0x2b526452c700 affinity 10,42
level 0 thread 0x2b4843391700 affinity 12,44
level 0 thread 0x2b5dce756700 affinity 8,40
level 0 thread 0x2adaea545700 affinity 21,53
level 0 thread 0x2af15ff75700 affinity 0,32
level 0 thread 0x2b26cfc28700 affinity 10,42
level 0 thread 0x2acc0077b700 affinity 14,46
level 0 thread 0x2b0a25bf9700 affinity 16,48
level 0 thread 0x2b7039a0d700 affinity 11,43
level 0 thread 0x2b4ed4cf8700 affinity 9,41
level 0 thread 0x2b917c59f700 affinity 24,56
level 0 thread 0x2b5f209aa700 affinity 1,33
level 0 thread 0x2abcb6e84700 affinity 25,57
level 0 thread 0x2b9cfc722700 affinity 31,63
level 0 thread 0x2ab295a25700 affinity 17,49
level 0 thread 0x2b41a0526700 affinity 13,45
level 0 thread 0x2b457e510700 affinity 10,42
level 0 thread 0x2b080eafc700 affinity 25,57
level 0 thread 0x2b2314623700 affinity 6,38
level 0 thread 0x2ae513aed700 affinity 11,43
level 0 thread 0x2ad673e23700 affinity 16,48
level 0 thread 0x2b886d57e700 affinity 18,50
level 0 thread 0x2b8fd4847700 affinity 7,39
level 0 thread 0x2ab840333700 affinity 11,43
level 0 thread 0x2ba0d504b700 affinity 31,63
level 0 thread 0x2b656589d700 affinity 22,54
level 0 thread 0x2adaaed6f700 affinity 29,61
level 0 thread 0x2ac37d24d700 affinity 17,49
level 0 thread 0x2b7f084f8700 affinity 19,51
level 0 thread 0x2ab017484700 affinity 0,32
level 0 thread 0x2adbcf2eb700 affinity 29,61
level 0 thread 0x2b1e45b00700 affinity 16,48
level 0 thread 0x2b1c02f93700 affinity 7,39
level 0 thread 0x2b88c937a700 affinity 4,36
level 0 thread 0x2b7fd0142700 affinity 18,50
level 0 thread 0x2ab1e126d700 affinity 31,63
level 0 thread 0x2ac3e92e6700 affinity 16,48
level 0 thread 0x2baaa180b700 affinity 12,44
level 0 thread 0x2b5293abe700 affinity 1,33
level 0 thread 0x2b4e9630e700 affinity 8,40
level 0 thread 0x2b3379f1e700 affinity 5,37
level 0 thread 0x2b9707b6b700 affinity 19,51
level 0 thread 0x2b6f38d93700 affinity 14,46
level 0 thread 0x2b89d0798700 affinity 1,33
level 0 thread 0x2b9067416700 affinity 15,47
level 0 thread 0x2b102f362700 affinity 17,49
level 0 thread 0x2b0a89f2e700 affinity 24,56
level 0 thread 0x2ba284e79700 affinity 12,44
level 0 thread 0x2b388ccaf700 affinity 6,38
level 0 thread 0x2b51a4538700 affinity 26,58
level 0 thread 0x2af4ef602700 affinity 17,49
level 0 thread 0x2ad5c21d4700 affinity 14,46
level 0 thread 0x2b364d76f700 affinity 18,50
level 0 thread 0x2b2761386700 affinity 23,55
level 0 thread 0x2b9c41c9b700 affinity 28,60
level 0 thread 0x2b068dfc2700 affinity 22,54
level 0 thread 0x2ae342837700 affinity 15,47
level 0 thread 0x2ae402ba1700 affinity 15,47
level 0 thread 0x2b7b8885f700 affinity 28,60
level 0 thread 0x2b53c3c10700 affinity 19,51
level 0 thread 0x2b7e0e708700 affinity 9,41
level 0 thread 0x2baacaee8700 affinity 13,45
level 0 thread 0x2b7790848700 affinity 7,39
level 0 thread 0x2b09d8fed700 affinity 27,59
level 0 thread 0x2ab1cb428700 affinity 18,50
level 0 thread 0x2b4b2df57700 affinity 16,48
level 0 thread 0x2b82fdd18700 affinity 22,54
level 0 thread 0x2ac39b760700 affinity 26,58
level 0 thread 0x2b13e5ddd700 affinity 0,32
level 0 thread 0x2ac7f046f700 affinity 23,55
level 0 thread 0x2ba05cdd4700 affinity 30,62
level 0 thread 0x2aee2679d700 affinity 19,51
level 0 thread 0x2b5d58694700 affinity 17,49
level 0 thread 0x2b5e682ce700 affinity 23,55
level 0 thread 0x2b7d46076700 affinity 25,57
level 0 thread 0x2af6b7b08700 affinity 1,33
level 0 thread 0x2b02b8e6d700 affinity 8,40
level 0 thread 0x2b45f82df700 affinity 4,36
level 0 thread 0x2b5bc6381700 affinity 4,36
level 0 thread 0x2af5bc96a700 affinity 2,34
level 0 thread 0x2b936e1a2700 affinity 11,43
level 0 thread 0x2b7233b1a700 affinity 12,44
level 0 thread 0x2b667b59d700 affinity 2,34
level 0 thread 0x2b40118bf700 affinity 24,56
level 0 thread 0x2ad8ad7b0700 affinity 0,32
level 0 thread 0x2b29cd9c6700 affinity 29,61
level 0 thread 0x2ae34f312700 affinity 3,35
level 0 thread 0x2b8e390b7700 affinity 8,40
level 0 thread 0x2b7588338700 affinity 27,59
level 0 thread 0x2b68e70e4700 affinity 3,35
level 0 thread 0x2b122cc92700 affinity 9,41
level 0 thread 0x2ae5f9c88700 affinity 1,33
level 0 thread 0x2b83fd352700 affinity 20,52
level 0 thread 0x2b0cca1ad700 affinity 4,36
level 0 thread 0x2b0591d4a700 affinity 9,41
level 0 thread 0x2b101605b700 affinity 13,45
level 0 thread 0x2b16e6a39700 affinity 20,52
level 0 thread 0x2b21986d9700 affinity 25,57
level 0 thread 0x2af776c7f700 affinity 2,34
level 0 thread 0x2b7f50996700 affinity 21,53
level 0 thread 0x2ba1975d7700 affinity 30,62
level 0 thread 0x2b81aec1b700 affinity 13,45
level 0 thread 0x2ad54e367700 affinity 30,62
level 0 thread 0x2b7bd32f9700 affinity 21,53
level 0 thread 0x2b8ffe751700 affinity 10,42
level 0 thread 0x2b1a115f1700 affinity 3,35
level 0 thread 0x2b40b7aa2700 affinity 6,38
level 0 thread 0x2aba38697700 affinity 5,37
level 0 thread 0x2afd6fcee700 affinity 10,42
level 0 thread 0x2aadb90a7700 affinity 16,48
level 0 thread 0x2b8e07e24700 affinity 22,54
level 0 thread 0x2aac0a476700 affinity 26,58
level 0 thread 0x2b6c19afb700 affinity 13,45
level 0 thread 0x2b79a9510700 affinity 22,54
level 0 thread 0x2aefbed2e700 affinity 21,53
level 0 thread 0x2ad5abe11700 affinity 12,44
level 0 thread 0x2b559fad4700 affinity 17,49
level 0 thread 0x2b4510f80700 affinity 23,55
level 0 thread 0x2b84f54ec700 affinity 11,43
level 0 thread 0x2b8890fe0700 affinity 5,37
level 0 thread 0x2ab106702700 affinity 23,55
level 0 thread 0x2ba46dc9a700 affinity 6,38
level 0 thread 0x2b4ef37c7700 affinity 28,60
level 0 thread 0x2b52541d3700 affinity 2,34
level 0 thread 0x2b40c563d700 affinity 6,38
level 0 thread 0x2ab6715d1700 affinity 27,59
level 0 thread 0x2b14ee8cb700 affinity 23,55
level 0 thread 0x2b73d9c56700 affinity 8,40
level 0 thread 0x2b83e6037700 affinity 7,39
level 0 thread 0x2b14d8fc4700 affinity 2,34
level 0 thread 0x2b15415b4700 affinity 18,50
level 0 thread 0x2b2f1c287700 affinity 15,47
level 0 thread 0x2b2203681700 affinity 28,60
level 0 thread 0x2ad0a1801700 affinity 9,41
level 0 thread 0x2b378c031700 affinity 9,41
level 0 thread 0x2b3090bae700 affinity 24,56
level 0 thread 0x2b3c4c1d0700 affinity 3,35
level 0 thread 0x2b2cd77d8700 affinity 3,35
level 0 thread 0x2aee84115700 affinity 7,39
level 0 thread 0x2ba5c9a84700 affinity 29,61
level 0 thread 0x2b9fed989700 affinity 8,40
level 0 thread 0x2b978243a700 affinity 26,58
level 0 thread 0x2af08990f700 affinity 25,57
level 0 thread 0x2b0f14314700 affinity 6,38
level 0 thread 0x2b696af57700 affinity 19,51
level 0 thread 0x2aef3110d700 affinity 14,46
level 0 thread 0x2ac4817c9700 affinity 30,62
level 0 thread 0x2b609398d700 affinity 12,44
level 0 thread 0x2b00124af700 affinity 27,59
level 0 thread 0x2b70fb55f700 affinity 26,58
level 0 thread 0x2acd4901a700 affinity 7,39
level 0 thread 0x2ae7e0683700 affinity 4,36
level 0 thread 0x2b3abdd99700 affinity 16,48
level 0 thread 0x2ab978aba700 affinity 20,52
level 0 thread 0x2b974cf07700 affinity 22,54
level 0 thread 0x2ab575b72700 affinity 28,60
level 0 thread 0x2b4a04815700 affinity 31,63
level 0 thread 0x2ae4f7d29700 affinity 29,61
level 0 thread 0x2b0ae8858700 affinity 5,37
level 0 thread 0x2b7e42ce1700 affinity 21,53
level 0 thread 0x2abda3947700 affinity 5,37
level 0 thread 0x2b07e0e06700 affinity 27,59
level 0 thread 0x2b1ec34fe700 affinity 12,44
level 0 thread 0x2b72bb8ef700 affinity 14,46
level 0 thread 0x2b0695dea700 affinity 13,45
