- Package -----------------------------.- Versions --------.- Last mod. -------
Currently Loaded Modulefiles:
cosma/2018                                                  2018/05/24 15:26:01
gnu_comp/11.1.0                                             2021/06/30 10:41:57
hipsycl-0.9.4-gcc-11.1.0-cfxbgst                            2023/04/27 13:15:08
openmpi/4.1.4                                               2022/11/28 11:11:31
cmake/3.25.1                                                2023/01/04 10:42:48
boost-1.80.0-gcc-11.1.0-kxwgyuc                             2023/05/03 17:16:13
fftw-3.3.10-gcc-11.1.0-lpkp2ev                              2023/04/27 14:28:58
python/3.10.7                                               2022/10/04 12:04:13
hdf5-1.12.2-gcc-11.1.0-4ovmzew                              2023/05/03 16:18:46
nektar-5.3.0-2e0fb8-gcc-11.1.0-ooymem2                      2023/05/03 17:26:27
googletest-1.12.1-gcc-11.1.0-25bkaph                        2023/04/27 13:16:42
[b101.pri.cosma7.alces.network:09164] MCW rank 0 bound to socket 0[core 0[hwt 0-1]]: [BB/../../../../../../../../../../../../../../..][../../../../../../../../../../../../../../../..]
[b101.pri.cosma7.alces.network:09164] MCW rank 1 bound to socket 1[core 16[hwt 0-1]]: [../../../../../../../../../../../../../../../..][BB/../../../../../../../../../../../../../../..]
[b101.pri.cosma7.alces.network:09164] MCW rank 2 bound to socket 0[core 1[hwt 0-1]]: [../BB/../../../../../../../../../../../../../..][../../../../../../../../../../../../../../../..]
[b101.pri.cosma7.alces.network:09164] MCW rank 3 bound to socket 1[core 17[hwt 0-1]]: [../../../../../../../../../../../../../../../..][../BB/../../../../../../../../../../../../../..]
[b101.pri.cosma7.alces.network:09164] MCW rank 6 bound to socket 0[core 3[hwt 0-1]]: [../../../BB/../../../../../../../../../../../..][../../../../../../../../../../../../../../../..]
[b101.pri.cosma7.alces.network:09164] MCW rank 5 bound to socket 1[core 18[hwt 0-1]]: [../../../../../../../../../../../../../../../..][../../BB/../../../../../../../../../../../../..]
[b101.pri.cosma7.alces.network:09164] MCW rank 7 bound to socket 1[core 19[hwt 0-1]]: [../../../../../../../../../../../../../../../..][../../../BB/../../../../../../../../../../../..]
[b101.pri.cosma7.alces.network:09164] MCW rank 10 bound to socket 0[core 5[hwt 0-1]]: [../../../../../BB/../../../../../../../../../..][../../../../../../../../../../../../../../../..]
[b101.pri.cosma7.alces.network:09164] MCW rank 4 bound to socket 0[core 2[hwt 0-1]]: [../../BB/../../../../../../../../../../../../..][../../../../../../../../../../../../../../../..]
[b101.pri.cosma7.alces.network:09164] MCW rank 9 bound to socket 1[core 20[hwt 0-1]]: [../../../../../../../../../../../../../../../..][../../../../BB/../../../../../../../../../../..]
[b101.pri.cosma7.alces.network:09164] MCW rank 11 bound to socket 1[core 21[hwt 0-1]]: [../../../../../../../../../../../../../../../..][../../../../../BB/../../../../../../../../../..]
[b101.pri.cosma7.alces.network:09164] MCW rank 14 bound to socket 0[core 7[hwt 0-1]]: [../../../../../../../BB/../../../../../../../..][../../../../../../../../../../../../../../../..]
[b101.pri.cosma7.alces.network:09164] MCW rank 8 bound to socket 0[core 4[hwt 0-1]]: [../../../../BB/../../../../../../../../../../..][../../../../../../../../../../../../../../../..]
[b101.pri.cosma7.alces.network:09164] MCW rank 13 bound to socket 1[core 22[hwt 0-1]]: [../../../../../../../../../../../../../../../..][../../../../../../BB/../../../../../../../../..]
[b101.pri.cosma7.alces.network:09164] MCW rank 18 bound to socket 0[core 9[hwt 0-1]]: [../../../../../../../../../BB/../../../../../..][../../../../../../../../../../../../../../../..]
[b101.pri.cosma7.alces.network:09164] MCW rank 15 bound to socket 1[core 23[hwt 0-1]]: [../../../../../../../../../../../../../../../..][../../../../../../../BB/../../../../../../../..]
[b101.pri.cosma7.alces.network:09164] MCW rank 12 bound to socket 0[core 6[hwt 0-1]]: [../../../../../../BB/../../../../../../../../..][../../../../../../../../../../../../../../../..]
[b101.pri.cosma7.alces.network:09164] MCW rank 17 bound to socket 1[core 24[hwt 0-1]]: [../../../../../../../../../../../../../../../..][../../../../../../../../BB/../../../../../../..]
[b101.pri.cosma7.alces.network:09164] MCW rank 22 bound to socket 0[core 11[hwt 0-1]]: [../../../../../../../../../../../BB/../../../..][../../../../../../../../../../../../../../../..]
[b101.pri.cosma7.alces.network:09164] MCW rank 19 bound to socket 1[core 25[hwt 0-1]]: [../../../../../../../../../../../../../../../..][../../../../../../../../../BB/../../../../../..]
[b101.pri.cosma7.alces.network:09164] MCW rank 16 bound to socket 0[core 8[hwt 0-1]]: [../../../../../../../../BB/../../../../../../..][../../../../../../../../../../../../../../../..]
[b101.pri.cosma7.alces.network:09164] MCW rank 21 bound to socket 1[core 26[hwt 0-1]]: [../../../../../../../../../../../../../../../..][../../../../../../../../../../BB/../../../../..]
[b101.pri.cosma7.alces.network:09164] MCW rank 26 bound to socket 0[core 13[hwt 0-1]]: [../../../../../../../../../../../../../BB/../..][../../../../../../../../../../../../../../../..]
[b101.pri.cosma7.alces.network:09164] MCW rank 23 bound to socket 1[core 27[hwt 0-1]]: [../../../../../../../../../../../../../../../..][../../../../../../../../../../../BB/../../../..]
[b101.pri.cosma7.alces.network:09164] MCW rank 20 bound to socket 0[core 10[hwt 0-1]]: [../../../../../../../../../../BB/../../../../..][../../../../../../../../../../../../../../../..]
[b101.pri.cosma7.alces.network:09164] MCW rank 25 bound to socket 1[core 28[hwt 0-1]]: [../../../../../../../../../../../../../../../..][../../../../../../../../../../../../BB/../../..]
[b101.pri.cosma7.alces.network:09164] MCW rank 30 bound to socket 0[core 15[hwt 0-1]]: [../../../../../../../../../../../../../../../BB][../../../../../../../../../../../../../../../..]
[b101.pri.cosma7.alces.network:09164] MCW rank 27 bound to socket 1[core 29[hwt 0-1]]: [../../../../../../../../../../../../../../../..][../../../../../../../../../../../../../BB/../..]
[b101.pri.cosma7.alces.network:09164] MCW rank 24 bound to socket 0[core 12[hwt 0-1]]: [../../../../../../../../../../../../BB/../../..][../../../../../../../../../../../../../../../..]
[b101.pri.cosma7.alces.network:09164] MCW rank 29 bound to socket 1[core 30[hwt 0-1]]: [../../../../../../../../../../../../../../../..][../../../../../../../../../../../../../../BB/..]
[b101.pri.cosma7.alces.network:09164] MCW rank 31 bound to socket 1[core 31[hwt 0-1]]: [../../../../../../../../../../../../../../../..][../../../../../../../../../../../../../../../BB]
[b101.pri.cosma7.alces.network:09164] MCW rank 28 bound to socket 0[core 14[hwt 0-1]]: [../../../../../../../../../../../../../../BB/..][../../../../../../../../../../../../../../../..]
[b103.pri.cosma7.alces.network:22794] MCW rank 64 bound to socket 0[core 0[hwt 0-1]]: [BB/../../../../../../../../../../../../../../..][../../../../../../../../../../../../../../../..]
[b103.pri.cosma7.alces.network:22794] MCW rank 65 bound to socket 1[core 16[hwt 0-1]]: [../../../../../../../../../../../../../../../..][BB/../../../../../../../../../../../../../../..]
[b103.pri.cosma7.alces.network:22794] MCW rank 66 bound to socket 0[core 1[hwt 0-1]]: [../BB/../../../../../../../../../../../../../..][../../../../../../../../../../../../../../../..]
[b103.pri.cosma7.alces.network:22794] MCW rank 67 bound to socket 1[core 17[hwt 0-1]]: [../../../../../../../../../../../../../../../..][../BB/../../../../../../../../../../../../../..]
[b103.pri.cosma7.alces.network:22794] MCW rank 68 bound to socket 0[core 2[hwt 0-1]]: [../../BB/../../../../../../../../../../../../..][../../../../../../../../../../../../../../../..]
[b103.pri.cosma7.alces.network:22794] MCW rank 69 bound to socket 1[core 18[hwt 0-1]]: [../../../../../../../../../../../../../../../..][../../BB/../../../../../../../../../../../../..]
[b103.pri.cosma7.alces.network:22794] MCW rank 70 bound to socket 0[core 3[hwt 0-1]]: [../../../BB/../../../../../../../../../../../..][../../../../../../../../../../../../../../../..]
[b103.pri.cosma7.alces.network:22794] MCW rank 71 bound to socket 1[core 19[hwt 0-1]]: [../../../../../../../../../../../../../../../..][../../../BB/../../../../../../../../../../../..]
[b103.pri.cosma7.alces.network:22794] MCW rank 72 bound to socket 0[core 4[hwt 0-1]]: [../../../../BB/../../../../../../../../../../..][../../../../../../../../../../../../../../../..]
[b103.pri.cosma7.alces.network:22794] MCW rank 73 bound to socket 1[core 20[hwt 0-1]]: [../../../../../../../../../../../../../../../..][../../../../BB/../../../../../../../../../../..]
[b103.pri.cosma7.alces.network:22794] MCW rank 74 bound to socket 0[core 5[hwt 0-1]]: [../../../../../BB/../../../../../../../../../..][../../../../../../../../../../../../../../../..]
[b103.pri.cosma7.alces.network:22794] MCW rank 75 bound to socket 1[core 21[hwt 0-1]]: [../../../../../../../../../../../../../../../..][../../../../../BB/../../../../../../../../../..]
[b103.pri.cosma7.alces.network:22794] MCW rank 76 bound to socket 0[core 6[hwt 0-1]]: [../../../../../../BB/../../../../../../../../..][../../../../../../../../../../../../../../../..]
[b103.pri.cosma7.alces.network:22794] MCW rank 77 bound to socket 1[core 22[hwt 0-1]]: [../../../../../../../../../../../../../../../..][../../../../../../BB/../../../../../../../../..]
[b103.pri.cosma7.alces.network:22794] MCW rank 78 bound to socket 0[core 7[hwt 0-1]]: [../../../../../../../BB/../../../../../../../..][../../../../../../../../../../../../../../../..]
[b103.pri.cosma7.alces.network:22794] MCW rank 79 bound to socket 1[core 23[hwt 0-1]]: [../../../../../../../../../../../../../../../..][../../../../../../../BB/../../../../../../../..]
[b103.pri.cosma7.alces.network:22794] MCW rank 83 bound to socket 1[core 25[hwt 0-1]]: [../../../../../../../../../../../../../../../..][../../../../../../../../../BB/../../../../../..]
[b103.pri.cosma7.alces.network:22794] MCW rank 81 bound to socket 1[core 24[hwt 0-1]]: [../../../../../../../../../../../../../../../..][../../../../../../../../BB/../../../../../../..]
[b103.pri.cosma7.alces.network:22794] MCW rank 80 bound to socket 0[core 8[hwt 0-1]]: [../../../../../../../../BB/../../../../../../..][../../../../../../../../../../../../../../../..]
[b103.pri.cosma7.alces.network:22794] MCW rank 82 bound to socket 0[core 9[hwt 0-1]]: [../../../../../../../../../BB/../../../../../..][../../../../../../../../../../../../../../../..]
[b103.pri.cosma7.alces.network:22794] MCW rank 87 bound to socket 1[core 27[hwt 0-1]]: [../../../../../../../../../../../../../../../..][../../../../../../../../../../../BB/../../../..]
[b103.pri.cosma7.alces.network:22794] MCW rank 85 bound to socket 1[core 26[hwt 0-1]]: [../../../../../../../../../../../../../../../..][../../../../../../../../../../BB/../../../../..]
[b103.pri.cosma7.alces.network:22794] MCW rank 86 bound to socket 0[core 11[hwt 0-1]]: [../../../../../../../../../../../BB/../../../..][../../../../../../../../../../../../../../../..]
[b103.pri.cosma7.alces.network:22794] MCW rank 84 bound to socket 0[core 10[hwt 0-1]]: [../../../../../../../../../../BB/../../../../..][../../../../../../../../../../../../../../../..]
[b102.pri.cosma7.alces.network:26647] MCW rank 32 bound to socket 0[core 0[hwt 0-1]]: [BB/../../../../../../../../../../../../../../..][../../../../../../../../../../../../../../../..]
[b102.pri.cosma7.alces.network:26647] MCW rank 33 bound to socket 1[core 16[hwt 0-1]]: [../../../../../../../../../../../../../../../..][BB/../../../../../../../../../../../../../../..]
[b102.pri.cosma7.alces.network:26647] MCW rank 34 bound to socket 0[core 1[hwt 0-1]]: [../BB/../../../../../../../../../../../../../..][../../../../../../../../../../../../../../../..]
[b102.pri.cosma7.alces.network:26647] MCW rank 35 bound to socket 1[core 17[hwt 0-1]]: [../../../../../../../../../../../../../../../..][../BB/../../../../../../../../../../../../../..]
[b102.pri.cosma7.alces.network:26647] MCW rank 36 bound to socket 0[core 2[hwt 0-1]]: [../../BB/../../../../../../../../../../../../..][../../../../../../../../../../../../../../../..]
[b102.pri.cosma7.alces.network:26647] MCW rank 37 bound to socket 1[core 18[hwt 0-1]]: [../../../../../../../../../../../../../../../..][../../BB/../../../../../../../../../../../../..]
[b102.pri.cosma7.alces.network:26647] MCW rank 38 bound to socket 0[core 3[hwt 0-1]]: [../../../BB/../../../../../../../../../../../..][../../../../../../../../../../../../../../../..]
[b102.pri.cosma7.alces.network:26647] MCW rank 39 bound to socket 1[core 19[hwt 0-1]]: [../../../../../../../../../../../../../../../..][../../../BB/../../../../../../../../../../../..]
[b102.pri.cosma7.alces.network:26647] MCW rank 40 bound to socket 0[core 4[hwt 0-1]]: [../../../../BB/../../../../../../../../../../..][../../../../../../../../../../../../../../../..]
[b102.pri.cosma7.alces.network:26647] MCW rank 43 bound to socket 1[core 21[hwt 0-1]]: [../../../../../../../../../../../../../../../..][../../../../../BB/../../../../../../../../../..]
[b102.pri.cosma7.alces.network:26647] MCW rank 44 bound to socket 0[core 6[hwt 0-1]]: [../../../../../../BB/../../../../../../../../..][../../../../../../../../../../../../../../../..]
[b102.pri.cosma7.alces.network:26647] MCW rank 47 bound to socket 1[core 23[hwt 0-1]]: [../../../../../../../../../../../../../../../..][../../../../../../../BB/../../../../../../../..]
[b102.pri.cosma7.alces.network:26647] MCW rank 48 bound to socket 0[core 8[hwt 0-1]]: [../../../../../../../../BB/../../../../../../..][../../../../../../../../../../../../../../../..]
[b102.pri.cosma7.alces.network:26647] MCW rank 51 bound to socket 1[core 25[hwt 0-1]]: [../../../../../../../../../../../../../../../..][../../../../../../../../../BB/../../../../../..]
[b104.pri.cosma7.alces.network:22493] MCW rank 96 bound to socket 0[core 0[hwt 0-1]]: [BB/../../../../../../../../../../../../../../..][../../../../../../../../../../../../../../../..]
[b102.pri.cosma7.alces.network:26647] MCW rank 52 bound to socket 0[core 10[hwt 0-1]]: [../../../../../../../../../../BB/../../../../..][../../../../../../../../../../../../../../../..]
[b102.pri.cosma7.alces.network:26647] MCW rank 55 bound to socket 1[core 27[hwt 0-1]]: [../../../../../../../../../../../../../../../..][../../../../../../../../../../../BB/../../../..]
[b102.pri.cosma7.alces.network:26647] MCW rank 56 bound to socket 0[core 12[hwt 0-1]]: [../../../../../../../../../../../../BB/../../..][../../../../../../../../../../../../../../../..]
[b102.pri.cosma7.alces.network:26647] MCW rank 42 bound to socket 0[core 5[hwt 0-1]]: [../../../../../BB/../../../../../../../../../..][../../../../../../../../../../../../../../../..]
[b102.pri.cosma7.alces.network:26647] MCW rank 59 bound to socket 1[core 29[hwt 0-1]]: [../../../../../../../../../../../../../../../..][../../../../../../../../../../../../../BB/../..]
[b102.pri.cosma7.alces.network:26647] MCW rank 60 bound to socket 0[core 14[hwt 0-1]]: [../../../../../../../../../../../../../../BB/..][../../../../../../../../../../../../../../../..]
[b102.pri.cosma7.alces.network:26647] MCW rank 41 bound to socket 1[core 20[hwt 0-1]]: [../../../../../../../../../../../../../../../..][../../../../BB/../../../../../../../../../../..]
[b103.pri.cosma7.alces.network:22794] MCW rank 91 bound to socket 1[core 29[hwt 0-1]]: [../../../../../../../../../../../../../../../..][../../../../../../../../../../../../../BB/../..]
[b103.pri.cosma7.alces.network:22794] MCW rank 88 bound to socket 0[core 12[hwt 0-1]]: [../../../../../../../../../../../../BB/../../..][../../../../../../../../../../../../../../../..]
[b103.pri.cosma7.alces.network:22794] MCW rank 89 bound to socket 1[core 28[hwt 0-1]]: [../../../../../../../../../../../../../../../..][../../../../../../../../../../../../BB/../../..]
[b103.pri.cosma7.alces.network:22794] MCW rank 90 bound to socket 0[core 13[hwt 0-1]]: [../../../../../../../../../../../../../BB/../..][../../../../../../../../../../../../../../../..]
[b104.pri.cosma7.alces.network:22493] MCW rank 97 bound to socket 1[core 16[hwt 0-1]]: [../../../../../../../../../../../../../../../..][BB/../../../../../../../../../../../../../../..]
[b104.pri.cosma7.alces.network:22493] MCW rank 98 bound to socket 0[core 1[hwt 0-1]]: [../BB/../../../../../../../../../../../../../..][../../../../../../../../../../../../../../../..]
[b104.pri.cosma7.alces.network:22493] MCW rank 99 bound to socket 1[core 17[hwt 0-1]]: [../../../../../../../../../../../../../../../..][../BB/../../../../../../../../../../../../../..]
[b104.pri.cosma7.alces.network:22493] MCW rank 100 bound to socket 0[core 2[hwt 0-1]]: [../../BB/../../../../../../../../../../../../..][../../../../../../../../../../../../../../../..]
[b104.pri.cosma7.alces.network:22493] MCW rank 101 bound to socket 1[core 18[hwt 0-1]]: [../../../../../../../../../../../../../../../..][../../BB/../../../../../../../../../../../../..]
[b104.pri.cosma7.alces.network:22493] MCW rank 102 bound to socket 0[core 3[hwt 0-1]]: [../../../BB/../../../../../../../../../../../..][../../../../../../../../../../../../../../../..]
[b104.pri.cosma7.alces.network:22493] MCW rank 103 bound to socket 1[core 19[hwt 0-1]]: [../../../../../../../../../../../../../../../..][../../../BB/../../../../../../../../../../../..]
[b104.pri.cosma7.alces.network:22493] MCW rank 104 bound to socket 0[core 4[hwt 0-1]]: [../../../../BB/../../../../../../../../../../..][../../../../../../../../../../../../../../../..]
[b104.pri.cosma7.alces.network:22493] MCW rank 105 bound to socket 1[core 20[hwt 0-1]]: [../../../../../../../../../../../../../../../..][../../../../BB/../../../../../../../../../../..]
[b104.pri.cosma7.alces.network:22493] MCW rank 106 bound to socket 0[core 5[hwt 0-1]]: [../../../../../BB/../../../../../../../../../..][../../../../../../../../../../../../../../../..]
[b104.pri.cosma7.alces.network:22493] MCW rank 107 bound to socket 1[core 21[hwt 0-1]]: [../../../../../../../../../../../../../../../..][../../../../../BB/../../../../../../../../../..]
[b104.pri.cosma7.alces.network:22493] MCW rank 108 bound to socket 0[core 6[hwt 0-1]]: [../../../../../../BB/../../../../../../../../..][../../../../../../../../../../../../../../../..]
[b104.pri.cosma7.alces.network:22493] MCW rank 109 bound to socket 1[core 22[hwt 0-1]]: [../../../../../../../../../../../../../../../..][../../../../../../BB/../../../../../../../../..]
[b104.pri.cosma7.alces.network:22493] MCW rank 111 bound to socket 1[core 23[hwt 0-1]]: [../../../../../../../../../../../../../../../..][../../../../../../../BB/../../../../../../../..]
[b104.pri.cosma7.alces.network:22493] MCW rank 112 bound to socket 0[core 8[hwt 0-1]]: [../../../../../../../../BB/../../../../../../..][../../../../../../../../../../../../../../../..]
[b104.pri.cosma7.alces.network:22493] MCW rank 113 bound to socket 1[core 24[hwt 0-1]]: [../../../../../../../../../../../../../../../..][../../../../../../../../BB/../../../../../../..]
[b104.pri.cosma7.alces.network:22493] MCW rank 115 bound to socket 1[core 25[hwt 0-1]]: [../../../../../../../../../../../../../../../..][../../../../../../../../../BB/../../../../../..]
[b104.pri.cosma7.alces.network:22493] MCW rank 116 bound to socket 0[core 10[hwt 0-1]]: [../../../../../../../../../../BB/../../../../..][../../../../../../../../../../../../../../../..]
[b104.pri.cosma7.alces.network:22493] MCW rank 117 bound to socket 1[core 26[hwt 0-1]]: [../../../../../../../../../../../../../../../..][../../../../../../../../../../BB/../../../../..]
[b104.pri.cosma7.alces.network:22493] MCW rank 119 bound to socket 1[core 27[hwt 0-1]]: [../../../../../../../../../../../../../../../..][../../../../../../../../../../../BB/../../../..]
[b104.pri.cosma7.alces.network:22493] MCW rank 120 bound to socket 0[core 12[hwt 0-1]]: [../../../../../../../../../../../../BB/../../..][../../../../../../../../../../../../../../../..]
[b104.pri.cosma7.alces.network:22493] MCW rank 110 bound to socket 0[core 7[hwt 0-1]]: [../../../../../../../BB/../../../../../../../..][../../../../../../../../../../../../../../../..]
[b104.pri.cosma7.alces.network:22493] MCW rank 121 bound to socket 1[core 28[hwt 0-1]]: [../../../../../../../../../../../../../../../..][../../../../../../../../../../../../BB/../../..]
[b104.pri.cosma7.alces.network:22493] MCW rank 123 bound to socket 1[core 29[hwt 0-1]]: [../../../../../../../../../../../../../../../..][../../../../../../../../../../../../../BB/../..]
[b104.pri.cosma7.alces.network:22493] MCW rank 124 bound to socket 0[core 14[hwt 0-1]]: [../../../../../../../../../../../../../../BB/..][../../../../../../../../../../../../../../../..]
[b104.pri.cosma7.alces.network:22493] MCW rank 127 bound to socket 1[core 31[hwt 0-1]]: [../../../../../../../../../../../../../../../..][../../../../../../../../../../../../../../../BB]
[b104.pri.cosma7.alces.network:22493] MCW rank 125 bound to socket 1[core 30[hwt 0-1]]: [../../../../../../../../../../../../../../../..][../../../../../../../../../../../../../../BB/..]
[b102.pri.cosma7.alces.network:26647] MCW rank 63 bound to socket 1[core 31[hwt 0-1]]: [../../../../../../../../../../../../../../../..][../../../../../../../../../../../../../../../BB]
[b102.pri.cosma7.alces.network:26647] MCW rank 45 bound to socket 1[core 22[hwt 0-1]]: [../../../../../../../../../../../../../../../..][../../../../../../BB/../../../../../../../../..]
[b103.pri.cosma7.alces.network:22794] MCW rank 95 bound to socket 1[core 31[hwt 0-1]]: [../../../../../../../../../../../../../../../..][../../../../../../../../../../../../../../../BB]
[b104.pri.cosma7.alces.network:22493] MCW rank 114 bound to socket 0[core 9[hwt 0-1]]: [../../../../../../../../../BB/../../../../../..][../../../../../../../../../../../../../../../..]
[b102.pri.cosma7.alces.network:26647] MCW rank 46 bound to socket 0[core 7[hwt 0-1]]: [../../../../../../../BB/../../../../../../../..][../../../../../../../../../../../../../../../..]
[b103.pri.cosma7.alces.network:22794] MCW rank 93 bound to socket 1[core 30[hwt 0-1]]: [../../../../../../../../../../../../../../../..][../../../../../../../../../../../../../../BB/..]
[b103.pri.cosma7.alces.network:22794] MCW rank 94 bound to socket 0[core 15[hwt 0-1]]: [../../../../../../../../../../../../../../../BB][../../../../../../../../../../../../../../../..]
[b102.pri.cosma7.alces.network:26647] MCW rank 49 bound to socket 1[core 24[hwt 0-1]]: [../../../../../../../../../../../../../../../..][../../../../../../../../BB/../../../../../../..]
[b103.pri.cosma7.alces.network:22794] MCW rank 92 bound to socket 0[core 14[hwt 0-1]]: [../../../../../../../../../../../../../../BB/..][../../../../../../../../../../../../../../../..]
[b102.pri.cosma7.alces.network:26647] MCW rank 50 bound to socket 0[core 9[hwt 0-1]]: [../../../../../../../../../BB/../../../../../..][../../../../../../../../../../../../../../../..]
[b104.pri.cosma7.alces.network:22493] MCW rank 118 bound to socket 0[core 11[hwt 0-1]]: [../../../../../../../../../../../BB/../../../..][../../../../../../../../../../../../../../../..]
[b102.pri.cosma7.alces.network:26647] MCW rank 53 bound to socket 1[core 26[hwt 0-1]]: [../../../../../../../../../../../../../../../..][../../../../../../../../../../BB/../../../../..]
[b102.pri.cosma7.alces.network:26647] MCW rank 54 bound to socket 0[core 11[hwt 0-1]]: [../../../../../../../../../../../BB/../../../..][../../../../../../../../../../../../../../../..]
[b104.pri.cosma7.alces.network:22493] MCW rank 122 bound to socket 0[core 13[hwt 0-1]]: [../../../../../../../../../../../../../BB/../..][../../../../../../../../../../../../../../../..]
[b102.pri.cosma7.alces.network:26647] MCW rank 57 bound to socket 1[core 28[hwt 0-1]]: [../../../../../../../../../../../../../../../..][../../../../../../../../../../../../BB/../../..]
[b102.pri.cosma7.alces.network:26647] MCW rank 58 bound to socket 0[core 13[hwt 0-1]]: [../../../../../../../../../../../../../BB/../..][../../../../../../../../../../../../../../../..]
[b104.pri.cosma7.alces.network:22493] MCW rank 126 bound to socket 0[core 15[hwt 0-1]]: [../../../../../../../../../../../../../../../BB][../../../../../../../../../../../../../../../..]
[b102.pri.cosma7.alces.network:26647] MCW rank 62 bound to socket 0[core 15[hwt 0-1]]: [../../../../../../../../../../../../../../../BB][../../../../../../../../../../../../../../../..]
[b102.pri.cosma7.alces.network:26647] MCW rank 61 bound to socket 1[core 30[hwt 0-1]]: [../../../../../../../../../../../../../../../..][../../../../../../../../../../../../../../BB/..]
level 0 thread 0x2ab7be336700 affinity 15,47
level 0 thread 0x2ac778a04700 affinity 0,32
level 0 thread 0x2b6d72222700 affinity 22,54
level 0 thread 0x2af375133700 affinity 24,56
level 0 thread 0x2acc494f7700 affinity 8,40
level 0 thread 0x2b86f5791700 affinity 1,33
level 0 thread 0x2b65ab4ee700 affinity 13,45
level 0 thread 0x2afc3272e700 affinity 31,63
level 0 thread 0x2b6cfb659700 affinity 1,33
level 0 thread 0x2acd906c8700 affinity 5,37
level 0 thread 0x2af34e9d7700 affinity 3,35
level 0 thread 0x2ac73857d700 affinity 4,36
level 0 thread 0x2b465edb7700 affinity 22,54
level 0 thread 0x2b9ac3094700 affinity 18,50
level 0 thread 0x2ae067bf3700 affinity 23,55
level 0 thread 0x2ab2d7f91700 affinity 7,39
level 0 thread 0x2ad05423c700 affinity 19,51
level 0 thread 0x2ba763521700 affinity 12,44
level 0 thread 0x2b6459d5e700 affinity 25,57
level 0 thread 0x2ba7c47e6700 affinity 15,47
level 0 thread 0x2b4ffeca3700 affinity 21,53
level 0 thread 0x2aea72ac3700 affinity 14,46
level 0 thread 0x2b9a0493f700 affinity 25,57
level 0 thread 0x2afcc8713700 affinity 27,59
level 0 thread 0x2ad64c520700 affinity 7,39
level 0 thread 0x2aff8c990700 affinity 30,62
level 0 thread 0x2b09757f5700 affinity 10,42
level 0 thread 0x2b1730dbc700 affinity 0,32
level 0 thread 0x2b5d7b2e4700 affinity 6,38
level 0 thread 0x2ae017072700 affinity 0,32
level 0 thread 0x2b8cf9035700 affinity 13,45
level 0 thread 0x2b6aede9f700 affinity 26,58
level 0 thread 0x2b702a8f2700 affinity 11,43
level 0 thread 0x2b72efc3f700 affinity 13,45
level 0 thread 0x2addf986c700 affinity 13,45
level 0 thread 0x2b8f77277700 affinity 31,63
level 0 thread 0x2aacd24ce700 affinity 11,43
level 0 thread 0x2ac7c5c52700 affinity 23,55
level 0 thread 0x2b7135298700 affinity 16,48
level 0 thread 0x2b8ca98fb700 affinity 12,44
level 0 thread 0x2b29e441d700 affinity 21,53
level 0 thread 0x2b80f175c700 affinity 28,60
level 0 thread 0x2ab089bd8700 affinity 19,51
level 0 thread 0x2ac24b94e700 affinity 18,50
level 0 thread 0x2af57c669700 affinity 19,51
level 0 thread 0x2ba019c35700 affinity 20,52
level 0 thread 0x2ad250feb700 affinity 21,53
level 0 thread 0x2b205ee7b700 affinity 27,59
level 0 thread 0x2b25a82f6700 affinity 26,58
level 0 thread 0x2ba6ff564700 affinity 12,44
level 0 thread 0x2b562262e700 affinity 14,46
level 0 thread 0x2acba3723700 affinity 31,63
level 0 thread 0x2b6c23cd3700 affinity 6,38
level 0 thread 0x2b871b179700 affinity 12,44
level 0 thread 0x2b89f5d58700 affinity 11,43
level 0 thread 0x2ac955e8d700 affinity 29,61
level 0 thread 0x2b0855c46700 affinity 0,32
level 0 thread 0x2af84fba1700 affinity 20,52
level 0 thread 0x2b3754408700 affinity 29,61
level 0 thread 0x2ab74a4e7700 affinity 17,49
level 0 thread 0x2afdd0789700 affinity 28,60
level 0 thread 0x2b904c303700 affinity 8,40
level 0 thread 0x2b5896260700 affinity 18,50
level 0 thread 0x2b9e4fb7b700 affinity 16,48
level 0 thread 0x2b5cded92700 affinity 30,62
level 0 thread 0x2b9439850700 affinity 4,36
level 0 thread 0x2b09bb0f1700 affinity 20,52
level 0 thread 0x2b5063f05700 affinity 9,41
level 0 thread 0x2ae4c0044700 affinity 21,53
level 0 thread 0x2b34e92cf700 affinity 5,37
level 0 thread 0x2b167093a700 affinity 4,36
level 0 thread 0x2b0a1ae1f700 affinity 8,40
level 0 thread 0x2b75f9c8a700 affinity 20,52
level 0 thread 0x2b3ce280f700 affinity 24,56
level 0 thread 0x2b30a8750700 affinity 2,34
level 0 thread 0x2b19deab4700 affinity 9,41
level 0 thread 0x2b0ff2250700 affinity 11,43
level 0 thread 0x2b69c53fb700 affinity 8,40
level 0 thread 0x2b0f303a0700 affinity 9,41
level 0 thread 0x2b3fd9833700 affinity 22,54
level 0 thread 0x2abd12013700 affinity 9,41
level 0 thread 0x2b868a253700 affinity 16,48
level 0 thread 0x2ab577ce1700 affinity 1,33
level 0 thread 0x2ab3a464d700 affinity 17,49
level 0 thread 0x2ad79283c700 affinity 23,55
level 0 thread 0x2b6b1eacb700 affinity 29,61
level 0 thread 0x2b27390e7700 affinity 28,60
level 0 thread 0x2ab4c2523700 affinity 1,33
level 0 thread 0x2b01e96ec700 affinity 16,48
level 0 thread 0x2b80f5d68700 affinity 26,58
level 0 thread 0x2b628471a700 affinity 6,38
level 0 thread 0x2b3b5e65c700 affinity 10,42
level 0 thread 0x2b6a027a3700 affinity 17,49
level 0 thread 0x2b5e50474700 affinity 10,42
level 0 thread 0x2b57b02ce700 affinity 14,46
level 0 thread 0x2b17b1600700 affinity 15,47
level 0 thread 0x2aba64d7c700 affinity 4,36
level 0 thread 0x2b7e89c01700 affinity 2,34
level 0 thread 0x2ae7e49b8700 affinity 27,59
level 0 thread 0x2b2b36f3e700 affinity 5,37
level 0 thread 0x2adec00b3700 affinity 3,35
level 0 thread 0x2b8d86190700 affinity 28,60
level 0 thread 0x2b1503dd4700 affinity 2,34
level 0 thread 0x2b9aa87b7700 affinity 10,42
level 0 thread 0x2b09a25a9700 affinity 5,37
level 0 thread 0x2b7aa17c6700 affinity 22,54
level 0 thread 0x2af2f9461700 affinity 26,58
level 0 thread 0x2b26171c4700 affinity 29,61
level 0 thread 0x2b8fbd165700 affinity 24,56
level 0 thread 0x2b0f2ae15700 affinity 27,59
level 0 thread 0x2b863268b700 affinity 30,62
level 0 thread 0x2b09f5dd7700 affinity 25,57
level 0 thread 0x2b516510e700 affinity 15,47
level 0 thread 0x2b8bfdfa2700 affinity 23,55
level 0 thread 0x2b78f8ad4700 affinity 2,34
level 0 thread 0x2b2204607700 affinity 31,63
level 0 thread 0x2b9809416700 affinity 25,57
level 0 thread 0x2b82c62d0700 affinity 30,62
level 0 thread 0x2ac1cc2ba700 affinity 14,46
level 0 thread 0x2b136d831700 affinity 17,49
level 0 thread 0x2b7b49312700 affinity 7,39
level 0 thread 0x2b7827fe2700 affinity 18,50
level 0 thread 0x2ab2a2a9b700 affinity 3,35
level 0 thread 0x2ae8bf8bf700 affinity 6,38
level 0 thread 0x2ab336076700 affinity 19,51
level 0 thread 0x2b6c45aef700 affinity 24,56
level 0 thread 0x2ae61d63e700 affinity 3,35
level 0 thread 0x2ab97b6bd700 affinity 7,39
