- Package -----------------------------.- Versions --------.- Last mod. -------
Currently Loaded Modulefiles:
cosma/2018                                                  2018/05/24 15:26:01
gnu_comp/11.1.0                                             2021/06/30 10:41:57
hipsycl-0.9.4-gcc-11.1.0-cfxbgst                            2023/04/27 13:15:08
openmpi/4.1.4                                               2022/11/28 11:11:31
cmake/3.25.1                                                2023/01/04 10:42:48
boost-1.80.0-gcc-11.1.0-kxwgyuc                             2023/05/03 17:16:13
fftw-3.3.10-gcc-11.1.0-lpkp2ev                              2023/04/27 14:28:58
python/3.10.7                                               2022/10/04 12:04:13
hdf5-1.12.2-gcc-11.1.0-4ovmzew                              2023/05/03 16:18:46
nektar-5.3.0-2e0fb8-gcc-11.1.0-ooymem2                      2023/05/03 17:26:27
googletest-1.12.1-gcc-11.1.0-25bkaph                        2023/04/27 13:16:42
[b101.pri.cosma7.alces.network:28844] MCW rank 0 bound to socket 0[core 0[hwt 0-1]]: [BB/../../../../../../../../../../../../../../..][../../../../../../../../../../../../../../../..]
[b101.pri.cosma7.alces.network:28844] MCW rank 1 bound to socket 1[core 16[hwt 0-1]]: [../../../../../../../../../../../../../../../..][BB/../../../../../../../../../../../../../../..]
[b101.pri.cosma7.alces.network:28844] MCW rank 2 bound to socket 0[core 1[hwt 0-1]]: [../BB/../../../../../../../../../../../../../..][../../../../../../../../../../../../../../../..]
[b101.pri.cosma7.alces.network:28844] MCW rank 3 bound to socket 1[core 17[hwt 0-1]]: [../../../../../../../../../../../../../../../..][../BB/../../../../../../../../../../../../../..]
[b101.pri.cosma7.alces.network:28844] MCW rank 5 bound to socket 1[core 18[hwt 0-1]]: [../../../../../../../../../../../../../../../..][../../BB/../../../../../../../../../../../../..]
[b101.pri.cosma7.alces.network:28844] MCW rank 6 bound to socket 0[core 3[hwt 0-1]]: [../../../BB/../../../../../../../../../../../..][../../../../../../../../../../../../../../../..]
[b101.pri.cosma7.alces.network:28844] MCW rank 4 bound to socket 0[core 2[hwt 0-1]]: [../../BB/../../../../../../../../../../../../..][../../../../../../../../../../../../../../../..]
[b101.pri.cosma7.alces.network:28844] MCW rank 7 bound to socket 1[core 19[hwt 0-1]]: [../../../../../../../../../../../../../../../..][../../../BB/../../../../../../../../../../../..]
[b101.pri.cosma7.alces.network:28844] MCW rank 9 bound to socket 1[core 20[hwt 0-1]]: [../../../../../../../../../../../../../../../..][../../../../BB/../../../../../../../../../../..]
[b101.pri.cosma7.alces.network:28844] MCW rank 10 bound to socket 0[core 5[hwt 0-1]]: [../../../../../BB/../../../../../../../../../..][../../../../../../../../../../../../../../../..]
[b101.pri.cosma7.alces.network:28844] MCW rank 8 bound to socket 0[core 4[hwt 0-1]]: [../../../../BB/../../../../../../../../../../..][../../../../../../../../../../../../../../../..]
[b101.pri.cosma7.alces.network:28844] MCW rank 11 bound to socket 1[core 21[hwt 0-1]]: [../../../../../../../../../../../../../../../..][../../../../../BB/../../../../../../../../../..]
[b101.pri.cosma7.alces.network:28844] MCW rank 14 bound to socket 0[core 7[hwt 0-1]]: [../../../../../../../BB/../../../../../../../..][../../../../../../../../../../../../../../../..]
[b101.pri.cosma7.alces.network:28844] MCW rank 12 bound to socket 0[core 6[hwt 0-1]]: [../../../../../../BB/../../../../../../../../..][../../../../../../../../../../../../../../../..]
[b101.pri.cosma7.alces.network:28844] MCW rank 15 bound to socket 1[core 23[hwt 0-1]]: [../../../../../../../../../../../../../../../..][../../../../../../../BB/../../../../../../../..]
[b101.pri.cosma7.alces.network:28844] MCW rank 18 bound to socket 0[core 9[hwt 0-1]]: [../../../../../../../../../BB/../../../../../..][../../../../../../../../../../../../../../../..]
[b101.pri.cosma7.alces.network:28844] MCW rank 13 bound to socket 1[core 22[hwt 0-1]]: [../../../../../../../../../../../../../../../..][../../../../../../BB/../../../../../../../../..]
[b101.pri.cosma7.alces.network:28844] MCW rank 16 bound to socket 0[core 8[hwt 0-1]]: [../../../../../../../../BB/../../../../../../..][../../../../../../../../../../../../../../../..]
[b101.pri.cosma7.alces.network:28844] MCW rank 19 bound to socket 1[core 25[hwt 0-1]]: [../../../../../../../../../../../../../../../..][../../../../../../../../../BB/../../../../../..]
[b101.pri.cosma7.alces.network:28844] MCW rank 22 bound to socket 0[core 11[hwt 0-1]]: [../../../../../../../../../../../BB/../../../..][../../../../../../../../../../../../../../../..]
[b101.pri.cosma7.alces.network:28844] MCW rank 17 bound to socket 1[core 24[hwt 0-1]]: [../../../../../../../../../../../../../../../..][../../../../../../../../BB/../../../../../../..]
[b101.pri.cosma7.alces.network:28844] MCW rank 20 bound to socket 0[core 10[hwt 0-1]]: [../../../../../../../../../../BB/../../../../..][../../../../../../../../../../../../../../../..]
[b101.pri.cosma7.alces.network:28844] MCW rank 26 bound to socket 0[core 13[hwt 0-1]]: [../../../../../../../../../../../../../BB/../..][../../../../../../../../../../../../../../../..]
[b101.pri.cosma7.alces.network:28844] MCW rank 21 bound to socket 1[core 26[hwt 0-1]]: [../../../../../../../../../../../../../../../..][../../../../../../../../../../BB/../../../../..]
[b101.pri.cosma7.alces.network:28844] MCW rank 23 bound to socket 1[core 27[hwt 0-1]]: [../../../../../../../../../../../../../../../..][../../../../../../../../../../../BB/../../../..]
[b101.pri.cosma7.alces.network:28844] MCW rank 24 bound to socket 0[core 12[hwt 0-1]]: [../../../../../../../../../../../../BB/../../..][../../../../../../../../../../../../../../../..]
[b101.pri.cosma7.alces.network:28844] MCW rank 30 bound to socket 0[core 15[hwt 0-1]]: [../../../../../../../../../../../../../../../BB][../../../../../../../../../../../../../../../..]
[b101.pri.cosma7.alces.network:28844] MCW rank 25 bound to socket 1[core 28[hwt 0-1]]: [../../../../../../../../../../../../../../../..][../../../../../../../../../../../../BB/../../..]
[b101.pri.cosma7.alces.network:28844] MCW rank 27 bound to socket 1[core 29[hwt 0-1]]: [../../../../../../../../../../../../../../../..][../../../../../../../../../../../../../BB/../..]
[b101.pri.cosma7.alces.network:28844] MCW rank 28 bound to socket 0[core 14[hwt 0-1]]: [../../../../../../../../../../../../../../BB/..][../../../../../../../../../../../../../../../..]
[b101.pri.cosma7.alces.network:28844] MCW rank 29 bound to socket 1[core 30[hwt 0-1]]: [../../../../../../../../../../../../../../../..][../../../../../../../../../../../../../../BB/..]
[b101.pri.cosma7.alces.network:28844] MCW rank 31 bound to socket 1[core 31[hwt 0-1]]: [../../../../../../../../../../../../../../../..][../../../../../../../../../../../../../../../BB]
[b102.pri.cosma7.alces.network:22810] MCW rank 32 bound to socket 0[core 0[hwt 0-1]]: [BB/../../../../../../../../../../../../../../..][../../../../../../../../../../../../../../../..]
[b102.pri.cosma7.alces.network:22810] MCW rank 33 bound to socket 1[core 16[hwt 0-1]]: [../../../../../../../../../../../../../../../..][BB/../../../../../../../../../../../../../../..]
[b102.pri.cosma7.alces.network:22810] MCW rank 34 bound to socket 0[core 1[hwt 0-1]]: [../BB/../../../../../../../../../../../../../..][../../../../../../../../../../../../../../../..]
[b102.pri.cosma7.alces.network:22810] MCW rank 35 bound to socket 1[core 17[hwt 0-1]]: [../../../../../../../../../../../../../../../..][../BB/../../../../../../../../../../../../../..]
[b102.pri.cosma7.alces.network:22810] MCW rank 36 bound to socket 0[core 2[hwt 0-1]]: [../../BB/../../../../../../../../../../../../..][../../../../../../../../../../../../../../../..]
[b102.pri.cosma7.alces.network:22810] MCW rank 37 bound to socket 1[core 18[hwt 0-1]]: [../../../../../../../../../../../../../../../..][../../BB/../../../../../../../../../../../../..]
[b102.pri.cosma7.alces.network:22810] MCW rank 38 bound to socket 0[core 3[hwt 0-1]]: [../../../BB/../../../../../../../../../../../..][../../../../../../../../../../../../../../../..]
[b102.pri.cosma7.alces.network:22810] MCW rank 39 bound to socket 1[core 19[hwt 0-1]]: [../../../../../../../../../../../../../../../..][../../../BB/../../../../../../../../../../../..]
[b102.pri.cosma7.alces.network:22810] MCW rank 40 bound to socket 0[core 4[hwt 0-1]]: [../../../../BB/../../../../../../../../../../..][../../../../../../../../../../../../../../../..]
[b102.pri.cosma7.alces.network:22810] MCW rank 41 bound to socket 1[core 20[hwt 0-1]]: [../../../../../../../../../../../../../../../..][../../../../BB/../../../../../../../../../../..]
[b102.pri.cosma7.alces.network:22810] MCW rank 42 bound to socket 0[core 5[hwt 0-1]]: [../../../../../BB/../../../../../../../../../..][../../../../../../../../../../../../../../../..]
[b102.pri.cosma7.alces.network:22810] MCW rank 44 bound to socket 0[core 6[hwt 0-1]]: [../../../../../../BB/../../../../../../../../..][../../../../../../../../../../../../../../../..]
[b102.pri.cosma7.alces.network:22810] MCW rank 45 bound to socket 1[core 22[hwt 0-1]]: [../../../../../../../../../../../../../../../..][../../../../../../BB/../../../../../../../../..]
[b102.pri.cosma7.alces.network:22810] MCW rank 46 bound to socket 0[core 7[hwt 0-1]]: [../../../../../../../BB/../../../../../../../..][../../../../../../../../../../../../../../../..]
[b102.pri.cosma7.alces.network:22810] MCW rank 48 bound to socket 0[core 8[hwt 0-1]]: [../../../../../../../../BB/../../../../../../..][../../../../../../../../../../../../../../../..]
[b102.pri.cosma7.alces.network:22810] MCW rank 49 bound to socket 1[core 24[hwt 0-1]]: [../../../../../../../../../../../../../../../..][../../../../../../../../BB/../../../../../../..]
[b102.pri.cosma7.alces.network:22810] MCW rank 50 bound to socket 0[core 9[hwt 0-1]]: [../../../../../../../../../BB/../../../../../..][../../../../../../../../../../../../../../../..]
[b102.pri.cosma7.alces.network:22810] MCW rank 52 bound to socket 0[core 10[hwt 0-1]]: [../../../../../../../../../../BB/../../../../..][../../../../../../../../../../../../../../../..]
[b102.pri.cosma7.alces.network:22810] MCW rank 53 bound to socket 1[core 26[hwt 0-1]]: [../../../../../../../../../../../../../../../..][../../../../../../../../../../BB/../../../../..]
[b102.pri.cosma7.alces.network:22810] MCW rank 54 bound to socket 0[core 11[hwt 0-1]]: [../../../../../../../../../../../BB/../../../..][../../../../../../../../../../../../../../../..]
[b102.pri.cosma7.alces.network:22810] MCW rank 56 bound to socket 0[core 12[hwt 0-1]]: [../../../../../../../../../../../../BB/../../..][../../../../../../../../../../../../../../../..]
[b102.pri.cosma7.alces.network:22810] MCW rank 58 bound to socket 0[core 13[hwt 0-1]]: [../../../../../../../../../../../../../BB/../..][../../../../../../../../../../../../../../../..]
[b102.pri.cosma7.alces.network:22810] MCW rank 43 bound to socket 1[core 21[hwt 0-1]]: [../../../../../../../../../../../../../../../..][../../../../../BB/../../../../../../../../../..]
[b102.pri.cosma7.alces.network:22810] MCW rank 57 bound to socket 1[core 28[hwt 0-1]]: [../../../../../../../../../../../../../../../..][../../../../../../../../../../../../BB/../../..]
[b102.pri.cosma7.alces.network:22810] MCW rank 60 bound to socket 0[core 14[hwt 0-1]]: [../../../../../../../../../../../../../../BB/..][../../../../../../../../../../../../../../../..]
[b102.pri.cosma7.alces.network:22810] MCW rank 62 bound to socket 0[core 15[hwt 0-1]]: [../../../../../../../../../../../../../../../BB][../../../../../../../../../../../../../../../..]
[b102.pri.cosma7.alces.network:22810] MCW rank 61 bound to socket 1[core 30[hwt 0-1]]: [../../../../../../../../../../../../../../../..][../../../../../../../../../../../../../../BB/..]
[b102.pri.cosma7.alces.network:22810] MCW rank 47 bound to socket 1[core 23[hwt 0-1]]: [../../../../../../../../../../../../../../../..][../../../../../../../BB/../../../../../../../..]
[b102.pri.cosma7.alces.network:22810] MCW rank 51 bound to socket 1[core 25[hwt 0-1]]: [../../../../../../../../../../../../../../../..][../../../../../../../../../BB/../../../../../..]
[b102.pri.cosma7.alces.network:22810] MCW rank 55 bound to socket 1[core 27[hwt 0-1]]: [../../../../../../../../../../../../../../../..][../../../../../../../../../../../BB/../../../..]
[b102.pri.cosma7.alces.network:22810] MCW rank 59 bound to socket 1[core 29[hwt 0-1]]: [../../../../../../../../../../../../../../../..][../../../../../../../../../../../../../BB/../..]
[b102.pri.cosma7.alces.network:22810] MCW rank 63 bound to socket 1[core 31[hwt 0-1]]: [../../../../../../../../../../../../../../../..][../../../../../../../../../../../../../../../BB]
level 0 thread 0x2b7cf3147700 affinity 7,39
level 0 thread 0x2b25e4347700 affinity 27,59
level 0 thread 0x2b450dacb700 affinity 12,44
level 0 thread 0x2ba3d3342700 affinity 13,45
level 0 thread 0x2ac7eb92f700 affinity 8,40
level 0 thread 0x2ac9dd0fb700 affinity 13,45
level 0 thread 0x2b755db30700 affinity 25,57
level 0 thread 0x2b173862b700 affinity 7,39
level 0 thread 0x2b4b29b5d700 affinity 3,35
level 0 thread 0x2ba32b30a700 affinity 2,34
level 0 thread 0x2acbd7fd0700 affinity 14,46
level 0 thread 0x2b394ad84700 affinity 29,61
level 0 thread 0x2b069194e700 affinity 15,47
level 0 thread 0x2ac905606700 affinity 1,33
level 0 thread 0x2ad578abb700 affinity 28,60
level 0 thread 0x2af4bca15700 affinity 6,38
level 0 thread 0x2b71793e1700 affinity 18,50
level 0 thread 0x2ae6a2a15700 affinity 27,59
level 0 thread 0x2ac89b27e700 affinity 4,36
level 0 thread 0x2ac08c096700 affinity 15,47
level 0 thread 0x2b077d277700 affinity 2,34
level 0 thread 0x2aee253e3700 affinity 3,35
level 0 thread 0x2aca55db8700 affinity 23,55
level 0 thread 0x2b8a03d93700 affinity 14,46
level 0 thread 0x2b6a2e130700 affinity 18,50
level 0 thread 0x2af8472c4700 affinity 10,42
level 0 thread 0x2ac61b139700 affinity 31,63
level 0 thread 0x2b8bd6769700 affinity 5,37
level 0 thread 0x2ab4ee1ec700 affinity 11,43
level 0 thread 0x2b586efdb700 affinity 30,62
level 0 thread 0x2ba81b6fa700 affinity 12,44
level 0 thread 0x2b2eb3d14700 affinity 5,37
level 0 thread 0x2b16b245a700 affinity 26,58
level 0 thread 0x2b07c71c2700 affinity 26,58
level 0 thread 0x2ba9ba74c700 affinity 8,40
level 0 thread 0x2ba9a19e4700 affinity 28,60
level 0 thread 0x2aec06888700 affinity 22,54
level 0 thread 0x2b31901b8700 affinity 24,56
level 0 thread 0x2ae0e6d44700 affinity 25,57
level 0 thread 0x2b32f836d700 affinity 20,52
level 0 thread 0x2af117dfc700 affinity 22,54
level 0 thread 0x2b96c0a03700 affinity 21,53
level 0 thread 0x2b16f9ac9700 affinity 9,41
level 0 thread 0x2b90e7ebf700 affinity 0,32
level 0 thread 0x2b10c9c0c700 affinity 30,62
level 0 thread 0x2b6d49fb3700 affinity 16,48
level 0 thread 0x2af612383700 affinity 17,49
level 0 thread 0x2ab733621700 affinity 1,33
level 0 thread 0x2ae315f4f700 affinity 19,51
level 0 thread 0x2b2675e00700 affinity 9,41
level 0 thread 0x2b5fb20be700 affinity 31,63
level 0 thread 0x2b243e556700 affinity 17,49
level 0 thread 0x2b0423445700 affinity 23,55
level 0 thread 0x2b3468061700 affinity 29,61
level 0 thread 0x2b6ab7682700 affinity 10,42
level 0 thread 0x2b87bb547700 affinity 11,43
level 0 thread 0x2b8306c35700 affinity 4,36
level 0 thread 0x2b616f15f700 affinity 6,38
level 0 thread 0x2af39b076700 affinity 16,48
level 0 thread 0x2b88bfeae700 affinity 20,52
level 0 thread 0x2b7f9475d700 affinity 0,32
level 0 thread 0x2ba5bd9ac700 affinity 24,56
level 0 thread 0x2b747458b700 affinity 19,51
level 0 thread 0x2b2c0c4c6700 affinity 21,53
