- Package -----------------------------.- Versions --------.- Last mod. -------
Currently Loaded Modulefiles:
cosma/2018                                                  2018/05/24 15:26:01
gnu_comp/11.1.0                                             2021/06/30 10:41:57
hipsycl-0.9.4-gcc-11.1.0-cfxbgst                            2023/04/27 13:15:08
openmpi/4.1.4                                               2022/11/28 11:11:31
cmake/3.25.1                                                2023/01/04 10:42:48
boost-1.80.0-gcc-11.1.0-kxwgyuc                             2023/05/03 17:16:13
fftw-3.3.10-gcc-11.1.0-lpkp2ev                              2023/04/27 14:28:58
python/3.10.7                                               2022/10/04 12:04:13
hdf5-1.12.2-gcc-11.1.0-4ovmzew                              2023/05/03 16:18:46
nektar-5.3.0-2e0fb8-gcc-11.1.0-ooymem2                      2023/05/03 17:26:27
googletest-1.12.1-gcc-11.1.0-25bkaph                        2023/04/27 13:16:42
[b108.pri.cosma7.alces.network:08859] MCW rank 0 bound to socket 0[core 0[hwt 0-1]]: [BB/../../../../../../../../../../../../../../..][../../../../../../../../../../../../../../../..]
[b108.pri.cosma7.alces.network:08859] MCW rank 1 bound to socket 1[core 16[hwt 0-1]]: [../../../../../../../../../../../../../../../..][BB/../../../../../../../../../../../../../../..]
[b108.pri.cosma7.alces.network:08859] MCW rank 3 bound to socket 1[core 17[hwt 0-1]]: [../../../../../../../../../../../../../../../..][../BB/../../../../../../../../../../../../../..]
[b108.pri.cosma7.alces.network:08859] MCW rank 2 bound to socket 0[core 1[hwt 0-1]]: [../BB/../../../../../../../../../../../../../..][../../../../../../../../../../../../../../../..]
[b108.pri.cosma7.alces.network:08859] MCW rank 5 bound to socket 1[core 18[hwt 0-1]]: [../../../../../../../../../../../../../../../..][../../BB/../../../../../../../../../../../../..]
[b108.pri.cosma7.alces.network:08859] MCW rank 7 bound to socket 1[core 19[hwt 0-1]]: [../../../../../../../../../../../../../../../..][../../../BB/../../../../../../../../../../../..]
[b108.pri.cosma7.alces.network:08859] MCW rank 4 bound to socket 0[core 2[hwt 0-1]]: [../../BB/../../../../../../../../../../../../..][../../../../../../../../../../../../../../../..]
[b108.pri.cosma7.alces.network:08859] MCW rank 6 bound to socket 0[core 3[hwt 0-1]]: [../../../BB/../../../../../../../../../../../..][../../../../../../../../../../../../../../../..]
[b108.pri.cosma7.alces.network:08859] MCW rank 9 bound to socket 1[core 20[hwt 0-1]]: [../../../../../../../../../../../../../../../..][../../../../BB/../../../../../../../../../../..]
[b108.pri.cosma7.alces.network:08859] MCW rank 8 bound to socket 0[core 4[hwt 0-1]]: [../../../../BB/../../../../../../../../../../..][../../../../../../../../../../../../../../../..]
[b108.pri.cosma7.alces.network:08859] MCW rank 10 bound to socket 0[core 5[hwt 0-1]]: [../../../../../BB/../../../../../../../../../..][../../../../../../../../../../../../../../../..]
[b108.pri.cosma7.alces.network:08859] MCW rank 13 bound to socket 1[core 22[hwt 0-1]]: [../../../../../../../../../../../../../../../..][../../../../../../BB/../../../../../../../../..]
[b108.pri.cosma7.alces.network:08859] MCW rank 12 bound to socket 0[core 6[hwt 0-1]]: [../../../../../../BB/../../../../../../../../..][../../../../../../../../../../../../../../../..]
[b108.pri.cosma7.alces.network:08859] MCW rank 14 bound to socket 0[core 7[hwt 0-1]]: [../../../../../../../BB/../../../../../../../..][../../../../../../../../../../../../../../../..]
[b108.pri.cosma7.alces.network:08859] MCW rank 11 bound to socket 1[core 21[hwt 0-1]]: [../../../../../../../../../../../../../../../..][../../../../../BB/../../../../../../../../../..]
[b108.pri.cosma7.alces.network:08859] MCW rank 17 bound to socket 1[core 24[hwt 0-1]]: [../../../../../../../../../../../../../../../..][../../../../../../../../BB/../../../../../../..]
[b108.pri.cosma7.alces.network:08859] MCW rank 16 bound to socket 0[core 8[hwt 0-1]]: [../../../../../../../../BB/../../../../../../..][../../../../../../../../../../../../../../../..]
[b108.pri.cosma7.alces.network:08859] MCW rank 15 bound to socket 1[core 23[hwt 0-1]]: [../../../../../../../../../../../../../../../..][../../../../../../../BB/../../../../../../../..]
[b108.pri.cosma7.alces.network:08859] MCW rank 18 bound to socket 0[core 9[hwt 0-1]]: [../../../../../../../../../BB/../../../../../..][../../../../../../../../../../../../../../../..]
[b108.pri.cosma7.alces.network:08859] MCW rank 21 bound to socket 1[core 26[hwt 0-1]]: [../../../../../../../../../../../../../../../..][../../../../../../../../../../BB/../../../../..]
[b108.pri.cosma7.alces.network:08859] MCW rank 19 bound to socket 1[core 25[hwt 0-1]]: [../../../../../../../../../../../../../../../..][../../../../../../../../../BB/../../../../../..]
[b108.pri.cosma7.alces.network:08859] MCW rank 22 bound to socket 0[core 11[hwt 0-1]]: [../../../../../../../../../../../BB/../../../..][../../../../../../../../../../../../../../../..]
[b108.pri.cosma7.alces.network:08859] MCW rank 20 bound to socket 0[core 10[hwt 0-1]]: [../../../../../../../../../../BB/../../../../..][../../../../../../../../../../../../../../../..]
[b108.pri.cosma7.alces.network:08859] MCW rank 25 bound to socket 1[core 28[hwt 0-1]]: [../../../../../../../../../../../../../../../..][../../../../../../../../../../../../BB/../../..]
[b108.pri.cosma7.alces.network:08859] MCW rank 26 bound to socket 0[core 13[hwt 0-1]]: [../../../../../../../../../../../../../BB/../..][../../../../../../../../../../../../../../../..]
[b108.pri.cosma7.alces.network:08859] MCW rank 24 bound to socket 0[core 12[hwt 0-1]]: [../../../../../../../../../../../../BB/../../..][../../../../../../../../../../../../../../../..]
[b108.pri.cosma7.alces.network:08859] MCW rank 29 bound to socket 1[core 30[hwt 0-1]]: [../../../../../../../../../../../../../../../..][../../../../../../../../../../../../../../BB/..]
[b108.pri.cosma7.alces.network:08859] MCW rank 30 bound to socket 0[core 15[hwt 0-1]]: [../../../../../../../../../../../../../../../BB][../../../../../../../../../../../../../../../..]
[b108.pri.cosma7.alces.network:08859] MCW rank 23 bound to socket 1[core 27[hwt 0-1]]: [../../../../../../../../../../../../../../../..][../../../../../../../../../../../BB/../../../..]
[b108.pri.cosma7.alces.network:08859] MCW rank 28 bound to socket 0[core 14[hwt 0-1]]: [../../../../../../../../../../../../../../BB/..][../../../../../../../../../../../../../../../..]
[b108.pri.cosma7.alces.network:08859] MCW rank 27 bound to socket 1[core 29[hwt 0-1]]: [../../../../../../../../../../../../../../../..][../../../../../../../../../../../../../BB/../..]
[b108.pri.cosma7.alces.network:08859] MCW rank 31 bound to socket 1[core 31[hwt 0-1]]: [../../../../../../../../../../../../../../../..][../../../../../../../../../../../../../../../BB]
[b110.pri.cosma7.alces.network:08607] MCW rank 64 bound to socket 0[core 0[hwt 0-1]]: [BB/../../../../../../../../../../../../../../..][../../../../../../../../../../../../../../../..]
[b110.pri.cosma7.alces.network:08607] MCW rank 65 bound to socket 1[core 16[hwt 0-1]]: [../../../../../../../../../../../../../../../..][BB/../../../../../../../../../../../../../../..]
[b110.pri.cosma7.alces.network:08607] MCW rank 66 bound to socket 0[core 1[hwt 0-1]]: [../BB/../../../../../../../../../../../../../..][../../../../../../../../../../../../../../../..]
[b110.pri.cosma7.alces.network:08607] MCW rank 67 bound to socket 1[core 17[hwt 0-1]]: [../../../../../../../../../../../../../../../..][../BB/../../../../../../../../../../../../../..]
[b110.pri.cosma7.alces.network:08607] MCW rank 68 bound to socket 0[core 2[hwt 0-1]]: [../../BB/../../../../../../../../../../../../..][../../../../../../../../../../../../../../../..]
[b110.pri.cosma7.alces.network:08607] MCW rank 69 bound to socket 1[core 18[hwt 0-1]]: [../../../../../../../../../../../../../../../..][../../BB/../../../../../../../../../../../../..]
[b110.pri.cosma7.alces.network:08607] MCW rank 70 bound to socket 0[core 3[hwt 0-1]]: [../../../BB/../../../../../../../../../../../..][../../../../../../../../../../../../../../../..]
[b110.pri.cosma7.alces.network:08607] MCW rank 71 bound to socket 1[core 19[hwt 0-1]]: [../../../../../../../../../../../../../../../..][../../../BB/../../../../../../../../../../../..]
[b110.pri.cosma7.alces.network:08607] MCW rank 72 bound to socket 0[core 4[hwt 0-1]]: [../../../../BB/../../../../../../../../../../..][../../../../../../../../../../../../../../../..]
[b110.pri.cosma7.alces.network:08607] MCW rank 74 bound to socket 0[core 5[hwt 0-1]]: [../../../../../BB/../../../../../../../../../..][../../../../../../../../../../../../../../../..]
[b110.pri.cosma7.alces.network:08607] MCW rank 75 bound to socket 1[core 21[hwt 0-1]]: [../../../../../../../../../../../../../../../..][../../../../../BB/../../../../../../../../../..]
[b110.pri.cosma7.alces.network:08607] MCW rank 76 bound to socket 0[core 6[hwt 0-1]]: [../../../../../../BB/../../../../../../../../..][../../../../../../../../../../../../../../../..]
[b110.pri.cosma7.alces.network:08607] MCW rank 78 bound to socket 0[core 7[hwt 0-1]]: [../../../../../../../BB/../../../../../../../..][../../../../../../../../../../../../../../../..]
[b110.pri.cosma7.alces.network:08607] MCW rank 79 bound to socket 1[core 23[hwt 0-1]]: [../../../../../../../../../../../../../../../..][../../../../../../../BB/../../../../../../../..]
[b110.pri.cosma7.alces.network:08607] MCW rank 80 bound to socket 0[core 8[hwt 0-1]]: [../../../../../../../../BB/../../../../../../..][../../../../../../../../../../../../../../../..]
[b110.pri.cosma7.alces.network:08607] MCW rank 82 bound to socket 0[core 9[hwt 0-1]]: [../../../../../../../../../BB/../../../../../..][../../../../../../../../../../../../../../../..]
[b110.pri.cosma7.alces.network:08607] MCW rank 83 bound to socket 1[core 25[hwt 0-1]]: [../../../../../../../../../../../../../../../..][../../../../../../../../../BB/../../../../../..]
[b110.pri.cosma7.alces.network:08607] MCW rank 84 bound to socket 0[core 10[hwt 0-1]]: [../../../../../../../../../../BB/../../../../..][../../../../../../../../../../../../../../../..]
[b110.pri.cosma7.alces.network:08607] MCW rank 87 bound to socket 1[core 27[hwt 0-1]]: [../../../../../../../../../../../../../../../..][../../../../../../../../../../../BB/../../../..]
[b110.pri.cosma7.alces.network:08607] MCW rank 73 bound to socket 1[core 20[hwt 0-1]]: [../../../../../../../../../../../../../../../..][../../../../BB/../../../../../../../../../../..]
[b110.pri.cosma7.alces.network:08607] MCW rank 86 bound to socket 0[core 11[hwt 0-1]]: [../../../../../../../../../../../BB/../../../..][../../../../../../../../../../../../../../../..]
[b110.pri.cosma7.alces.network:08607] MCW rank 88 bound to socket 0[core 12[hwt 0-1]]: [../../../../../../../../../../../../BB/../../..][../../../../../../../../../../../../../../../..]
[b110.pri.cosma7.alces.network:08607] MCW rank 90 bound to socket 0[core 13[hwt 0-1]]: [../../../../../../../../../../../../../BB/../..][../../../../../../../../../../../../../../../..]
[b110.pri.cosma7.alces.network:08607] MCW rank 77 bound to socket 1[core 22[hwt 0-1]]: [../../../../../../../../../../../../../../../..][../../../../../../BB/../../../../../../../../..]
[b112.pri.cosma7.alces.network:08553] MCW rank 128 bound to socket 0[core 0[hwt 0-1]]: [BB/../../../../../../../../../../../../../../..][../../../../../../../../../../../../../../../..]
[b112.pri.cosma7.alces.network:08553] MCW rank 129 bound to socket 1[core 16[hwt 0-1]]: [../../../../../../../../../../../../../../../..][BB/../../../../../../../../../../../../../../..]
[b110.pri.cosma7.alces.network:08607] MCW rank 92 bound to socket 0[core 14[hwt 0-1]]: [../../../../../../../../../../../../../../BB/..][../../../../../../../../../../../../../../../..]
[b112.pri.cosma7.alces.network:08553] MCW rank 130 bound to socket 0[core 1[hwt 0-1]]: [../BB/../../../../../../../../../../../../../..][../../../../../../../../../../../../../../../..]
[b112.pri.cosma7.alces.network:08553] MCW rank 131 bound to socket 1[core 17[hwt 0-1]]: [../../../../../../../../../../../../../../../..][../BB/../../../../../../../../../../../../../..]
[b112.pri.cosma7.alces.network:08553] MCW rank 132 bound to socket 0[core 2[hwt 0-1]]: [../../BB/../../../../../../../../../../../../..][../../../../../../../../../../../../../../../..]
[b112.pri.cosma7.alces.network:08553] MCW rank 133 bound to socket 1[core 18[hwt 0-1]]: [../../../../../../../../../../../../../../../..][../../BB/../../../../../../../../../../../../..]
[b112.pri.cosma7.alces.network:08553] MCW rank 134 bound to socket 0[core 3[hwt 0-1]]: [../../../BB/../../../../../../../../../../../..][../../../../../../../../../../../../../../../..]
[b112.pri.cosma7.alces.network:08553] MCW rank 135 bound to socket 1[core 19[hwt 0-1]]: [../../../../../../../../../../../../../../../..][../../../BB/../../../../../../../../../../../..]
[b112.pri.cosma7.alces.network:08553] MCW rank 138 bound to socket 0[core 5[hwt 0-1]]: [../../../../../BB/../../../../../../../../../..][../../../../../../../../../../../../../../../..]
[b110.pri.cosma7.alces.network:08607] MCW rank 94 bound to socket 0[core 15[hwt 0-1]]: [../../../../../../../../../../../../../../../BB][../../../../../../../../../../../../../../../..]
[b110.pri.cosma7.alces.network:08607] MCW rank 81 bound to socket 1[core 24[hwt 0-1]]: [../../../../../../../../../../../../../../../..][../../../../../../../../BB/../../../../../../..]
[b111.pri.cosma7.alces.network:08573] MCW rank 96 bound to socket 0[core 0[hwt 0-1]]: [BB/../../../../../../../../../../../../../../..][../../../../../../../../../../../../../../../..]
[b111.pri.cosma7.alces.network:08573] MCW rank 97 bound to socket 1[core 16[hwt 0-1]]: [../../../../../../../../../../../../../../../..][BB/../../../../../../../../../../../../../../..]
[b112.pri.cosma7.alces.network:08553] MCW rank 136 bound to socket 0[core 4[hwt 0-1]]: [../../../../BB/../../../../../../../../../../..][../../../../../../../../../../../../../../../..]
[b111.pri.cosma7.alces.network:08573] MCW rank 98 bound to socket 0[core 1[hwt 0-1]]: [../BB/../../../../../../../../../../../../../..][../../../../../../../../../../../../../../../..]
[b111.pri.cosma7.alces.network:08573] MCW rank 99 bound to socket 1[core 17[hwt 0-1]]: [../../../../../../../../../../../../../../../..][../BB/../../../../../../../../../../../../../..]
[b111.pri.cosma7.alces.network:08573] MCW rank 100 bound to socket 0[core 2[hwt 0-1]]: [../../BB/../../../../../../../../../../../../..][../../../../../../../../../../../../../../../..]
[b111.pri.cosma7.alces.network:08573] MCW rank 101 bound to socket 1[core 18[hwt 0-1]]: [../../../../../../../../../../../../../../../..][../../BB/../../../../../../../../../../../../..]
[b111.pri.cosma7.alces.network:08573] MCW rank 102 bound to socket 0[core 3[hwt 0-1]]: [../../../BB/../../../../../../../../../../../..][../../../../../../../../../../../../../../../..]
[b111.pri.cosma7.alces.network:08573] MCW rank 103 bound to socket 1[core 19[hwt 0-1]]: [../../../../../../../../../../../../../../../..][../../../BB/../../../../../../../../../../../..]
[b112.pri.cosma7.alces.network:08553] MCW rank 139 bound to socket 1[core 21[hwt 0-1]]: [../../../../../../../../../../../../../../../..][../../../../../BB/../../../../../../../../../..]
[b111.pri.cosma7.alces.network:08573] MCW rank 104 bound to socket 0[core 4[hwt 0-1]]: [../../../../BB/../../../../../../../../../../..][../../../../../../../../../../../../../../../..]
[b111.pri.cosma7.alces.network:08573] MCW rank 105 bound to socket 1[core 20[hwt 0-1]]: [../../../../../../../../../../../../../../../..][../../../../BB/../../../../../../../../../../..]
[b114.pri.cosma7.alces.network:08257] MCW rank 192 bound to socket 0[core 0[hwt 0-1]]: [BB/../../../../../../../../../../../../../../..][../../../../../../../../../../../../../../../..]
[b111.pri.cosma7.alces.network:08573] MCW rank 106 bound to socket 0[core 5[hwt 0-1]]: [../../../../../BB/../../../../../../../../../..][../../../../../../../../../../../../../../../..]
[b111.pri.cosma7.alces.network:08573] MCW rank 107 bound to socket 1[core 21[hwt 0-1]]: [../../../../../../../../../../../../../../../..][../../../../../BB/../../../../../../../../../..]
[b111.pri.cosma7.alces.network:08573] MCW rank 108 bound to socket 0[core 6[hwt 0-1]]: [../../../../../../BB/../../../../../../../../..][../../../../../../../../../../../../../../../..]
[b111.pri.cosma7.alces.network:08573] MCW rank 109 bound to socket 1[core 22[hwt 0-1]]: [../../../../../../../../../../../../../../../..][../../../../../../BB/../../../../../../../../..]
[b114.pri.cosma7.alces.network:08257] MCW rank 193 bound to socket 1[core 16[hwt 0-1]]: [../../../../../../../../../../../../../../../..][BB/../../../../../../../../../../../../../../..]
[b112.pri.cosma7.alces.network:08553] MCW rank 137 bound to socket 1[core 20[hwt 0-1]]: [../../../../../../../../../../../../../../../..][../../../../BB/../../../../../../../../../../..]
[b111.pri.cosma7.alces.network:08573] MCW rank 110 bound to socket 0[core 7[hwt 0-1]]: [../../../../../../../BB/../../../../../../../..][../../../../../../../../../../../../../../../..]
[b112.pri.cosma7.alces.network:08553] MCW rank 142 bound to socket 0[core 7[hwt 0-1]]: [../../../../../../../BB/../../../../../../../..][../../../../../../../../../../../../../../../..]
[b111.pri.cosma7.alces.network:08573] MCW rank 111 bound to socket 1[core 23[hwt 0-1]]: [../../../../../../../../../../../../../../../..][../../../../../../../BB/../../../../../../../..]
[b109.pri.cosma7.alces.network:08643] MCW rank 32 bound to socket 0[core 0[hwt 0-1]]: [BB/../../../../../../../../../../../../../../..][../../../../../../../../../../../../../../../..]
[b111.pri.cosma7.alces.network:08573] MCW rank 112 bound to socket 0[core 8[hwt 0-1]]: [../../../../../../../../BB/../../../../../../..][../../../../../../../../../../../../../../../..]
[b111.pri.cosma7.alces.network:08573] MCW rank 113 bound to socket 1[core 24[hwt 0-1]]: [../../../../../../../../../../../../../../../..][../../../../../../../../BB/../../../../../../..]
[b111.pri.cosma7.alces.network:08573] MCW rank 114 bound to socket 0[core 9[hwt 0-1]]: [../../../../../../../../../BB/../../../../../..][../../../../../../../../../../../../../../../..]
[b111.pri.cosma7.alces.network:08573] MCW rank 115 bound to socket 1[core 25[hwt 0-1]]: [../../../../../../../../../../../../../../../..][../../../../../../../../../BB/../../../../../..]
[b111.pri.cosma7.alces.network:08573] MCW rank 116 bound to socket 0[core 10[hwt 0-1]]: [../../../../../../../../../../BB/../../../../..][../../../../../../../../../../../../../../../..]
[b111.pri.cosma7.alces.network:08573] MCW rank 117 bound to socket 1[core 26[hwt 0-1]]: [../../../../../../../../../../../../../../../..][../../../../../../../../../../BB/../../../../..]
[b111.pri.cosma7.alces.network:08573] MCW rank 118 bound to socket 0[core 11[hwt 0-1]]: [../../../../../../../../../../../BB/../../../..][../../../../../../../../../../../../../../../..]
[b109.pri.cosma7.alces.network:08643] MCW rank 33 bound to socket 1[core 16[hwt 0-1]]: [../../../../../../../../../../../../../../../..][BB/../../../../../../../../../../../../../../..]
[b111.pri.cosma7.alces.network:08573] MCW rank 120 bound to socket 0[core 12[hwt 0-1]]: [../../../../../../../../../../../../BB/../../..][../../../../../../../../../../../../../../../..]
[b109.pri.cosma7.alces.network:08643] MCW rank 34 bound to socket 0[core 1[hwt 0-1]]: [../BB/../../../../../../../../../../../../../..][../../../../../../../../../../../../../../../..]
[b111.pri.cosma7.alces.network:08573] MCW rank 122 bound to socket 0[core 13[hwt 0-1]]: [../../../../../../../../../../../../../BB/../..][../../../../../../../../../../../../../../../..]
[b109.pri.cosma7.alces.network:08643] MCW rank 35 bound to socket 1[core 17[hwt 0-1]]: [../../../../../../../../../../../../../../../..][../BB/../../../../../../../../../../../../../..]
[b111.pri.cosma7.alces.network:08573] MCW rank 124 bound to socket 0[core 14[hwt 0-1]]: [../../../../../../../../../../../../../../BB/..][../../../../../../../../../../../../../../../..]
[b109.pri.cosma7.alces.network:08643] MCW rank 36 bound to socket 0[core 2[hwt 0-1]]: [../../BB/../../../../../../../../../../../../..][../../../../../../../../../../../../../../../..]
[b109.pri.cosma7.alces.network:08643] MCW rank 37 bound to socket 1[core 18[hwt 0-1]]: [../../../../../../../../../../../../../../../..][../../BB/../../../../../../../../../../../../..]
[b109.pri.cosma7.alces.network:08643] MCW rank 38 bound to socket 0[core 3[hwt 0-1]]: [../../../BB/../../../../../../../../../../../..][../../../../../../../../../../../../../../../..]
[b109.pri.cosma7.alces.network:08643] MCW rank 39 bound to socket 1[core 19[hwt 0-1]]: [../../../../../../../../../../../../../../../..][../../../BB/../../../../../../../../../../../..]
[b109.pri.cosma7.alces.network:08643] MCW rank 40 bound to socket 0[core 4[hwt 0-1]]: [../../../../BB/../../../../../../../../../../..][../../../../../../../../../../../../../../../..]
[b109.pri.cosma7.alces.network:08643] MCW rank 41 bound to socket 1[core 20[hwt 0-1]]: [../../../../../../../../../../../../../../../..][../../../../BB/../../../../../../../../../../..]
[b114.pri.cosma7.alces.network:08257] MCW rank 194 bound to socket 0[core 1[hwt 0-1]]: [../BB/../../../../../../../../../../../../../..][../../../../../../../../../../../../../../../..]
[b109.pri.cosma7.alces.network:08643] MCW rank 43 bound to socket 1[core 21[hwt 0-1]]: [../../../../../../../../../../../../../../../..][../../../../../BB/../../../../../../../../../..]
[b109.pri.cosma7.alces.network:08643] MCW rank 44 bound to socket 0[core 6[hwt 0-1]]: [../../../../../../BB/../../../../../../../../..][../../../../../../../../../../../../../../../..]
[b109.pri.cosma7.alces.network:08643] MCW rank 45 bound to socket 1[core 22[hwt 0-1]]: [../../../../../../../../../../../../../../../..][../../../../../../BB/../../../../../../../../..]
[b114.pri.cosma7.alces.network:08257] MCW rank 195 bound to socket 1[core 17[hwt 0-1]]: [../../../../../../../../../../../../../../../..][../BB/../../../../../../../../../../../../../..]
[b114.pri.cosma7.alces.network:08257] MCW rank 196 bound to socket 0[core 2[hwt 0-1]]: [../../BB/../../../../../../../../../../../../..][../../../../../../../../../../../../../../../..]
[b112.pri.cosma7.alces.network:08553] MCW rank 140 bound to socket 0[core 6[hwt 0-1]]: [../../../../../../BB/../../../../../../../../..][../../../../../../../../../../../../../../../..]
[b114.pri.cosma7.alces.network:08257] MCW rank 197 bound to socket 1[core 18[hwt 0-1]]: [../../../../../../../../../../../../../../../..][../../BB/../../../../../../../../../../../../..]
[b114.pri.cosma7.alces.network:08257] MCW rank 198 bound to socket 0[core 3[hwt 0-1]]: [../../../BB/../../../../../../../../../../../..][../../../../../../../../../../../../../../../..]
[b114.pri.cosma7.alces.network:08257] MCW rank 199 bound to socket 1[core 19[hwt 0-1]]: [../../../../../../../../../../../../../../../..][../../../BB/../../../../../../../../../../../..]
[b114.pri.cosma7.alces.network:08257] MCW rank 201 bound to socket 1[core 20[hwt 0-1]]: [../../../../../../../../../../../../../../../..][../../../../BB/../../../../../../../../../../..]
[b114.pri.cosma7.alces.network:08257] MCW rank 202 bound to socket 0[core 5[hwt 0-1]]: [../../../../../BB/../../../../../../../../../..][../../../../../../../../../../../../../../../..]
[b109.pri.cosma7.alces.network:08643] MCW rank 47 bound to socket 1[core 23[hwt 0-1]]: [../../../../../../../../../../../../../../../..][../../../../../../../BB/../../../../../../../..]
[b110.pri.cosma7.alces.network:08607] MCW rank 85 bound to socket 1[core 26[hwt 0-1]]: [../../../../../../../../../../../../../../../..][../../../../../../../../../../BB/../../../../..]
[b109.pri.cosma7.alces.network:08643] MCW rank 48 bound to socket 0[core 8[hwt 0-1]]: [../../../../../../../../BB/../../../../../../..][../../../../../../../../../../../../../../../..]
[b109.pri.cosma7.alces.network:08643] MCW rank 49 bound to socket 1[core 24[hwt 0-1]]: [../../../../../../../../../../../../../../../..][../../../../../../../../BB/../../../../../../..]
[b109.pri.cosma7.alces.network:08643] MCW rank 51 bound to socket 1[core 25[hwt 0-1]]: [../../../../../../../../../../../../../../../..][../../../../../../../../../BB/../../../../../..]
[b111.pri.cosma7.alces.network:08573] MCW rank 121 bound to socket 1[core 28[hwt 0-1]]: [../../../../../../../../../../../../../../../..][../../../../../../../../../../../../BB/../../..]
[b109.pri.cosma7.alces.network:08643] MCW rank 52 bound to socket 0[core 10[hwt 0-1]]: [../../../../../../../../../../BB/../../../../..][../../../../../../../../../../../../../../../..]
[b109.pri.cosma7.alces.network:08643] MCW rank 53 bound to socket 1[core 26[hwt 0-1]]: [../../../../../../../../../../../../../../../..][../../../../../../../../../../BB/../../../../..]
[b109.pri.cosma7.alces.network:08643] MCW rank 55 bound to socket 1[core 27[hwt 0-1]]: [../../../../../../../../../../../../../../../..][../../../../../../../../../../../BB/../../../..]
[b109.pri.cosma7.alces.network:08643] MCW rank 56 bound to socket 0[core 12[hwt 0-1]]: [../../../../../../../../../../../../BB/../../..][../../../../../../../../../../../../../../../..]
[b111.pri.cosma7.alces.network:08573] MCW rank 126 bound to socket 0[core 15[hwt 0-1]]: [../../../../../../../../../../../../../../../BB][../../../../../../../../../../../../../../../..]
[b109.pri.cosma7.alces.network:08643] MCW rank 57 bound to socket 1[core 28[hwt 0-1]]: [../../../../../../../../../../../../../../../..][../../../../../../../../../../../../BB/../../..]
[b112.pri.cosma7.alces.network:08553] MCW rank 143 bound to socket 1[core 23[hwt 0-1]]: [../../../../../../../../../../../../../../../..][../../../../../../../BB/../../../../../../../..]
[b109.pri.cosma7.alces.network:08643] MCW rank 60 bound to socket 0[core 14[hwt 0-1]]: [../../../../../../../../../../../../../../BB/..][../../../../../../../../../../../../../../../..]
[b109.pri.cosma7.alces.network:08643] MCW rank 59 bound to socket 1[core 29[hwt 0-1]]: [../../../../../../../../../../../../../../../..][../../../../../../../../../../../../../BB/../..]
[b109.pri.cosma7.alces.network:08643] MCW rank 42 bound to socket 0[core 5[hwt 0-1]]: [../../../../../BB/../../../../../../../../../..][../../../../../../../../../../../../../../../..]
[b115.pri.cosma7.alces.network:08237] MCW rank 224 bound to socket 0[core 0[hwt 0-1]]: [BB/../../../../../../../../../../../../../../..][../../../../../../../../../../../../../../../..]
[b114.pri.cosma7.alces.network:08257] MCW rank 203 bound to socket 1[core 21[hwt 0-1]]: [../../../../../../../../../../../../../../../..][../../../../../BB/../../../../../../../../../..]
[b114.pri.cosma7.alces.network:08257] MCW rank 205 bound to socket 1[core 22[hwt 0-1]]: [../../../../../../../../../../../../../../../..][../../../../../../BB/../../../../../../../../..]
[b109.pri.cosma7.alces.network:08643] MCW rank 61 bound to socket 1[core 30[hwt 0-1]]: [../../../../../../../../../../../../../../../..][../../../../../../../../../../../../../../BB/..]
[b114.pri.cosma7.alces.network:08257] MCW rank 206 bound to socket 0[core 7[hwt 0-1]]: [../../../../../../../BB/../../../../../../../..][../../../../../../../../../../../../../../../..]
[b114.pri.cosma7.alces.network:08257] MCW rank 207 bound to socket 1[core 23[hwt 0-1]]: [../../../../../../../../../../../../../../../..][../../../../../../../BB/../../../../../../../..]
[b114.pri.cosma7.alces.network:08257] MCW rank 209 bound to socket 1[core 24[hwt 0-1]]: [../../../../../../../../../../../../../../../..][../../../../../../../../BB/../../../../../../..]
[b114.pri.cosma7.alces.network:08257] MCW rank 210 bound to socket 0[core 9[hwt 0-1]]: [../../../../../../../../../BB/../../../../../..][../../../../../../../../../../../../../../../..]
[b114.pri.cosma7.alces.network:08257] MCW rank 211 bound to socket 1[core 25[hwt 0-1]]: [../../../../../../../../../../../../../../../..][../../../../../../../../../BB/../../../../../..]
[b114.pri.cosma7.alces.network:08257] MCW rank 213 bound to socket 1[core 26[hwt 0-1]]: [../../../../../../../../../../../../../../../..][../../../../../../../../../../BB/../../../../..]
[b115.pri.cosma7.alces.network:08237] MCW rank 225 bound to socket 1[core 16[hwt 0-1]]: [../../../../../../../../../../../../../../../..][BB/../../../../../../../../../../../../../../..]
[b115.pri.cosma7.alces.network:08237] MCW rank 226 bound to socket 0[core 1[hwt 0-1]]: [../BB/../../../../../../../../../../../../../..][../../../../../../../../../../../../../../../..]
[b115.pri.cosma7.alces.network:08237] MCW rank 227 bound to socket 1[core 17[hwt 0-1]]: [../../../../../../../../../../../../../../../..][../BB/../../../../../../../../../../../../../..]
[b115.pri.cosma7.alces.network:08237] MCW rank 228 bound to socket 0[core 2[hwt 0-1]]: [../../BB/../../../../../../../../../../../../..][../../../../../../../../../../../../../../../..]
[b115.pri.cosma7.alces.network:08237] MCW rank 229 bound to socket 1[core 18[hwt 0-1]]: [../../../../../../../../../../../../../../../..][../../BB/../../../../../../../../../../../../..]
[b115.pri.cosma7.alces.network:08237] MCW rank 230 bound to socket 0[core 3[hwt 0-1]]: [../../../BB/../../../../../../../../../../../..][../../../../../../../../../../../../../../../..]
[b115.pri.cosma7.alces.network:08237] MCW rank 231 bound to socket 1[core 19[hwt 0-1]]: [../../../../../../../../../../../../../../../..][../../../BB/../../../../../../../../../../../..]
[b115.pri.cosma7.alces.network:08237] MCW rank 232 bound to socket 0[core 4[hwt 0-1]]: [../../../../BB/../../../../../../../../../../..][../../../../../../../../../../../../../../../..]
[b115.pri.cosma7.alces.network:08237] MCW rank 233 bound to socket 1[core 20[hwt 0-1]]: [../../../../../../../../../../../../../../../..][../../../../BB/../../../../../../../../../../..]
[b115.pri.cosma7.alces.network:08237] MCW rank 235 bound to socket 1[core 21[hwt 0-1]]: [../../../../../../../../../../../../../../../..][../../../../../BB/../../../../../../../../../..]
[b111.pri.cosma7.alces.network:08573] MCW rank 119 bound to socket 1[core 27[hwt 0-1]]: [../../../../../../../../../../../../../../../..][../../../../../../../../../../../BB/../../../..]
[b115.pri.cosma7.alces.network:08237] MCW rank 236 bound to socket 0[core 6[hwt 0-1]]: [../../../../../../BB/../../../../../../../../..][../../../../../../../../../../../../../../../..]
[b109.pri.cosma7.alces.network:08643] MCW rank 63 bound to socket 1[core 31[hwt 0-1]]: [../../../../../../../../../../../../../../../..][../../../../../../../../../../../../../../../BB]
[b115.pri.cosma7.alces.network:08237] MCW rank 237 bound to socket 1[core 22[hwt 0-1]]: [../../../../../../../../../../../../../../../..][../../../../../../BB/../../../../../../../../..]
[b114.pri.cosma7.alces.network:08257] MCW rank 214 bound to socket 0[core 11[hwt 0-1]]: [../../../../../../../../../../../BB/../../../..][../../../../../../../../../../../../../../../..]
[b115.pri.cosma7.alces.network:08237] MCW rank 239 bound to socket 1[core 23[hwt 0-1]]: [../../../../../../../../../../../../../../../..][../../../../../../../BB/../../../../../../../..]
[b115.pri.cosma7.alces.network:08237] MCW rank 240 bound to socket 0[core 8[hwt 0-1]]: [../../../../../../../../BB/../../../../../../..][../../../../../../../../../../../../../../../..]
[b114.pri.cosma7.alces.network:08257] MCW rank 215 bound to socket 1[core 27[hwt 0-1]]: [../../../../../../../../../../../../../../../..][../../../../../../../../../../../BB/../../../..]
[b115.pri.cosma7.alces.network:08237] MCW rank 241 bound to socket 1[core 24[hwt 0-1]]: [../../../../../../../../../../../../../../../..][../../../../../../../../BB/../../../../../../..]
[b114.pri.cosma7.alces.network:08257] MCW rank 217 bound to socket 1[core 28[hwt 0-1]]: [../../../../../../../../../../../../../../../..][../../../../../../../../../../../../BB/../../..]
[b112.pri.cosma7.alces.network:08553] MCW rank 141 bound to socket 1[core 22[hwt 0-1]]: [../../../../../../../../../../../../../../../..][../../../../../../BB/../../../../../../../../..]
[b115.pri.cosma7.alces.network:08237] MCW rank 243 bound to socket 1[core 25[hwt 0-1]]: [../../../../../../../../../../../../../../../..][../../../../../../../../../BB/../../../../../..]
[b114.pri.cosma7.alces.network:08257] MCW rank 218 bound to socket 0[core 13[hwt 0-1]]: [../../../../../../../../../../../../../BB/../..][../../../../../../../../../../../../../../../..]
[b110.pri.cosma7.alces.network:08607] MCW rank 89 bound to socket 1[core 28[hwt 0-1]]: [../../../../../../../../../../../../../../../..][../../../../../../../../../../../../BB/../../..]
[b115.pri.cosma7.alces.network:08237] MCW rank 244 bound to socket 0[core 10[hwt 0-1]]: [../../../../../../../../../../BB/../../../../..][../../../../../../../../../../../../../../../..]
[b114.pri.cosma7.alces.network:08257] MCW rank 219 bound to socket 1[core 29[hwt 0-1]]: [../../../../../../../../../../../../../../../..][../../../../../../../../../../../../../BB/../..]
[b112.pri.cosma7.alces.network:08553] MCW rank 144 bound to socket 0[core 8[hwt 0-1]]: [../../../../../../../../BB/../../../../../../..][../../../../../../../../../../../../../../../..]
[b109.pri.cosma7.alces.network:08643] MCW rank 46 bound to socket 0[core 7[hwt 0-1]]: [../../../../../../../BB/../../../../../../../..][../../../../../../../../../../../../../../../..]
[b115.pri.cosma7.alces.network:08237] MCW rank 245 bound to socket 1[core 26[hwt 0-1]]: [../../../../../../../../../../../../../../../..][../../../../../../../../../../BB/../../../../..]
[b114.pri.cosma7.alces.network:08257] MCW rank 200 bound to socket 0[core 4[hwt 0-1]]: [../../../../BB/../../../../../../../../../../..][../../../../../../../../../../../../../../../..]
[b115.pri.cosma7.alces.network:08237] MCW rank 247 bound to socket 1[core 27[hwt 0-1]]: [../../../../../../../../../../../../../../../..][../../../../../../../../../../../BB/../../../..]
[b114.pri.cosma7.alces.network:08257] MCW rank 222 bound to socket 0[core 15[hwt 0-1]]: [../../../../../../../../../../../../../../../BB][../../../../../../../../../../../../../../../..]
[b115.pri.cosma7.alces.network:08237] MCW rank 248 bound to socket 0[core 12[hwt 0-1]]: [../../../../../../../../../../../../BB/../../..][../../../../../../../../../../../../../../../..]
[b114.pri.cosma7.alces.network:08257] MCW rank 204 bound to socket 0[core 6[hwt 0-1]]: [../../../../../../BB/../../../../../../../../..][../../../../../../../../../../../../../../../..]
[b115.pri.cosma7.alces.network:08237] MCW rank 249 bound to socket 1[core 28[hwt 0-1]]: [../../../../../../../../../../../../../../../..][../../../../../../../../../../../../BB/../../..]
[b115.pri.cosma7.alces.network:08237] MCW rank 251 bound to socket 1[core 29[hwt 0-1]]: [../../../../../../../../../../../../../../../..][../../../../../../../../../../../../../BB/../..]
[b115.pri.cosma7.alces.network:08237] MCW rank 252 bound to socket 0[core 14[hwt 0-1]]: [../../../../../../../../../../../../../../BB/..][../../../../../../../../../../../../../../../..]
[b115.pri.cosma7.alces.network:08237] MCW rank 234 bound to socket 0[core 5[hwt 0-1]]: [../../../../../BB/../../../../../../../../../..][../../../../../../../../../../../../../../../..]
[b115.pri.cosma7.alces.network:08237] MCW rank 253 bound to socket 1[core 30[hwt 0-1]]: [../../../../../../../../../../../../../../../..][../../../../../../../../../../../../../../BB/..]
[b114.pri.cosma7.alces.network:08257] MCW rank 221 bound to socket 1[core 30[hwt 0-1]]: [../../../../../../../../../../../../../../../..][../../../../../../../../../../../../../../BB/..]
[b111.pri.cosma7.alces.network:08573] MCW rank 125 bound to socket 1[core 30[hwt 0-1]]: [../../../../../../../../../../../../../../../..][../../../../../../../../../../../../../../BB/..]
[b114.pri.cosma7.alces.network:08257] MCW rank 223 bound to socket 1[core 31[hwt 0-1]]: [../../../../../../../../../../../../../../../..][../../../../../../../../../../../../../../../BB]
[b112.pri.cosma7.alces.network:08553] MCW rank 146 bound to socket 0[core 9[hwt 0-1]]: [../../../../../../../../../BB/../../../../../..][../../../../../../../../../../../../../../../..]
[b115.pri.cosma7.alces.network:08237] MCW rank 255 bound to socket 1[core 31[hwt 0-1]]: [../../../../../../../../../../../../../../../..][../../../../../../../../../../../../../../../BB]
[b112.pri.cosma7.alces.network:08553] MCW rank 147 bound to socket 1[core 25[hwt 0-1]]: [../../../../../../../../../../../../../../../..][../../../../../../../../../BB/../../../../../..]
[b115.pri.cosma7.alces.network:08237] MCW rank 238 bound to socket 0[core 7[hwt 0-1]]: [../../../../../../../BB/../../../../../../../..][../../../../../../../../../../../../../../../..]
[b113.pri.cosma7.alces.network:08305] MCW rank 160 bound to socket 0[core 0[hwt 0-1]]: [BB/../../../../../../../../../../../../../../..][../../../../../../../../../../../../../../../..]
[b109.pri.cosma7.alces.network:08643] MCW rank 50 bound to socket 0[core 9[hwt 0-1]]: [../../../../../../../../../BB/../../../../../..][../../../../../../../../../../../../../../../..]
[b111.pri.cosma7.alces.network:08573] MCW rank 123 bound to socket 1[core 29[hwt 0-1]]: [../../../../../../../../../../../../../../../..][../../../../../../../../../../../../../BB/../..]
[b113.pri.cosma7.alces.network:08305] MCW rank 161 bound to socket 1[core 16[hwt 0-1]]: [../../../../../../../../../../../../../../../..][BB/../../../../../../../../../../../../../../..]
[b113.pri.cosma7.alces.network:08305] MCW rank 162 bound to socket 0[core 1[hwt 0-1]]: [../BB/../../../../../../../../../../../../../..][../../../../../../../../../../../../../../../..]
[b113.pri.cosma7.alces.network:08305] MCW rank 163 bound to socket 1[core 17[hwt 0-1]]: [../../../../../../../../../../../../../../../..][../BB/../../../../../../../../../../../../../..]
[b113.pri.cosma7.alces.network:08305] MCW rank 164 bound to socket 0[core 2[hwt 0-1]]: [../../BB/../../../../../../../../../../../../..][../../../../../../../../../../../../../../../..]
[b113.pri.cosma7.alces.network:08305] MCW rank 165 bound to socket 1[core 18[hwt 0-1]]: [../../../../../../../../../../../../../../../..][../../BB/../../../../../../../../../../../../..]
[b113.pri.cosma7.alces.network:08305] MCW rank 166 bound to socket 0[core 3[hwt 0-1]]: [../../../BB/../../../../../../../../../../../..][../../../../../../../../../../../../../../../..]
[b114.pri.cosma7.alces.network:08257] MCW rank 208 bound to socket 0[core 8[hwt 0-1]]: [../../../../../../../../BB/../../../../../../..][../../../../../../../../../../../../../../../..]
[b113.pri.cosma7.alces.network:08305] MCW rank 167 bound to socket 1[core 19[hwt 0-1]]: [../../../../../../../../../../../../../../../..][../../../BB/../../../../../../../../../../../..]
[b113.pri.cosma7.alces.network:08305] MCW rank 168 bound to socket 0[core 4[hwt 0-1]]: [../../../../BB/../../../../../../../../../../..][../../../../../../../../../../../../../../../..]
[b113.pri.cosma7.alces.network:08305] MCW rank 169 bound to socket 1[core 20[hwt 0-1]]: [../../../../../../../../../../../../../../../..][../../../../BB/../../../../../../../../../../..]
[b113.pri.cosma7.alces.network:08305] MCW rank 170 bound to socket 0[core 5[hwt 0-1]]: [../../../../../BB/../../../../../../../../../..][../../../../../../../../../../../../../../../..]
[b113.pri.cosma7.alces.network:08305] MCW rank 171 bound to socket 1[core 21[hwt 0-1]]: [../../../../../../../../../../../../../../../..][../../../../../BB/../../../../../../../../../..]
[b113.pri.cosma7.alces.network:08305] MCW rank 172 bound to socket 0[core 6[hwt 0-1]]: [../../../../../../BB/../../../../../../../../..][../../../../../../../../../../../../../../../..]
[b112.pri.cosma7.alces.network:08553] MCW rank 145 bound to socket 1[core 24[hwt 0-1]]: [../../../../../../../../../../../../../../../..][../../../../../../../../BB/../../../../../../..]
[b113.pri.cosma7.alces.network:08305] MCW rank 173 bound to socket 1[core 22[hwt 0-1]]: [../../../../../../../../../../../../../../../..][../../../../../../BB/../../../../../../../../..]
[b113.pri.cosma7.alces.network:08305] MCW rank 174 bound to socket 0[core 7[hwt 0-1]]: [../../../../../../../BB/../../../../../../../..][../../../../../../../../../../../../../../../..]
[b113.pri.cosma7.alces.network:08305] MCW rank 175 bound to socket 1[core 23[hwt 0-1]]: [../../../../../../../../../../../../../../../..][../../../../../../../BB/../../../../../../../..]
[b113.pri.cosma7.alces.network:08305] MCW rank 176 bound to socket 0[core 8[hwt 0-1]]: [../../../../../../../../BB/../../../../../../..][../../../../../../../../../../../../../../../..]
[b113.pri.cosma7.alces.network:08305] MCW rank 177 bound to socket 1[core 24[hwt 0-1]]: [../../../../../../../../../../../../../../../..][../../../../../../../../BB/../../../../../../..]
[b110.pri.cosma7.alces.network:08607] MCW rank 93 bound to socket 1[core 30[hwt 0-1]]: [../../../../../../../../../../../../../../../..][../../../../../../../../../../../../../../BB/..]
[b115.pri.cosma7.alces.network:08237] MCW rank 242 bound to socket 0[core 9[hwt 0-1]]: [../../../../../../../../../BB/../../../../../..][../../../../../../../../../../../../../../../..]
[b109.pri.cosma7.alces.network:08643] MCW rank 54 bound to socket 0[core 11[hwt 0-1]]: [../../../../../../../../../../../BB/../../../..][../../../../../../../../../../../../../../../..]
[b112.pri.cosma7.alces.network:08553] MCW rank 150 bound to socket 0[core 11[hwt 0-1]]: [../../../../../../../../../../../BB/../../../..][../../../../../../../../../../../../../../../..]
[b112.pri.cosma7.alces.network:08553] MCW rank 148 bound to socket 0[core 10[hwt 0-1]]: [../../../../../../../../../../BB/../../../../..][../../../../../../../../../../../../../../../..]
[b111.pri.cosma7.alces.network:08573] MCW rank 127 bound to socket 1[core 31[hwt 0-1]]: [../../../../../../../../../../../../../../../..][../../../../../../../../../../../../../../../BB]
[b112.pri.cosma7.alces.network:08553] MCW rank 151 bound to socket 1[core 27[hwt 0-1]]: [../../../../../../../../../../../../../../../..][../../../../../../../../../../../BB/../../../..]
[b110.pri.cosma7.alces.network:08607] MCW rank 91 bound to socket 1[core 29[hwt 0-1]]: [../../../../../../../../../../../../../../../..][../../../../../../../../../../../../../BB/../..]
[b114.pri.cosma7.alces.network:08257] MCW rank 212 bound to socket 0[core 10[hwt 0-1]]: [../../../../../../../../../../BB/../../../../..][../../../../../../../../../../../../../../../..]
[b115.pri.cosma7.alces.network:08237] MCW rank 246 bound to socket 0[core 11[hwt 0-1]]: [../../../../../../../../../../../BB/../../../..][../../../../../../../../../../../../../../../..]
[b112.pri.cosma7.alces.network:08553] MCW rank 149 bound to socket 1[core 26[hwt 0-1]]: [../../../../../../../../../../../../../../../..][../../../../../../../../../../BB/../../../../..]
[b112.pri.cosma7.alces.network:08553] MCW rank 152 bound to socket 0[core 12[hwt 0-1]]: [../../../../../../../../../../../../BB/../../..][../../../../../../../../../../../../../../../..]
[b112.pri.cosma7.alces.network:08553] MCW rank 155 bound to socket 1[core 29[hwt 0-1]]: [../../../../../../../../../../../../../../../..][../../../../../../../../../../../../../BB/../..]
[b109.pri.cosma7.alces.network:08643] MCW rank 58 bound to socket 0[core 13[hwt 0-1]]: [../../../../../../../../../../../../../BB/../..][../../../../../../../../../../../../../../../..]
[b112.pri.cosma7.alces.network:08553] MCW rank 154 bound to socket 0[core 13[hwt 0-1]]: [../../../../../../../../../../../../../BB/../..][../../../../../../../../../../../../../../../..]
[b110.pri.cosma7.alces.network:08607] MCW rank 95 bound to socket 1[core 31[hwt 0-1]]: [../../../../../../../../../../../../../../../..][../../../../../../../../../../../../../../../BB]
[b114.pri.cosma7.alces.network:08257] MCW rank 216 bound to socket 0[core 12[hwt 0-1]]: [../../../../../../../../../../../../BB/../../..][../../../../../../../../../../../../../../../..]
[b115.pri.cosma7.alces.network:08237] MCW rank 250 bound to socket 0[core 13[hwt 0-1]]: [../../../../../../../../../../../../../BB/../..][../../../../../../../../../../../../../../../..]
[b109.pri.cosma7.alces.network:08643] MCW rank 62 bound to socket 0[core 15[hwt 0-1]]: [../../../../../../../../../../../../../../../BB][../../../../../../../../../../../../../../../..]
[b112.pri.cosma7.alces.network:08553] MCW rank 156 bound to socket 0[core 14[hwt 0-1]]: [../../../../../../../../../../../../../../BB/..][../../../../../../../../../../../../../../../..]
[b114.pri.cosma7.alces.network:08257] MCW rank 220 bound to socket 0[core 14[hwt 0-1]]: [../../../../../../../../../../../../../../BB/..][../../../../../../../../../../../../../../../..]
[b112.pri.cosma7.alces.network:08553] MCW rank 153 bound to socket 1[core 28[hwt 0-1]]: [../../../../../../../../../../../../../../../..][../../../../../../../../../../../../BB/../../..]
[b112.pri.cosma7.alces.network:08553] MCW rank 158 bound to socket 0[core 15[hwt 0-1]]: [../../../../../../../../../../../../../../../BB][../../../../../../../../../../../../../../../..]
[b115.pri.cosma7.alces.network:08237] MCW rank 254 bound to socket 0[core 15[hwt 0-1]]: [../../../../../../../../../../../../../../../BB][../../../../../../../../../../../../../../../..]
[b113.pri.cosma7.alces.network:08305] MCW rank 178 bound to socket 0[core 9[hwt 0-1]]: [../../../../../../../../../BB/../../../../../..][../../../../../../../../../../../../../../../..]
[b113.pri.cosma7.alces.network:08305] MCW rank 179 bound to socket 1[core 25[hwt 0-1]]: [../../../../../../../../../../../../../../../..][../../../../../../../../../BB/../../../../../..]
[b113.pri.cosma7.alces.network:08305] MCW rank 180 bound to socket 0[core 10[hwt 0-1]]: [../../../../../../../../../../BB/../../../../..][../../../../../../../../../../../../../../../..]
[b113.pri.cosma7.alces.network:08305] MCW rank 181 bound to socket 1[core 26[hwt 0-1]]: [../../../../../../../../../../../../../../../..][../../../../../../../../../../BB/../../../../..]
[b113.pri.cosma7.alces.network:08305] MCW rank 182 bound to socket 0[core 11[hwt 0-1]]: [../../../../../../../../../../../BB/../../../..][../../../../../../../../../../../../../../../..]
[b113.pri.cosma7.alces.network:08305] MCW rank 183 bound to socket 1[core 27[hwt 0-1]]: [../../../../../../../../../../../../../../../..][../../../../../../../../../../../BB/../../../..]
[b113.pri.cosma7.alces.network:08305] MCW rank 184 bound to socket 0[core 12[hwt 0-1]]: [../../../../../../../../../../../../BB/../../..][../../../../../../../../../../../../../../../..]
[b113.pri.cosma7.alces.network:08305] MCW rank 185 bound to socket 1[core 28[hwt 0-1]]: [../../../../../../../../../../../../../../../..][../../../../../../../../../../../../BB/../../..]
[b112.pri.cosma7.alces.network:08553] MCW rank 157 bound to socket 1[core 30[hwt 0-1]]: [../../../../../../../../../../../../../../../..][../../../../../../../../../../../../../../BB/..]
[b113.pri.cosma7.alces.network:08305] MCW rank 186 bound to socket 0[core 13[hwt 0-1]]: [../../../../../../../../../../../../../BB/../..][../../../../../../../../../../../../../../../..]
[b113.pri.cosma7.alces.network:08305] MCW rank 187 bound to socket 1[core 29[hwt 0-1]]: [../../../../../../../../../../../../../../../..][../../../../../../../../../../../../../BB/../..]
[b112.pri.cosma7.alces.network:08553] MCW rank 159 bound to socket 1[core 31[hwt 0-1]]: [../../../../../../../../../../../../../../../..][../../../../../../../../../../../../../../../BB]
[b113.pri.cosma7.alces.network:08305] MCW rank 188 bound to socket 0[core 14[hwt 0-1]]: [../../../../../../../../../../../../../../BB/..][../../../../../../../../../../../../../../../..]
[b113.pri.cosma7.alces.network:08305] MCW rank 190 bound to socket 0[core 15[hwt 0-1]]: [../../../../../../../../../../../../../../../BB][../../../../../../../../../../../../../../../..]
[b113.pri.cosma7.alces.network:08305] MCW rank 191 bound to socket 1[core 31[hwt 0-1]]: [../../../../../../../../../../../../../../../..][../../../../../../../../../../../../../../../BB]
[b113.pri.cosma7.alces.network:08305] MCW rank 189 bound to socket 1[core 30[hwt 0-1]]: [../../../../../../../../../../../../../../../..][../../../../../../../../../../../../../../BB/..]
level 0 thread 0x2b792a453700 affinity 1,33
level 0 thread 0x2b9ff778c700 affinity 25,57
level 0 thread 0x2b7e9f9cf700 affinity 11,43
level 0 thread 0x2b9fc9629700 affinity 26,58
level 0 thread 0x2af22b879700 affinity 19,51
level 0 thread 0x2b6c353e7700 affinity 22,54
level 0 thread 0x2b87ec651700 affinity 28,60
level 0 thread 0x2ae5cc48c700 affinity 25,57
level 0 thread 0x2b595b2dc700 affinity 27,59
level 0 thread 0x2b11c79a7700 affinity 20,52
level 0 thread 0x2b735e841700 affinity 29,61
level 0 thread 0x2b0046478700 affinity 16,48
level 0 thread 0x2aae11436700 affinity 11,43
level 0 thread 0x2b3409886700 affinity 1,33
level 0 thread 0x2b00dbee8700 affinity 1,33
level 0 thread 0x2b7533504700 affinity 19,51
level 0 thread 0x2b30cb5c4700 affinity 25,57
level 0 thread 0x2ae88885c700 affinity 30,62
level 0 thread 0x2b33d2c0e700 affinity 3,35
level 0 thread 0x2ab10e554700 affinity 27,59
level 0 thread 0x2b676f9d7700 affinity 31,63
level 0 thread 0x2ba6aaef8700 affinity 27,59
level 0 thread 0x2b2638dd2700 affinity 20,52
level 0 thread 0x2ad11f19c700 affinity 18,50
level 0 thread 0x2abe8baeb700 affinity 18,50
level 0 thread 0x2ad84e6cf700 affinity 5,37
level 0 thread 0x2ae02b40b700 affinity 2,34
level 0 thread 0x2afaa3b8e700 affinity 2,34
level 0 thread 0x2b2716ff3700 affinity 17,49
level 0 thread 0x2acb9adcc700 affinity 8,40
level 0 thread 0x2b1835054700 affinity 19,51
level 0 thread 0x2ac4e7387700 affinity 15,47
level 0 thread 0x2b0793969700 affinity 25,57
level 0 thread 0x2b031eacb700 affinity 29,61
level 0 thread 0x2b00a8ce3700 affinity 3,35
level 0 thread 0x2b917441e700 affinity 7,39
level 0 thread 0x2af0ad443700 affinity 14,46
level 0 thread 0x2af03bb3f700 affinity 28,60
level 0 thread 0x2b37c8af2700 affinity 14,46
level 0 thread 0x2b0f1f4fc700 affinity 30,62
level 0 thread 0x2aab94453700 affinity 5,37
level 0 thread 0x2aba8295f700 affinity 7,39
level 0 thread 0x2ab8aa11b700 affinity 18,50
level 0 thread 0x2aeee792b700 affinity 17,49
level 0 thread 0x2b855d49c700 affinity 2,34
level 0 thread 0x2b361746f700 affinity 7,39
level 0 thread 0x2ad0ea116700 affinity 17,49
level 0 thread 0x2ae8fa45c700 affinity 9,41
level 0 thread 0x2b6ddb364700 affinity 8,40
level 0 thread 0x2afa6ca0a700 affinity 29,61
level 0 thread 0x2ba785507700 affinity 24,56
level 0 thread 0x2b827596a700 affinity 23,55
level 0 thread 0x2b5fa2557700 affinity 28,60
level 0 thread 0x2b9795ce5700 affinity 12,44
level 0 thread 0x2b1feeb84700 affinity 22,54
level 0 thread 0x2b1c8a425700 affinity 6,38
level 0 thread 0x2b27d2aa3700 affinity 11,43
level 0 thread 0x2b33016d0700 affinity 28,60
level 0 thread 0x2ac191439700 affinity 12,44
level 0 thread 0x2b262afab700 affinity 2,34
level 0 thread 0x2b2b00846700 affinity 3,35
level 0 thread 0x2b09641fd700 affinity 15,47
level 0 thread 0x2b07b79dd700 affinity 13,45
level 0 thread 0x2b75c8a7a700 affinity 14,46
level 0 thread 0x2adee6c6d700 affinity 30,62
level 0 thread 0x2ab0ddf82700 affinity 9,41
level 0 thread 0x2b661b313700 affinity 22,54
level 0 thread 0x2b6e616ab700 affinity 10,42
level 0 thread 0x2b40ae0de700 affinity 0,32
level 0 thread 0x2ac89eba0700 affinity 13,45
level 0 thread 0x2b13ae2b4700 affinity 20,52
level 0 thread 0x2b8cf033d700 affinity 6,38
level 0 thread 0x2aff8e3e3700 affinity 8,40
level 0 thread 0x2ac63ab78700 affinity 21,53
level 0 thread 0x2b208c20e700 affinity 12,44
level 0 thread 0x2b79cd611700 affinity 29,61
level 0 thread 0x2b77aceb7700 affinity 15,47
level 0 thread 0x2b314e857700 affinity 23,55
level 0 thread 0x2b3e06d57700 affinity 16,48
level 0 thread 0x2ade6fd58700 affinity 24,56
level 0 thread 0x2b9ff9215700 affinity 1,33
level 0 thread 0x2abaf5a03700 affinity 19,51
level 0 thread 0x2b6308c56700 affinity 9,41
level 0 thread 0x2ba03d9be700 affinity 10,42
level 0 thread 0x2b6fa765f700 affinity 28,60
level 0 thread 0x2b0105f00700 affinity 12,44
level 0 thread 0x2b15952fb700 affinity 10,42
level 0 thread 0x2b808f4b2700 affinity 17,49
level 0 thread 0x2aeec98b3700 affinity 16,48
level 0 thread 0x2b3965cfc700 affinity 2,34
level 0 thread 0x2af1a0b06700 affinity 21,53
level 0 thread 0x2accc7701700 affinity 0,32
level 0 thread 0x2ac4320ee700 affinity 5,37
level 0 thread 0x2b9107045700 affinity 6,38
level 0 thread 0x2b430a68d700 affinity 4,36
level 0 thread 0x2b99e6b1e700 affinity 26,58
level 0 thread 0x2b2e3255f700 affinity 2,34
level 0 thread 0x2ac569165700 affinity 22,54
level 0 thread 0x2b9faa752700 affinity 3,35
level 0 thread 0x2b2608e67700 affinity 26,58
level 0 thread 0x2af5d5492700 affinity 16,48
level 0 thread 0x2b9374980700 affinity 4,36
level 0 thread 0x2b5e01be3700 affinity 7,39
level 0 thread 0x2ad38450c700 affinity 5,37
level 0 thread 0x2ba3401ad700 affinity 12,44
level 0 thread 0x2ac0f2a17700 affinity 18,50
level 0 thread 0x2b9ef5589700 affinity 23,55
level 0 thread 0x2b15adb75700 affinity 27,59
level 0 thread 0x2b4d2628c700 affinity 20,52
level 0 thread 0x2b5665ff7700 affinity 11,43
level 0 thread 0x2ac1577da700 affinity 30,62
level 0 thread 0x2af20530d700 affinity 11,43
level 0 thread 0x2b42180a2700 affinity 3,35
level 0 thread 0x2abbbc535700 affinity 5,37
level 0 thread 0x2b3096467700 affinity 4,36
level 0 thread 0x2b6620894700 affinity 27,59
level 0 thread 0x2baa7bba6700 affinity 15,47
level 0 thread 0x2b5ed4e67700 affinity 13,45
level 0 thread 0x2b1e8c496700 affinity 20,52
level 0 thread 0x2b74f89ce700 affinity 19,51
level 0 thread 0x2b0463842700 affinity 4,36
level 0 thread 0x2b4e2e7d9700 affinity 31,63
level 0 thread 0x2b47c3067700 affinity 28,60
level 0 thread 0x2b72c0052700 affinity 10,42
level 0 thread 0x2ab81054f700 affinity 23,55
level 0 thread 0x2b2fc11ff700 affinity 8,40
level 0 thread 0x2b5b062bb700 affinity 22,54
level 0 thread 0x2b226244d700 affinity 26,58
level 0 thread 0x2ba1b0ed5700 affinity 14,46
level 0 thread 0x2aea8a153700 affinity 25,57
level 0 thread 0x2acd1de67700 affinity 22,54
level 0 thread 0x2b57b71ea700 affinity 3,35
level 0 thread 0x2aafce8ba700 affinity 24,56
level 0 thread 0x2b71638a8700 affinity 23,55
level 0 thread 0x2ab9987ca700 affinity 27,59
level 0 thread 0x2b37025f9700 affinity 21,53
level 0 thread 0x2b034e6ff700 affinity 10,42
level 0 thread 0x2b01e5d51700 affinity 23,55
level 0 thread 0x2aff1d98b700 affinity 16,48
level 0 thread 0x2b9b6d612700 affinity 9,41
level 0 thread 0x2ace7381b700 affinity 8,40
level 0 thread 0x2b8911c8a700 affinity 3,35
level 0 thread 0x2ac340b26700 affinity 13,45
level 0 thread 0x2b96c6c2d700 affinity 23,55
level 0 thread 0x2ad6684d8700 affinity 1,33
level 0 thread 0x2acbbe13d700 affinity 17,49
level 0 thread 0x2b0e7178a700 affinity 30,62
level 0 thread 0x2b210b112700 affinity 9,41
level 0 thread 0x2aef49bf5700 affinity 9,41
level 0 thread 0x2b3e6e936700 affinity 12,44
level 0 thread 0x2ba960911700 affinity 22,54
level 0 thread 0x2b8fd45e8700 affinity 5,37
level 0 thread 0x2b601e525700 affinity 21,53
level 0 thread 0x2ba5dbed0700 affinity 31,63
level 0 thread 0x2b09534b4700 affinity 30,62
level 0 thread 0x2b77c5ef6700 affinity 8,40
level 0 thread 0x2ba5e2c6e700 affinity 20,52
level 0 thread 0x2ad1b713c700 affinity 14,46
level 0 thread 0x2b217d7a0700 affinity 19,51
level 0 thread 0x2b5d54169700 affinity 0,32
level 0 thread 0x2b3df6089700 affinity 0,32
level 0 thread 0x2b0e18900700 affinity 31,63
level 0 thread 0x2b25d13c8700 affinity 13,45
level 0 thread 0x2ae29ed1d700 affinity 16,48
level 0 thread 0x2b9d3af6e700 affinity 15,47
level 0 thread 0x2b20042e5700 affinity 4,36
level 0 thread 0x2b18e5407700 affinity 11,43
level 0 thread 0x2abdb2cdd700 affinity 4,36
level 0 thread 0x2b31b4ab3700 affinity 0,32
level 0 thread 0x2b13a8a75700 affinity 28,60
level 0 thread 0x2ba852cbc700 affinity 17,49
level 0 thread 0x2ae17426f700 affinity 30,62
level 0 thread 0x2b64a34c0700 affinity 25,57
level 0 thread 0x2b7a594e9700 affinity 10,42
level 0 thread 0x2b150fad3700 affinity 5,37
level 0 thread 0x2b19aece1700 affinity 1,33
level 0 thread 0x2b6309770700 affinity 18,50
level 0 thread 0x2af41b0c6700 affinity 18,50
level 0 thread 0x2b4f31427700 affinity 31,63
level 0 thread 0x2b9f2e7a5700 affinity 9,41
level 0 thread 0x2af53d30d700 affinity 6,38
level 0 thread 0x2af47d3df700 affinity 13,45
level 0 thread 0x2b8276c05700 affinity 6,38
level 0 thread 0x2b846eb73700 affinity 0,32
level 0 thread 0x2acb12ef1700 affinity 30,62
level 0 thread 0x2b95cb2ec700 affinity 29,61
level 0 thread 0x2b6a3b84d700 affinity 26,58
level 0 thread 0x2b7a639f9700 affinity 7,39
level 0 thread 0x2af185845700 affinity 21,53
level 0 thread 0x2b2758af8700 affinity 24,56
level 0 thread 0x2b184c11e700 affinity 1,33
level 0 thread 0x2afa90f6b700 affinity 19,51
level 0 thread 0x2b213d1b0700 affinity 16,48
level 0 thread 0x2b58bf1fb700 affinity 27,59
level 0 thread 0x2b76e4da7700 affinity 29,61
level 0 thread 0x2af5bf2b2700 affinity 2,34
level 0 thread 0x2b1b74a9a700 affinity 15,47
level 0 thread 0x2b9f769b4700 affinity 12,44
level 0 thread 0x2ba849af8700 affinity 26,58
level 0 thread 0x2b033db79700 affinity 17,49
level 0 thread 0x2b4ab64c8700 affinity 0,32
level 0 thread 0x2b030ba5a700 affinity 14,46
level 0 thread 0x2b523d329700 affinity 17,49
level 0 thread 0x2b70952bb700 affinity 12,44
level 0 thread 0x2b6e23ada700 affinity 31,63
level 0 thread 0x2b7fc068d700 affinity 25,57
level 0 thread 0x2aba4d7c9700 affinity 24,56
level 0 thread 0x2b1b9f6ab700 affinity 24,56
level 0 thread 0x2b969a4b1700 affinity 31,63
level 0 thread 0x2b0768359700 affinity 3,35
level 0 thread 0x2b5c0fcd0700 affinity 13,45
level 0 thread 0x2ab23a498700 affinity 7,39
level 0 thread 0x2b7da8ce8700 affinity 24,56
level 0 thread 0x2b4eb6942700 affinity 11,43
level 0 thread 0x2acff0279700 affinity 21,53
level 0 thread 0x2aacce579700 affinity 26,58
level 0 thread 0x2ae5f5c05700 affinity 14,46
level 0 thread 0x2ae1891ae700 affinity 6,38
level 0 thread 0x2ad7db9dd700 affinity 8,40
level 0 thread 0x2ab1f54f4700 affinity 6,38
level 0 thread 0x2b10e6383700 affinity 13,45
level 0 thread 0x2b4bad24b700 affinity 27,59
level 0 thread 0x2abff7fc0700 affinity 4,36
level 0 thread 0x2ad9c94c2700 affinity 14,46
level 0 thread 0x2b908213b700 affinity 10,42
level 0 thread 0x2b69e909b700 affinity 0,32
level 0 thread 0x2ac865a16700 affinity 18,50
level 0 thread 0x2b602ea75700 affinity 8,40
level 0 thread 0x2abf7e6d2700 affinity 29,61
level 0 thread 0x2b8bedcb9700 affinity 15,47
level 0 thread 0x2b61c7aa9700 affinity 23,55
level 0 thread 0x2b8e69c9b700 affinity 1,33
level 0 thread 0x2b7b3df8c700 affinity 16,48
level 0 thread 0x2b2a056fd700 affinity 24,56
level 0 thread 0x2ba7c6aab700 affinity 10,42
level 0 thread 0x2b4d1d5d1700 affinity 19,51
level 0 thread 0x2ba5b53b1700 affinity 22,54
level 0 thread 0x2acf36400700 affinity 4,36
level 0 thread 0x2abf5616c700 affinity 2,34
level 0 thread 0x2b02ffcd7700 affinity 25,57
level 0 thread 0x2b6cf81dc700 affinity 21,53
level 0 thread 0x2afae7838700 affinity 29,61
level 0 thread 0x2b4289159700 affinity 6,38
level 0 thread 0x2b2e0585d700 affinity 9,41
level 0 thread 0x2b5968798700 affinity 31,63
level 0 thread 0x2b2f8dabd700 affinity 20,52
level 0 thread 0x2b20b7ee8700 affinity 28,60
level 0 thread 0x2b8988d8f700 affinity 20,52
level 0 thread 0x2b0d23cf5700 affinity 7,39
level 0 thread 0x2b20bb8e2700 affinity 18,50
level 0 thread 0x2b2281852700 affinity 7,39
level 0 thread 0x2b996971e700 affinity 21,53
level 0 thread 0x2b15a1d96700 affinity 15,47
level 0 thread 0x2ba31ceda700 affinity 11,43
level 0 thread 0x2b97db023700 affinity 26,58
level 0 thread 0x2b5f43a9a700 affinity 5,37
